[2025-12-16T07:17:38.001+0000] {processor.py:186} INFO - Started process (PID=141) to work on /home/airflow/.local/lib/python3.12/site-packages/airflow/example_dags/example_branch_operator.py
[2025-12-16T07:17:38.013+0000] {processor.py:914} INFO - Processing file /home/airflow/.local/lib/python3.12/site-packages/airflow/example_dags/example_branch_operator.py for tasks to queue
[2025-12-16T07:17:38.055+0000] {logging_mixin.py:190} INFO - [2025-12-16T07:17:38.041+0000] {dagbag.py:588} INFO - Filling up the DagBag from /home/airflow/.local/lib/python3.12/site-packages/airflow/example_dags/example_branch_operator.py
[2025-12-16T07:17:38.294+0000] {processor.py:925} INFO - DAG(s) 'example_branch_operator' retrieved from /home/airflow/.local/lib/python3.12/site-packages/airflow/example_dags/example_branch_operator.py
[2025-12-16T07:17:39.174+0000] {logging_mixin.py:190} INFO - [2025-12-16T07:17:39.172+0000] {override.py:1930} INFO - Created Permission View: can read on DAG:example_branch_operator
[2025-12-16T07:17:39.220+0000] {logging_mixin.py:190} INFO - [2025-12-16T07:17:39.220+0000] {override.py:1930} INFO - Created Permission View: can delete on DAG:example_branch_operator
[2025-12-16T07:17:39.246+0000] {logging_mixin.py:190} INFO - [2025-12-16T07:17:39.245+0000] {override.py:1930} INFO - Created Permission View: can edit on DAG:example_branch_operator
[2025-12-16T07:17:39.272+0000] {logging_mixin.py:190} INFO - [2025-12-16T07:17:39.272+0000] {override.py:1930} INFO - Created Permission View: can read on DAG Run:example_branch_operator
[2025-12-16T07:17:39.294+0000] {logging_mixin.py:190} INFO - [2025-12-16T07:17:39.293+0000] {override.py:1930} INFO - Created Permission View: can delete on DAG Run:example_branch_operator
[2025-12-16T07:17:39.321+0000] {logging_mixin.py:190} INFO - [2025-12-16T07:17:39.321+0000] {override.py:1930} INFO - Created Permission View: can create on DAG Run:example_branch_operator
[2025-12-16T07:17:39.363+0000] {logging_mixin.py:190} INFO - [2025-12-16T07:17:39.362+0000] {override.py:1930} INFO - Created Permission View: menu access on DAG Run:example_branch_operator
[2025-12-16T07:17:39.365+0000] {logging_mixin.py:190} INFO - [2025-12-16T07:17:39.364+0000] {dag.py:3239} INFO - Sync 1 DAGs
[2025-12-16T07:17:39.473+0000] {logging_mixin.py:190} INFO - [2025-12-16T07:17:39.472+0000] {dag.py:3262} INFO - Creating ORM DAG for example_branch_operator
[2025-12-16T07:17:39.566+0000] {logging_mixin.py:190} INFO - [2025-12-16T07:17:39.565+0000] {dag.py:4180} INFO - Setting next_dagrun for example_branch_operator to 2025-12-15 00:00:00+00:00, run_after=2025-12-16 00:00:00+00:00
[2025-12-16T07:17:39.620+0000] {processor.py:208} INFO - Processing /home/airflow/.local/lib/python3.12/site-packages/airflow/example_dags/example_branch_operator.py took 1.733 seconds
[2025-12-16T07:18:22.536+0000] {processor.py:186} INFO - Started process (PID=212) to work on /home/airflow/.local/lib/python3.12/site-packages/airflow/example_dags/example_branch_operator.py
[2025-12-16T07:18:22.544+0000] {processor.py:914} INFO - Processing file /home/airflow/.local/lib/python3.12/site-packages/airflow/example_dags/example_branch_operator.py for tasks to queue
[2025-12-16T07:18:22.551+0000] {logging_mixin.py:190} INFO - [2025-12-16T07:18:22.550+0000] {dagbag.py:588} INFO - Filling up the DagBag from /home/airflow/.local/lib/python3.12/site-packages/airflow/example_dags/example_branch_operator.py
[2025-12-16T07:18:22.609+0000] {processor.py:925} INFO - DAG(s) 'example_branch_operator' retrieved from /home/airflow/.local/lib/python3.12/site-packages/airflow/example_dags/example_branch_operator.py
[2025-12-16T07:18:22.779+0000] {logging_mixin.py:190} INFO - [2025-12-16T07:18:22.776+0000] {dag.py:3239} INFO - Sync 1 DAGs
[2025-12-16T07:18:22.904+0000] {logging_mixin.py:190} INFO - [2025-12-16T07:18:22.903+0000] {dag.py:4180} INFO - Setting next_dagrun for example_branch_operator to 2025-12-15 00:00:00+00:00, run_after=2025-12-16 00:00:00+00:00
[2025-12-16T07:18:22.971+0000] {processor.py:208} INFO - Processing /home/airflow/.local/lib/python3.12/site-packages/airflow/example_dags/example_branch_operator.py took 0.460 seconds
[2025-12-16T07:19:04.587+0000] {processor.py:186} INFO - Started process (PID=284) to work on /home/airflow/.local/lib/python3.12/site-packages/airflow/example_dags/example_branch_operator.py
[2025-12-16T07:19:04.593+0000] {processor.py:914} INFO - Processing file /home/airflow/.local/lib/python3.12/site-packages/airflow/example_dags/example_branch_operator.py for tasks to queue
[2025-12-16T07:19:04.603+0000] {logging_mixin.py:190} INFO - [2025-12-16T07:19:04.602+0000] {dagbag.py:588} INFO - Filling up the DagBag from /home/airflow/.local/lib/python3.12/site-packages/airflow/example_dags/example_branch_operator.py
[2025-12-16T07:19:04.728+0000] {processor.py:925} INFO - DAG(s) 'example_branch_operator' retrieved from /home/airflow/.local/lib/python3.12/site-packages/airflow/example_dags/example_branch_operator.py
[2025-12-16T07:19:04.845+0000] {logging_mixin.py:190} INFO - [2025-12-16T07:19:04.844+0000] {dag.py:3239} INFO - Sync 1 DAGs
[2025-12-16T07:19:04.957+0000] {logging_mixin.py:190} INFO - [2025-12-16T07:19:04.957+0000] {dag.py:4180} INFO - Setting next_dagrun for example_branch_operator to 2025-12-15 00:00:00+00:00, run_after=2025-12-16 00:00:00+00:00
[2025-12-16T07:19:05.014+0000] {processor.py:208} INFO - Processing /home/airflow/.local/lib/python3.12/site-packages/airflow/example_dags/example_branch_operator.py took 0.448 seconds
[2025-12-16T07:19:37.220+0000] {processor.py:186} INFO - Started process (PID=356) to work on /home/airflow/.local/lib/python3.12/site-packages/airflow/example_dags/example_branch_operator.py
[2025-12-16T07:19:37.225+0000] {processor.py:914} INFO - Processing file /home/airflow/.local/lib/python3.12/site-packages/airflow/example_dags/example_branch_operator.py for tasks to queue
[2025-12-16T07:19:37.255+0000] {logging_mixin.py:190} INFO - [2025-12-16T07:19:37.254+0000] {dagbag.py:588} INFO - Filling up the DagBag from /home/airflow/.local/lib/python3.12/site-packages/airflow/example_dags/example_branch_operator.py
[2025-12-16T07:19:37.461+0000] {processor.py:925} INFO - DAG(s) 'example_branch_operator' retrieved from /home/airflow/.local/lib/python3.12/site-packages/airflow/example_dags/example_branch_operator.py
[2025-12-16T07:19:37.749+0000] {logging_mixin.py:190} INFO - [2025-12-16T07:19:37.748+0000] {dag.py:3239} INFO - Sync 1 DAGs
[2025-12-16T07:19:38.024+0000] {logging_mixin.py:190} INFO - [2025-12-16T07:19:38.014+0000] {dag.py:4180} INFO - Setting next_dagrun for example_branch_operator to 2025-12-15 00:00:00+00:00, run_after=2025-12-16 00:00:00+00:00
[2025-12-16T07:19:38.264+0000] {processor.py:208} INFO - Processing /home/airflow/.local/lib/python3.12/site-packages/airflow/example_dags/example_branch_operator.py took 1.087 seconds
[2025-12-16T07:20:16.779+0000] {processor.py:186} INFO - Started process (PID=437) to work on /home/airflow/.local/lib/python3.12/site-packages/airflow/example_dags/example_branch_operator.py
[2025-12-16T07:20:16.782+0000] {processor.py:914} INFO - Processing file /home/airflow/.local/lib/python3.12/site-packages/airflow/example_dags/example_branch_operator.py for tasks to queue
[2025-12-16T07:20:16.796+0000] {logging_mixin.py:190} INFO - [2025-12-16T07:20:16.795+0000] {dagbag.py:588} INFO - Filling up the DagBag from /home/airflow/.local/lib/python3.12/site-packages/airflow/example_dags/example_branch_operator.py
[2025-12-16T07:20:16.854+0000] {processor.py:925} INFO - DAG(s) 'example_branch_operator' retrieved from /home/airflow/.local/lib/python3.12/site-packages/airflow/example_dags/example_branch_operator.py
[2025-12-16T07:20:16.931+0000] {logging_mixin.py:190} INFO - [2025-12-16T07:20:16.930+0000] {dag.py:3239} INFO - Sync 1 DAGs
[2025-12-16T07:20:17.015+0000] {logging_mixin.py:190} INFO - [2025-12-16T07:20:17.014+0000] {dag.py:4180} INFO - Setting next_dagrun for example_branch_operator to 2025-12-15 00:00:00+00:00, run_after=2025-12-16 00:00:00+00:00
[2025-12-16T07:20:17.074+0000] {processor.py:208} INFO - Processing /home/airflow/.local/lib/python3.12/site-packages/airflow/example_dags/example_branch_operator.py took 0.318 seconds
[2025-12-16T07:20:50.654+0000] {processor.py:186} INFO - Started process (PID=509) to work on /home/airflow/.local/lib/python3.12/site-packages/airflow/example_dags/example_branch_operator.py
[2025-12-16T07:20:50.659+0000] {processor.py:914} INFO - Processing file /home/airflow/.local/lib/python3.12/site-packages/airflow/example_dags/example_branch_operator.py for tasks to queue
[2025-12-16T07:20:50.677+0000] {logging_mixin.py:190} INFO - [2025-12-16T07:20:50.675+0000] {dagbag.py:588} INFO - Filling up the DagBag from /home/airflow/.local/lib/python3.12/site-packages/airflow/example_dags/example_branch_operator.py
[2025-12-16T07:20:50.779+0000] {processor.py:925} INFO - DAG(s) 'example_branch_operator' retrieved from /home/airflow/.local/lib/python3.12/site-packages/airflow/example_dags/example_branch_operator.py
[2025-12-16T07:20:50.903+0000] {logging_mixin.py:190} INFO - [2025-12-16T07:20:50.903+0000] {dag.py:3239} INFO - Sync 1 DAGs
[2025-12-16T07:20:51.033+0000] {logging_mixin.py:190} INFO - [2025-12-16T07:20:51.032+0000] {dag.py:4180} INFO - Setting next_dagrun for example_branch_operator to 2025-12-15 00:00:00+00:00, run_after=2025-12-16 00:00:00+00:00
[2025-12-16T07:20:51.175+0000] {processor.py:208} INFO - Processing /home/airflow/.local/lib/python3.12/site-packages/airflow/example_dags/example_branch_operator.py took 0.550 seconds
[2025-12-16T07:21:21.801+0000] {processor.py:186} INFO - Started process (PID=581) to work on /home/airflow/.local/lib/python3.12/site-packages/airflow/example_dags/example_branch_operator.py
[2025-12-16T07:21:21.805+0000] {processor.py:914} INFO - Processing file /home/airflow/.local/lib/python3.12/site-packages/airflow/example_dags/example_branch_operator.py for tasks to queue
[2025-12-16T07:21:21.818+0000] {logging_mixin.py:190} INFO - [2025-12-16T07:21:21.814+0000] {dagbag.py:588} INFO - Filling up the DagBag from /home/airflow/.local/lib/python3.12/site-packages/airflow/example_dags/example_branch_operator.py
[2025-12-16T07:21:21.883+0000] {processor.py:925} INFO - DAG(s) 'example_branch_operator' retrieved from /home/airflow/.local/lib/python3.12/site-packages/airflow/example_dags/example_branch_operator.py
[2025-12-16T07:21:21.981+0000] {logging_mixin.py:190} INFO - [2025-12-16T07:21:21.981+0000] {dag.py:3239} INFO - Sync 1 DAGs
[2025-12-16T07:21:22.068+0000] {logging_mixin.py:190} INFO - [2025-12-16T07:21:22.068+0000] {dag.py:4180} INFO - Setting next_dagrun for example_branch_operator to 2025-12-15 00:00:00+00:00, run_after=2025-12-16 00:00:00+00:00
[2025-12-16T07:21:22.119+0000] {processor.py:208} INFO - Processing /home/airflow/.local/lib/python3.12/site-packages/airflow/example_dags/example_branch_operator.py took 0.337 seconds
[2025-12-16T07:21:52.930+0000] {processor.py:186} INFO - Started process (PID=653) to work on /home/airflow/.local/lib/python3.12/site-packages/airflow/example_dags/example_branch_operator.py
[2025-12-16T07:21:52.935+0000] {processor.py:914} INFO - Processing file /home/airflow/.local/lib/python3.12/site-packages/airflow/example_dags/example_branch_operator.py for tasks to queue
[2025-12-16T07:21:52.944+0000] {logging_mixin.py:190} INFO - [2025-12-16T07:21:52.942+0000] {dagbag.py:588} INFO - Filling up the DagBag from /home/airflow/.local/lib/python3.12/site-packages/airflow/example_dags/example_branch_operator.py
[2025-12-16T07:21:53.045+0000] {processor.py:925} INFO - DAG(s) 'example_branch_operator' retrieved from /home/airflow/.local/lib/python3.12/site-packages/airflow/example_dags/example_branch_operator.py
[2025-12-16T07:21:53.153+0000] {logging_mixin.py:190} INFO - [2025-12-16T07:21:53.153+0000] {dag.py:3239} INFO - Sync 1 DAGs
[2025-12-16T07:21:53.285+0000] {logging_mixin.py:190} INFO - [2025-12-16T07:21:53.284+0000] {dag.py:4180} INFO - Setting next_dagrun for example_branch_operator to 2025-12-15 00:00:00+00:00, run_after=2025-12-16 00:00:00+00:00
[2025-12-16T07:21:53.377+0000] {processor.py:208} INFO - Processing /home/airflow/.local/lib/python3.12/site-packages/airflow/example_dags/example_branch_operator.py took 0.476 seconds
[2025-12-16T07:22:24.753+0000] {processor.py:186} INFO - Started process (PID=724) to work on /home/airflow/.local/lib/python3.12/site-packages/airflow/example_dags/example_branch_operator.py
[2025-12-16T07:22:24.757+0000] {processor.py:914} INFO - Processing file /home/airflow/.local/lib/python3.12/site-packages/airflow/example_dags/example_branch_operator.py for tasks to queue
[2025-12-16T07:22:24.766+0000] {logging_mixin.py:190} INFO - [2025-12-16T07:22:24.765+0000] {dagbag.py:588} INFO - Filling up the DagBag from /home/airflow/.local/lib/python3.12/site-packages/airflow/example_dags/example_branch_operator.py
[2025-12-16T07:22:24.826+0000] {processor.py:925} INFO - DAG(s) 'example_branch_operator' retrieved from /home/airflow/.local/lib/python3.12/site-packages/airflow/example_dags/example_branch_operator.py
[2025-12-16T07:22:24.888+0000] {logging_mixin.py:190} INFO - [2025-12-16T07:22:24.887+0000] {dag.py:3239} INFO - Sync 1 DAGs
[2025-12-16T07:22:24.947+0000] {logging_mixin.py:190} INFO - [2025-12-16T07:22:24.947+0000] {dag.py:4180} INFO - Setting next_dagrun for example_branch_operator to 2025-12-15 00:00:00+00:00, run_after=2025-12-16 00:00:00+00:00
[2025-12-16T07:22:25.012+0000] {processor.py:208} INFO - Processing /home/airflow/.local/lib/python3.12/site-packages/airflow/example_dags/example_branch_operator.py took 0.284 seconds
[2025-12-16T07:22:57.444+0000] {processor.py:186} INFO - Started process (PID=796) to work on /home/airflow/.local/lib/python3.12/site-packages/airflow/example_dags/example_branch_operator.py
[2025-12-16T07:22:57.446+0000] {processor.py:914} INFO - Processing file /home/airflow/.local/lib/python3.12/site-packages/airflow/example_dags/example_branch_operator.py for tasks to queue
[2025-12-16T07:22:57.452+0000] {logging_mixin.py:190} INFO - [2025-12-16T07:22:57.452+0000] {dagbag.py:588} INFO - Filling up the DagBag from /home/airflow/.local/lib/python3.12/site-packages/airflow/example_dags/example_branch_operator.py
[2025-12-16T07:22:57.503+0000] {processor.py:925} INFO - DAG(s) 'example_branch_operator' retrieved from /home/airflow/.local/lib/python3.12/site-packages/airflow/example_dags/example_branch_operator.py
[2025-12-16T07:22:57.589+0000] {logging_mixin.py:190} INFO - [2025-12-16T07:22:57.588+0000] {dag.py:3239} INFO - Sync 1 DAGs
[2025-12-16T07:22:57.668+0000] {logging_mixin.py:190} INFO - [2025-12-16T07:22:57.668+0000] {dag.py:4180} INFO - Setting next_dagrun for example_branch_operator to 2025-12-15 00:00:00+00:00, run_after=2025-12-16 00:00:00+00:00
[2025-12-16T07:22:57.722+0000] {processor.py:208} INFO - Processing /home/airflow/.local/lib/python3.12/site-packages/airflow/example_dags/example_branch_operator.py took 0.293 seconds
[2025-12-16T07:23:37.038+0000] {processor.py:186} INFO - Started process (PID=866) to work on /home/airflow/.local/lib/python3.12/site-packages/airflow/example_dags/example_branch_operator.py
[2025-12-16T07:23:37.041+0000] {processor.py:914} INFO - Processing file /home/airflow/.local/lib/python3.12/site-packages/airflow/example_dags/example_branch_operator.py for tasks to queue
[2025-12-16T07:23:37.051+0000] {logging_mixin.py:190} INFO - [2025-12-16T07:23:37.050+0000] {dagbag.py:588} INFO - Filling up the DagBag from /home/airflow/.local/lib/python3.12/site-packages/airflow/example_dags/example_branch_operator.py
[2025-12-16T07:23:37.133+0000] {processor.py:925} INFO - DAG(s) 'example_branch_operator' retrieved from /home/airflow/.local/lib/python3.12/site-packages/airflow/example_dags/example_branch_operator.py
[2025-12-16T07:23:37.220+0000] {logging_mixin.py:190} INFO - [2025-12-16T07:23:37.219+0000] {dag.py:3239} INFO - Sync 1 DAGs
[2025-12-16T07:23:37.296+0000] {logging_mixin.py:190} INFO - [2025-12-16T07:23:37.296+0000] {dag.py:4180} INFO - Setting next_dagrun for example_branch_operator to 2025-12-15 00:00:00+00:00, run_after=2025-12-16 00:00:00+00:00
[2025-12-16T07:23:37.349+0000] {processor.py:208} INFO - Processing /home/airflow/.local/lib/python3.12/site-packages/airflow/example_dags/example_branch_operator.py took 0.334 seconds
[2025-12-16T07:26:08.008+0000] {processor.py:186} INFO - Started process (PID=972) to work on /home/airflow/.local/lib/python3.12/site-packages/airflow/example_dags/example_branch_operator.py
[2025-12-16T07:26:08.017+0000] {processor.py:914} INFO - Processing file /home/airflow/.local/lib/python3.12/site-packages/airflow/example_dags/example_branch_operator.py for tasks to queue
[2025-12-16T07:26:08.040+0000] {logging_mixin.py:190} INFO - [2025-12-16T07:26:08.026+0000] {dagbag.py:588} INFO - Filling up the DagBag from /home/airflow/.local/lib/python3.12/site-packages/airflow/example_dags/example_branch_operator.py
[2025-12-16T07:26:08.555+0000] {processor.py:925} INFO - DAG(s) 'example_branch_operator' retrieved from /home/airflow/.local/lib/python3.12/site-packages/airflow/example_dags/example_branch_operator.py
[2025-12-16T07:26:13.212+0000] {logging_mixin.py:190} INFO - [2025-12-16T07:26:13.199+0000] {dag.py:3239} INFO - Sync 1 DAGs
[2025-12-16T07:26:13.344+0000] {logging_mixin.py:190} INFO - [2025-12-16T07:26:13.343+0000] {dag.py:4180} INFO - Setting next_dagrun for example_branch_operator to 2025-12-15 00:00:00+00:00, run_after=2025-12-16 00:00:00+00:00
[2025-12-16T07:26:13.427+0000] {processor.py:208} INFO - Processing /home/airflow/.local/lib/python3.12/site-packages/airflow/example_dags/example_branch_operator.py took 5.492 seconds
[2025-12-16T07:28:05.370+0000] {processor.py:186} INFO - Started process (PID=1040) to work on /home/airflow/.local/lib/python3.12/site-packages/airflow/example_dags/example_branch_operator.py
[2025-12-16T07:28:05.406+0000] {processor.py:914} INFO - Processing file /home/airflow/.local/lib/python3.12/site-packages/airflow/example_dags/example_branch_operator.py for tasks to queue
[2025-12-16T07:28:05.410+0000] {logging_mixin.py:190} INFO - [2025-12-16T07:28:05.409+0000] {dagbag.py:588} INFO - Filling up the DagBag from /home/airflow/.local/lib/python3.12/site-packages/airflow/example_dags/example_branch_operator.py
[2025-12-16T07:28:05.505+0000] {processor.py:925} INFO - DAG(s) 'example_branch_operator' retrieved from /home/airflow/.local/lib/python3.12/site-packages/airflow/example_dags/example_branch_operator.py
[2025-12-16T07:28:05.600+0000] {logging_mixin.py:190} INFO - [2025-12-16T07:28:05.599+0000] {dag.py:3239} INFO - Sync 1 DAGs
[2025-12-16T07:28:05.784+0000] {logging_mixin.py:190} INFO - [2025-12-16T07:28:05.783+0000] {dag.py:4180} INFO - Setting next_dagrun for example_branch_operator to 2025-12-15 00:00:00+00:00, run_after=2025-12-16 00:00:00+00:00
[2025-12-16T07:28:05.985+0000] {processor.py:208} INFO - Processing /home/airflow/.local/lib/python3.12/site-packages/airflow/example_dags/example_branch_operator.py took 0.636 seconds
[2025-12-16T07:28:56.121+0000] {processor.py:186} INFO - Started process (PID=1112) to work on /home/airflow/.local/lib/python3.12/site-packages/airflow/example_dags/example_branch_operator.py
[2025-12-16T07:28:56.183+0000] {processor.py:914} INFO - Processing file /home/airflow/.local/lib/python3.12/site-packages/airflow/example_dags/example_branch_operator.py for tasks to queue
[2025-12-16T07:28:56.298+0000] {logging_mixin.py:190} INFO - [2025-12-16T07:28:56.267+0000] {dagbag.py:588} INFO - Filling up the DagBag from /home/airflow/.local/lib/python3.12/site-packages/airflow/example_dags/example_branch_operator.py
[2025-12-16T07:28:57.347+0000] {processor.py:925} INFO - DAG(s) 'example_branch_operator' retrieved from /home/airflow/.local/lib/python3.12/site-packages/airflow/example_dags/example_branch_operator.py
[2025-12-16T07:28:58.546+0000] {logging_mixin.py:190} INFO - [2025-12-16T07:28:58.545+0000] {dag.py:3239} INFO - Sync 1 DAGs
[2025-12-16T07:28:59.422+0000] {logging_mixin.py:190} INFO - [2025-12-16T07:28:59.421+0000] {dag.py:4180} INFO - Setting next_dagrun for example_branch_operator to 2025-12-15 00:00:00+00:00, run_after=2025-12-16 00:00:00+00:00
[2025-12-16T07:28:59.739+0000] {processor.py:208} INFO - Processing /home/airflow/.local/lib/python3.12/site-packages/airflow/example_dags/example_branch_operator.py took 3.764 seconds
[2025-12-16T07:31:21.587+0000] {processor.py:186} INFO - Started process (PID=1203) to work on /home/airflow/.local/lib/python3.12/site-packages/airflow/example_dags/example_branch_operator.py
[2025-12-16T07:31:21.608+0000] {processor.py:914} INFO - Processing file /home/airflow/.local/lib/python3.12/site-packages/airflow/example_dags/example_branch_operator.py for tasks to queue
[2025-12-16T07:31:21.641+0000] {logging_mixin.py:190} INFO - [2025-12-16T07:31:21.626+0000] {dagbag.py:588} INFO - Filling up the DagBag from /home/airflow/.local/lib/python3.12/site-packages/airflow/example_dags/example_branch_operator.py
[2025-12-16T07:31:22.055+0000] {processor.py:925} INFO - DAG(s) 'example_branch_operator' retrieved from /home/airflow/.local/lib/python3.12/site-packages/airflow/example_dags/example_branch_operator.py
[2025-12-16T07:31:22.465+0000] {logging_mixin.py:190} INFO - [2025-12-16T07:31:22.464+0000] {dag.py:3239} INFO - Sync 1 DAGs
[2025-12-16T07:31:22.666+0000] {logging_mixin.py:190} INFO - [2025-12-16T07:31:22.663+0000] {dag.py:4180} INFO - Setting next_dagrun for example_branch_operator to 2025-12-15 00:00:00+00:00, run_after=2025-12-16 00:00:00+00:00
[2025-12-16T07:31:22.820+0000] {processor.py:208} INFO - Processing /home/airflow/.local/lib/python3.12/site-packages/airflow/example_dags/example_branch_operator.py took 1.304 seconds
[2025-12-16T07:32:49.773+0000] {processor.py:186} INFO - Started process (PID=1281) to work on /home/airflow/.local/lib/python3.12/site-packages/airflow/example_dags/example_branch_operator.py
[2025-12-16T07:32:49.803+0000] {processor.py:914} INFO - Processing file /home/airflow/.local/lib/python3.12/site-packages/airflow/example_dags/example_branch_operator.py for tasks to queue
[2025-12-16T07:32:49.819+0000] {logging_mixin.py:190} INFO - [2025-12-16T07:32:49.818+0000] {dagbag.py:588} INFO - Filling up the DagBag from /home/airflow/.local/lib/python3.12/site-packages/airflow/example_dags/example_branch_operator.py
[2025-12-16T07:32:50.086+0000] {processor.py:925} INFO - DAG(s) 'example_branch_operator' retrieved from /home/airflow/.local/lib/python3.12/site-packages/airflow/example_dags/example_branch_operator.py
[2025-12-16T07:32:50.216+0000] {logging_mixin.py:190} INFO - [2025-12-16T07:32:50.215+0000] {dag.py:3239} INFO - Sync 1 DAGs
[2025-12-16T07:32:50.391+0000] {logging_mixin.py:190} INFO - [2025-12-16T07:32:50.390+0000] {dag.py:4180} INFO - Setting next_dagrun for example_branch_operator to 2025-12-15 00:00:00+00:00, run_after=2025-12-16 00:00:00+00:00
[2025-12-16T07:32:50.575+0000] {processor.py:208} INFO - Processing /home/airflow/.local/lib/python3.12/site-packages/airflow/example_dags/example_branch_operator.py took 0.862 seconds
[2025-12-16T07:33:22.280+0000] {processor.py:186} INFO - Started process (PID=1352) to work on /home/airflow/.local/lib/python3.12/site-packages/airflow/example_dags/example_branch_operator.py
[2025-12-16T07:33:22.285+0000] {processor.py:914} INFO - Processing file /home/airflow/.local/lib/python3.12/site-packages/airflow/example_dags/example_branch_operator.py for tasks to queue
[2025-12-16T07:33:22.289+0000] {logging_mixin.py:190} INFO - [2025-12-16T07:33:22.288+0000] {dagbag.py:588} INFO - Filling up the DagBag from /home/airflow/.local/lib/python3.12/site-packages/airflow/example_dags/example_branch_operator.py
[2025-12-16T07:33:22.370+0000] {processor.py:925} INFO - DAG(s) 'example_branch_operator' retrieved from /home/airflow/.local/lib/python3.12/site-packages/airflow/example_dags/example_branch_operator.py
[2025-12-16T07:33:22.474+0000] {logging_mixin.py:190} INFO - [2025-12-16T07:33:22.473+0000] {dag.py:3239} INFO - Sync 1 DAGs
[2025-12-16T07:33:22.621+0000] {logging_mixin.py:190} INFO - [2025-12-16T07:33:22.620+0000] {dag.py:4180} INFO - Setting next_dagrun for example_branch_operator to 2025-12-15 00:00:00+00:00, run_after=2025-12-16 00:00:00+00:00
[2025-12-16T07:33:22.675+0000] {processor.py:208} INFO - Processing /home/airflow/.local/lib/python3.12/site-packages/airflow/example_dags/example_branch_operator.py took 0.420 seconds
[2025-12-16T07:33:55.733+0000] {processor.py:186} INFO - Started process (PID=1433) to work on /home/airflow/.local/lib/python3.12/site-packages/airflow/example_dags/example_branch_operator.py
[2025-12-16T07:33:55.736+0000] {processor.py:914} INFO - Processing file /home/airflow/.local/lib/python3.12/site-packages/airflow/example_dags/example_branch_operator.py for tasks to queue
[2025-12-16T07:33:55.741+0000] {logging_mixin.py:190} INFO - [2025-12-16T07:33:55.739+0000] {dagbag.py:588} INFO - Filling up the DagBag from /home/airflow/.local/lib/python3.12/site-packages/airflow/example_dags/example_branch_operator.py
[2025-12-16T07:33:55.832+0000] {processor.py:925} INFO - DAG(s) 'example_branch_operator' retrieved from /home/airflow/.local/lib/python3.12/site-packages/airflow/example_dags/example_branch_operator.py
[2025-12-16T07:33:55.941+0000] {logging_mixin.py:190} INFO - [2025-12-16T07:33:55.940+0000] {dag.py:3239} INFO - Sync 1 DAGs
[2025-12-16T07:33:56.033+0000] {logging_mixin.py:190} INFO - [2025-12-16T07:33:56.032+0000] {dag.py:4180} INFO - Setting next_dagrun for example_branch_operator to 2025-12-15 00:00:00+00:00, run_after=2025-12-16 00:00:00+00:00
[2025-12-16T07:33:56.086+0000] {processor.py:208} INFO - Processing /home/airflow/.local/lib/python3.12/site-packages/airflow/example_dags/example_branch_operator.py took 0.378 seconds
[2025-12-16T07:34:28.736+0000] {processor.py:186} INFO - Started process (PID=1506) to work on /home/airflow/.local/lib/python3.12/site-packages/airflow/example_dags/example_branch_operator.py
[2025-12-16T07:34:28.743+0000] {processor.py:914} INFO - Processing file /home/airflow/.local/lib/python3.12/site-packages/airflow/example_dags/example_branch_operator.py for tasks to queue
[2025-12-16T07:34:28.755+0000] {logging_mixin.py:190} INFO - [2025-12-16T07:34:28.746+0000] {dagbag.py:588} INFO - Filling up the DagBag from /home/airflow/.local/lib/python3.12/site-packages/airflow/example_dags/example_branch_operator.py
[2025-12-16T07:34:28.831+0000] {processor.py:925} INFO - DAG(s) 'example_branch_operator' retrieved from /home/airflow/.local/lib/python3.12/site-packages/airflow/example_dags/example_branch_operator.py
[2025-12-16T07:34:28.950+0000] {logging_mixin.py:190} INFO - [2025-12-16T07:34:28.949+0000] {dag.py:3239} INFO - Sync 1 DAGs
[2025-12-16T07:34:29.108+0000] {logging_mixin.py:190} INFO - [2025-12-16T07:34:29.108+0000] {dag.py:4180} INFO - Setting next_dagrun for example_branch_operator to 2025-12-15 00:00:00+00:00, run_after=2025-12-16 00:00:00+00:00
[2025-12-16T07:34:29.213+0000] {processor.py:208} INFO - Processing /home/airflow/.local/lib/python3.12/site-packages/airflow/example_dags/example_branch_operator.py took 0.518 seconds
[2025-12-16T07:34:59.557+0000] {processor.py:186} INFO - Started process (PID=1577) to work on /home/airflow/.local/lib/python3.12/site-packages/airflow/example_dags/example_branch_operator.py
[2025-12-16T07:34:59.561+0000] {processor.py:914} INFO - Processing file /home/airflow/.local/lib/python3.12/site-packages/airflow/example_dags/example_branch_operator.py for tasks to queue
[2025-12-16T07:34:59.565+0000] {logging_mixin.py:190} INFO - [2025-12-16T07:34:59.564+0000] {dagbag.py:588} INFO - Filling up the DagBag from /home/airflow/.local/lib/python3.12/site-packages/airflow/example_dags/example_branch_operator.py
[2025-12-16T07:34:59.623+0000] {processor.py:925} INFO - DAG(s) 'example_branch_operator' retrieved from /home/airflow/.local/lib/python3.12/site-packages/airflow/example_dags/example_branch_operator.py
[2025-12-16T07:34:59.712+0000] {logging_mixin.py:190} INFO - [2025-12-16T07:34:59.711+0000] {dag.py:3239} INFO - Sync 1 DAGs
[2025-12-16T07:34:59.785+0000] {logging_mixin.py:190} INFO - [2025-12-16T07:34:59.784+0000] {dag.py:4180} INFO - Setting next_dagrun for example_branch_operator to 2025-12-15 00:00:00+00:00, run_after=2025-12-16 00:00:00+00:00
[2025-12-16T07:34:59.859+0000] {processor.py:208} INFO - Processing /home/airflow/.local/lib/python3.12/site-packages/airflow/example_dags/example_branch_operator.py took 0.324 seconds
[2025-12-16T07:35:34.391+0000] {processor.py:186} INFO - Started process (PID=1650) to work on /home/airflow/.local/lib/python3.12/site-packages/airflow/example_dags/example_branch_operator.py
[2025-12-16T07:35:34.395+0000] {processor.py:914} INFO - Processing file /home/airflow/.local/lib/python3.12/site-packages/airflow/example_dags/example_branch_operator.py for tasks to queue
[2025-12-16T07:35:34.399+0000] {logging_mixin.py:190} INFO - [2025-12-16T07:35:34.398+0000] {dagbag.py:588} INFO - Filling up the DagBag from /home/airflow/.local/lib/python3.12/site-packages/airflow/example_dags/example_branch_operator.py
[2025-12-16T07:35:34.447+0000] {processor.py:925} INFO - DAG(s) 'example_branch_operator' retrieved from /home/airflow/.local/lib/python3.12/site-packages/airflow/example_dags/example_branch_operator.py
[2025-12-16T07:35:34.524+0000] {logging_mixin.py:190} INFO - [2025-12-16T07:35:34.523+0000] {dag.py:3239} INFO - Sync 1 DAGs
[2025-12-16T07:35:34.601+0000] {logging_mixin.py:190} INFO - [2025-12-16T07:35:34.601+0000] {dag.py:4180} INFO - Setting next_dagrun for example_branch_operator to 2025-12-15 00:00:00+00:00, run_after=2025-12-16 00:00:00+00:00
[2025-12-16T07:35:34.649+0000] {processor.py:208} INFO - Processing /home/airflow/.local/lib/python3.12/site-packages/airflow/example_dags/example_branch_operator.py took 0.276 seconds
[2025-12-16T07:36:18.251+0000] {processor.py:186} INFO - Started process (PID=1712) to work on /home/airflow/.local/lib/python3.12/site-packages/airflow/example_dags/example_branch_operator.py
[2025-12-16T07:36:18.254+0000] {processor.py:914} INFO - Processing file /home/airflow/.local/lib/python3.12/site-packages/airflow/example_dags/example_branch_operator.py for tasks to queue
[2025-12-16T07:36:18.259+0000] {logging_mixin.py:190} INFO - [2025-12-16T07:36:18.258+0000] {dagbag.py:588} INFO - Filling up the DagBag from /home/airflow/.local/lib/python3.12/site-packages/airflow/example_dags/example_branch_operator.py
[2025-12-16T07:36:18.355+0000] {processor.py:925} INFO - DAG(s) 'example_branch_operator' retrieved from /home/airflow/.local/lib/python3.12/site-packages/airflow/example_dags/example_branch_operator.py
[2025-12-16T07:36:18.723+0000] {logging_mixin.py:190} INFO - [2025-12-16T07:36:18.723+0000] {dag.py:3239} INFO - Sync 1 DAGs
[2025-12-16T07:36:18.997+0000] {logging_mixin.py:190} INFO - [2025-12-16T07:36:18.996+0000] {dag.py:4180} INFO - Setting next_dagrun for example_branch_operator to 2025-12-15 00:00:00+00:00, run_after=2025-12-16 00:00:00+00:00
[2025-12-16T07:36:19.219+0000] {processor.py:208} INFO - Processing /home/airflow/.local/lib/python3.12/site-packages/airflow/example_dags/example_branch_operator.py took 0.995 seconds
[2025-12-16T07:36:52.017+0000] {processor.py:186} INFO - Started process (PID=1784) to work on /home/airflow/.local/lib/python3.12/site-packages/airflow/example_dags/example_branch_operator.py
[2025-12-16T07:36:52.021+0000] {processor.py:914} INFO - Processing file /home/airflow/.local/lib/python3.12/site-packages/airflow/example_dags/example_branch_operator.py for tasks to queue
[2025-12-16T07:36:52.025+0000] {logging_mixin.py:190} INFO - [2025-12-16T07:36:52.024+0000] {dagbag.py:588} INFO - Filling up the DagBag from /home/airflow/.local/lib/python3.12/site-packages/airflow/example_dags/example_branch_operator.py
[2025-12-16T07:36:52.097+0000] {processor.py:925} INFO - DAG(s) 'example_branch_operator' retrieved from /home/airflow/.local/lib/python3.12/site-packages/airflow/example_dags/example_branch_operator.py
[2025-12-16T07:36:52.183+0000] {logging_mixin.py:190} INFO - [2025-12-16T07:36:52.182+0000] {dag.py:3239} INFO - Sync 1 DAGs
[2025-12-16T07:36:52.266+0000] {logging_mixin.py:190} INFO - [2025-12-16T07:36:52.265+0000] {dag.py:4180} INFO - Setting next_dagrun for example_branch_operator to 2025-12-15 00:00:00+00:00, run_after=2025-12-16 00:00:00+00:00
[2025-12-16T07:36:52.323+0000] {processor.py:208} INFO - Processing /home/airflow/.local/lib/python3.12/site-packages/airflow/example_dags/example_branch_operator.py took 0.338 seconds
[2025-12-16T07:37:28.262+0000] {processor.py:186} INFO - Started process (PID=1857) to work on /home/airflow/.local/lib/python3.12/site-packages/airflow/example_dags/example_branch_operator.py
[2025-12-16T07:37:28.265+0000] {processor.py:914} INFO - Processing file /home/airflow/.local/lib/python3.12/site-packages/airflow/example_dags/example_branch_operator.py for tasks to queue
[2025-12-16T07:37:28.269+0000] {logging_mixin.py:190} INFO - [2025-12-16T07:37:28.268+0000] {dagbag.py:588} INFO - Filling up the DagBag from /home/airflow/.local/lib/python3.12/site-packages/airflow/example_dags/example_branch_operator.py
[2025-12-16T07:37:28.323+0000] {processor.py:925} INFO - DAG(s) 'example_branch_operator' retrieved from /home/airflow/.local/lib/python3.12/site-packages/airflow/example_dags/example_branch_operator.py
[2025-12-16T07:37:28.399+0000] {logging_mixin.py:190} INFO - [2025-12-16T07:37:28.398+0000] {dag.py:3239} INFO - Sync 1 DAGs
[2025-12-16T07:37:28.470+0000] {logging_mixin.py:190} INFO - [2025-12-16T07:37:28.469+0000] {dag.py:4180} INFO - Setting next_dagrun for example_branch_operator to 2025-12-15 00:00:00+00:00, run_after=2025-12-16 00:00:00+00:00
[2025-12-16T07:37:28.518+0000] {processor.py:208} INFO - Processing /home/airflow/.local/lib/python3.12/site-packages/airflow/example_dags/example_branch_operator.py took 0.271 seconds
[2025-12-16T07:38:02.742+0000] {processor.py:186} INFO - Started process (PID=1929) to work on /home/airflow/.local/lib/python3.12/site-packages/airflow/example_dags/example_branch_operator.py
[2025-12-16T07:38:02.749+0000] {processor.py:914} INFO - Processing file /home/airflow/.local/lib/python3.12/site-packages/airflow/example_dags/example_branch_operator.py for tasks to queue
[2025-12-16T07:38:02.754+0000] {logging_mixin.py:190} INFO - [2025-12-16T07:38:02.753+0000] {dagbag.py:588} INFO - Filling up the DagBag from /home/airflow/.local/lib/python3.12/site-packages/airflow/example_dags/example_branch_operator.py
[2025-12-16T07:38:02.824+0000] {processor.py:925} INFO - DAG(s) 'example_branch_operator' retrieved from /home/airflow/.local/lib/python3.12/site-packages/airflow/example_dags/example_branch_operator.py
[2025-12-16T07:38:02.906+0000] {logging_mixin.py:190} INFO - [2025-12-16T07:38:02.905+0000] {dag.py:3239} INFO - Sync 1 DAGs
[2025-12-16T07:38:02.972+0000] {logging_mixin.py:190} INFO - [2025-12-16T07:38:02.971+0000] {dag.py:4180} INFO - Setting next_dagrun for example_branch_operator to 2025-12-15 00:00:00+00:00, run_after=2025-12-16 00:00:00+00:00
[2025-12-16T07:38:03.030+0000] {processor.py:208} INFO - Processing /home/airflow/.local/lib/python3.12/site-packages/airflow/example_dags/example_branch_operator.py took 0.316 seconds
[2025-12-16T07:38:39.751+0000] {processor.py:186} INFO - Started process (PID=1998) to work on /home/airflow/.local/lib/python3.12/site-packages/airflow/example_dags/example_branch_operator.py
[2025-12-16T07:38:39.755+0000] {processor.py:914} INFO - Processing file /home/airflow/.local/lib/python3.12/site-packages/airflow/example_dags/example_branch_operator.py for tasks to queue
[2025-12-16T07:38:39.759+0000] {logging_mixin.py:190} INFO - [2025-12-16T07:38:39.758+0000] {dagbag.py:588} INFO - Filling up the DagBag from /home/airflow/.local/lib/python3.12/site-packages/airflow/example_dags/example_branch_operator.py
[2025-12-16T07:38:39.890+0000] {processor.py:925} INFO - DAG(s) 'example_branch_operator' retrieved from /home/airflow/.local/lib/python3.12/site-packages/airflow/example_dags/example_branch_operator.py
[2025-12-16T07:38:40.044+0000] {logging_mixin.py:190} INFO - [2025-12-16T07:38:40.043+0000] {dag.py:3239} INFO - Sync 1 DAGs
[2025-12-16T07:38:40.163+0000] {logging_mixin.py:190} INFO - [2025-12-16T07:38:40.162+0000] {dag.py:4180} INFO - Setting next_dagrun for example_branch_operator to 2025-12-15 00:00:00+00:00, run_after=2025-12-16 00:00:00+00:00
[2025-12-16T07:38:40.253+0000] {processor.py:208} INFO - Processing /home/airflow/.local/lib/python3.12/site-packages/airflow/example_dags/example_branch_operator.py took 0.520 seconds
[2025-12-16T07:39:11.445+0000] {processor.py:186} INFO - Started process (PID=2069) to work on /home/airflow/.local/lib/python3.12/site-packages/airflow/example_dags/example_branch_operator.py
[2025-12-16T07:39:11.476+0000] {processor.py:914} INFO - Processing file /home/airflow/.local/lib/python3.12/site-packages/airflow/example_dags/example_branch_operator.py for tasks to queue
[2025-12-16T07:39:11.519+0000] {logging_mixin.py:190} INFO - [2025-12-16T07:39:11.494+0000] {dagbag.py:588} INFO - Filling up the DagBag from /home/airflow/.local/lib/python3.12/site-packages/airflow/example_dags/example_branch_operator.py
[2025-12-16T07:39:11.654+0000] {processor.py:925} INFO - DAG(s) 'example_branch_operator' retrieved from /home/airflow/.local/lib/python3.12/site-packages/airflow/example_dags/example_branch_operator.py
[2025-12-16T07:39:11.785+0000] {logging_mixin.py:190} INFO - [2025-12-16T07:39:11.785+0000] {dag.py:3239} INFO - Sync 1 DAGs
[2025-12-16T07:39:11.923+0000] {logging_mixin.py:190} INFO - [2025-12-16T07:39:11.922+0000] {dag.py:4180} INFO - Setting next_dagrun for example_branch_operator to 2025-12-15 00:00:00+00:00, run_after=2025-12-16 00:00:00+00:00
[2025-12-16T07:39:12.030+0000] {processor.py:208} INFO - Processing /home/airflow/.local/lib/python3.12/site-packages/airflow/example_dags/example_branch_operator.py took 0.864 seconds
[2025-12-16T07:52:04.679+0000] {processor.py:186} INFO - Started process (PID=2149) to work on /home/airflow/.local/lib/python3.12/site-packages/airflow/example_dags/example_branch_operator.py
[2025-12-16T07:52:04.775+0000] {processor.py:914} INFO - Processing file /home/airflow/.local/lib/python3.12/site-packages/airflow/example_dags/example_branch_operator.py for tasks to queue
[2025-12-16T07:52:04.826+0000] {logging_mixin.py:190} INFO - [2025-12-16T07:52:04.793+0000] {dagbag.py:588} INFO - Filling up the DagBag from /home/airflow/.local/lib/python3.12/site-packages/airflow/example_dags/example_branch_operator.py
[2025-12-16T07:52:05.293+0000] {processor.py:925} INFO - DAG(s) 'example_branch_operator' retrieved from /home/airflow/.local/lib/python3.12/site-packages/airflow/example_dags/example_branch_operator.py
[2025-12-16T07:52:05.733+0000] {logging_mixin.py:190} INFO - [2025-12-16T07:52:05.719+0000] {dag.py:3239} INFO - Sync 1 DAGs
[2025-12-16T07:52:06.090+0000] {logging_mixin.py:190} INFO - [2025-12-16T07:52:06.090+0000] {dag.py:4180} INFO - Setting next_dagrun for example_branch_operator to 2025-12-15 00:00:00+00:00, run_after=2025-12-16 00:00:00+00:00
[2025-12-16T07:52:06.332+0000] {processor.py:208} INFO - Processing /home/airflow/.local/lib/python3.12/site-packages/airflow/example_dags/example_branch_operator.py took 1.826 seconds
[2025-12-16T07:53:17.675+0000] {processor.py:186} INFO - Started process (PID=2235) to work on /home/airflow/.local/lib/python3.12/site-packages/airflow/example_dags/example_branch_operator.py
[2025-12-16T07:53:17.685+0000] {processor.py:914} INFO - Processing file /home/airflow/.local/lib/python3.12/site-packages/airflow/example_dags/example_branch_operator.py for tasks to queue
[2025-12-16T07:53:17.697+0000] {logging_mixin.py:190} INFO - [2025-12-16T07:53:17.690+0000] {dagbag.py:588} INFO - Filling up the DagBag from /home/airflow/.local/lib/python3.12/site-packages/airflow/example_dags/example_branch_operator.py
[2025-12-16T07:53:17.823+0000] {processor.py:925} INFO - DAG(s) 'example_branch_operator' retrieved from /home/airflow/.local/lib/python3.12/site-packages/airflow/example_dags/example_branch_operator.py
[2025-12-16T07:53:18.041+0000] {logging_mixin.py:190} INFO - [2025-12-16T07:53:18.041+0000] {dag.py:3239} INFO - Sync 1 DAGs
[2025-12-16T07:53:18.224+0000] {logging_mixin.py:190} INFO - [2025-12-16T07:53:18.224+0000] {dag.py:4180} INFO - Setting next_dagrun for example_branch_operator to 2025-12-15 00:00:00+00:00, run_after=2025-12-16 00:00:00+00:00
[2025-12-16T07:53:18.448+0000] {processor.py:208} INFO - Processing /home/airflow/.local/lib/python3.12/site-packages/airflow/example_dags/example_branch_operator.py took 0.811 seconds
[2025-12-16T07:54:22.649+0000] {processor.py:186} INFO - Started process (PID=2314) to work on /home/airflow/.local/lib/python3.12/site-packages/airflow/example_dags/example_branch_operator.py
[2025-12-16T07:54:22.678+0000] {processor.py:914} INFO - Processing file /home/airflow/.local/lib/python3.12/site-packages/airflow/example_dags/example_branch_operator.py for tasks to queue
[2025-12-16T07:54:22.715+0000] {logging_mixin.py:190} INFO - [2025-12-16T07:54:22.714+0000] {dagbag.py:588} INFO - Filling up the DagBag from /home/airflow/.local/lib/python3.12/site-packages/airflow/example_dags/example_branch_operator.py
[2025-12-16T07:54:22.909+0000] {processor.py:925} INFO - DAG(s) 'example_branch_operator' retrieved from /home/airflow/.local/lib/python3.12/site-packages/airflow/example_dags/example_branch_operator.py
[2025-12-16T07:54:23.120+0000] {logging_mixin.py:190} INFO - [2025-12-16T07:54:23.120+0000] {dag.py:3239} INFO - Sync 1 DAGs
[2025-12-16T07:54:23.389+0000] {logging_mixin.py:190} INFO - [2025-12-16T07:54:23.389+0000] {dag.py:4180} INFO - Setting next_dagrun for example_branch_operator to 2025-12-15 00:00:00+00:00, run_after=2025-12-16 00:00:00+00:00
[2025-12-16T07:54:23.541+0000] {processor.py:208} INFO - Processing /home/airflow/.local/lib/python3.12/site-packages/airflow/example_dags/example_branch_operator.py took 0.963 seconds
[2025-12-16T07:55:12.712+0000] {processor.py:186} INFO - Started process (PID=2392) to work on /home/airflow/.local/lib/python3.12/site-packages/airflow/example_dags/example_branch_operator.py
[2025-12-16T07:55:12.726+0000] {processor.py:914} INFO - Processing file /home/airflow/.local/lib/python3.12/site-packages/airflow/example_dags/example_branch_operator.py for tasks to queue
[2025-12-16T07:55:12.733+0000] {logging_mixin.py:190} INFO - [2025-12-16T07:55:12.732+0000] {dagbag.py:588} INFO - Filling up the DagBag from /home/airflow/.local/lib/python3.12/site-packages/airflow/example_dags/example_branch_operator.py
[2025-12-16T07:55:12.889+0000] {processor.py:925} INFO - DAG(s) 'example_branch_operator' retrieved from /home/airflow/.local/lib/python3.12/site-packages/airflow/example_dags/example_branch_operator.py
[2025-12-16T07:55:13.129+0000] {logging_mixin.py:190} INFO - [2025-12-16T07:55:13.129+0000] {dag.py:3239} INFO - Sync 1 DAGs
[2025-12-16T07:55:13.333+0000] {logging_mixin.py:190} INFO - [2025-12-16T07:55:13.332+0000] {dag.py:4180} INFO - Setting next_dagrun for example_branch_operator to 2025-12-15 00:00:00+00:00, run_after=2025-12-16 00:00:00+00:00
[2025-12-16T07:55:13.442+0000] {processor.py:208} INFO - Processing /home/airflow/.local/lib/python3.12/site-packages/airflow/example_dags/example_branch_operator.py took 0.769 seconds
[2025-12-16T07:55:53.739+0000] {processor.py:186} INFO - Started process (PID=2464) to work on /home/airflow/.local/lib/python3.12/site-packages/airflow/example_dags/example_branch_operator.py
[2025-12-16T07:55:53.747+0000] {processor.py:914} INFO - Processing file /home/airflow/.local/lib/python3.12/site-packages/airflow/example_dags/example_branch_operator.py for tasks to queue
[2025-12-16T07:55:53.752+0000] {logging_mixin.py:190} INFO - [2025-12-16T07:55:53.751+0000] {dagbag.py:588} INFO - Filling up the DagBag from /home/airflow/.local/lib/python3.12/site-packages/airflow/example_dags/example_branch_operator.py
[2025-12-16T07:55:54.081+0000] {processor.py:925} INFO - DAG(s) 'example_branch_operator' retrieved from /home/airflow/.local/lib/python3.12/site-packages/airflow/example_dags/example_branch_operator.py
[2025-12-16T07:55:54.776+0000] {logging_mixin.py:190} INFO - [2025-12-16T07:55:54.775+0000] {dag.py:3239} INFO - Sync 1 DAGs
[2025-12-16T07:55:55.451+0000] {logging_mixin.py:190} INFO - [2025-12-16T07:55:55.450+0000] {dag.py:4180} INFO - Setting next_dagrun for example_branch_operator to 2025-12-15 00:00:00+00:00, run_after=2025-12-16 00:00:00+00:00
[2025-12-16T07:55:55.769+0000] {processor.py:208} INFO - Processing /home/airflow/.local/lib/python3.12/site-packages/airflow/example_dags/example_branch_operator.py took 2.064 seconds
[2025-12-16T07:56:31.303+0000] {processor.py:186} INFO - Started process (PID=2543) to work on /home/airflow/.local/lib/python3.12/site-packages/airflow/example_dags/example_branch_operator.py
[2025-12-16T07:56:31.308+0000] {processor.py:914} INFO - Processing file /home/airflow/.local/lib/python3.12/site-packages/airflow/example_dags/example_branch_operator.py for tasks to queue
[2025-12-16T07:56:31.317+0000] {logging_mixin.py:190} INFO - [2025-12-16T07:56:31.311+0000] {dagbag.py:588} INFO - Filling up the DagBag from /home/airflow/.local/lib/python3.12/site-packages/airflow/example_dags/example_branch_operator.py
[2025-12-16T07:56:31.412+0000] {processor.py:925} INFO - DAG(s) 'example_branch_operator' retrieved from /home/airflow/.local/lib/python3.12/site-packages/airflow/example_dags/example_branch_operator.py
[2025-12-16T07:56:31.514+0000] {logging_mixin.py:190} INFO - [2025-12-16T07:56:31.514+0000] {dag.py:3239} INFO - Sync 1 DAGs
[2025-12-16T07:56:31.596+0000] {logging_mixin.py:190} INFO - [2025-12-16T07:56:31.596+0000] {dag.py:4180} INFO - Setting next_dagrun for example_branch_operator to 2025-12-15 00:00:00+00:00, run_after=2025-12-16 00:00:00+00:00
[2025-12-16T07:56:31.655+0000] {processor.py:208} INFO - Processing /home/airflow/.local/lib/python3.12/site-packages/airflow/example_dags/example_branch_operator.py took 0.379 seconds
[2025-12-16T07:57:08.452+0000] {processor.py:186} INFO - Started process (PID=2614) to work on /home/airflow/.local/lib/python3.12/site-packages/airflow/example_dags/example_branch_operator.py
[2025-12-16T07:57:08.456+0000] {processor.py:914} INFO - Processing file /home/airflow/.local/lib/python3.12/site-packages/airflow/example_dags/example_branch_operator.py for tasks to queue
[2025-12-16T07:57:08.460+0000] {logging_mixin.py:190} INFO - [2025-12-16T07:57:08.459+0000] {dagbag.py:588} INFO - Filling up the DagBag from /home/airflow/.local/lib/python3.12/site-packages/airflow/example_dags/example_branch_operator.py
[2025-12-16T07:57:08.525+0000] {processor.py:925} INFO - DAG(s) 'example_branch_operator' retrieved from /home/airflow/.local/lib/python3.12/site-packages/airflow/example_dags/example_branch_operator.py
[2025-12-16T07:57:08.618+0000] {logging_mixin.py:190} INFO - [2025-12-16T07:57:08.618+0000] {dag.py:3239} INFO - Sync 1 DAGs
[2025-12-16T07:57:08.708+0000] {logging_mixin.py:190} INFO - [2025-12-16T07:57:08.707+0000] {dag.py:4180} INFO - Setting next_dagrun for example_branch_operator to 2025-12-15 00:00:00+00:00, run_after=2025-12-16 00:00:00+00:00
[2025-12-16T07:57:08.771+0000] {processor.py:208} INFO - Processing /home/airflow/.local/lib/python3.12/site-packages/airflow/example_dags/example_branch_operator.py took 0.340 seconds
[2025-12-16T07:57:48.969+0000] {processor.py:186} INFO - Started process (PID=2693) to work on /home/airflow/.local/lib/python3.12/site-packages/airflow/example_dags/example_branch_operator.py
[2025-12-16T07:57:48.971+0000] {processor.py:914} INFO - Processing file /home/airflow/.local/lib/python3.12/site-packages/airflow/example_dags/example_branch_operator.py for tasks to queue
[2025-12-16T07:57:48.975+0000] {logging_mixin.py:190} INFO - [2025-12-16T07:57:48.974+0000] {dagbag.py:588} INFO - Filling up the DagBag from /home/airflow/.local/lib/python3.12/site-packages/airflow/example_dags/example_branch_operator.py
[2025-12-16T07:57:49.049+0000] {processor.py:925} INFO - DAG(s) 'example_branch_operator' retrieved from /home/airflow/.local/lib/python3.12/site-packages/airflow/example_dags/example_branch_operator.py
[2025-12-16T07:57:49.168+0000] {logging_mixin.py:190} INFO - [2025-12-16T07:57:49.168+0000] {dag.py:3239} INFO - Sync 1 DAGs
[2025-12-16T07:57:49.415+0000] {logging_mixin.py:190} INFO - [2025-12-16T07:57:49.415+0000] {dag.py:4180} INFO - Setting next_dagrun for example_branch_operator to 2025-12-15 00:00:00+00:00, run_after=2025-12-16 00:00:00+00:00
[2025-12-16T07:57:49.680+0000] {processor.py:208} INFO - Processing /home/airflow/.local/lib/python3.12/site-packages/airflow/example_dags/example_branch_operator.py took 0.728 seconds
[2025-12-16T07:58:30.097+0000] {processor.py:186} INFO - Started process (PID=2766) to work on /home/airflow/.local/lib/python3.12/site-packages/airflow/example_dags/example_branch_operator.py
[2025-12-16T07:58:30.101+0000] {processor.py:914} INFO - Processing file /home/airflow/.local/lib/python3.12/site-packages/airflow/example_dags/example_branch_operator.py for tasks to queue
[2025-12-16T07:58:30.107+0000] {logging_mixin.py:190} INFO - [2025-12-16T07:58:30.106+0000] {dagbag.py:588} INFO - Filling up the DagBag from /home/airflow/.local/lib/python3.12/site-packages/airflow/example_dags/example_branch_operator.py
[2025-12-16T07:58:30.163+0000] {processor.py:925} INFO - DAG(s) 'example_branch_operator' retrieved from /home/airflow/.local/lib/python3.12/site-packages/airflow/example_dags/example_branch_operator.py
[2025-12-16T07:58:30.303+0000] {logging_mixin.py:190} INFO - [2025-12-16T07:58:30.302+0000] {dag.py:3239} INFO - Sync 1 DAGs
[2025-12-16T07:58:30.405+0000] {logging_mixin.py:190} INFO - [2025-12-16T07:58:30.404+0000] {dag.py:4180} INFO - Setting next_dagrun for example_branch_operator to 2025-12-15 00:00:00+00:00, run_after=2025-12-16 00:00:00+00:00
[2025-12-16T07:58:30.471+0000] {processor.py:208} INFO - Processing /home/airflow/.local/lib/python3.12/site-packages/airflow/example_dags/example_branch_operator.py took 0.396 seconds
[2025-12-16T07:59:06.638+0000] {processor.py:186} INFO - Started process (PID=2839) to work on /home/airflow/.local/lib/python3.12/site-packages/airflow/example_dags/example_branch_operator.py
[2025-12-16T07:59:06.642+0000] {processor.py:914} INFO - Processing file /home/airflow/.local/lib/python3.12/site-packages/airflow/example_dags/example_branch_operator.py for tasks to queue
[2025-12-16T07:59:06.646+0000] {logging_mixin.py:190} INFO - [2025-12-16T07:59:06.645+0000] {dagbag.py:588} INFO - Filling up the DagBag from /home/airflow/.local/lib/python3.12/site-packages/airflow/example_dags/example_branch_operator.py
[2025-12-16T07:59:06.755+0000] {processor.py:925} INFO - DAG(s) 'example_branch_operator' retrieved from /home/airflow/.local/lib/python3.12/site-packages/airflow/example_dags/example_branch_operator.py
[2025-12-16T07:59:06.955+0000] {logging_mixin.py:190} INFO - [2025-12-16T07:59:06.955+0000] {dag.py:3239} INFO - Sync 1 DAGs
[2025-12-16T07:59:07.051+0000] {logging_mixin.py:190} INFO - [2025-12-16T07:59:07.050+0000] {dag.py:4180} INFO - Setting next_dagrun for example_branch_operator to 2025-12-15 00:00:00+00:00, run_after=2025-12-16 00:00:00+00:00
[2025-12-16T07:59:07.109+0000] {processor.py:208} INFO - Processing /home/airflow/.local/lib/python3.12/site-packages/airflow/example_dags/example_branch_operator.py took 0.492 seconds
[2025-12-16T08:00:01.850+0000] {processor.py:186} INFO - Started process (PID=2927) to work on /home/airflow/.local/lib/python3.12/site-packages/airflow/example_dags/example_branch_operator.py
[2025-12-16T08:00:01.857+0000] {processor.py:914} INFO - Processing file /home/airflow/.local/lib/python3.12/site-packages/airflow/example_dags/example_branch_operator.py for tasks to queue
[2025-12-16T08:00:01.869+0000] {logging_mixin.py:190} INFO - [2025-12-16T08:00:01.867+0000] {dagbag.py:588} INFO - Filling up the DagBag from /home/airflow/.local/lib/python3.12/site-packages/airflow/example_dags/example_branch_operator.py
[2025-12-16T08:00:01.964+0000] {processor.py:925} INFO - DAG(s) 'example_branch_operator' retrieved from /home/airflow/.local/lib/python3.12/site-packages/airflow/example_dags/example_branch_operator.py
[2025-12-16T08:00:02.165+0000] {logging_mixin.py:190} INFO - [2025-12-16T08:00:02.164+0000] {dag.py:3239} INFO - Sync 1 DAGs
[2025-12-16T08:00:02.317+0000] {logging_mixin.py:190} INFO - [2025-12-16T08:00:02.316+0000] {dag.py:4180} INFO - Setting next_dagrun for example_branch_operator to 2025-12-15 00:00:00+00:00, run_after=2025-12-16 00:00:00+00:00
[2025-12-16T08:00:02.393+0000] {processor.py:208} INFO - Processing /home/airflow/.local/lib/python3.12/site-packages/airflow/example_dags/example_branch_operator.py took 0.594 seconds
[2025-12-16T08:00:39.201+0000] {processor.py:186} INFO - Started process (PID=3005) to work on /home/airflow/.local/lib/python3.12/site-packages/airflow/example_dags/example_branch_operator.py
[2025-12-16T08:00:39.214+0000] {processor.py:914} INFO - Processing file /home/airflow/.local/lib/python3.12/site-packages/airflow/example_dags/example_branch_operator.py for tasks to queue
[2025-12-16T08:00:39.229+0000] {logging_mixin.py:190} INFO - [2025-12-16T08:00:39.221+0000] {dagbag.py:588} INFO - Filling up the DagBag from /home/airflow/.local/lib/python3.12/site-packages/airflow/example_dags/example_branch_operator.py
[2025-12-16T08:00:39.413+0000] {processor.py:925} INFO - DAG(s) 'example_branch_operator' retrieved from /home/airflow/.local/lib/python3.12/site-packages/airflow/example_dags/example_branch_operator.py
[2025-12-16T08:00:39.577+0000] {logging_mixin.py:190} INFO - [2025-12-16T08:00:39.576+0000] {dag.py:3239} INFO - Sync 1 DAGs
[2025-12-16T08:00:39.737+0000] {logging_mixin.py:190} INFO - [2025-12-16T08:00:39.736+0000] {dag.py:4180} INFO - Setting next_dagrun for example_branch_operator to 2025-12-15 00:00:00+00:00, run_after=2025-12-16 00:00:00+00:00
[2025-12-16T08:00:39.942+0000] {processor.py:208} INFO - Processing /home/airflow/.local/lib/python3.12/site-packages/airflow/example_dags/example_branch_operator.py took 0.783 seconds
[2025-12-16T08:01:13.115+0000] {processor.py:186} INFO - Started process (PID=3078) to work on /home/airflow/.local/lib/python3.12/site-packages/airflow/example_dags/example_branch_operator.py
[2025-12-16T08:01:13.118+0000] {processor.py:914} INFO - Processing file /home/airflow/.local/lib/python3.12/site-packages/airflow/example_dags/example_branch_operator.py for tasks to queue
[2025-12-16T08:01:13.121+0000] {logging_mixin.py:190} INFO - [2025-12-16T08:01:13.120+0000] {dagbag.py:588} INFO - Filling up the DagBag from /home/airflow/.local/lib/python3.12/site-packages/airflow/example_dags/example_branch_operator.py
[2025-12-16T08:01:13.178+0000] {processor.py:925} INFO - DAG(s) 'example_branch_operator' retrieved from /home/airflow/.local/lib/python3.12/site-packages/airflow/example_dags/example_branch_operator.py
[2025-12-16T08:01:13.251+0000] {logging_mixin.py:190} INFO - [2025-12-16T08:01:13.251+0000] {dag.py:3239} INFO - Sync 1 DAGs
[2025-12-16T08:01:13.419+0000] {logging_mixin.py:190} INFO - [2025-12-16T08:01:13.418+0000] {dag.py:4180} INFO - Setting next_dagrun for example_branch_operator to 2025-12-15 00:00:00+00:00, run_after=2025-12-16 00:00:00+00:00
[2025-12-16T08:01:13.487+0000] {processor.py:208} INFO - Processing /home/airflow/.local/lib/python3.12/site-packages/airflow/example_dags/example_branch_operator.py took 0.391 seconds
[2025-12-16T08:01:55.811+0000] {processor.py:186} INFO - Started process (PID=3150) to work on /home/airflow/.local/lib/python3.12/site-packages/airflow/example_dags/example_branch_operator.py
[2025-12-16T08:01:55.814+0000] {processor.py:914} INFO - Processing file /home/airflow/.local/lib/python3.12/site-packages/airflow/example_dags/example_branch_operator.py for tasks to queue
[2025-12-16T08:01:55.820+0000] {logging_mixin.py:190} INFO - [2025-12-16T08:01:55.818+0000] {dagbag.py:588} INFO - Filling up the DagBag from /home/airflow/.local/lib/python3.12/site-packages/airflow/example_dags/example_branch_operator.py
[2025-12-16T08:01:55.894+0000] {processor.py:925} INFO - DAG(s) 'example_branch_operator' retrieved from /home/airflow/.local/lib/python3.12/site-packages/airflow/example_dags/example_branch_operator.py
[2025-12-16T08:01:55.990+0000] {logging_mixin.py:190} INFO - [2025-12-16T08:01:55.989+0000] {dag.py:3239} INFO - Sync 1 DAGs
[2025-12-16T08:01:56.072+0000] {logging_mixin.py:190} INFO - [2025-12-16T08:01:56.071+0000] {dag.py:4180} INFO - Setting next_dagrun for example_branch_operator to 2025-12-15 00:00:00+00:00, run_after=2025-12-16 00:00:00+00:00
[2025-12-16T08:01:56.135+0000] {processor.py:208} INFO - Processing /home/airflow/.local/lib/python3.12/site-packages/airflow/example_dags/example_branch_operator.py took 0.343 seconds
[2025-12-16T08:02:36.613+0000] {processor.py:186} INFO - Started process (PID=3223) to work on /home/airflow/.local/lib/python3.12/site-packages/airflow/example_dags/example_branch_operator.py
[2025-12-16T08:02:36.618+0000] {processor.py:914} INFO - Processing file /home/airflow/.local/lib/python3.12/site-packages/airflow/example_dags/example_branch_operator.py for tasks to queue
[2025-12-16T08:02:36.623+0000] {logging_mixin.py:190} INFO - [2025-12-16T08:02:36.622+0000] {dagbag.py:588} INFO - Filling up the DagBag from /home/airflow/.local/lib/python3.12/site-packages/airflow/example_dags/example_branch_operator.py
[2025-12-16T08:02:36.713+0000] {processor.py:925} INFO - DAG(s) 'example_branch_operator' retrieved from /home/airflow/.local/lib/python3.12/site-packages/airflow/example_dags/example_branch_operator.py
[2025-12-16T08:02:36.885+0000] {logging_mixin.py:190} INFO - [2025-12-16T08:02:36.885+0000] {dag.py:3239} INFO - Sync 1 DAGs
[2025-12-16T08:02:37.093+0000] {logging_mixin.py:190} INFO - [2025-12-16T08:02:37.092+0000] {dag.py:4180} INFO - Setting next_dagrun for example_branch_operator to 2025-12-15 00:00:00+00:00, run_after=2025-12-16 00:00:00+00:00
[2025-12-16T08:02:37.155+0000] {processor.py:208} INFO - Processing /home/airflow/.local/lib/python3.12/site-packages/airflow/example_dags/example_branch_operator.py took 0.568 seconds
[2025-12-16T08:03:11.761+0000] {processor.py:186} INFO - Started process (PID=3299) to work on /home/airflow/.local/lib/python3.12/site-packages/airflow/example_dags/example_branch_operator.py
[2025-12-16T08:03:11.771+0000] {processor.py:914} INFO - Processing file /home/airflow/.local/lib/python3.12/site-packages/airflow/example_dags/example_branch_operator.py for tasks to queue
[2025-12-16T08:03:11.778+0000] {logging_mixin.py:190} INFO - [2025-12-16T08:03:11.776+0000] {dagbag.py:588} INFO - Filling up the DagBag from /home/airflow/.local/lib/python3.12/site-packages/airflow/example_dags/example_branch_operator.py
[2025-12-16T08:03:11.890+0000] {processor.py:925} INFO - DAG(s) 'example_branch_operator' retrieved from /home/airflow/.local/lib/python3.12/site-packages/airflow/example_dags/example_branch_operator.py
[2025-12-16T08:03:11.989+0000] {logging_mixin.py:190} INFO - [2025-12-16T08:03:11.988+0000] {dag.py:3239} INFO - Sync 1 DAGs
[2025-12-16T08:03:12.091+0000] {logging_mixin.py:190} INFO - [2025-12-16T08:03:12.090+0000] {dag.py:4180} INFO - Setting next_dagrun for example_branch_operator to 2025-12-15 00:00:00+00:00, run_after=2025-12-16 00:00:00+00:00
[2025-12-16T08:03:12.156+0000] {processor.py:208} INFO - Processing /home/airflow/.local/lib/python3.12/site-packages/airflow/example_dags/example_branch_operator.py took 0.474 seconds
[2025-12-16T08:03:48.867+0000] {processor.py:186} INFO - Started process (PID=3376) to work on /home/airflow/.local/lib/python3.12/site-packages/airflow/example_dags/example_branch_operator.py
[2025-12-16T08:03:48.870+0000] {processor.py:914} INFO - Processing file /home/airflow/.local/lib/python3.12/site-packages/airflow/example_dags/example_branch_operator.py for tasks to queue
[2025-12-16T08:03:48.874+0000] {logging_mixin.py:190} INFO - [2025-12-16T08:03:48.873+0000] {dagbag.py:588} INFO - Filling up the DagBag from /home/airflow/.local/lib/python3.12/site-packages/airflow/example_dags/example_branch_operator.py
[2025-12-16T08:03:48.940+0000] {processor.py:925} INFO - DAG(s) 'example_branch_operator' retrieved from /home/airflow/.local/lib/python3.12/site-packages/airflow/example_dags/example_branch_operator.py
[2025-12-16T08:03:49.028+0000] {logging_mixin.py:190} INFO - [2025-12-16T08:03:49.027+0000] {dag.py:3239} INFO - Sync 1 DAGs
[2025-12-16T08:03:49.103+0000] {logging_mixin.py:190} INFO - [2025-12-16T08:03:49.103+0000] {dag.py:4180} INFO - Setting next_dagrun for example_branch_operator to 2025-12-15 00:00:00+00:00, run_after=2025-12-16 00:00:00+00:00
[2025-12-16T08:03:49.191+0000] {processor.py:208} INFO - Processing /home/airflow/.local/lib/python3.12/site-packages/airflow/example_dags/example_branch_operator.py took 0.345 seconds
[2025-12-16T08:04:28.745+0000] {processor.py:186} INFO - Started process (PID=3449) to work on /home/airflow/.local/lib/python3.12/site-packages/airflow/example_dags/example_branch_operator.py
[2025-12-16T08:04:28.748+0000] {processor.py:914} INFO - Processing file /home/airflow/.local/lib/python3.12/site-packages/airflow/example_dags/example_branch_operator.py for tasks to queue
[2025-12-16T08:04:28.752+0000] {logging_mixin.py:190} INFO - [2025-12-16T08:04:28.751+0000] {dagbag.py:588} INFO - Filling up the DagBag from /home/airflow/.local/lib/python3.12/site-packages/airflow/example_dags/example_branch_operator.py
[2025-12-16T08:04:28.846+0000] {processor.py:925} INFO - DAG(s) 'example_branch_operator' retrieved from /home/airflow/.local/lib/python3.12/site-packages/airflow/example_dags/example_branch_operator.py
[2025-12-16T08:04:28.946+0000] {logging_mixin.py:190} INFO - [2025-12-16T08:04:28.945+0000] {dag.py:3239} INFO - Sync 1 DAGs
[2025-12-16T08:04:29.051+0000] {logging_mixin.py:190} INFO - [2025-12-16T08:04:29.050+0000] {dag.py:4180} INFO - Setting next_dagrun for example_branch_operator to 2025-12-15 00:00:00+00:00, run_after=2025-12-16 00:00:00+00:00
[2025-12-16T08:04:29.111+0000] {processor.py:208} INFO - Processing /home/airflow/.local/lib/python3.12/site-packages/airflow/example_dags/example_branch_operator.py took 0.384 seconds
[2025-12-16T08:05:10.416+0000] {processor.py:186} INFO - Started process (PID=3530) to work on /home/airflow/.local/lib/python3.12/site-packages/airflow/example_dags/example_branch_operator.py
[2025-12-16T08:05:10.419+0000] {processor.py:914} INFO - Processing file /home/airflow/.local/lib/python3.12/site-packages/airflow/example_dags/example_branch_operator.py for tasks to queue
[2025-12-16T08:05:10.427+0000] {logging_mixin.py:190} INFO - [2025-12-16T08:05:10.426+0000] {dagbag.py:588} INFO - Filling up the DagBag from /home/airflow/.local/lib/python3.12/site-packages/airflow/example_dags/example_branch_operator.py
[2025-12-16T08:05:10.510+0000] {processor.py:925} INFO - DAG(s) 'example_branch_operator' retrieved from /home/airflow/.local/lib/python3.12/site-packages/airflow/example_dags/example_branch_operator.py
[2025-12-16T08:05:10.591+0000] {logging_mixin.py:190} INFO - [2025-12-16T08:05:10.591+0000] {dag.py:3239} INFO - Sync 1 DAGs
[2025-12-16T08:05:10.702+0000] {logging_mixin.py:190} INFO - [2025-12-16T08:05:10.702+0000] {dag.py:4180} INFO - Setting next_dagrun for example_branch_operator to 2025-12-15 00:00:00+00:00, run_after=2025-12-16 00:00:00+00:00
[2025-12-16T08:05:11.322+0000] {processor.py:208} INFO - Processing /home/airflow/.local/lib/python3.12/site-packages/airflow/example_dags/example_branch_operator.py took 0.930 seconds
[2025-12-16T08:05:46.952+0000] {processor.py:186} INFO - Started process (PID=3609) to work on /home/airflow/.local/lib/python3.12/site-packages/airflow/example_dags/example_branch_operator.py
[2025-12-16T08:05:46.956+0000] {processor.py:914} INFO - Processing file /home/airflow/.local/lib/python3.12/site-packages/airflow/example_dags/example_branch_operator.py for tasks to queue
[2025-12-16T08:05:46.961+0000] {logging_mixin.py:190} INFO - [2025-12-16T08:05:46.960+0000] {dagbag.py:588} INFO - Filling up the DagBag from /home/airflow/.local/lib/python3.12/site-packages/airflow/example_dags/example_branch_operator.py
[2025-12-16T08:05:47.026+0000] {processor.py:925} INFO - DAG(s) 'example_branch_operator' retrieved from /home/airflow/.local/lib/python3.12/site-packages/airflow/example_dags/example_branch_operator.py
[2025-12-16T08:05:47.111+0000] {logging_mixin.py:190} INFO - [2025-12-16T08:05:47.110+0000] {dag.py:3239} INFO - Sync 1 DAGs
[2025-12-16T08:05:47.256+0000] {logging_mixin.py:190} INFO - [2025-12-16T08:05:47.255+0000] {dag.py:4180} INFO - Setting next_dagrun for example_branch_operator to 2025-12-15 00:00:00+00:00, run_after=2025-12-16 00:00:00+00:00
[2025-12-16T08:05:48.083+0000] {processor.py:208} INFO - Processing /home/airflow/.local/lib/python3.12/site-packages/airflow/example_dags/example_branch_operator.py took 1.149 seconds
[2025-12-16T08:07:06.382+0000] {processor.py:186} INFO - Started process (PID=3702) to work on /home/airflow/.local/lib/python3.12/site-packages/airflow/example_dags/example_branch_operator.py
[2025-12-16T08:07:06.392+0000] {processor.py:914} INFO - Processing file /home/airflow/.local/lib/python3.12/site-packages/airflow/example_dags/example_branch_operator.py for tasks to queue
[2025-12-16T08:07:06.399+0000] {logging_mixin.py:190} INFO - [2025-12-16T08:07:06.397+0000] {dagbag.py:588} INFO - Filling up the DagBag from /home/airflow/.local/lib/python3.12/site-packages/airflow/example_dags/example_branch_operator.py
[2025-12-16T08:07:06.692+0000] {processor.py:925} INFO - DAG(s) 'example_branch_operator' retrieved from /home/airflow/.local/lib/python3.12/site-packages/airflow/example_dags/example_branch_operator.py
[2025-12-16T08:07:07.361+0000] {logging_mixin.py:190} INFO - [2025-12-16T08:07:07.355+0000] {dag.py:3239} INFO - Sync 1 DAGs
[2025-12-16T08:07:10.873+0000] {logging_mixin.py:190} INFO - [2025-12-16T08:07:10.858+0000] {dag.py:4180} INFO - Setting next_dagrun for example_branch_operator to 2025-12-15 00:00:00+00:00, run_after=2025-12-16 00:00:00+00:00
[2025-12-16T08:07:11.220+0000] {processor.py:208} INFO - Processing /home/airflow/.local/lib/python3.12/site-packages/airflow/example_dags/example_branch_operator.py took 4.885 seconds
[2025-12-16T08:09:29.920+0000] {processor.py:186} INFO - Started process (PID=3783) to work on /home/airflow/.local/lib/python3.12/site-packages/airflow/example_dags/example_branch_operator.py
[2025-12-16T08:09:29.929+0000] {processor.py:914} INFO - Processing file /home/airflow/.local/lib/python3.12/site-packages/airflow/example_dags/example_branch_operator.py for tasks to queue
[2025-12-16T08:09:29.935+0000] {logging_mixin.py:190} INFO - [2025-12-16T08:09:29.933+0000] {dagbag.py:588} INFO - Filling up the DagBag from /home/airflow/.local/lib/python3.12/site-packages/airflow/example_dags/example_branch_operator.py
[2025-12-16T08:09:30.014+0000] {processor.py:925} INFO - DAG(s) 'example_branch_operator' retrieved from /home/airflow/.local/lib/python3.12/site-packages/airflow/example_dags/example_branch_operator.py
[2025-12-16T08:09:30.698+0000] {logging_mixin.py:190} INFO - [2025-12-16T08:09:30.697+0000] {dag.py:3239} INFO - Sync 1 DAGs
[2025-12-16T08:09:30.781+0000] {logging_mixin.py:190} INFO - [2025-12-16T08:09:30.780+0000] {dag.py:4180} INFO - Setting next_dagrun for example_branch_operator to 2025-12-15 00:00:00+00:00, run_after=2025-12-16 00:00:00+00:00
[2025-12-16T08:09:30.832+0000] {processor.py:208} INFO - Processing /home/airflow/.local/lib/python3.12/site-packages/airflow/example_dags/example_branch_operator.py took 0.961 seconds
[2025-12-16T08:15:54.689+0000] {processor.py:186} INFO - Started process (PID=3888) to work on /home/airflow/.local/lib/python3.12/site-packages/airflow/example_dags/example_branch_operator.py
[2025-12-16T08:15:54.704+0000] {processor.py:914} INFO - Processing file /home/airflow/.local/lib/python3.12/site-packages/airflow/example_dags/example_branch_operator.py for tasks to queue
[2025-12-16T08:15:54.727+0000] {logging_mixin.py:190} INFO - [2025-12-16T08:15:54.726+0000] {dagbag.py:588} INFO - Filling up the DagBag from /home/airflow/.local/lib/python3.12/site-packages/airflow/example_dags/example_branch_operator.py
[2025-12-16T08:15:55.147+0000] {processor.py:925} INFO - DAG(s) 'example_branch_operator' retrieved from /home/airflow/.local/lib/python3.12/site-packages/airflow/example_dags/example_branch_operator.py
[2025-12-16T08:15:57.882+0000] {logging_mixin.py:190} INFO - [2025-12-16T08:15:57.882+0000] {dag.py:3239} INFO - Sync 1 DAGs
[2025-12-16T08:15:58.525+0000] {logging_mixin.py:190} INFO - [2025-12-16T08:15:58.524+0000] {dag.py:4180} INFO - Setting next_dagrun for example_branch_operator to 2025-12-15 00:00:00+00:00, run_after=2025-12-16 00:00:00+00:00
[2025-12-16T08:15:59.077+0000] {processor.py:208} INFO - Processing /home/airflow/.local/lib/python3.12/site-packages/airflow/example_dags/example_branch_operator.py took 4.514 seconds
[2025-12-16T08:17:02.512+0000] {processor.py:186} INFO - Started process (PID=3967) to work on /home/airflow/.local/lib/python3.12/site-packages/airflow/example_dags/example_branch_operator.py
[2025-12-16T08:17:02.516+0000] {processor.py:914} INFO - Processing file /home/airflow/.local/lib/python3.12/site-packages/airflow/example_dags/example_branch_operator.py for tasks to queue
[2025-12-16T08:17:02.521+0000] {logging_mixin.py:190} INFO - [2025-12-16T08:17:02.520+0000] {dagbag.py:588} INFO - Filling up the DagBag from /home/airflow/.local/lib/python3.12/site-packages/airflow/example_dags/example_branch_operator.py
[2025-12-16T08:17:02.633+0000] {processor.py:925} INFO - DAG(s) 'example_branch_operator' retrieved from /home/airflow/.local/lib/python3.12/site-packages/airflow/example_dags/example_branch_operator.py
[2025-12-16T08:17:02.776+0000] {logging_mixin.py:190} INFO - [2025-12-16T08:17:02.775+0000] {dag.py:3239} INFO - Sync 1 DAGs
[2025-12-16T08:17:02.873+0000] {logging_mixin.py:190} INFO - [2025-12-16T08:17:02.872+0000] {dag.py:4180} INFO - Setting next_dagrun for example_branch_operator to 2025-12-15 00:00:00+00:00, run_after=2025-12-16 00:00:00+00:00
[2025-12-16T08:17:03.009+0000] {processor.py:208} INFO - Processing /home/airflow/.local/lib/python3.12/site-packages/airflow/example_dags/example_branch_operator.py took 0.522 seconds
[2025-12-16T08:17:33.615+0000] {processor.py:186} INFO - Started process (PID=4045) to work on /home/airflow/.local/lib/python3.12/site-packages/airflow/example_dags/example_branch_operator.py
[2025-12-16T08:17:33.618+0000] {processor.py:914} INFO - Processing file /home/airflow/.local/lib/python3.12/site-packages/airflow/example_dags/example_branch_operator.py for tasks to queue
[2025-12-16T08:17:33.631+0000] {logging_mixin.py:190} INFO - [2025-12-16T08:17:33.630+0000] {dagbag.py:588} INFO - Filling up the DagBag from /home/airflow/.local/lib/python3.12/site-packages/airflow/example_dags/example_branch_operator.py
[2025-12-16T08:17:33.773+0000] {processor.py:925} INFO - DAG(s) 'example_branch_operator' retrieved from /home/airflow/.local/lib/python3.12/site-packages/airflow/example_dags/example_branch_operator.py
[2025-12-16T08:17:33.964+0000] {logging_mixin.py:190} INFO - [2025-12-16T08:17:33.963+0000] {dag.py:3239} INFO - Sync 1 DAGs
[2025-12-16T08:17:34.112+0000] {logging_mixin.py:190} INFO - [2025-12-16T08:17:34.111+0000] {dag.py:4180} INFO - Setting next_dagrun for example_branch_operator to 2025-12-15 00:00:00+00:00, run_after=2025-12-16 00:00:00+00:00
[2025-12-16T08:17:34.273+0000] {processor.py:208} INFO - Processing /home/airflow/.local/lib/python3.12/site-packages/airflow/example_dags/example_branch_operator.py took 0.680 seconds
[2025-12-16T08:18:11.713+0000] {processor.py:186} INFO - Started process (PID=4118) to work on /home/airflow/.local/lib/python3.12/site-packages/airflow/example_dags/example_branch_operator.py
[2025-12-16T08:18:11.723+0000] {processor.py:914} INFO - Processing file /home/airflow/.local/lib/python3.12/site-packages/airflow/example_dags/example_branch_operator.py for tasks to queue
[2025-12-16T08:18:11.727+0000] {logging_mixin.py:190} INFO - [2025-12-16T08:18:11.726+0000] {dagbag.py:588} INFO - Filling up the DagBag from /home/airflow/.local/lib/python3.12/site-packages/airflow/example_dags/example_branch_operator.py
[2025-12-16T08:18:11.867+0000] {processor.py:925} INFO - DAG(s) 'example_branch_operator' retrieved from /home/airflow/.local/lib/python3.12/site-packages/airflow/example_dags/example_branch_operator.py
[2025-12-16T08:18:11.980+0000] {logging_mixin.py:190} INFO - [2025-12-16T08:18:11.980+0000] {dag.py:3239} INFO - Sync 1 DAGs
[2025-12-16T08:18:12.070+0000] {logging_mixin.py:190} INFO - [2025-12-16T08:18:12.067+0000] {dag.py:4180} INFO - Setting next_dagrun for example_branch_operator to 2025-12-15 00:00:00+00:00, run_after=2025-12-16 00:00:00+00:00
[2025-12-16T08:18:12.152+0000] {processor.py:208} INFO - Processing /home/airflow/.local/lib/python3.12/site-packages/airflow/example_dags/example_branch_operator.py took 0.465 seconds
[2025-12-16T08:18:46.164+0000] {processor.py:186} INFO - Started process (PID=4189) to work on /home/airflow/.local/lib/python3.12/site-packages/airflow/example_dags/example_branch_operator.py
[2025-12-16T08:18:46.170+0000] {processor.py:914} INFO - Processing file /home/airflow/.local/lib/python3.12/site-packages/airflow/example_dags/example_branch_operator.py for tasks to queue
[2025-12-16T08:18:46.181+0000] {logging_mixin.py:190} INFO - [2025-12-16T08:18:46.174+0000] {dagbag.py:588} INFO - Filling up the DagBag from /home/airflow/.local/lib/python3.12/site-packages/airflow/example_dags/example_branch_operator.py
[2025-12-16T08:18:46.283+0000] {processor.py:925} INFO - DAG(s) 'example_branch_operator' retrieved from /home/airflow/.local/lib/python3.12/site-packages/airflow/example_dags/example_branch_operator.py
[2025-12-16T08:18:46.428+0000] {logging_mixin.py:190} INFO - [2025-12-16T08:18:46.428+0000] {dag.py:3239} INFO - Sync 1 DAGs
[2025-12-16T08:18:46.544+0000] {logging_mixin.py:190} INFO - [2025-12-16T08:18:46.543+0000] {dag.py:4180} INFO - Setting next_dagrun for example_branch_operator to 2025-12-15 00:00:00+00:00, run_after=2025-12-16 00:00:00+00:00
[2025-12-16T08:18:46.681+0000] {processor.py:208} INFO - Processing /home/airflow/.local/lib/python3.12/site-packages/airflow/example_dags/example_branch_operator.py took 0.547 seconds
[2025-12-16T08:19:25.109+0000] {processor.py:186} INFO - Started process (PID=4259) to work on /home/airflow/.local/lib/python3.12/site-packages/airflow/example_dags/example_branch_operator.py
[2025-12-16T08:19:25.112+0000] {processor.py:914} INFO - Processing file /home/airflow/.local/lib/python3.12/site-packages/airflow/example_dags/example_branch_operator.py for tasks to queue
[2025-12-16T08:19:25.117+0000] {logging_mixin.py:190} INFO - [2025-12-16T08:19:25.116+0000] {dagbag.py:588} INFO - Filling up the DagBag from /home/airflow/.local/lib/python3.12/site-packages/airflow/example_dags/example_branch_operator.py
[2025-12-16T08:19:25.181+0000] {processor.py:925} INFO - DAG(s) 'example_branch_operator' retrieved from /home/airflow/.local/lib/python3.12/site-packages/airflow/example_dags/example_branch_operator.py
[2025-12-16T08:19:25.294+0000] {logging_mixin.py:190} INFO - [2025-12-16T08:19:25.294+0000] {dag.py:3239} INFO - Sync 1 DAGs
[2025-12-16T08:19:25.366+0000] {logging_mixin.py:190} INFO - [2025-12-16T08:19:25.366+0000] {dag.py:4180} INFO - Setting next_dagrun for example_branch_operator to 2025-12-15 00:00:00+00:00, run_after=2025-12-16 00:00:00+00:00
[2025-12-16T08:19:25.426+0000] {processor.py:208} INFO - Processing /home/airflow/.local/lib/python3.12/site-packages/airflow/example_dags/example_branch_operator.py took 0.335 seconds
[2025-12-16T08:19:58.976+0000] {processor.py:186} INFO - Started process (PID=4331) to work on /home/airflow/.local/lib/python3.12/site-packages/airflow/example_dags/example_branch_operator.py
[2025-12-16T08:19:58.988+0000] {processor.py:914} INFO - Processing file /home/airflow/.local/lib/python3.12/site-packages/airflow/example_dags/example_branch_operator.py for tasks to queue
[2025-12-16T08:19:59.026+0000] {logging_mixin.py:190} INFO - [2025-12-16T08:19:59.024+0000] {dagbag.py:588} INFO - Filling up the DagBag from /home/airflow/.local/lib/python3.12/site-packages/airflow/example_dags/example_branch_operator.py
[2025-12-16T08:19:59.175+0000] {processor.py:925} INFO - DAG(s) 'example_branch_operator' retrieved from /home/airflow/.local/lib/python3.12/site-packages/airflow/example_dags/example_branch_operator.py
[2025-12-16T08:19:59.371+0000] {logging_mixin.py:190} INFO - [2025-12-16T08:19:59.370+0000] {dag.py:3239} INFO - Sync 1 DAGs
[2025-12-16T08:19:59.494+0000] {logging_mixin.py:190} INFO - [2025-12-16T08:19:59.493+0000] {dag.py:4180} INFO - Setting next_dagrun for example_branch_operator to 2025-12-15 00:00:00+00:00, run_after=2025-12-16 00:00:00+00:00
[2025-12-16T08:19:59.575+0000] {processor.py:208} INFO - Processing /home/airflow/.local/lib/python3.12/site-packages/airflow/example_dags/example_branch_operator.py took 0.633 seconds
[2025-12-16T08:20:33.964+0000] {processor.py:186} INFO - Started process (PID=4403) to work on /home/airflow/.local/lib/python3.12/site-packages/airflow/example_dags/example_branch_operator.py
[2025-12-16T08:20:33.973+0000] {processor.py:914} INFO - Processing file /home/airflow/.local/lib/python3.12/site-packages/airflow/example_dags/example_branch_operator.py for tasks to queue
[2025-12-16T08:20:33.986+0000] {logging_mixin.py:190} INFO - [2025-12-16T08:20:33.982+0000] {dagbag.py:588} INFO - Filling up the DagBag from /home/airflow/.local/lib/python3.12/site-packages/airflow/example_dags/example_branch_operator.py
[2025-12-16T08:20:34.384+0000] {processor.py:925} INFO - DAG(s) 'example_branch_operator' retrieved from /home/airflow/.local/lib/python3.12/site-packages/airflow/example_dags/example_branch_operator.py
[2025-12-16T08:20:34.637+0000] {logging_mixin.py:190} INFO - [2025-12-16T08:20:34.636+0000] {dag.py:3239} INFO - Sync 1 DAGs
[2025-12-16T08:20:34.734+0000] {logging_mixin.py:190} INFO - [2025-12-16T08:20:34.733+0000] {dag.py:4180} INFO - Setting next_dagrun for example_branch_operator to 2025-12-15 00:00:00+00:00, run_after=2025-12-16 00:00:00+00:00
[2025-12-16T08:20:34.788+0000] {processor.py:208} INFO - Processing /home/airflow/.local/lib/python3.12/site-packages/airflow/example_dags/example_branch_operator.py took 0.880 seconds
[2025-12-16T08:21:04.993+0000] {processor.py:186} INFO - Started process (PID=4475) to work on /home/airflow/.local/lib/python3.12/site-packages/airflow/example_dags/example_branch_operator.py
[2025-12-16T08:21:04.996+0000] {processor.py:914} INFO - Processing file /home/airflow/.local/lib/python3.12/site-packages/airflow/example_dags/example_branch_operator.py for tasks to queue
[2025-12-16T08:21:05.000+0000] {logging_mixin.py:190} INFO - [2025-12-16T08:21:04.999+0000] {dagbag.py:588} INFO - Filling up the DagBag from /home/airflow/.local/lib/python3.12/site-packages/airflow/example_dags/example_branch_operator.py
[2025-12-16T08:21:05.130+0000] {processor.py:925} INFO - DAG(s) 'example_branch_operator' retrieved from /home/airflow/.local/lib/python3.12/site-packages/airflow/example_dags/example_branch_operator.py
[2025-12-16T08:21:05.281+0000] {logging_mixin.py:190} INFO - [2025-12-16T08:21:05.280+0000] {dag.py:3239} INFO - Sync 1 DAGs
[2025-12-16T08:21:05.484+0000] {logging_mixin.py:190} INFO - [2025-12-16T08:21:05.483+0000] {dag.py:4180} INFO - Setting next_dagrun for example_branch_operator to 2025-12-15 00:00:00+00:00, run_after=2025-12-16 00:00:00+00:00
[2025-12-16T08:21:05.581+0000] {processor.py:208} INFO - Processing /home/airflow/.local/lib/python3.12/site-packages/airflow/example_dags/example_branch_operator.py took 0.607 seconds
[2025-12-16T08:21:35.738+0000] {processor.py:186} INFO - Started process (PID=4546) to work on /home/airflow/.local/lib/python3.12/site-packages/airflow/example_dags/example_branch_operator.py
[2025-12-16T08:21:35.741+0000] {processor.py:914} INFO - Processing file /home/airflow/.local/lib/python3.12/site-packages/airflow/example_dags/example_branch_operator.py for tasks to queue
[2025-12-16T08:21:35.745+0000] {logging_mixin.py:190} INFO - [2025-12-16T08:21:35.744+0000] {dagbag.py:588} INFO - Filling up the DagBag from /home/airflow/.local/lib/python3.12/site-packages/airflow/example_dags/example_branch_operator.py
[2025-12-16T08:21:35.909+0000] {processor.py:925} INFO - DAG(s) 'example_branch_operator' retrieved from /home/airflow/.local/lib/python3.12/site-packages/airflow/example_dags/example_branch_operator.py
[2025-12-16T08:21:36.034+0000] {logging_mixin.py:190} INFO - [2025-12-16T08:21:36.033+0000] {dag.py:3239} INFO - Sync 1 DAGs
[2025-12-16T08:21:36.211+0000] {logging_mixin.py:190} INFO - [2025-12-16T08:21:36.210+0000] {dag.py:4180} INFO - Setting next_dagrun for example_branch_operator to 2025-12-15 00:00:00+00:00, run_after=2025-12-16 00:00:00+00:00
[2025-12-16T08:21:36.306+0000] {processor.py:208} INFO - Processing /home/airflow/.local/lib/python3.12/site-packages/airflow/example_dags/example_branch_operator.py took 0.589 seconds
[2025-12-16T08:22:12.426+0000] {processor.py:186} INFO - Started process (PID=4626) to work on /home/airflow/.local/lib/python3.12/site-packages/airflow/example_dags/example_branch_operator.py
[2025-12-16T08:22:12.431+0000] {processor.py:914} INFO - Processing file /home/airflow/.local/lib/python3.12/site-packages/airflow/example_dags/example_branch_operator.py for tasks to queue
[2025-12-16T08:22:12.447+0000] {logging_mixin.py:190} INFO - [2025-12-16T08:22:12.437+0000] {dagbag.py:588} INFO - Filling up the DagBag from /home/airflow/.local/lib/python3.12/site-packages/airflow/example_dags/example_branch_operator.py
[2025-12-16T08:22:12.537+0000] {processor.py:925} INFO - DAG(s) 'example_branch_operator' retrieved from /home/airflow/.local/lib/python3.12/site-packages/airflow/example_dags/example_branch_operator.py
[2025-12-16T08:22:12.625+0000] {logging_mixin.py:190} INFO - [2025-12-16T08:22:12.624+0000] {dag.py:3239} INFO - Sync 1 DAGs
[2025-12-16T08:22:12.693+0000] {logging_mixin.py:190} INFO - [2025-12-16T08:22:12.693+0000] {dag.py:4180} INFO - Setting next_dagrun for example_branch_operator to 2025-12-15 00:00:00+00:00, run_after=2025-12-16 00:00:00+00:00
[2025-12-16T08:22:12.739+0000] {processor.py:208} INFO - Processing /home/airflow/.local/lib/python3.12/site-packages/airflow/example_dags/example_branch_operator.py took 0.349 seconds
[2025-12-16T08:22:45.878+0000] {processor.py:186} INFO - Started process (PID=4698) to work on /home/airflow/.local/lib/python3.12/site-packages/airflow/example_dags/example_branch_operator.py
[2025-12-16T08:22:45.882+0000] {processor.py:914} INFO - Processing file /home/airflow/.local/lib/python3.12/site-packages/airflow/example_dags/example_branch_operator.py for tasks to queue
[2025-12-16T08:22:45.887+0000] {logging_mixin.py:190} INFO - [2025-12-16T08:22:45.886+0000] {dagbag.py:588} INFO - Filling up the DagBag from /home/airflow/.local/lib/python3.12/site-packages/airflow/example_dags/example_branch_operator.py
[2025-12-16T08:22:45.953+0000] {processor.py:925} INFO - DAG(s) 'example_branch_operator' retrieved from /home/airflow/.local/lib/python3.12/site-packages/airflow/example_dags/example_branch_operator.py
[2025-12-16T08:22:46.107+0000] {logging_mixin.py:190} INFO - [2025-12-16T08:22:46.106+0000] {dag.py:3239} INFO - Sync 1 DAGs
[2025-12-16T08:22:46.186+0000] {logging_mixin.py:190} INFO - [2025-12-16T08:22:46.185+0000] {dag.py:4180} INFO - Setting next_dagrun for example_branch_operator to 2025-12-15 00:00:00+00:00, run_after=2025-12-16 00:00:00+00:00
[2025-12-16T08:22:46.243+0000] {processor.py:208} INFO - Processing /home/airflow/.local/lib/python3.12/site-packages/airflow/example_dags/example_branch_operator.py took 0.388 seconds
[2025-12-16T08:23:20.470+0000] {processor.py:186} INFO - Started process (PID=4764) to work on /home/airflow/.local/lib/python3.12/site-packages/airflow/example_dags/example_branch_operator.py
[2025-12-16T08:23:20.474+0000] {processor.py:914} INFO - Processing file /home/airflow/.local/lib/python3.12/site-packages/airflow/example_dags/example_branch_operator.py for tasks to queue
[2025-12-16T08:23:20.479+0000] {logging_mixin.py:190} INFO - [2025-12-16T08:23:20.477+0000] {dagbag.py:588} INFO - Filling up the DagBag from /home/airflow/.local/lib/python3.12/site-packages/airflow/example_dags/example_branch_operator.py
[2025-12-16T08:23:20.598+0000] {processor.py:925} INFO - DAG(s) 'example_branch_operator' retrieved from /home/airflow/.local/lib/python3.12/site-packages/airflow/example_dags/example_branch_operator.py
[2025-12-16T08:23:20.706+0000] {logging_mixin.py:190} INFO - [2025-12-16T08:23:20.705+0000] {dag.py:3239} INFO - Sync 1 DAGs
[2025-12-16T08:23:21.023+0000] {logging_mixin.py:190} INFO - [2025-12-16T08:23:21.023+0000] {dag.py:4180} INFO - Setting next_dagrun for example_branch_operator to 2025-12-15 00:00:00+00:00, run_after=2025-12-16 00:00:00+00:00
[2025-12-16T08:23:21.267+0000] {processor.py:208} INFO - Processing /home/airflow/.local/lib/python3.12/site-packages/airflow/example_dags/example_branch_operator.py took 0.829 seconds
[2025-12-16T08:23:52.235+0000] {processor.py:186} INFO - Started process (PID=4836) to work on /home/airflow/.local/lib/python3.12/site-packages/airflow/example_dags/example_branch_operator.py
[2025-12-16T08:23:52.253+0000] {processor.py:914} INFO - Processing file /home/airflow/.local/lib/python3.12/site-packages/airflow/example_dags/example_branch_operator.py for tasks to queue
[2025-12-16T08:23:52.266+0000] {logging_mixin.py:190} INFO - [2025-12-16T08:23:52.264+0000] {dagbag.py:588} INFO - Filling up the DagBag from /home/airflow/.local/lib/python3.12/site-packages/airflow/example_dags/example_branch_operator.py
[2025-12-16T08:23:52.378+0000] {processor.py:925} INFO - DAG(s) 'example_branch_operator' retrieved from /home/airflow/.local/lib/python3.12/site-packages/airflow/example_dags/example_branch_operator.py
[2025-12-16T08:23:52.575+0000] {logging_mixin.py:190} INFO - [2025-12-16T08:23:52.574+0000] {dag.py:3239} INFO - Sync 1 DAGs
[2025-12-16T08:23:52.714+0000] {logging_mixin.py:190} INFO - [2025-12-16T08:23:52.713+0000] {dag.py:4180} INFO - Setting next_dagrun for example_branch_operator to 2025-12-15 00:00:00+00:00, run_after=2025-12-16 00:00:00+00:00
[2025-12-16T08:23:52.810+0000] {processor.py:208} INFO - Processing /home/airflow/.local/lib/python3.12/site-packages/airflow/example_dags/example_branch_operator.py took 0.604 seconds
[2025-12-16T08:24:23.143+0000] {processor.py:186} INFO - Started process (PID=4908) to work on /home/airflow/.local/lib/python3.12/site-packages/airflow/example_dags/example_branch_operator.py
[2025-12-16T08:24:23.146+0000] {processor.py:914} INFO - Processing file /home/airflow/.local/lib/python3.12/site-packages/airflow/example_dags/example_branch_operator.py for tasks to queue
[2025-12-16T08:24:23.150+0000] {logging_mixin.py:190} INFO - [2025-12-16T08:24:23.149+0000] {dagbag.py:588} INFO - Filling up the DagBag from /home/airflow/.local/lib/python3.12/site-packages/airflow/example_dags/example_branch_operator.py
[2025-12-16T08:24:23.212+0000] {processor.py:925} INFO - DAG(s) 'example_branch_operator' retrieved from /home/airflow/.local/lib/python3.12/site-packages/airflow/example_dags/example_branch_operator.py
[2025-12-16T08:24:23.297+0000] {logging_mixin.py:190} INFO - [2025-12-16T08:24:23.296+0000] {dag.py:3239} INFO - Sync 1 DAGs
[2025-12-16T08:24:23.380+0000] {logging_mixin.py:190} INFO - [2025-12-16T08:24:23.379+0000] {dag.py:4180} INFO - Setting next_dagrun for example_branch_operator to 2025-12-15 00:00:00+00:00, run_after=2025-12-16 00:00:00+00:00
[2025-12-16T08:24:23.469+0000] {processor.py:208} INFO - Processing /home/airflow/.local/lib/python3.12/site-packages/airflow/example_dags/example_branch_operator.py took 0.344 seconds
[2025-12-16T08:24:54.336+0000] {processor.py:186} INFO - Started process (PID=4979) to work on /home/airflow/.local/lib/python3.12/site-packages/airflow/example_dags/example_branch_operator.py
[2025-12-16T08:24:54.341+0000] {processor.py:914} INFO - Processing file /home/airflow/.local/lib/python3.12/site-packages/airflow/example_dags/example_branch_operator.py for tasks to queue
[2025-12-16T08:24:54.352+0000] {logging_mixin.py:190} INFO - [2025-12-16T08:24:54.344+0000] {dagbag.py:588} INFO - Filling up the DagBag from /home/airflow/.local/lib/python3.12/site-packages/airflow/example_dags/example_branch_operator.py
[2025-12-16T08:24:54.442+0000] {processor.py:925} INFO - DAG(s) 'example_branch_operator' retrieved from /home/airflow/.local/lib/python3.12/site-packages/airflow/example_dags/example_branch_operator.py
[2025-12-16T08:24:54.646+0000] {logging_mixin.py:190} INFO - [2025-12-16T08:24:54.643+0000] {dag.py:3239} INFO - Sync 1 DAGs
[2025-12-16T08:24:54.776+0000] {logging_mixin.py:190} INFO - [2025-12-16T08:24:54.776+0000] {dag.py:4180} INFO - Setting next_dagrun for example_branch_operator to 2025-12-15 00:00:00+00:00, run_after=2025-12-16 00:00:00+00:00
[2025-12-16T08:24:54.832+0000] {processor.py:208} INFO - Processing /home/airflow/.local/lib/python3.12/site-packages/airflow/example_dags/example_branch_operator.py took 0.518 seconds
[2025-12-16T08:25:28.681+0000] {processor.py:186} INFO - Started process (PID=5053) to work on /home/airflow/.local/lib/python3.12/site-packages/airflow/example_dags/example_branch_operator.py
[2025-12-16T08:25:28.684+0000] {processor.py:914} INFO - Processing file /home/airflow/.local/lib/python3.12/site-packages/airflow/example_dags/example_branch_operator.py for tasks to queue
[2025-12-16T08:25:28.687+0000] {logging_mixin.py:190} INFO - [2025-12-16T08:25:28.686+0000] {dagbag.py:588} INFO - Filling up the DagBag from /home/airflow/.local/lib/python3.12/site-packages/airflow/example_dags/example_branch_operator.py
[2025-12-16T08:25:28.741+0000] {processor.py:925} INFO - DAG(s) 'example_branch_operator' retrieved from /home/airflow/.local/lib/python3.12/site-packages/airflow/example_dags/example_branch_operator.py
[2025-12-16T08:25:28.807+0000] {logging_mixin.py:190} INFO - [2025-12-16T08:25:28.806+0000] {dag.py:3239} INFO - Sync 1 DAGs
[2025-12-16T08:25:28.868+0000] {logging_mixin.py:190} INFO - [2025-12-16T08:25:28.867+0000] {dag.py:4180} INFO - Setting next_dagrun for example_branch_operator to 2025-12-15 00:00:00+00:00, run_after=2025-12-16 00:00:00+00:00
[2025-12-16T08:25:28.980+0000] {processor.py:208} INFO - Processing /home/airflow/.local/lib/python3.12/site-packages/airflow/example_dags/example_branch_operator.py took 0.318 seconds
[2025-12-16T08:26:03.035+0000] {processor.py:186} INFO - Started process (PID=5120) to work on /home/airflow/.local/lib/python3.12/site-packages/airflow/example_dags/example_branch_operator.py
[2025-12-16T08:26:03.039+0000] {processor.py:914} INFO - Processing file /home/airflow/.local/lib/python3.12/site-packages/airflow/example_dags/example_branch_operator.py for tasks to queue
[2025-12-16T08:26:03.045+0000] {logging_mixin.py:190} INFO - [2025-12-16T08:26:03.043+0000] {dagbag.py:588} INFO - Filling up the DagBag from /home/airflow/.local/lib/python3.12/site-packages/airflow/example_dags/example_branch_operator.py
[2025-12-16T08:26:03.116+0000] {processor.py:925} INFO - DAG(s) 'example_branch_operator' retrieved from /home/airflow/.local/lib/python3.12/site-packages/airflow/example_dags/example_branch_operator.py
[2025-12-16T08:26:03.201+0000] {logging_mixin.py:190} INFO - [2025-12-16T08:26:03.201+0000] {dag.py:3239} INFO - Sync 1 DAGs
[2025-12-16T08:26:03.279+0000] {logging_mixin.py:190} INFO - [2025-12-16T08:26:03.278+0000] {dag.py:4180} INFO - Setting next_dagrun for example_branch_operator to 2025-12-15 00:00:00+00:00, run_after=2025-12-16 00:00:00+00:00
[2025-12-16T08:26:03.352+0000] {processor.py:208} INFO - Processing /home/airflow/.local/lib/python3.12/site-packages/airflow/example_dags/example_branch_operator.py took 0.340 seconds
[2025-12-16T08:26:42.909+0000] {processor.py:186} INFO - Started process (PID=5194) to work on /home/airflow/.local/lib/python3.12/site-packages/airflow/example_dags/example_branch_operator.py
[2025-12-16T08:26:42.914+0000] {processor.py:914} INFO - Processing file /home/airflow/.local/lib/python3.12/site-packages/airflow/example_dags/example_branch_operator.py for tasks to queue
[2025-12-16T08:26:42.920+0000] {logging_mixin.py:190} INFO - [2025-12-16T08:26:42.919+0000] {dagbag.py:588} INFO - Filling up the DagBag from /home/airflow/.local/lib/python3.12/site-packages/airflow/example_dags/example_branch_operator.py
[2025-12-16T08:26:43.111+0000] {processor.py:925} INFO - DAG(s) 'example_branch_operator' retrieved from /home/airflow/.local/lib/python3.12/site-packages/airflow/example_dags/example_branch_operator.py
[2025-12-16T08:26:43.233+0000] {logging_mixin.py:190} INFO - [2025-12-16T08:26:43.229+0000] {dag.py:3239} INFO - Sync 1 DAGs
[2025-12-16T08:26:43.469+0000] {logging_mixin.py:190} INFO - [2025-12-16T08:26:43.466+0000] {dag.py:4180} INFO - Setting next_dagrun for example_branch_operator to 2025-12-15 00:00:00+00:00, run_after=2025-12-16 00:00:00+00:00
[2025-12-16T08:26:43.746+0000] {processor.py:208} INFO - Processing /home/airflow/.local/lib/python3.12/site-packages/airflow/example_dags/example_branch_operator.py took 0.879 seconds
[2025-12-16T08:27:30.573+0000] {processor.py:186} INFO - Started process (PID=5272) to work on /home/airflow/.local/lib/python3.12/site-packages/airflow/example_dags/example_branch_operator.py
[2025-12-16T08:27:30.598+0000] {processor.py:914} INFO - Processing file /home/airflow/.local/lib/python3.12/site-packages/airflow/example_dags/example_branch_operator.py for tasks to queue
[2025-12-16T08:27:30.626+0000] {logging_mixin.py:190} INFO - [2025-12-16T08:27:30.612+0000] {dagbag.py:588} INFO - Filling up the DagBag from /home/airflow/.local/lib/python3.12/site-packages/airflow/example_dags/example_branch_operator.py
[2025-12-16T08:27:31.176+0000] {processor.py:925} INFO - DAG(s) 'example_branch_operator' retrieved from /home/airflow/.local/lib/python3.12/site-packages/airflow/example_dags/example_branch_operator.py
[2025-12-16T08:27:31.728+0000] {logging_mixin.py:190} INFO - [2025-12-16T08:27:31.727+0000] {dag.py:3239} INFO - Sync 1 DAGs
[2025-12-16T08:27:32.294+0000] {logging_mixin.py:190} INFO - [2025-12-16T08:27:32.293+0000] {dag.py:4180} INFO - Setting next_dagrun for example_branch_operator to 2025-12-15 00:00:00+00:00, run_after=2025-12-16 00:00:00+00:00
[2025-12-16T08:27:32.603+0000] {processor.py:208} INFO - Processing /home/airflow/.local/lib/python3.12/site-packages/airflow/example_dags/example_branch_operator.py took 2.152 seconds
[2025-12-16T08:28:29.637+0000] {processor.py:186} INFO - Started process (PID=5373) to work on /home/airflow/.local/lib/python3.12/site-packages/airflow/example_dags/example_branch_operator.py
[2025-12-16T08:28:29.653+0000] {processor.py:914} INFO - Processing file /home/airflow/.local/lib/python3.12/site-packages/airflow/example_dags/example_branch_operator.py for tasks to queue
[2025-12-16T08:28:29.701+0000] {logging_mixin.py:190} INFO - [2025-12-16T08:28:29.688+0000] {dagbag.py:588} INFO - Filling up the DagBag from /home/airflow/.local/lib/python3.12/site-packages/airflow/example_dags/example_branch_operator.py
[2025-12-16T08:28:29.943+0000] {processor.py:925} INFO - DAG(s) 'example_branch_operator' retrieved from /home/airflow/.local/lib/python3.12/site-packages/airflow/example_dags/example_branch_operator.py
[2025-12-16T08:28:30.142+0000] {logging_mixin.py:190} INFO - [2025-12-16T08:28:30.141+0000] {dag.py:3239} INFO - Sync 1 DAGs
[2025-12-16T08:28:30.361+0000] {logging_mixin.py:190} INFO - [2025-12-16T08:28:30.356+0000] {dag.py:4180} INFO - Setting next_dagrun for example_branch_operator to 2025-12-15 00:00:00+00:00, run_after=2025-12-16 00:00:00+00:00
[2025-12-16T08:28:30.455+0000] {processor.py:208} INFO - Processing /home/airflow/.local/lib/python3.12/site-packages/airflow/example_dags/example_branch_operator.py took 0.928 seconds
