[2025-12-16T07:17:32.667+0000] {processor.py:186} INFO - Started process (PID=132) to work on /home/airflow/.local/lib/python3.12/site-packages/airflow/example_dags/example_kubernetes_executor.py
[2025-12-16T07:17:32.683+0000] {processor.py:914} INFO - Processing file /home/airflow/.local/lib/python3.12/site-packages/airflow/example_dags/example_kubernetes_executor.py for tasks to queue
[2025-12-16T07:17:32.750+0000] {logging_mixin.py:190} INFO - [2025-12-16T07:17:32.748+0000] {dagbag.py:588} INFO - Filling up the DagBag from /home/airflow/.local/lib/python3.12/site-packages/airflow/example_dags/example_kubernetes_executor.py
[2025-12-16T07:17:33.192+0000] {processor.py:925} INFO - DAG(s) 'example_kubernetes_executor' retrieved from /home/airflow/.local/lib/python3.12/site-packages/airflow/example_dags/example_kubernetes_executor.py
[2025-12-16T07:17:35.453+0000] {logging_mixin.py:190} INFO - [2025-12-16T07:17:35.451+0000] {override.py:1930} INFO - Created Permission View: can read on DAG:example_kubernetes_executor
[2025-12-16T07:17:35.503+0000] {logging_mixin.py:190} INFO - [2025-12-16T07:17:35.502+0000] {override.py:1930} INFO - Created Permission View: can delete on DAG:example_kubernetes_executor
[2025-12-16T07:17:35.531+0000] {logging_mixin.py:190} INFO - [2025-12-16T07:17:35.529+0000] {override.py:1930} INFO - Created Permission View: can edit on DAG:example_kubernetes_executor
[2025-12-16T07:17:35.578+0000] {logging_mixin.py:190} INFO - [2025-12-16T07:17:35.577+0000] {override.py:1930} INFO - Created Permission View: can read on DAG Run:example_kubernetes_executor
[2025-12-16T07:17:35.611+0000] {logging_mixin.py:190} INFO - [2025-12-16T07:17:35.610+0000] {override.py:1930} INFO - Created Permission View: can delete on DAG Run:example_kubernetes_executor
[2025-12-16T07:17:35.682+0000] {logging_mixin.py:190} INFO - [2025-12-16T07:17:35.681+0000] {override.py:1930} INFO - Created Permission View: can create on DAG Run:example_kubernetes_executor
[2025-12-16T07:17:35.738+0000] {logging_mixin.py:190} INFO - [2025-12-16T07:17:35.738+0000] {override.py:1930} INFO - Created Permission View: menu access on DAG Run:example_kubernetes_executor
[2025-12-16T07:17:35.757+0000] {logging_mixin.py:190} INFO - [2025-12-16T07:17:35.754+0000] {dag.py:3239} INFO - Sync 1 DAGs
[2025-12-16T07:17:35.872+0000] {logging_mixin.py:190} INFO - [2025-12-16T07:17:35.871+0000] {dag.py:3262} INFO - Creating ORM DAG for example_kubernetes_executor
[2025-12-16T07:17:35.875+0000] {logging_mixin.py:190} INFO - [2025-12-16T07:17:35.874+0000] {dag.py:4180} INFO - Setting next_dagrun for example_kubernetes_executor to None, run_after=None
[2025-12-16T07:17:36.040+0000] {processor.py:208} INFO - Processing /home/airflow/.local/lib/python3.12/site-packages/airflow/example_dags/example_kubernetes_executor.py took 3.516 seconds
[2025-12-16T07:18:21.371+0000] {processor.py:186} INFO - Started process (PID=208) to work on /home/airflow/.local/lib/python3.12/site-packages/airflow/example_dags/example_kubernetes_executor.py
[2025-12-16T07:18:21.377+0000] {processor.py:914} INFO - Processing file /home/airflow/.local/lib/python3.12/site-packages/airflow/example_dags/example_kubernetes_executor.py for tasks to queue
[2025-12-16T07:18:21.387+0000] {logging_mixin.py:190} INFO - [2025-12-16T07:18:21.385+0000] {dagbag.py:588} INFO - Filling up the DagBag from /home/airflow/.local/lib/python3.12/site-packages/airflow/example_dags/example_kubernetes_executor.py
[2025-12-16T07:18:21.471+0000] {processor.py:925} INFO - DAG(s) 'example_kubernetes_executor' retrieved from /home/airflow/.local/lib/python3.12/site-packages/airflow/example_dags/example_kubernetes_executor.py
[2025-12-16T07:18:21.604+0000] {logging_mixin.py:190} INFO - [2025-12-16T07:18:21.603+0000] {dag.py:3239} INFO - Sync 1 DAGs
[2025-12-16T07:18:21.676+0000] {logging_mixin.py:190} INFO - [2025-12-16T07:18:21.675+0000] {dag.py:4180} INFO - Setting next_dagrun for example_kubernetes_executor to None, run_after=None
[2025-12-16T07:18:21.759+0000] {processor.py:208} INFO - Processing /home/airflow/.local/lib/python3.12/site-packages/airflow/example_dags/example_kubernetes_executor.py took 0.413 seconds
[2025-12-16T07:19:03.557+0000] {processor.py:186} INFO - Started process (PID=280) to work on /home/airflow/.local/lib/python3.12/site-packages/airflow/example_dags/example_kubernetes_executor.py
[2025-12-16T07:19:03.562+0000] {processor.py:914} INFO - Processing file /home/airflow/.local/lib/python3.12/site-packages/airflow/example_dags/example_kubernetes_executor.py for tasks to queue
[2025-12-16T07:19:03.578+0000] {logging_mixin.py:190} INFO - [2025-12-16T07:19:03.576+0000] {dagbag.py:588} INFO - Filling up the DagBag from /home/airflow/.local/lib/python3.12/site-packages/airflow/example_dags/example_kubernetes_executor.py
[2025-12-16T07:19:03.694+0000] {processor.py:925} INFO - DAG(s) 'example_kubernetes_executor' retrieved from /home/airflow/.local/lib/python3.12/site-packages/airflow/example_dags/example_kubernetes_executor.py
[2025-12-16T07:19:03.852+0000] {logging_mixin.py:190} INFO - [2025-12-16T07:19:03.851+0000] {dag.py:3239} INFO - Sync 1 DAGs
[2025-12-16T07:19:03.938+0000] {logging_mixin.py:190} INFO - [2025-12-16T07:19:03.938+0000] {dag.py:4180} INFO - Setting next_dagrun for example_kubernetes_executor to None, run_after=None
[2025-12-16T07:19:04.036+0000] {processor.py:208} INFO - Processing /home/airflow/.local/lib/python3.12/site-packages/airflow/example_dags/example_kubernetes_executor.py took 0.542 seconds
[2025-12-16T07:19:34.897+0000] {processor.py:186} INFO - Started process (PID=352) to work on /home/airflow/.local/lib/python3.12/site-packages/airflow/example_dags/example_kubernetes_executor.py
[2025-12-16T07:19:34.902+0000] {processor.py:914} INFO - Processing file /home/airflow/.local/lib/python3.12/site-packages/airflow/example_dags/example_kubernetes_executor.py for tasks to queue
[2025-12-16T07:19:34.910+0000] {logging_mixin.py:190} INFO - [2025-12-16T07:19:34.909+0000] {dagbag.py:588} INFO - Filling up the DagBag from /home/airflow/.local/lib/python3.12/site-packages/airflow/example_dags/example_kubernetes_executor.py
[2025-12-16T07:19:35.012+0000] {processor.py:925} INFO - DAG(s) 'example_kubernetes_executor' retrieved from /home/airflow/.local/lib/python3.12/site-packages/airflow/example_dags/example_kubernetes_executor.py
[2025-12-16T07:19:35.173+0000] {logging_mixin.py:190} INFO - [2025-12-16T07:19:35.170+0000] {dag.py:3239} INFO - Sync 1 DAGs
[2025-12-16T07:19:35.290+0000] {logging_mixin.py:190} INFO - [2025-12-16T07:19:35.289+0000] {dag.py:4180} INFO - Setting next_dagrun for example_kubernetes_executor to None, run_after=None
[2025-12-16T07:19:35.477+0000] {processor.py:208} INFO - Processing /home/airflow/.local/lib/python3.12/site-packages/airflow/example_dags/example_kubernetes_executor.py took 0.615 seconds
[2025-12-16T07:20:15.862+0000] {processor.py:186} INFO - Started process (PID=433) to work on /home/airflow/.local/lib/python3.12/site-packages/airflow/example_dags/example_kubernetes_executor.py
[2025-12-16T07:20:15.880+0000] {processor.py:914} INFO - Processing file /home/airflow/.local/lib/python3.12/site-packages/airflow/example_dags/example_kubernetes_executor.py for tasks to queue
[2025-12-16T07:20:15.909+0000] {logging_mixin.py:190} INFO - [2025-12-16T07:20:15.908+0000] {dagbag.py:588} INFO - Filling up the DagBag from /home/airflow/.local/lib/python3.12/site-packages/airflow/example_dags/example_kubernetes_executor.py
[2025-12-16T07:20:15.987+0000] {processor.py:925} INFO - DAG(s) 'example_kubernetes_executor' retrieved from /home/airflow/.local/lib/python3.12/site-packages/airflow/example_dags/example_kubernetes_executor.py
[2025-12-16T07:20:16.084+0000] {logging_mixin.py:190} INFO - [2025-12-16T07:20:16.084+0000] {dag.py:3239} INFO - Sync 1 DAGs
[2025-12-16T07:20:16.126+0000] {logging_mixin.py:190} INFO - [2025-12-16T07:20:16.126+0000] {dag.py:4180} INFO - Setting next_dagrun for example_kubernetes_executor to None, run_after=None
[2025-12-16T07:20:16.198+0000] {processor.py:208} INFO - Processing /home/airflow/.local/lib/python3.12/site-packages/airflow/example_dags/example_kubernetes_executor.py took 0.364 seconds
[2025-12-16T07:20:49.761+0000] {processor.py:186} INFO - Started process (PID=505) to work on /home/airflow/.local/lib/python3.12/site-packages/airflow/example_dags/example_kubernetes_executor.py
[2025-12-16T07:20:49.764+0000] {processor.py:914} INFO - Processing file /home/airflow/.local/lib/python3.12/site-packages/airflow/example_dags/example_kubernetes_executor.py for tasks to queue
[2025-12-16T07:20:49.774+0000] {logging_mixin.py:190} INFO - [2025-12-16T07:20:49.772+0000] {dagbag.py:588} INFO - Filling up the DagBag from /home/airflow/.local/lib/python3.12/site-packages/airflow/example_dags/example_kubernetes_executor.py
[2025-12-16T07:20:49.823+0000] {processor.py:925} INFO - DAG(s) 'example_kubernetes_executor' retrieved from /home/airflow/.local/lib/python3.12/site-packages/airflow/example_dags/example_kubernetes_executor.py
[2025-12-16T07:20:49.905+0000] {logging_mixin.py:190} INFO - [2025-12-16T07:20:49.905+0000] {dag.py:3239} INFO - Sync 1 DAGs
[2025-12-16T07:20:49.953+0000] {logging_mixin.py:190} INFO - [2025-12-16T07:20:49.953+0000] {dag.py:4180} INFO - Setting next_dagrun for example_kubernetes_executor to None, run_after=None
[2025-12-16T07:20:50.030+0000] {processor.py:208} INFO - Processing /home/airflow/.local/lib/python3.12/site-packages/airflow/example_dags/example_kubernetes_executor.py took 0.294 seconds
[2025-12-16T07:21:20.498+0000] {processor.py:186} INFO - Started process (PID=577) to work on /home/airflow/.local/lib/python3.12/site-packages/airflow/example_dags/example_kubernetes_executor.py
[2025-12-16T07:21:20.515+0000] {processor.py:914} INFO - Processing file /home/airflow/.local/lib/python3.12/site-packages/airflow/example_dags/example_kubernetes_executor.py for tasks to queue
[2025-12-16T07:21:20.563+0000] {logging_mixin.py:190} INFO - [2025-12-16T07:21:20.551+0000] {dagbag.py:588} INFO - Filling up the DagBag from /home/airflow/.local/lib/python3.12/site-packages/airflow/example_dags/example_kubernetes_executor.py
[2025-12-16T07:21:20.685+0000] {processor.py:925} INFO - DAG(s) 'example_kubernetes_executor' retrieved from /home/airflow/.local/lib/python3.12/site-packages/airflow/example_dags/example_kubernetes_executor.py
[2025-12-16T07:21:20.914+0000] {logging_mixin.py:190} INFO - [2025-12-16T07:21:20.910+0000] {dag.py:3239} INFO - Sync 1 DAGs
[2025-12-16T07:21:20.989+0000] {logging_mixin.py:190} INFO - [2025-12-16T07:21:20.985+0000] {dag.py:4180} INFO - Setting next_dagrun for example_kubernetes_executor to None, run_after=None
[2025-12-16T07:21:21.079+0000] {processor.py:208} INFO - Processing /home/airflow/.local/lib/python3.12/site-packages/airflow/example_dags/example_kubernetes_executor.py took 0.610 seconds
[2025-12-16T07:21:52.073+0000] {processor.py:186} INFO - Started process (PID=649) to work on /home/airflow/.local/lib/python3.12/site-packages/airflow/example_dags/example_kubernetes_executor.py
[2025-12-16T07:21:52.075+0000] {processor.py:914} INFO - Processing file /home/airflow/.local/lib/python3.12/site-packages/airflow/example_dags/example_kubernetes_executor.py for tasks to queue
[2025-12-16T07:21:52.083+0000] {logging_mixin.py:190} INFO - [2025-12-16T07:21:52.081+0000] {dagbag.py:588} INFO - Filling up the DagBag from /home/airflow/.local/lib/python3.12/site-packages/airflow/example_dags/example_kubernetes_executor.py
[2025-12-16T07:21:52.122+0000] {processor.py:925} INFO - DAG(s) 'example_kubernetes_executor' retrieved from /home/airflow/.local/lib/python3.12/site-packages/airflow/example_dags/example_kubernetes_executor.py
[2025-12-16T07:21:52.191+0000] {logging_mixin.py:190} INFO - [2025-12-16T07:21:52.190+0000] {dag.py:3239} INFO - Sync 1 DAGs
[2025-12-16T07:21:52.267+0000] {logging_mixin.py:190} INFO - [2025-12-16T07:21:52.266+0000] {dag.py:4180} INFO - Setting next_dagrun for example_kubernetes_executor to None, run_after=None
[2025-12-16T07:21:52.357+0000] {processor.py:208} INFO - Processing /home/airflow/.local/lib/python3.12/site-packages/airflow/example_dags/example_kubernetes_executor.py took 0.300 seconds
[2025-12-16T07:22:23.734+0000] {processor.py:186} INFO - Started process (PID=720) to work on /home/airflow/.local/lib/python3.12/site-packages/airflow/example_dags/example_kubernetes_executor.py
[2025-12-16T07:22:23.737+0000] {processor.py:914} INFO - Processing file /home/airflow/.local/lib/python3.12/site-packages/airflow/example_dags/example_kubernetes_executor.py for tasks to queue
[2025-12-16T07:22:23.744+0000] {logging_mixin.py:190} INFO - [2025-12-16T07:22:23.743+0000] {dagbag.py:588} INFO - Filling up the DagBag from /home/airflow/.local/lib/python3.12/site-packages/airflow/example_dags/example_kubernetes_executor.py
[2025-12-16T07:22:23.790+0000] {processor.py:925} INFO - DAG(s) 'example_kubernetes_executor' retrieved from /home/airflow/.local/lib/python3.12/site-packages/airflow/example_dags/example_kubernetes_executor.py
[2025-12-16T07:22:23.854+0000] {logging_mixin.py:190} INFO - [2025-12-16T07:22:23.854+0000] {dag.py:3239} INFO - Sync 1 DAGs
[2025-12-16T07:22:23.888+0000] {logging_mixin.py:190} INFO - [2025-12-16T07:22:23.887+0000] {dag.py:4180} INFO - Setting next_dagrun for example_kubernetes_executor to None, run_after=None
[2025-12-16T07:22:23.941+0000] {processor.py:208} INFO - Processing /home/airflow/.local/lib/python3.12/site-packages/airflow/example_dags/example_kubernetes_executor.py took 0.221 seconds
[2025-12-16T07:22:56.759+0000] {processor.py:186} INFO - Started process (PID=792) to work on /home/airflow/.local/lib/python3.12/site-packages/airflow/example_dags/example_kubernetes_executor.py
[2025-12-16T07:22:56.762+0000] {processor.py:914} INFO - Processing file /home/airflow/.local/lib/python3.12/site-packages/airflow/example_dags/example_kubernetes_executor.py for tasks to queue
[2025-12-16T07:22:56.769+0000] {logging_mixin.py:190} INFO - [2025-12-16T07:22:56.768+0000] {dagbag.py:588} INFO - Filling up the DagBag from /home/airflow/.local/lib/python3.12/site-packages/airflow/example_dags/example_kubernetes_executor.py
[2025-12-16T07:22:56.833+0000] {processor.py:925} INFO - DAG(s) 'example_kubernetes_executor' retrieved from /home/airflow/.local/lib/python3.12/site-packages/airflow/example_dags/example_kubernetes_executor.py
[2025-12-16T07:22:56.893+0000] {logging_mixin.py:190} INFO - [2025-12-16T07:22:56.892+0000] {dag.py:3239} INFO - Sync 1 DAGs
[2025-12-16T07:22:56.930+0000] {logging_mixin.py:190} INFO - [2025-12-16T07:22:56.930+0000] {dag.py:4180} INFO - Setting next_dagrun for example_kubernetes_executor to None, run_after=None
[2025-12-16T07:22:57.010+0000] {processor.py:208} INFO - Processing /home/airflow/.local/lib/python3.12/site-packages/airflow/example_dags/example_kubernetes_executor.py took 0.267 seconds
[2025-12-16T07:23:34.894+0000] {processor.py:186} INFO - Started process (PID=862) to work on /home/airflow/.local/lib/python3.12/site-packages/airflow/example_dags/example_kubernetes_executor.py
[2025-12-16T07:23:34.908+0000] {processor.py:914} INFO - Processing file /home/airflow/.local/lib/python3.12/site-packages/airflow/example_dags/example_kubernetes_executor.py for tasks to queue
[2025-12-16T07:23:34.932+0000] {logging_mixin.py:190} INFO - [2025-12-16T07:23:34.930+0000] {dagbag.py:588} INFO - Filling up the DagBag from /home/airflow/.local/lib/python3.12/site-packages/airflow/example_dags/example_kubernetes_executor.py
[2025-12-16T07:23:35.123+0000] {processor.py:925} INFO - DAG(s) 'example_kubernetes_executor' retrieved from /home/airflow/.local/lib/python3.12/site-packages/airflow/example_dags/example_kubernetes_executor.py
[2025-12-16T07:23:35.315+0000] {logging_mixin.py:190} INFO - [2025-12-16T07:23:35.314+0000] {dag.py:3239} INFO - Sync 1 DAGs
[2025-12-16T07:23:35.459+0000] {logging_mixin.py:190} INFO - [2025-12-16T07:23:35.458+0000] {dag.py:4180} INFO - Setting next_dagrun for example_kubernetes_executor to None, run_after=None
[2025-12-16T07:23:35.576+0000] {processor.py:208} INFO - Processing /home/airflow/.local/lib/python3.12/site-packages/airflow/example_dags/example_kubernetes_executor.py took 0.718 seconds
[2025-12-16T07:26:03.816+0000] {processor.py:186} INFO - Started process (PID=968) to work on /home/airflow/.local/lib/python3.12/site-packages/airflow/example_dags/example_kubernetes_executor.py
[2025-12-16T07:26:03.864+0000] {processor.py:914} INFO - Processing file /home/airflow/.local/lib/python3.12/site-packages/airflow/example_dags/example_kubernetes_executor.py for tasks to queue
[2025-12-16T07:26:03.869+0000] {logging_mixin.py:190} INFO - [2025-12-16T07:26:03.868+0000] {dagbag.py:588} INFO - Filling up the DagBag from /home/airflow/.local/lib/python3.12/site-packages/airflow/example_dags/example_kubernetes_executor.py
[2025-12-16T07:26:04.487+0000] {processor.py:925} INFO - DAG(s) 'example_kubernetes_executor' retrieved from /home/airflow/.local/lib/python3.12/site-packages/airflow/example_dags/example_kubernetes_executor.py
[2025-12-16T07:26:05.728+0000] {logging_mixin.py:190} INFO - [2025-12-16T07:26:05.727+0000] {dag.py:3239} INFO - Sync 1 DAGs
[2025-12-16T07:26:05.834+0000] {logging_mixin.py:190} INFO - [2025-12-16T07:26:05.833+0000] {dag.py:4180} INFO - Setting next_dagrun for example_kubernetes_executor to None, run_after=None
[2025-12-16T07:26:06.065+0000] {processor.py:208} INFO - Processing /home/airflow/.local/lib/python3.12/site-packages/airflow/example_dags/example_kubernetes_executor.py took 2.309 seconds
[2025-12-16T07:28:03.645+0000] {processor.py:186} INFO - Started process (PID=1036) to work on /home/airflow/.local/lib/python3.12/site-packages/airflow/example_dags/example_kubernetes_executor.py
[2025-12-16T07:28:03.652+0000] {processor.py:914} INFO - Processing file /home/airflow/.local/lib/python3.12/site-packages/airflow/example_dags/example_kubernetes_executor.py for tasks to queue
[2025-12-16T07:28:03.661+0000] {logging_mixin.py:190} INFO - [2025-12-16T07:28:03.657+0000] {dagbag.py:588} INFO - Filling up the DagBag from /home/airflow/.local/lib/python3.12/site-packages/airflow/example_dags/example_kubernetes_executor.py
[2025-12-16T07:28:03.777+0000] {processor.py:925} INFO - DAG(s) 'example_kubernetes_executor' retrieved from /home/airflow/.local/lib/python3.12/site-packages/airflow/example_dags/example_kubernetes_executor.py
[2025-12-16T07:28:04.009+0000] {logging_mixin.py:190} INFO - [2025-12-16T07:28:04.008+0000] {dag.py:3239} INFO - Sync 1 DAGs
[2025-12-16T07:28:04.213+0000] {logging_mixin.py:190} INFO - [2025-12-16T07:28:04.213+0000] {dag.py:4180} INFO - Setting next_dagrun for example_kubernetes_executor to None, run_after=None
[2025-12-16T07:28:04.381+0000] {processor.py:208} INFO - Processing /home/airflow/.local/lib/python3.12/site-packages/airflow/example_dags/example_kubernetes_executor.py took 0.785 seconds
[2025-12-16T07:28:50.521+0000] {processor.py:186} INFO - Started process (PID=1108) to work on /home/airflow/.local/lib/python3.12/site-packages/airflow/example_dags/example_kubernetes_executor.py
[2025-12-16T07:28:50.529+0000] {processor.py:914} INFO - Processing file /home/airflow/.local/lib/python3.12/site-packages/airflow/example_dags/example_kubernetes_executor.py for tasks to queue
[2025-12-16T07:28:50.537+0000] {logging_mixin.py:190} INFO - [2025-12-16T07:28:50.536+0000] {dagbag.py:588} INFO - Filling up the DagBag from /home/airflow/.local/lib/python3.12/site-packages/airflow/example_dags/example_kubernetes_executor.py
[2025-12-16T07:28:50.651+0000] {processor.py:925} INFO - DAG(s) 'example_kubernetes_executor' retrieved from /home/airflow/.local/lib/python3.12/site-packages/airflow/example_dags/example_kubernetes_executor.py
[2025-12-16T07:28:50.894+0000] {logging_mixin.py:190} INFO - [2025-12-16T07:28:50.894+0000] {dag.py:3239} INFO - Sync 1 DAGs
[2025-12-16T07:28:50.982+0000] {logging_mixin.py:190} INFO - [2025-12-16T07:28:50.982+0000] {dag.py:4180} INFO - Setting next_dagrun for example_kubernetes_executor to None, run_after=None
[2025-12-16T07:28:51.078+0000] {processor.py:208} INFO - Processing /home/airflow/.local/lib/python3.12/site-packages/airflow/example_dags/example_kubernetes_executor.py took 0.588 seconds
[2025-12-16T07:31:18.828+0000] {processor.py:186} INFO - Started process (PID=1199) to work on /home/airflow/.local/lib/python3.12/site-packages/airflow/example_dags/example_kubernetes_executor.py
[2025-12-16T07:31:18.850+0000] {processor.py:914} INFO - Processing file /home/airflow/.local/lib/python3.12/site-packages/airflow/example_dags/example_kubernetes_executor.py for tasks to queue
[2025-12-16T07:31:18.877+0000] {logging_mixin.py:190} INFO - [2025-12-16T07:31:18.873+0000] {dagbag.py:588} INFO - Filling up the DagBag from /home/airflow/.local/lib/python3.12/site-packages/airflow/example_dags/example_kubernetes_executor.py
[2025-12-16T07:31:19.191+0000] {processor.py:925} INFO - DAG(s) 'example_kubernetes_executor' retrieved from /home/airflow/.local/lib/python3.12/site-packages/airflow/example_dags/example_kubernetes_executor.py
[2025-12-16T07:31:19.554+0000] {logging_mixin.py:190} INFO - [2025-12-16T07:31:19.553+0000] {dag.py:3239} INFO - Sync 1 DAGs
[2025-12-16T07:31:19.763+0000] {logging_mixin.py:190} INFO - [2025-12-16T07:31:19.763+0000] {dag.py:4180} INFO - Setting next_dagrun for example_kubernetes_executor to None, run_after=None
[2025-12-16T07:31:19.965+0000] {processor.py:208} INFO - Processing /home/airflow/.local/lib/python3.12/site-packages/airflow/example_dags/example_kubernetes_executor.py took 1.216 seconds
[2025-12-16T07:32:47.262+0000] {processor.py:186} INFO - Started process (PID=1277) to work on /home/airflow/.local/lib/python3.12/site-packages/airflow/example_dags/example_kubernetes_executor.py
[2025-12-16T07:32:47.494+0000] {processor.py:914} INFO - Processing file /home/airflow/.local/lib/python3.12/site-packages/airflow/example_dags/example_kubernetes_executor.py for tasks to queue
[2025-12-16T07:32:47.505+0000] {logging_mixin.py:190} INFO - [2025-12-16T07:32:47.502+0000] {dagbag.py:588} INFO - Filling up the DagBag from /home/airflow/.local/lib/python3.12/site-packages/airflow/example_dags/example_kubernetes_executor.py
[2025-12-16T07:32:47.838+0000] {processor.py:925} INFO - DAG(s) 'example_kubernetes_executor' retrieved from /home/airflow/.local/lib/python3.12/site-packages/airflow/example_dags/example_kubernetes_executor.py
[2025-12-16T07:32:48.310+0000] {logging_mixin.py:190} INFO - [2025-12-16T07:32:48.307+0000] {dag.py:3239} INFO - Sync 1 DAGs
[2025-12-16T07:32:48.365+0000] {logging_mixin.py:190} INFO - [2025-12-16T07:32:48.364+0000] {dag.py:4180} INFO - Setting next_dagrun for example_kubernetes_executor to None, run_after=None
[2025-12-16T07:32:48.587+0000] {processor.py:208} INFO - Processing /home/airflow/.local/lib/python3.12/site-packages/airflow/example_dags/example_kubernetes_executor.py took 1.344 seconds
[2025-12-16T07:33:21.261+0000] {processor.py:186} INFO - Started process (PID=1348) to work on /home/airflow/.local/lib/python3.12/site-packages/airflow/example_dags/example_kubernetes_executor.py
[2025-12-16T07:33:21.264+0000] {processor.py:914} INFO - Processing file /home/airflow/.local/lib/python3.12/site-packages/airflow/example_dags/example_kubernetes_executor.py for tasks to queue
[2025-12-16T07:33:21.267+0000] {logging_mixin.py:190} INFO - [2025-12-16T07:33:21.266+0000] {dagbag.py:588} INFO - Filling up the DagBag from /home/airflow/.local/lib/python3.12/site-packages/airflow/example_dags/example_kubernetes_executor.py
[2025-12-16T07:33:21.313+0000] {processor.py:925} INFO - DAG(s) 'example_kubernetes_executor' retrieved from /home/airflow/.local/lib/python3.12/site-packages/airflow/example_dags/example_kubernetes_executor.py
[2025-12-16T07:33:21.403+0000] {logging_mixin.py:190} INFO - [2025-12-16T07:33:21.403+0000] {dag.py:3239} INFO - Sync 1 DAGs
[2025-12-16T07:33:21.454+0000] {logging_mixin.py:190} INFO - [2025-12-16T07:33:21.453+0000] {dag.py:4180} INFO - Setting next_dagrun for example_kubernetes_executor to None, run_after=None
[2025-12-16T07:33:21.507+0000] {processor.py:208} INFO - Processing /home/airflow/.local/lib/python3.12/site-packages/airflow/example_dags/example_kubernetes_executor.py took 0.263 seconds
[2025-12-16T07:33:53.539+0000] {processor.py:186} INFO - Started process (PID=1426) to work on /home/airflow/.local/lib/python3.12/site-packages/airflow/example_dags/example_kubernetes_executor.py
[2025-12-16T07:33:53.542+0000] {processor.py:914} INFO - Processing file /home/airflow/.local/lib/python3.12/site-packages/airflow/example_dags/example_kubernetes_executor.py for tasks to queue
[2025-12-16T07:33:53.546+0000] {logging_mixin.py:190} INFO - [2025-12-16T07:33:53.545+0000] {dagbag.py:588} INFO - Filling up the DagBag from /home/airflow/.local/lib/python3.12/site-packages/airflow/example_dags/example_kubernetes_executor.py
[2025-12-16T07:33:53.588+0000] {processor.py:925} INFO - DAG(s) 'example_kubernetes_executor' retrieved from /home/airflow/.local/lib/python3.12/site-packages/airflow/example_dags/example_kubernetes_executor.py
[2025-12-16T07:33:53.652+0000] {logging_mixin.py:190} INFO - [2025-12-16T07:33:53.651+0000] {dag.py:3239} INFO - Sync 1 DAGs
[2025-12-16T07:33:53.692+0000] {logging_mixin.py:190} INFO - [2025-12-16T07:33:53.691+0000] {dag.py:4180} INFO - Setting next_dagrun for example_kubernetes_executor to None, run_after=None
[2025-12-16T07:33:53.737+0000] {processor.py:208} INFO - Processing /home/airflow/.local/lib/python3.12/site-packages/airflow/example_dags/example_kubernetes_executor.py took 0.216 seconds
[2025-12-16T07:34:24.519+0000] {processor.py:186} INFO - Started process (PID=1498) to work on /home/airflow/.local/lib/python3.12/site-packages/airflow/example_dags/example_kubernetes_executor.py
[2025-12-16T07:34:24.522+0000] {processor.py:914} INFO - Processing file /home/airflow/.local/lib/python3.12/site-packages/airflow/example_dags/example_kubernetes_executor.py for tasks to queue
[2025-12-16T07:34:24.527+0000] {logging_mixin.py:190} INFO - [2025-12-16T07:34:24.525+0000] {dagbag.py:588} INFO - Filling up the DagBag from /home/airflow/.local/lib/python3.12/site-packages/airflow/example_dags/example_kubernetes_executor.py
[2025-12-16T07:34:24.622+0000] {processor.py:925} INFO - DAG(s) 'example_kubernetes_executor' retrieved from /home/airflow/.local/lib/python3.12/site-packages/airflow/example_dags/example_kubernetes_executor.py
[2025-12-16T07:34:24.754+0000] {logging_mixin.py:190} INFO - [2025-12-16T07:34:24.751+0000] {dag.py:3239} INFO - Sync 1 DAGs
[2025-12-16T07:34:24.837+0000] {logging_mixin.py:190} INFO - [2025-12-16T07:34:24.836+0000] {dag.py:4180} INFO - Setting next_dagrun for example_kubernetes_executor to None, run_after=None
[2025-12-16T07:34:24.961+0000] {processor.py:208} INFO - Processing /home/airflow/.local/lib/python3.12/site-packages/airflow/example_dags/example_kubernetes_executor.py took 0.467 seconds
[2025-12-16T07:34:56.406+0000] {processor.py:186} INFO - Started process (PID=1570) to work on /home/airflow/.local/lib/python3.12/site-packages/airflow/example_dags/example_kubernetes_executor.py
[2025-12-16T07:34:56.417+0000] {processor.py:914} INFO - Processing file /home/airflow/.local/lib/python3.12/site-packages/airflow/example_dags/example_kubernetes_executor.py for tasks to queue
[2025-12-16T07:34:56.424+0000] {logging_mixin.py:190} INFO - [2025-12-16T07:34:56.423+0000] {dagbag.py:588} INFO - Filling up the DagBag from /home/airflow/.local/lib/python3.12/site-packages/airflow/example_dags/example_kubernetes_executor.py
[2025-12-16T07:34:56.532+0000] {processor.py:925} INFO - DAG(s) 'example_kubernetes_executor' retrieved from /home/airflow/.local/lib/python3.12/site-packages/airflow/example_dags/example_kubernetes_executor.py
[2025-12-16T07:34:56.662+0000] {logging_mixin.py:190} INFO - [2025-12-16T07:34:56.661+0000] {dag.py:3239} INFO - Sync 1 DAGs
[2025-12-16T07:34:56.727+0000] {logging_mixin.py:190} INFO - [2025-12-16T07:34:56.726+0000] {dag.py:4180} INFO - Setting next_dagrun for example_kubernetes_executor to None, run_after=None
[2025-12-16T07:34:56.816+0000] {processor.py:208} INFO - Processing /home/airflow/.local/lib/python3.12/site-packages/airflow/example_dags/example_kubernetes_executor.py took 0.433 seconds
[2025-12-16T07:35:32.646+0000] {processor.py:186} INFO - Started process (PID=1642) to work on /home/airflow/.local/lib/python3.12/site-packages/airflow/example_dags/example_kubernetes_executor.py
[2025-12-16T07:35:32.650+0000] {processor.py:914} INFO - Processing file /home/airflow/.local/lib/python3.12/site-packages/airflow/example_dags/example_kubernetes_executor.py for tasks to queue
[2025-12-16T07:35:32.654+0000] {logging_mixin.py:190} INFO - [2025-12-16T07:35:32.653+0000] {dagbag.py:588} INFO - Filling up the DagBag from /home/airflow/.local/lib/python3.12/site-packages/airflow/example_dags/example_kubernetes_executor.py
[2025-12-16T07:35:32.710+0000] {processor.py:925} INFO - DAG(s) 'example_kubernetes_executor' retrieved from /home/airflow/.local/lib/python3.12/site-packages/airflow/example_dags/example_kubernetes_executor.py
[2025-12-16T07:35:32.787+0000] {logging_mixin.py:190} INFO - [2025-12-16T07:35:32.787+0000] {dag.py:3239} INFO - Sync 1 DAGs
[2025-12-16T07:35:32.828+0000] {logging_mixin.py:190} INFO - [2025-12-16T07:35:32.827+0000] {dag.py:4180} INFO - Setting next_dagrun for example_kubernetes_executor to None, run_after=None
[2025-12-16T07:35:32.881+0000] {processor.py:208} INFO - Processing /home/airflow/.local/lib/python3.12/site-packages/airflow/example_dags/example_kubernetes_executor.py took 0.255 seconds
[2025-12-16T07:36:17.135+0000] {processor.py:186} INFO - Started process (PID=1708) to work on /home/airflow/.local/lib/python3.12/site-packages/airflow/example_dags/example_kubernetes_executor.py
[2025-12-16T07:36:17.138+0000] {processor.py:914} INFO - Processing file /home/airflow/.local/lib/python3.12/site-packages/airflow/example_dags/example_kubernetes_executor.py for tasks to queue
[2025-12-16T07:36:17.142+0000] {logging_mixin.py:190} INFO - [2025-12-16T07:36:17.141+0000] {dagbag.py:588} INFO - Filling up the DagBag from /home/airflow/.local/lib/python3.12/site-packages/airflow/example_dags/example_kubernetes_executor.py
[2025-12-16T07:36:17.188+0000] {processor.py:925} INFO - DAG(s) 'example_kubernetes_executor' retrieved from /home/airflow/.local/lib/python3.12/site-packages/airflow/example_dags/example_kubernetes_executor.py
[2025-12-16T07:36:17.254+0000] {logging_mixin.py:190} INFO - [2025-12-16T07:36:17.253+0000] {dag.py:3239} INFO - Sync 1 DAGs
[2025-12-16T07:36:17.352+0000] {logging_mixin.py:190} INFO - [2025-12-16T07:36:17.351+0000] {dag.py:4180} INFO - Setting next_dagrun for example_kubernetes_executor to None, run_after=None
[2025-12-16T07:36:17.500+0000] {processor.py:208} INFO - Processing /home/airflow/.local/lib/python3.12/site-packages/airflow/example_dags/example_kubernetes_executor.py took 0.387 seconds
[2025-12-16T07:36:51.152+0000] {processor.py:186} INFO - Started process (PID=1780) to work on /home/airflow/.local/lib/python3.12/site-packages/airflow/example_dags/example_kubernetes_executor.py
[2025-12-16T07:36:51.154+0000] {processor.py:914} INFO - Processing file /home/airflow/.local/lib/python3.12/site-packages/airflow/example_dags/example_kubernetes_executor.py for tasks to queue
[2025-12-16T07:36:51.161+0000] {logging_mixin.py:190} INFO - [2025-12-16T07:36:51.160+0000] {dagbag.py:588} INFO - Filling up the DagBag from /home/airflow/.local/lib/python3.12/site-packages/airflow/example_dags/example_kubernetes_executor.py
[2025-12-16T07:36:51.212+0000] {processor.py:925} INFO - DAG(s) 'example_kubernetes_executor' retrieved from /home/airflow/.local/lib/python3.12/site-packages/airflow/example_dags/example_kubernetes_executor.py
[2025-12-16T07:36:51.303+0000] {logging_mixin.py:190} INFO - [2025-12-16T07:36:51.303+0000] {dag.py:3239} INFO - Sync 1 DAGs
[2025-12-16T07:36:51.356+0000] {logging_mixin.py:190} INFO - [2025-12-16T07:36:51.355+0000] {dag.py:4180} INFO - Setting next_dagrun for example_kubernetes_executor to None, run_after=None
[2025-12-16T07:36:51.416+0000] {processor.py:208} INFO - Processing /home/airflow/.local/lib/python3.12/site-packages/airflow/example_dags/example_kubernetes_executor.py took 0.281 seconds
[2025-12-16T07:37:27.349+0000] {processor.py:186} INFO - Started process (PID=1853) to work on /home/airflow/.local/lib/python3.12/site-packages/airflow/example_dags/example_kubernetes_executor.py
[2025-12-16T07:37:27.351+0000] {processor.py:914} INFO - Processing file /home/airflow/.local/lib/python3.12/site-packages/airflow/example_dags/example_kubernetes_executor.py for tasks to queue
[2025-12-16T07:37:27.355+0000] {logging_mixin.py:190} INFO - [2025-12-16T07:37:27.354+0000] {dagbag.py:588} INFO - Filling up the DagBag from /home/airflow/.local/lib/python3.12/site-packages/airflow/example_dags/example_kubernetes_executor.py
[2025-12-16T07:37:27.406+0000] {processor.py:925} INFO - DAG(s) 'example_kubernetes_executor' retrieved from /home/airflow/.local/lib/python3.12/site-packages/airflow/example_dags/example_kubernetes_executor.py
[2025-12-16T07:37:27.566+0000] {logging_mixin.py:190} INFO - [2025-12-16T07:37:27.565+0000] {dag.py:3239} INFO - Sync 1 DAGs
[2025-12-16T07:37:27.603+0000] {logging_mixin.py:190} INFO - [2025-12-16T07:37:27.603+0000] {dag.py:4180} INFO - Setting next_dagrun for example_kubernetes_executor to None, run_after=None
[2025-12-16T07:37:27.717+0000] {processor.py:208} INFO - Processing /home/airflow/.local/lib/python3.12/site-packages/airflow/example_dags/example_kubernetes_executor.py took 0.385 seconds
[2025-12-16T07:38:01.455+0000] {processor.py:186} INFO - Started process (PID=1925) to work on /home/airflow/.local/lib/python3.12/site-packages/airflow/example_dags/example_kubernetes_executor.py
[2025-12-16T07:38:01.457+0000] {processor.py:914} INFO - Processing file /home/airflow/.local/lib/python3.12/site-packages/airflow/example_dags/example_kubernetes_executor.py for tasks to queue
[2025-12-16T07:38:01.460+0000] {logging_mixin.py:190} INFO - [2025-12-16T07:38:01.460+0000] {dagbag.py:588} INFO - Filling up the DagBag from /home/airflow/.local/lib/python3.12/site-packages/airflow/example_dags/example_kubernetes_executor.py
[2025-12-16T07:38:01.501+0000] {processor.py:925} INFO - DAG(s) 'example_kubernetes_executor' retrieved from /home/airflow/.local/lib/python3.12/site-packages/airflow/example_dags/example_kubernetes_executor.py
[2025-12-16T07:38:01.577+0000] {logging_mixin.py:190} INFO - [2025-12-16T07:38:01.576+0000] {dag.py:3239} INFO - Sync 1 DAGs
[2025-12-16T07:38:01.624+0000] {logging_mixin.py:190} INFO - [2025-12-16T07:38:01.623+0000] {dag.py:4180} INFO - Setting next_dagrun for example_kubernetes_executor to None, run_after=None
[2025-12-16T07:38:01.678+0000] {processor.py:208} INFO - Processing /home/airflow/.local/lib/python3.12/site-packages/airflow/example_dags/example_kubernetes_executor.py took 0.243 seconds
[2025-12-16T07:38:37.941+0000] {processor.py:186} INFO - Started process (PID=1994) to work on /home/airflow/.local/lib/python3.12/site-packages/airflow/example_dags/example_kubernetes_executor.py
[2025-12-16T07:38:37.945+0000] {processor.py:914} INFO - Processing file /home/airflow/.local/lib/python3.12/site-packages/airflow/example_dags/example_kubernetes_executor.py for tasks to queue
[2025-12-16T07:38:37.950+0000] {logging_mixin.py:190} INFO - [2025-12-16T07:38:37.949+0000] {dagbag.py:588} INFO - Filling up the DagBag from /home/airflow/.local/lib/python3.12/site-packages/airflow/example_dags/example_kubernetes_executor.py
[2025-12-16T07:38:38.038+0000] {processor.py:925} INFO - DAG(s) 'example_kubernetes_executor' retrieved from /home/airflow/.local/lib/python3.12/site-packages/airflow/example_dags/example_kubernetes_executor.py
[2025-12-16T07:38:38.152+0000] {logging_mixin.py:190} INFO - [2025-12-16T07:38:38.151+0000] {dag.py:3239} INFO - Sync 1 DAGs
[2025-12-16T07:38:38.226+0000] {logging_mixin.py:190} INFO - [2025-12-16T07:38:38.225+0000] {dag.py:4180} INFO - Setting next_dagrun for example_kubernetes_executor to None, run_after=None
[2025-12-16T07:38:38.309+0000] {processor.py:208} INFO - Processing /home/airflow/.local/lib/python3.12/site-packages/airflow/example_dags/example_kubernetes_executor.py took 0.391 seconds
[2025-12-16T07:39:08.597+0000] {processor.py:186} INFO - Started process (PID=2065) to work on /home/airflow/.local/lib/python3.12/site-packages/airflow/example_dags/example_kubernetes_executor.py
[2025-12-16T07:39:08.600+0000] {processor.py:914} INFO - Processing file /home/airflow/.local/lib/python3.12/site-packages/airflow/example_dags/example_kubernetes_executor.py for tasks to queue
[2025-12-16T07:39:08.606+0000] {logging_mixin.py:190} INFO - [2025-12-16T07:39:08.605+0000] {dagbag.py:588} INFO - Filling up the DagBag from /home/airflow/.local/lib/python3.12/site-packages/airflow/example_dags/example_kubernetes_executor.py
[2025-12-16T07:39:08.669+0000] {processor.py:925} INFO - DAG(s) 'example_kubernetes_executor' retrieved from /home/airflow/.local/lib/python3.12/site-packages/airflow/example_dags/example_kubernetes_executor.py
[2025-12-16T07:39:08.780+0000] {logging_mixin.py:190} INFO - [2025-12-16T07:39:08.779+0000] {dag.py:3239} INFO - Sync 1 DAGs
[2025-12-16T07:39:08.840+0000] {logging_mixin.py:190} INFO - [2025-12-16T07:39:08.839+0000] {dag.py:4180} INFO - Setting next_dagrun for example_kubernetes_executor to None, run_after=None
[2025-12-16T07:39:08.906+0000] {processor.py:208} INFO - Processing /home/airflow/.local/lib/python3.12/site-packages/airflow/example_dags/example_kubernetes_executor.py took 0.332 seconds
[2025-12-16T07:52:00.891+0000] {processor.py:186} INFO - Started process (PID=2145) to work on /home/airflow/.local/lib/python3.12/site-packages/airflow/example_dags/example_kubernetes_executor.py
[2025-12-16T07:52:00.905+0000] {processor.py:914} INFO - Processing file /home/airflow/.local/lib/python3.12/site-packages/airflow/example_dags/example_kubernetes_executor.py for tasks to queue
[2025-12-16T07:52:00.937+0000] {logging_mixin.py:190} INFO - [2025-12-16T07:52:00.936+0000] {dagbag.py:588} INFO - Filling up the DagBag from /home/airflow/.local/lib/python3.12/site-packages/airflow/example_dags/example_kubernetes_executor.py
[2025-12-16T07:52:01.137+0000] {processor.py:925} INFO - DAG(s) 'example_kubernetes_executor' retrieved from /home/airflow/.local/lib/python3.12/site-packages/airflow/example_dags/example_kubernetes_executor.py
[2025-12-16T07:52:01.607+0000] {logging_mixin.py:190} INFO - [2025-12-16T07:52:01.606+0000] {dag.py:3239} INFO - Sync 1 DAGs
[2025-12-16T07:52:01.974+0000] {logging_mixin.py:190} INFO - [2025-12-16T07:52:01.973+0000] {dag.py:4180} INFO - Setting next_dagrun for example_kubernetes_executor to None, run_after=None
[2025-12-16T07:52:02.276+0000] {processor.py:208} INFO - Processing /home/airflow/.local/lib/python3.12/site-packages/airflow/example_dags/example_kubernetes_executor.py took 1.443 seconds
[2025-12-16T07:53:13.511+0000] {processor.py:186} INFO - Started process (PID=2231) to work on /home/airflow/.local/lib/python3.12/site-packages/airflow/example_dags/example_kubernetes_executor.py
[2025-12-16T07:53:13.519+0000] {processor.py:914} INFO - Processing file /home/airflow/.local/lib/python3.12/site-packages/airflow/example_dags/example_kubernetes_executor.py for tasks to queue
[2025-12-16T07:53:13.538+0000] {logging_mixin.py:190} INFO - [2025-12-16T07:53:13.537+0000] {dagbag.py:588} INFO - Filling up the DagBag from /home/airflow/.local/lib/python3.12/site-packages/airflow/example_dags/example_kubernetes_executor.py
[2025-12-16T07:53:13.868+0000] {processor.py:925} INFO - DAG(s) 'example_kubernetes_executor' retrieved from /home/airflow/.local/lib/python3.12/site-packages/airflow/example_dags/example_kubernetes_executor.py
[2025-12-16T07:53:14.345+0000] {logging_mixin.py:190} INFO - [2025-12-16T07:53:14.344+0000] {dag.py:3239} INFO - Sync 1 DAGs
[2025-12-16T07:53:14.577+0000] {logging_mixin.py:190} INFO - [2025-12-16T07:53:14.576+0000] {dag.py:4180} INFO - Setting next_dagrun for example_kubernetes_executor to None, run_after=None
[2025-12-16T07:53:14.829+0000] {processor.py:208} INFO - Processing /home/airflow/.local/lib/python3.12/site-packages/airflow/example_dags/example_kubernetes_executor.py took 1.382 seconds
[2025-12-16T07:54:19.483+0000] {processor.py:186} INFO - Started process (PID=2310) to work on /home/airflow/.local/lib/python3.12/site-packages/airflow/example_dags/example_kubernetes_executor.py
[2025-12-16T07:54:19.488+0000] {processor.py:914} INFO - Processing file /home/airflow/.local/lib/python3.12/site-packages/airflow/example_dags/example_kubernetes_executor.py for tasks to queue
[2025-12-16T07:54:19.504+0000] {logging_mixin.py:190} INFO - [2025-12-16T07:54:19.503+0000] {dagbag.py:588} INFO - Filling up the DagBag from /home/airflow/.local/lib/python3.12/site-packages/airflow/example_dags/example_kubernetes_executor.py
[2025-12-16T07:54:19.696+0000] {processor.py:925} INFO - DAG(s) 'example_kubernetes_executor' retrieved from /home/airflow/.local/lib/python3.12/site-packages/airflow/example_dags/example_kubernetes_executor.py
[2025-12-16T07:54:19.929+0000] {logging_mixin.py:190} INFO - [2025-12-16T07:54:19.928+0000] {dag.py:3239} INFO - Sync 1 DAGs
[2025-12-16T07:54:20.024+0000] {logging_mixin.py:190} INFO - [2025-12-16T07:54:20.024+0000] {dag.py:4180} INFO - Setting next_dagrun for example_kubernetes_executor to None, run_after=None
[2025-12-16T07:54:20.191+0000] {processor.py:208} INFO - Processing /home/airflow/.local/lib/python3.12/site-packages/airflow/example_dags/example_kubernetes_executor.py took 0.776 seconds
[2025-12-16T07:55:11.118+0000] {processor.py:186} INFO - Started process (PID=2388) to work on /home/airflow/.local/lib/python3.12/site-packages/airflow/example_dags/example_kubernetes_executor.py
[2025-12-16T07:55:11.122+0000] {processor.py:914} INFO - Processing file /home/airflow/.local/lib/python3.12/site-packages/airflow/example_dags/example_kubernetes_executor.py for tasks to queue
[2025-12-16T07:55:11.126+0000] {logging_mixin.py:190} INFO - [2025-12-16T07:55:11.125+0000] {dagbag.py:588} INFO - Filling up the DagBag from /home/airflow/.local/lib/python3.12/site-packages/airflow/example_dags/example_kubernetes_executor.py
[2025-12-16T07:55:11.217+0000] {processor.py:925} INFO - DAG(s) 'example_kubernetes_executor' retrieved from /home/airflow/.local/lib/python3.12/site-packages/airflow/example_dags/example_kubernetes_executor.py
[2025-12-16T07:55:11.332+0000] {logging_mixin.py:190} INFO - [2025-12-16T07:55:11.331+0000] {dag.py:3239} INFO - Sync 1 DAGs
[2025-12-16T07:55:11.435+0000] {logging_mixin.py:190} INFO - [2025-12-16T07:55:11.434+0000] {dag.py:4180} INFO - Setting next_dagrun for example_kubernetes_executor to None, run_after=None
[2025-12-16T07:55:11.615+0000] {processor.py:208} INFO - Processing /home/airflow/.local/lib/python3.12/site-packages/airflow/example_dags/example_kubernetes_executor.py took 0.517 seconds
[2025-12-16T07:55:51.953+0000] {processor.py:186} INFO - Started process (PID=2460) to work on /home/airflow/.local/lib/python3.12/site-packages/airflow/example_dags/example_kubernetes_executor.py
[2025-12-16T07:55:51.957+0000] {processor.py:914} INFO - Processing file /home/airflow/.local/lib/python3.12/site-packages/airflow/example_dags/example_kubernetes_executor.py for tasks to queue
[2025-12-16T07:55:51.962+0000] {logging_mixin.py:190} INFO - [2025-12-16T07:55:51.960+0000] {dagbag.py:588} INFO - Filling up the DagBag from /home/airflow/.local/lib/python3.12/site-packages/airflow/example_dags/example_kubernetes_executor.py
[2025-12-16T07:55:52.063+0000] {processor.py:925} INFO - DAG(s) 'example_kubernetes_executor' retrieved from /home/airflow/.local/lib/python3.12/site-packages/airflow/example_dags/example_kubernetes_executor.py
[2025-12-16T07:55:52.203+0000] {logging_mixin.py:190} INFO - [2025-12-16T07:55:52.203+0000] {dag.py:3239} INFO - Sync 1 DAGs
[2025-12-16T07:55:52.301+0000] {logging_mixin.py:190} INFO - [2025-12-16T07:55:52.301+0000] {dag.py:4180} INFO - Setting next_dagrun for example_kubernetes_executor to None, run_after=None
[2025-12-16T07:55:52.433+0000] {processor.py:208} INFO - Processing /home/airflow/.local/lib/python3.12/site-packages/airflow/example_dags/example_kubernetes_executor.py took 0.499 seconds
[2025-12-16T07:56:30.286+0000] {processor.py:186} INFO - Started process (PID=2532) to work on /home/airflow/.local/lib/python3.12/site-packages/airflow/example_dags/example_kubernetes_executor.py
[2025-12-16T07:56:30.289+0000] {processor.py:914} INFO - Processing file /home/airflow/.local/lib/python3.12/site-packages/airflow/example_dags/example_kubernetes_executor.py for tasks to queue
[2025-12-16T07:56:30.294+0000] {logging_mixin.py:190} INFO - [2025-12-16T07:56:30.293+0000] {dagbag.py:588} INFO - Filling up the DagBag from /home/airflow/.local/lib/python3.12/site-packages/airflow/example_dags/example_kubernetes_executor.py
[2025-12-16T07:56:30.381+0000] {processor.py:925} INFO - DAG(s) 'example_kubernetes_executor' retrieved from /home/airflow/.local/lib/python3.12/site-packages/airflow/example_dags/example_kubernetes_executor.py
[2025-12-16T07:56:30.485+0000] {logging_mixin.py:190} INFO - [2025-12-16T07:56:30.478+0000] {dag.py:3239} INFO - Sync 1 DAGs
[2025-12-16T07:56:30.646+0000] {logging_mixin.py:190} INFO - [2025-12-16T07:56:30.635+0000] {dag.py:4180} INFO - Setting next_dagrun for example_kubernetes_executor to None, run_after=None
[2025-12-16T07:56:30.741+0000] {processor.py:208} INFO - Processing /home/airflow/.local/lib/python3.12/site-packages/airflow/example_dags/example_kubernetes_executor.py took 0.488 seconds
[2025-12-16T07:57:07.164+0000] {processor.py:186} INFO - Started process (PID=2610) to work on /home/airflow/.local/lib/python3.12/site-packages/airflow/example_dags/example_kubernetes_executor.py
[2025-12-16T07:57:07.169+0000] {processor.py:914} INFO - Processing file /home/airflow/.local/lib/python3.12/site-packages/airflow/example_dags/example_kubernetes_executor.py for tasks to queue
[2025-12-16T07:57:07.181+0000] {logging_mixin.py:190} INFO - [2025-12-16T07:57:07.180+0000] {dagbag.py:588} INFO - Filling up the DagBag from /home/airflow/.local/lib/python3.12/site-packages/airflow/example_dags/example_kubernetes_executor.py
[2025-12-16T07:57:07.375+0000] {processor.py:925} INFO - DAG(s) 'example_kubernetes_executor' retrieved from /home/airflow/.local/lib/python3.12/site-packages/airflow/example_dags/example_kubernetes_executor.py
[2025-12-16T07:57:07.689+0000] {logging_mixin.py:190} INFO - [2025-12-16T07:57:07.688+0000] {dag.py:3239} INFO - Sync 1 DAGs
[2025-12-16T07:57:07.806+0000] {logging_mixin.py:190} INFO - [2025-12-16T07:57:07.806+0000] {dag.py:4180} INFO - Setting next_dagrun for example_kubernetes_executor to None, run_after=None
[2025-12-16T07:57:07.936+0000] {processor.py:208} INFO - Processing /home/airflow/.local/lib/python3.12/site-packages/airflow/example_dags/example_kubernetes_executor.py took 0.823 seconds
[2025-12-16T07:57:48.062+0000] {processor.py:186} INFO - Started process (PID=2689) to work on /home/airflow/.local/lib/python3.12/site-packages/airflow/example_dags/example_kubernetes_executor.py
[2025-12-16T07:57:48.069+0000] {processor.py:914} INFO - Processing file /home/airflow/.local/lib/python3.12/site-packages/airflow/example_dags/example_kubernetes_executor.py for tasks to queue
[2025-12-16T07:57:48.074+0000] {logging_mixin.py:190} INFO - [2025-12-16T07:57:48.073+0000] {dagbag.py:588} INFO - Filling up the DagBag from /home/airflow/.local/lib/python3.12/site-packages/airflow/example_dags/example_kubernetes_executor.py
[2025-12-16T07:57:48.175+0000] {processor.py:925} INFO - DAG(s) 'example_kubernetes_executor' retrieved from /home/airflow/.local/lib/python3.12/site-packages/airflow/example_dags/example_kubernetes_executor.py
[2025-12-16T07:57:48.313+0000] {logging_mixin.py:190} INFO - [2025-12-16T07:57:48.313+0000] {dag.py:3239} INFO - Sync 1 DAGs
[2025-12-16T07:57:48.369+0000] {logging_mixin.py:190} INFO - [2025-12-16T07:57:48.368+0000] {dag.py:4180} INFO - Setting next_dagrun for example_kubernetes_executor to None, run_after=None
[2025-12-16T07:57:48.433+0000] {processor.py:208} INFO - Processing /home/airflow/.local/lib/python3.12/site-packages/airflow/example_dags/example_kubernetes_executor.py took 0.393 seconds
[2025-12-16T07:58:29.139+0000] {processor.py:186} INFO - Started process (PID=2762) to work on /home/airflow/.local/lib/python3.12/site-packages/airflow/example_dags/example_kubernetes_executor.py
[2025-12-16T07:58:29.142+0000] {processor.py:914} INFO - Processing file /home/airflow/.local/lib/python3.12/site-packages/airflow/example_dags/example_kubernetes_executor.py for tasks to queue
[2025-12-16T07:58:29.146+0000] {logging_mixin.py:190} INFO - [2025-12-16T07:58:29.145+0000] {dagbag.py:588} INFO - Filling up the DagBag from /home/airflow/.local/lib/python3.12/site-packages/airflow/example_dags/example_kubernetes_executor.py
[2025-12-16T07:58:29.253+0000] {processor.py:925} INFO - DAG(s) 'example_kubernetes_executor' retrieved from /home/airflow/.local/lib/python3.12/site-packages/airflow/example_dags/example_kubernetes_executor.py
[2025-12-16T07:58:29.355+0000] {logging_mixin.py:190} INFO - [2025-12-16T07:58:29.355+0000] {dag.py:3239} INFO - Sync 1 DAGs
[2025-12-16T07:58:29.424+0000] {logging_mixin.py:190} INFO - [2025-12-16T07:58:29.423+0000] {dag.py:4180} INFO - Setting next_dagrun for example_kubernetes_executor to None, run_after=None
[2025-12-16T07:58:29.477+0000] {processor.py:208} INFO - Processing /home/airflow/.local/lib/python3.12/site-packages/airflow/example_dags/example_kubernetes_executor.py took 0.370 seconds
[2025-12-16T07:59:05.535+0000] {processor.py:186} INFO - Started process (PID=2835) to work on /home/airflow/.local/lib/python3.12/site-packages/airflow/example_dags/example_kubernetes_executor.py
[2025-12-16T07:59:05.541+0000] {processor.py:914} INFO - Processing file /home/airflow/.local/lib/python3.12/site-packages/airflow/example_dags/example_kubernetes_executor.py for tasks to queue
[2025-12-16T07:59:05.546+0000] {logging_mixin.py:190} INFO - [2025-12-16T07:59:05.545+0000] {dagbag.py:588} INFO - Filling up the DagBag from /home/airflow/.local/lib/python3.12/site-packages/airflow/example_dags/example_kubernetes_executor.py
[2025-12-16T07:59:05.605+0000] {processor.py:925} INFO - DAG(s) 'example_kubernetes_executor' retrieved from /home/airflow/.local/lib/python3.12/site-packages/airflow/example_dags/example_kubernetes_executor.py
[2025-12-16T07:59:05.737+0000] {logging_mixin.py:190} INFO - [2025-12-16T07:59:05.736+0000] {dag.py:3239} INFO - Sync 1 DAGs
[2025-12-16T07:59:05.890+0000] {logging_mixin.py:190} INFO - [2025-12-16T07:59:05.889+0000] {dag.py:4180} INFO - Setting next_dagrun for example_kubernetes_executor to None, run_after=None
[2025-12-16T07:59:05.981+0000] {processor.py:208} INFO - Processing /home/airflow/.local/lib/python3.12/site-packages/airflow/example_dags/example_kubernetes_executor.py took 0.468 seconds
[2025-12-16T08:00:00.489+0000] {processor.py:186} INFO - Started process (PID=2923) to work on /home/airflow/.local/lib/python3.12/site-packages/airflow/example_dags/example_kubernetes_executor.py
[2025-12-16T08:00:00.497+0000] {processor.py:914} INFO - Processing file /home/airflow/.local/lib/python3.12/site-packages/airflow/example_dags/example_kubernetes_executor.py for tasks to queue
[2025-12-16T08:00:00.502+0000] {logging_mixin.py:190} INFO - [2025-12-16T08:00:00.501+0000] {dagbag.py:588} INFO - Filling up the DagBag from /home/airflow/.local/lib/python3.12/site-packages/airflow/example_dags/example_kubernetes_executor.py
[2025-12-16T08:00:00.608+0000] {processor.py:925} INFO - DAG(s) 'example_kubernetes_executor' retrieved from /home/airflow/.local/lib/python3.12/site-packages/airflow/example_dags/example_kubernetes_executor.py
[2025-12-16T08:00:00.786+0000] {logging_mixin.py:190} INFO - [2025-12-16T08:00:00.785+0000] {dag.py:3239} INFO - Sync 1 DAGs
[2025-12-16T08:00:00.904+0000] {logging_mixin.py:190} INFO - [2025-12-16T08:00:00.904+0000] {dag.py:4180} INFO - Setting next_dagrun for example_kubernetes_executor to None, run_after=None
[2025-12-16T08:00:01.034+0000] {processor.py:208} INFO - Processing /home/airflow/.local/lib/python3.12/site-packages/airflow/example_dags/example_kubernetes_executor.py took 0.618 seconds
[2025-12-16T08:00:37.537+0000] {processor.py:186} INFO - Started process (PID=2995) to work on /home/airflow/.local/lib/python3.12/site-packages/airflow/example_dags/example_kubernetes_executor.py
[2025-12-16T08:00:37.551+0000] {processor.py:914} INFO - Processing file /home/airflow/.local/lib/python3.12/site-packages/airflow/example_dags/example_kubernetes_executor.py for tasks to queue
[2025-12-16T08:00:37.572+0000] {logging_mixin.py:190} INFO - [2025-12-16T08:00:37.570+0000] {dagbag.py:588} INFO - Filling up the DagBag from /home/airflow/.local/lib/python3.12/site-packages/airflow/example_dags/example_kubernetes_executor.py
[2025-12-16T08:00:37.689+0000] {processor.py:925} INFO - DAG(s) 'example_kubernetes_executor' retrieved from /home/airflow/.local/lib/python3.12/site-packages/airflow/example_dags/example_kubernetes_executor.py
[2025-12-16T08:00:37.810+0000] {logging_mixin.py:190} INFO - [2025-12-16T08:00:37.808+0000] {dag.py:3239} INFO - Sync 1 DAGs
[2025-12-16T08:00:37.879+0000] {logging_mixin.py:190} INFO - [2025-12-16T08:00:37.879+0000] {dag.py:4180} INFO - Setting next_dagrun for example_kubernetes_executor to None, run_after=None
[2025-12-16T08:00:37.978+0000] {processor.py:208} INFO - Processing /home/airflow/.local/lib/python3.12/site-packages/airflow/example_dags/example_kubernetes_executor.py took 0.494 seconds
[2025-12-16T08:01:11.585+0000] {processor.py:186} INFO - Started process (PID=3073) to work on /home/airflow/.local/lib/python3.12/site-packages/airflow/example_dags/example_kubernetes_executor.py
[2025-12-16T08:01:11.588+0000] {processor.py:914} INFO - Processing file /home/airflow/.local/lib/python3.12/site-packages/airflow/example_dags/example_kubernetes_executor.py for tasks to queue
[2025-12-16T08:01:11.593+0000] {logging_mixin.py:190} INFO - [2025-12-16T08:01:11.592+0000] {dagbag.py:588} INFO - Filling up the DagBag from /home/airflow/.local/lib/python3.12/site-packages/airflow/example_dags/example_kubernetes_executor.py
[2025-12-16T08:01:11.655+0000] {processor.py:925} INFO - DAG(s) 'example_kubernetes_executor' retrieved from /home/airflow/.local/lib/python3.12/site-packages/airflow/example_dags/example_kubernetes_executor.py
[2025-12-16T08:01:11.759+0000] {logging_mixin.py:190} INFO - [2025-12-16T08:01:11.759+0000] {dag.py:3239} INFO - Sync 1 DAGs
[2025-12-16T08:01:11.838+0000] {logging_mixin.py:190} INFO - [2025-12-16T08:01:11.837+0000] {dag.py:4180} INFO - Setting next_dagrun for example_kubernetes_executor to None, run_after=None
[2025-12-16T08:01:11.916+0000] {processor.py:208} INFO - Processing /home/airflow/.local/lib/python3.12/site-packages/airflow/example_dags/example_kubernetes_executor.py took 0.347 seconds
[2025-12-16T08:01:54.442+0000] {processor.py:186} INFO - Started process (PID=3146) to work on /home/airflow/.local/lib/python3.12/site-packages/airflow/example_dags/example_kubernetes_executor.py
[2025-12-16T08:01:54.444+0000] {processor.py:914} INFO - Processing file /home/airflow/.local/lib/python3.12/site-packages/airflow/example_dags/example_kubernetes_executor.py for tasks to queue
[2025-12-16T08:01:54.451+0000] {logging_mixin.py:190} INFO - [2025-12-16T08:01:54.449+0000] {dagbag.py:588} INFO - Filling up the DagBag from /home/airflow/.local/lib/python3.12/site-packages/airflow/example_dags/example_kubernetes_executor.py
[2025-12-16T08:01:54.556+0000] {processor.py:925} INFO - DAG(s) 'example_kubernetes_executor' retrieved from /home/airflow/.local/lib/python3.12/site-packages/airflow/example_dags/example_kubernetes_executor.py
[2025-12-16T08:01:54.677+0000] {logging_mixin.py:190} INFO - [2025-12-16T08:01:54.676+0000] {dag.py:3239} INFO - Sync 1 DAGs
[2025-12-16T08:01:54.745+0000] {logging_mixin.py:190} INFO - [2025-12-16T08:01:54.745+0000] {dag.py:4180} INFO - Setting next_dagrun for example_kubernetes_executor to None, run_after=None
[2025-12-16T08:01:54.828+0000] {processor.py:208} INFO - Processing /home/airflow/.local/lib/python3.12/site-packages/airflow/example_dags/example_kubernetes_executor.py took 0.401 seconds
[2025-12-16T08:02:34.971+0000] {processor.py:186} INFO - Started process (PID=3219) to work on /home/airflow/.local/lib/python3.12/site-packages/airflow/example_dags/example_kubernetes_executor.py
[2025-12-16T08:02:35.001+0000] {processor.py:914} INFO - Processing file /home/airflow/.local/lib/python3.12/site-packages/airflow/example_dags/example_kubernetes_executor.py for tasks to queue
[2025-12-16T08:02:35.037+0000] {logging_mixin.py:190} INFO - [2025-12-16T08:02:35.036+0000] {dagbag.py:588} INFO - Filling up the DagBag from /home/airflow/.local/lib/python3.12/site-packages/airflow/example_dags/example_kubernetes_executor.py
[2025-12-16T08:02:35.227+0000] {processor.py:925} INFO - DAG(s) 'example_kubernetes_executor' retrieved from /home/airflow/.local/lib/python3.12/site-packages/airflow/example_dags/example_kubernetes_executor.py
[2025-12-16T08:02:35.471+0000] {logging_mixin.py:190} INFO - [2025-12-16T08:02:35.470+0000] {dag.py:3239} INFO - Sync 1 DAGs
[2025-12-16T08:02:35.576+0000] {logging_mixin.py:190} INFO - [2025-12-16T08:02:35.571+0000] {dag.py:4180} INFO - Setting next_dagrun for example_kubernetes_executor to None, run_after=None
[2025-12-16T08:02:35.684+0000] {processor.py:208} INFO - Processing /home/airflow/.local/lib/python3.12/site-packages/airflow/example_dags/example_kubernetes_executor.py took 0.770 seconds
[2025-12-16T08:03:09.200+0000] {processor.py:186} INFO - Started process (PID=3290) to work on /home/airflow/.local/lib/python3.12/site-packages/airflow/example_dags/example_kubernetes_executor.py
[2025-12-16T08:03:09.203+0000] {processor.py:914} INFO - Processing file /home/airflow/.local/lib/python3.12/site-packages/airflow/example_dags/example_kubernetes_executor.py for tasks to queue
[2025-12-16T08:03:09.206+0000] {logging_mixin.py:190} INFO - [2025-12-16T08:03:09.205+0000] {dagbag.py:588} INFO - Filling up the DagBag from /home/airflow/.local/lib/python3.12/site-packages/airflow/example_dags/example_kubernetes_executor.py
[2025-12-16T08:03:09.250+0000] {processor.py:925} INFO - DAG(s) 'example_kubernetes_executor' retrieved from /home/airflow/.local/lib/python3.12/site-packages/airflow/example_dags/example_kubernetes_executor.py
[2025-12-16T08:03:09.329+0000] {logging_mixin.py:190} INFO - [2025-12-16T08:03:09.317+0000] {dag.py:3239} INFO - Sync 1 DAGs
[2025-12-16T08:03:09.410+0000] {logging_mixin.py:190} INFO - [2025-12-16T08:03:09.409+0000] {dag.py:4180} INFO - Setting next_dagrun for example_kubernetes_executor to None, run_after=None
[2025-12-16T08:03:09.567+0000] {processor.py:208} INFO - Processing /home/airflow/.local/lib/python3.12/site-packages/airflow/example_dags/example_kubernetes_executor.py took 0.391 seconds
[2025-12-16T08:03:47.774+0000] {processor.py:186} INFO - Started process (PID=3372) to work on /home/airflow/.local/lib/python3.12/site-packages/airflow/example_dags/example_kubernetes_executor.py
[2025-12-16T08:03:47.777+0000] {processor.py:914} INFO - Processing file /home/airflow/.local/lib/python3.12/site-packages/airflow/example_dags/example_kubernetes_executor.py for tasks to queue
[2025-12-16T08:03:47.781+0000] {logging_mixin.py:190} INFO - [2025-12-16T08:03:47.780+0000] {dagbag.py:588} INFO - Filling up the DagBag from /home/airflow/.local/lib/python3.12/site-packages/airflow/example_dags/example_kubernetes_executor.py
[2025-12-16T08:03:47.825+0000] {processor.py:925} INFO - DAG(s) 'example_kubernetes_executor' retrieved from /home/airflow/.local/lib/python3.12/site-packages/airflow/example_dags/example_kubernetes_executor.py
[2025-12-16T08:03:47.888+0000] {logging_mixin.py:190} INFO - [2025-12-16T08:03:47.887+0000] {dag.py:3239} INFO - Sync 1 DAGs
[2025-12-16T08:03:47.929+0000] {logging_mixin.py:190} INFO - [2025-12-16T08:03:47.929+0000] {dag.py:4180} INFO - Setting next_dagrun for example_kubernetes_executor to None, run_after=None
[2025-12-16T08:03:47.977+0000] {processor.py:208} INFO - Processing /home/airflow/.local/lib/python3.12/site-packages/airflow/example_dags/example_kubernetes_executor.py took 0.220 seconds
[2025-12-16T08:04:27.832+0000] {processor.py:186} INFO - Started process (PID=3445) to work on /home/airflow/.local/lib/python3.12/site-packages/airflow/example_dags/example_kubernetes_executor.py
[2025-12-16T08:04:27.835+0000] {processor.py:914} INFO - Processing file /home/airflow/.local/lib/python3.12/site-packages/airflow/example_dags/example_kubernetes_executor.py for tasks to queue
[2025-12-16T08:04:27.843+0000] {logging_mixin.py:190} INFO - [2025-12-16T08:04:27.841+0000] {dagbag.py:588} INFO - Filling up the DagBag from /home/airflow/.local/lib/python3.12/site-packages/airflow/example_dags/example_kubernetes_executor.py
[2025-12-16T08:04:27.901+0000] {processor.py:925} INFO - DAG(s) 'example_kubernetes_executor' retrieved from /home/airflow/.local/lib/python3.12/site-packages/airflow/example_dags/example_kubernetes_executor.py
[2025-12-16T08:04:27.990+0000] {logging_mixin.py:190} INFO - [2025-12-16T08:04:27.990+0000] {dag.py:3239} INFO - Sync 1 DAGs
[2025-12-16T08:04:28.041+0000] {logging_mixin.py:190} INFO - [2025-12-16T08:04:28.040+0000] {dag.py:4180} INFO - Setting next_dagrun for example_kubernetes_executor to None, run_after=None
[2025-12-16T08:04:28.111+0000] {processor.py:208} INFO - Processing /home/airflow/.local/lib/python3.12/site-packages/airflow/example_dags/example_kubernetes_executor.py took 0.297 seconds
[2025-12-16T08:05:09.572+0000] {processor.py:186} INFO - Started process (PID=3526) to work on /home/airflow/.local/lib/python3.12/site-packages/airflow/example_dags/example_kubernetes_executor.py
[2025-12-16T08:05:09.576+0000] {processor.py:914} INFO - Processing file /home/airflow/.local/lib/python3.12/site-packages/airflow/example_dags/example_kubernetes_executor.py for tasks to queue
[2025-12-16T08:05:09.581+0000] {logging_mixin.py:190} INFO - [2025-12-16T08:05:09.580+0000] {dagbag.py:588} INFO - Filling up the DagBag from /home/airflow/.local/lib/python3.12/site-packages/airflow/example_dags/example_kubernetes_executor.py
[2025-12-16T08:05:09.636+0000] {processor.py:925} INFO - DAG(s) 'example_kubernetes_executor' retrieved from /home/airflow/.local/lib/python3.12/site-packages/airflow/example_dags/example_kubernetes_executor.py
[2025-12-16T08:05:09.762+0000] {logging_mixin.py:190} INFO - [2025-12-16T08:05:09.761+0000] {dag.py:3239} INFO - Sync 1 DAGs
[2025-12-16T08:05:09.820+0000] {logging_mixin.py:190} INFO - [2025-12-16T08:05:09.819+0000] {dag.py:4180} INFO - Setting next_dagrun for example_kubernetes_executor to None, run_after=None
[2025-12-16T08:05:09.889+0000] {processor.py:208} INFO - Processing /home/airflow/.local/lib/python3.12/site-packages/airflow/example_dags/example_kubernetes_executor.py took 0.335 seconds
[2025-12-16T08:05:45.853+0000] {processor.py:186} INFO - Started process (PID=3599) to work on /home/airflow/.local/lib/python3.12/site-packages/airflow/example_dags/example_kubernetes_executor.py
[2025-12-16T08:05:45.871+0000] {processor.py:914} INFO - Processing file /home/airflow/.local/lib/python3.12/site-packages/airflow/example_dags/example_kubernetes_executor.py for tasks to queue
[2025-12-16T08:05:45.882+0000] {logging_mixin.py:190} INFO - [2025-12-16T08:05:45.881+0000] {dagbag.py:588} INFO - Filling up the DagBag from /home/airflow/.local/lib/python3.12/site-packages/airflow/example_dags/example_kubernetes_executor.py
[2025-12-16T08:05:45.960+0000] {processor.py:925} INFO - DAG(s) 'example_kubernetes_executor' retrieved from /home/airflow/.local/lib/python3.12/site-packages/airflow/example_dags/example_kubernetes_executor.py
[2025-12-16T08:05:46.051+0000] {logging_mixin.py:190} INFO - [2025-12-16T08:05:46.050+0000] {dag.py:3239} INFO - Sync 1 DAGs
[2025-12-16T08:05:46.104+0000] {logging_mixin.py:190} INFO - [2025-12-16T08:05:46.103+0000] {dag.py:4180} INFO - Setting next_dagrun for example_kubernetes_executor to None, run_after=None
[2025-12-16T08:05:46.196+0000] {processor.py:208} INFO - Processing /home/airflow/.local/lib/python3.12/site-packages/airflow/example_dags/example_kubernetes_executor.py took 0.379 seconds
[2025-12-16T08:06:36.575+0000] {processor.py:186} INFO - Started process (PID=3674) to work on /home/airflow/.local/lib/python3.12/site-packages/airflow/example_dags/example_kubernetes_executor.py
[2025-12-16T08:06:36.590+0000] {processor.py:914} INFO - Processing file /home/airflow/.local/lib/python3.12/site-packages/airflow/example_dags/example_kubernetes_executor.py for tasks to queue
[2025-12-16T08:06:36.625+0000] {logging_mixin.py:190} INFO - [2025-12-16T08:06:36.624+0000] {dagbag.py:588} INFO - Filling up the DagBag from /home/airflow/.local/lib/python3.12/site-packages/airflow/example_dags/example_kubernetes_executor.py
[2025-12-16T08:06:36.900+0000] {processor.py:925} INFO - DAG(s) 'example_kubernetes_executor' retrieved from /home/airflow/.local/lib/python3.12/site-packages/airflow/example_dags/example_kubernetes_executor.py
[2025-12-16T08:06:37.384+0000] {logging_mixin.py:190} INFO - [2025-12-16T08:06:37.383+0000] {dag.py:3239} INFO - Sync 1 DAGs
[2025-12-16T08:06:37.558+0000] {logging_mixin.py:190} INFO - [2025-12-16T08:06:37.557+0000] {dag.py:4180} INFO - Setting next_dagrun for example_kubernetes_executor to None, run_after=None
[2025-12-16T08:06:37.799+0000] {processor.py:208} INFO - Processing /home/airflow/.local/lib/python3.12/site-packages/airflow/example_dags/example_kubernetes_executor.py took 1.286 seconds
[2025-12-16T08:09:27.443+0000] {processor.py:186} INFO - Started process (PID=3779) to work on /home/airflow/.local/lib/python3.12/site-packages/airflow/example_dags/example_kubernetes_executor.py
[2025-12-16T08:09:27.447+0000] {processor.py:914} INFO - Processing file /home/airflow/.local/lib/python3.12/site-packages/airflow/example_dags/example_kubernetes_executor.py for tasks to queue
[2025-12-16T08:09:27.452+0000] {logging_mixin.py:190} INFO - [2025-12-16T08:09:27.450+0000] {dagbag.py:588} INFO - Filling up the DagBag from /home/airflow/.local/lib/python3.12/site-packages/airflow/example_dags/example_kubernetes_executor.py
[2025-12-16T08:09:27.538+0000] {processor.py:925} INFO - DAG(s) 'example_kubernetes_executor' retrieved from /home/airflow/.local/lib/python3.12/site-packages/airflow/example_dags/example_kubernetes_executor.py
[2025-12-16T08:09:27.613+0000] {logging_mixin.py:190} INFO - [2025-12-16T08:09:27.613+0000] {dag.py:3239} INFO - Sync 1 DAGs
[2025-12-16T08:09:28.269+0000] {logging_mixin.py:190} INFO - [2025-12-16T08:09:28.268+0000] {dag.py:4180} INFO - Setting next_dagrun for example_kubernetes_executor to None, run_after=None
[2025-12-16T08:09:28.324+0000] {processor.py:208} INFO - Processing /home/airflow/.local/lib/python3.12/site-packages/airflow/example_dags/example_kubernetes_executor.py took 0.900 seconds
[2025-12-16T08:15:48.359+0000] {processor.py:186} INFO - Started process (PID=3884) to work on /home/airflow/.local/lib/python3.12/site-packages/airflow/example_dags/example_kubernetes_executor.py
[2025-12-16T08:15:48.365+0000] {processor.py:914} INFO - Processing file /home/airflow/.local/lib/python3.12/site-packages/airflow/example_dags/example_kubernetes_executor.py for tasks to queue
[2025-12-16T08:15:48.398+0000] {logging_mixin.py:190} INFO - [2025-12-16T08:15:48.397+0000] {dagbag.py:588} INFO - Filling up the DagBag from /home/airflow/.local/lib/python3.12/site-packages/airflow/example_dags/example_kubernetes_executor.py
[2025-12-16T08:15:48.614+0000] {processor.py:925} INFO - DAG(s) 'example_kubernetes_executor' retrieved from /home/airflow/.local/lib/python3.12/site-packages/airflow/example_dags/example_kubernetes_executor.py
[2025-12-16T08:15:49.606+0000] {logging_mixin.py:190} INFO - [2025-12-16T08:15:49.590+0000] {dag.py:3239} INFO - Sync 1 DAGs
[2025-12-16T08:15:50.790+0000] {logging_mixin.py:190} INFO - [2025-12-16T08:15:50.788+0000] {dag.py:4180} INFO - Setting next_dagrun for example_kubernetes_executor to None, run_after=None
[2025-12-16T08:15:51.243+0000] {processor.py:208} INFO - Processing /home/airflow/.local/lib/python3.12/site-packages/airflow/example_dags/example_kubernetes_executor.py took 3.029 seconds
[2025-12-16T08:17:00.697+0000] {processor.py:186} INFO - Started process (PID=3963) to work on /home/airflow/.local/lib/python3.12/site-packages/airflow/example_dags/example_kubernetes_executor.py
[2025-12-16T08:17:00.708+0000] {processor.py:914} INFO - Processing file /home/airflow/.local/lib/python3.12/site-packages/airflow/example_dags/example_kubernetes_executor.py for tasks to queue
[2025-12-16T08:17:00.712+0000] {logging_mixin.py:190} INFO - [2025-12-16T08:17:00.711+0000] {dagbag.py:588} INFO - Filling up the DagBag from /home/airflow/.local/lib/python3.12/site-packages/airflow/example_dags/example_kubernetes_executor.py
[2025-12-16T08:17:00.830+0000] {processor.py:925} INFO - DAG(s) 'example_kubernetes_executor' retrieved from /home/airflow/.local/lib/python3.12/site-packages/airflow/example_dags/example_kubernetes_executor.py
[2025-12-16T08:17:00.965+0000] {logging_mixin.py:190} INFO - [2025-12-16T08:17:00.965+0000] {dag.py:3239} INFO - Sync 1 DAGs
[2025-12-16T08:17:01.088+0000] {logging_mixin.py:190} INFO - [2025-12-16T08:17:01.088+0000] {dag.py:4180} INFO - Setting next_dagrun for example_kubernetes_executor to None, run_after=None
[2025-12-16T08:17:01.211+0000] {processor.py:208} INFO - Processing /home/airflow/.local/lib/python3.12/site-packages/airflow/example_dags/example_kubernetes_executor.py took 0.538 seconds
[2025-12-16T08:17:32.016+0000] {processor.py:186} INFO - Started process (PID=4035) to work on /home/airflow/.local/lib/python3.12/site-packages/airflow/example_dags/example_kubernetes_executor.py
[2025-12-16T08:17:32.019+0000] {processor.py:914} INFO - Processing file /home/airflow/.local/lib/python3.12/site-packages/airflow/example_dags/example_kubernetes_executor.py for tasks to queue
[2025-12-16T08:17:32.022+0000] {logging_mixin.py:190} INFO - [2025-12-16T08:17:32.021+0000] {dagbag.py:588} INFO - Filling up the DagBag from /home/airflow/.local/lib/python3.12/site-packages/airflow/example_dags/example_kubernetes_executor.py
[2025-12-16T08:17:32.066+0000] {processor.py:925} INFO - DAG(s) 'example_kubernetes_executor' retrieved from /home/airflow/.local/lib/python3.12/site-packages/airflow/example_dags/example_kubernetes_executor.py
[2025-12-16T08:17:32.141+0000] {logging_mixin.py:190} INFO - [2025-12-16T08:17:32.140+0000] {dag.py:3239} INFO - Sync 1 DAGs
[2025-12-16T08:17:32.239+0000] {logging_mixin.py:190} INFO - [2025-12-16T08:17:32.238+0000] {dag.py:4180} INFO - Setting next_dagrun for example_kubernetes_executor to None, run_after=None
[2025-12-16T08:17:32.321+0000] {processor.py:208} INFO - Processing /home/airflow/.local/lib/python3.12/site-packages/airflow/example_dags/example_kubernetes_executor.py took 0.339 seconds
[2025-12-16T08:18:10.614+0000] {processor.py:186} INFO - Started process (PID=4114) to work on /home/airflow/.local/lib/python3.12/site-packages/airflow/example_dags/example_kubernetes_executor.py
[2025-12-16T08:18:10.621+0000] {processor.py:914} INFO - Processing file /home/airflow/.local/lib/python3.12/site-packages/airflow/example_dags/example_kubernetes_executor.py for tasks to queue
[2025-12-16T08:18:10.628+0000] {logging_mixin.py:190} INFO - [2025-12-16T08:18:10.626+0000] {dagbag.py:588} INFO - Filling up the DagBag from /home/airflow/.local/lib/python3.12/site-packages/airflow/example_dags/example_kubernetes_executor.py
[2025-12-16T08:18:10.676+0000] {processor.py:925} INFO - DAG(s) 'example_kubernetes_executor' retrieved from /home/airflow/.local/lib/python3.12/site-packages/airflow/example_dags/example_kubernetes_executor.py
[2025-12-16T08:18:10.846+0000] {logging_mixin.py:190} INFO - [2025-12-16T08:18:10.845+0000] {dag.py:3239} INFO - Sync 1 DAGs
[2025-12-16T08:18:10.924+0000] {logging_mixin.py:190} INFO - [2025-12-16T08:18:10.923+0000] {dag.py:4180} INFO - Setting next_dagrun for example_kubernetes_executor to None, run_after=None
[2025-12-16T08:18:10.991+0000] {processor.py:208} INFO - Processing /home/airflow/.local/lib/python3.12/site-packages/airflow/example_dags/example_kubernetes_executor.py took 0.399 seconds
[2025-12-16T08:18:44.934+0000] {processor.py:186} INFO - Started process (PID=4185) to work on /home/airflow/.local/lib/python3.12/site-packages/airflow/example_dags/example_kubernetes_executor.py
[2025-12-16T08:18:44.937+0000] {processor.py:914} INFO - Processing file /home/airflow/.local/lib/python3.12/site-packages/airflow/example_dags/example_kubernetes_executor.py for tasks to queue
[2025-12-16T08:18:44.941+0000] {logging_mixin.py:190} INFO - [2025-12-16T08:18:44.940+0000] {dagbag.py:588} INFO - Filling up the DagBag from /home/airflow/.local/lib/python3.12/site-packages/airflow/example_dags/example_kubernetes_executor.py
[2025-12-16T08:18:45.005+0000] {processor.py:925} INFO - DAG(s) 'example_kubernetes_executor' retrieved from /home/airflow/.local/lib/python3.12/site-packages/airflow/example_dags/example_kubernetes_executor.py
[2025-12-16T08:18:45.113+0000] {logging_mixin.py:190} INFO - [2025-12-16T08:18:45.112+0000] {dag.py:3239} INFO - Sync 1 DAGs
[2025-12-16T08:18:45.214+0000] {logging_mixin.py:190} INFO - [2025-12-16T08:18:45.213+0000] {dag.py:4180} INFO - Setting next_dagrun for example_kubernetes_executor to None, run_after=None
[2025-12-16T08:18:45.301+0000] {processor.py:208} INFO - Processing /home/airflow/.local/lib/python3.12/site-packages/airflow/example_dags/example_kubernetes_executor.py took 0.386 seconds
[2025-12-16T08:19:23.944+0000] {processor.py:186} INFO - Started process (PID=4255) to work on /home/airflow/.local/lib/python3.12/site-packages/airflow/example_dags/example_kubernetes_executor.py
[2025-12-16T08:19:23.950+0000] {processor.py:914} INFO - Processing file /home/airflow/.local/lib/python3.12/site-packages/airflow/example_dags/example_kubernetes_executor.py for tasks to queue
[2025-12-16T08:19:23.960+0000] {logging_mixin.py:190} INFO - [2025-12-16T08:19:23.956+0000] {dagbag.py:588} INFO - Filling up the DagBag from /home/airflow/.local/lib/python3.12/site-packages/airflow/example_dags/example_kubernetes_executor.py
[2025-12-16T08:19:24.131+0000] {processor.py:925} INFO - DAG(s) 'example_kubernetes_executor' retrieved from /home/airflow/.local/lib/python3.12/site-packages/airflow/example_dags/example_kubernetes_executor.py
[2025-12-16T08:19:24.313+0000] {logging_mixin.py:190} INFO - [2025-12-16T08:19:24.312+0000] {dag.py:3239} INFO - Sync 1 DAGs
[2025-12-16T08:19:24.373+0000] {logging_mixin.py:190} INFO - [2025-12-16T08:19:24.372+0000] {dag.py:4180} INFO - Setting next_dagrun for example_kubernetes_executor to None, run_after=None
[2025-12-16T08:19:24.470+0000] {processor.py:208} INFO - Processing /home/airflow/.local/lib/python3.12/site-packages/airflow/example_dags/example_kubernetes_executor.py took 0.561 seconds
[2025-12-16T08:19:56.297+0000] {processor.py:186} INFO - Started process (PID=4327) to work on /home/airflow/.local/lib/python3.12/site-packages/airflow/example_dags/example_kubernetes_executor.py
[2025-12-16T08:19:56.301+0000] {processor.py:914} INFO - Processing file /home/airflow/.local/lib/python3.12/site-packages/airflow/example_dags/example_kubernetes_executor.py for tasks to queue
[2025-12-16T08:19:56.313+0000] {logging_mixin.py:190} INFO - [2025-12-16T08:19:56.307+0000] {dagbag.py:588} INFO - Filling up the DagBag from /home/airflow/.local/lib/python3.12/site-packages/airflow/example_dags/example_kubernetes_executor.py
[2025-12-16T08:19:56.386+0000] {processor.py:925} INFO - DAG(s) 'example_kubernetes_executor' retrieved from /home/airflow/.local/lib/python3.12/site-packages/airflow/example_dags/example_kubernetes_executor.py
[2025-12-16T08:19:56.469+0000] {logging_mixin.py:190} INFO - [2025-12-16T08:19:56.469+0000] {dag.py:3239} INFO - Sync 1 DAGs
[2025-12-16T08:19:56.533+0000] {logging_mixin.py:190} INFO - [2025-12-16T08:19:56.532+0000] {dag.py:4180} INFO - Setting next_dagrun for example_kubernetes_executor to None, run_after=None
[2025-12-16T08:19:56.714+0000] {processor.py:208} INFO - Processing /home/airflow/.local/lib/python3.12/site-packages/airflow/example_dags/example_kubernetes_executor.py took 0.456 seconds
[2025-12-16T08:20:29.256+0000] {processor.py:186} INFO - Started process (PID=4399) to work on /home/airflow/.local/lib/python3.12/site-packages/airflow/example_dags/example_kubernetes_executor.py
[2025-12-16T08:20:29.262+0000] {processor.py:914} INFO - Processing file /home/airflow/.local/lib/python3.12/site-packages/airflow/example_dags/example_kubernetes_executor.py for tasks to queue
[2025-12-16T08:20:29.279+0000] {logging_mixin.py:190} INFO - [2025-12-16T08:20:29.270+0000] {dagbag.py:588} INFO - Filling up the DagBag from /home/airflow/.local/lib/python3.12/site-packages/airflow/example_dags/example_kubernetes_executor.py
[2025-12-16T08:20:29.448+0000] {processor.py:925} INFO - DAG(s) 'example_kubernetes_executor' retrieved from /home/airflow/.local/lib/python3.12/site-packages/airflow/example_dags/example_kubernetes_executor.py
[2025-12-16T08:20:29.624+0000] {logging_mixin.py:190} INFO - [2025-12-16T08:20:29.619+0000] {dag.py:3239} INFO - Sync 1 DAGs
[2025-12-16T08:20:29.767+0000] {logging_mixin.py:190} INFO - [2025-12-16T08:20:29.766+0000] {dag.py:4180} INFO - Setting next_dagrun for example_kubernetes_executor to None, run_after=None
[2025-12-16T08:20:29.830+0000] {processor.py:208} INFO - Processing /home/airflow/.local/lib/python3.12/site-packages/airflow/example_dags/example_kubernetes_executor.py took 0.629 seconds
[2025-12-16T08:21:00.508+0000] {processor.py:186} INFO - Started process (PID=4470) to work on /home/airflow/.local/lib/python3.12/site-packages/airflow/example_dags/example_kubernetes_executor.py
[2025-12-16T08:21:00.520+0000] {processor.py:914} INFO - Processing file /home/airflow/.local/lib/python3.12/site-packages/airflow/example_dags/example_kubernetes_executor.py for tasks to queue
[2025-12-16T08:21:00.541+0000] {logging_mixin.py:190} INFO - [2025-12-16T08:21:00.539+0000] {dagbag.py:588} INFO - Filling up the DagBag from /home/airflow/.local/lib/python3.12/site-packages/airflow/example_dags/example_kubernetes_executor.py
[2025-12-16T08:21:00.751+0000] {processor.py:925} INFO - DAG(s) 'example_kubernetes_executor' retrieved from /home/airflow/.local/lib/python3.12/site-packages/airflow/example_dags/example_kubernetes_executor.py
[2025-12-16T08:21:00.944+0000] {logging_mixin.py:190} INFO - [2025-12-16T08:21:00.943+0000] {dag.py:3239} INFO - Sync 1 DAGs
[2025-12-16T08:21:01.040+0000] {logging_mixin.py:190} INFO - [2025-12-16T08:21:01.039+0000] {dag.py:4180} INFO - Setting next_dagrun for example_kubernetes_executor to None, run_after=None
[2025-12-16T08:21:01.157+0000] {processor.py:208} INFO - Processing /home/airflow/.local/lib/python3.12/site-packages/airflow/example_dags/example_kubernetes_executor.py took 0.710 seconds
[2025-12-16T08:21:31.600+0000] {processor.py:186} INFO - Started process (PID=4542) to work on /home/airflow/.local/lib/python3.12/site-packages/airflow/example_dags/example_kubernetes_executor.py
[2025-12-16T08:21:31.604+0000] {processor.py:914} INFO - Processing file /home/airflow/.local/lib/python3.12/site-packages/airflow/example_dags/example_kubernetes_executor.py for tasks to queue
[2025-12-16T08:21:31.612+0000] {logging_mixin.py:190} INFO - [2025-12-16T08:21:31.610+0000] {dagbag.py:588} INFO - Filling up the DagBag from /home/airflow/.local/lib/python3.12/site-packages/airflow/example_dags/example_kubernetes_executor.py
[2025-12-16T08:21:31.691+0000] {processor.py:925} INFO - DAG(s) 'example_kubernetes_executor' retrieved from /home/airflow/.local/lib/python3.12/site-packages/airflow/example_dags/example_kubernetes_executor.py
[2025-12-16T08:21:31.788+0000] {logging_mixin.py:190} INFO - [2025-12-16T08:21:31.787+0000] {dag.py:3239} INFO - Sync 1 DAGs
[2025-12-16T08:21:31.895+0000] {logging_mixin.py:190} INFO - [2025-12-16T08:21:31.894+0000] {dag.py:4180} INFO - Setting next_dagrun for example_kubernetes_executor to None, run_after=None
[2025-12-16T08:21:31.966+0000] {processor.py:208} INFO - Processing /home/airflow/.local/lib/python3.12/site-packages/airflow/example_dags/example_kubernetes_executor.py took 0.419 seconds
[2025-12-16T08:22:11.442+0000] {processor.py:186} INFO - Started process (PID=4622) to work on /home/airflow/.local/lib/python3.12/site-packages/airflow/example_dags/example_kubernetes_executor.py
[2025-12-16T08:22:11.444+0000] {processor.py:914} INFO - Processing file /home/airflow/.local/lib/python3.12/site-packages/airflow/example_dags/example_kubernetes_executor.py for tasks to queue
[2025-12-16T08:22:11.448+0000] {logging_mixin.py:190} INFO - [2025-12-16T08:22:11.447+0000] {dagbag.py:588} INFO - Filling up the DagBag from /home/airflow/.local/lib/python3.12/site-packages/airflow/example_dags/example_kubernetes_executor.py
[2025-12-16T08:22:11.489+0000] {processor.py:925} INFO - DAG(s) 'example_kubernetes_executor' retrieved from /home/airflow/.local/lib/python3.12/site-packages/airflow/example_dags/example_kubernetes_executor.py
[2025-12-16T08:22:11.577+0000] {logging_mixin.py:190} INFO - [2025-12-16T08:22:11.576+0000] {dag.py:3239} INFO - Sync 1 DAGs
[2025-12-16T08:22:11.621+0000] {logging_mixin.py:190} INFO - [2025-12-16T08:22:11.620+0000] {dag.py:4180} INFO - Setting next_dagrun for example_kubernetes_executor to None, run_after=None
[2025-12-16T08:22:11.666+0000] {processor.py:208} INFO - Processing /home/airflow/.local/lib/python3.12/site-packages/airflow/example_dags/example_kubernetes_executor.py took 0.239 seconds
[2025-12-16T08:22:44.680+0000] {processor.py:186} INFO - Started process (PID=4694) to work on /home/airflow/.local/lib/python3.12/site-packages/airflow/example_dags/example_kubernetes_executor.py
[2025-12-16T08:22:44.691+0000] {processor.py:914} INFO - Processing file /home/airflow/.local/lib/python3.12/site-packages/airflow/example_dags/example_kubernetes_executor.py for tasks to queue
[2025-12-16T08:22:44.699+0000] {logging_mixin.py:190} INFO - [2025-12-16T08:22:44.698+0000] {dagbag.py:588} INFO - Filling up the DagBag from /home/airflow/.local/lib/python3.12/site-packages/airflow/example_dags/example_kubernetes_executor.py
[2025-12-16T08:22:44.766+0000] {processor.py:925} INFO - DAG(s) 'example_kubernetes_executor' retrieved from /home/airflow/.local/lib/python3.12/site-packages/airflow/example_dags/example_kubernetes_executor.py
[2025-12-16T08:22:45.062+0000] {logging_mixin.py:190} INFO - [2025-12-16T08:22:45.059+0000] {dag.py:3239} INFO - Sync 1 DAGs
[2025-12-16T08:22:45.129+0000] {logging_mixin.py:190} INFO - [2025-12-16T08:22:45.129+0000] {dag.py:4180} INFO - Setting next_dagrun for example_kubernetes_executor to None, run_after=None
[2025-12-16T08:22:45.196+0000] {processor.py:208} INFO - Processing /home/airflow/.local/lib/python3.12/site-packages/airflow/example_dags/example_kubernetes_executor.py took 0.557 seconds
[2025-12-16T08:23:17.466+0000] {processor.py:186} INFO - Started process (PID=4760) to work on /home/airflow/.local/lib/python3.12/site-packages/airflow/example_dags/example_kubernetes_executor.py
[2025-12-16T08:23:17.474+0000] {processor.py:914} INFO - Processing file /home/airflow/.local/lib/python3.12/site-packages/airflow/example_dags/example_kubernetes_executor.py for tasks to queue
[2025-12-16T08:23:17.486+0000] {logging_mixin.py:190} INFO - [2025-12-16T08:23:17.479+0000] {dagbag.py:588} INFO - Filling up the DagBag from /home/airflow/.local/lib/python3.12/site-packages/airflow/example_dags/example_kubernetes_executor.py
[2025-12-16T08:23:17.543+0000] {processor.py:925} INFO - DAG(s) 'example_kubernetes_executor' retrieved from /home/airflow/.local/lib/python3.12/site-packages/airflow/example_dags/example_kubernetes_executor.py
[2025-12-16T08:23:17.717+0000] {logging_mixin.py:190} INFO - [2025-12-16T08:23:17.717+0000] {dag.py:3239} INFO - Sync 1 DAGs
[2025-12-16T08:23:17.800+0000] {logging_mixin.py:190} INFO - [2025-12-16T08:23:17.800+0000] {dag.py:4180} INFO - Setting next_dagrun for example_kubernetes_executor to None, run_after=None
[2025-12-16T08:23:17.889+0000] {processor.py:208} INFO - Processing /home/airflow/.local/lib/python3.12/site-packages/airflow/example_dags/example_kubernetes_executor.py took 0.445 seconds
[2025-12-16T08:23:48.980+0000] {processor.py:186} INFO - Started process (PID=4831) to work on /home/airflow/.local/lib/python3.12/site-packages/airflow/example_dags/example_kubernetes_executor.py
[2025-12-16T08:23:48.984+0000] {processor.py:914} INFO - Processing file /home/airflow/.local/lib/python3.12/site-packages/airflow/example_dags/example_kubernetes_executor.py for tasks to queue
[2025-12-16T08:23:49.001+0000] {logging_mixin.py:190} INFO - [2025-12-16T08:23:48.999+0000] {dagbag.py:588} INFO - Filling up the DagBag from /home/airflow/.local/lib/python3.12/site-packages/airflow/example_dags/example_kubernetes_executor.py
[2025-12-16T08:23:49.072+0000] {processor.py:925} INFO - DAG(s) 'example_kubernetes_executor' retrieved from /home/airflow/.local/lib/python3.12/site-packages/airflow/example_dags/example_kubernetes_executor.py
[2025-12-16T08:23:49.211+0000] {logging_mixin.py:190} INFO - [2025-12-16T08:23:49.210+0000] {dag.py:3239} INFO - Sync 1 DAGs
[2025-12-16T08:23:49.274+0000] {logging_mixin.py:190} INFO - [2025-12-16T08:23:49.274+0000] {dag.py:4180} INFO - Setting next_dagrun for example_kubernetes_executor to None, run_after=None
[2025-12-16T08:23:49.362+0000] {processor.py:208} INFO - Processing /home/airflow/.local/lib/python3.12/site-packages/airflow/example_dags/example_kubernetes_executor.py took 0.416 seconds
[2025-12-16T08:24:19.796+0000] {processor.py:186} INFO - Started process (PID=4903) to work on /home/airflow/.local/lib/python3.12/site-packages/airflow/example_dags/example_kubernetes_executor.py
[2025-12-16T08:24:19.800+0000] {processor.py:914} INFO - Processing file /home/airflow/.local/lib/python3.12/site-packages/airflow/example_dags/example_kubernetes_executor.py for tasks to queue
[2025-12-16T08:24:19.808+0000] {logging_mixin.py:190} INFO - [2025-12-16T08:24:19.804+0000] {dagbag.py:588} INFO - Filling up the DagBag from /home/airflow/.local/lib/python3.12/site-packages/airflow/example_dags/example_kubernetes_executor.py
[2025-12-16T08:24:19.854+0000] {processor.py:925} INFO - DAG(s) 'example_kubernetes_executor' retrieved from /home/airflow/.local/lib/python3.12/site-packages/airflow/example_dags/example_kubernetes_executor.py
[2025-12-16T08:24:19.964+0000] {logging_mixin.py:190} INFO - [2025-12-16T08:24:19.963+0000] {dag.py:3239} INFO - Sync 1 DAGs
[2025-12-16T08:24:20.004+0000] {logging_mixin.py:190} INFO - [2025-12-16T08:24:20.003+0000] {dag.py:4180} INFO - Setting next_dagrun for example_kubernetes_executor to None, run_after=None
[2025-12-16T08:24:20.108+0000] {processor.py:208} INFO - Processing /home/airflow/.local/lib/python3.12/site-packages/airflow/example_dags/example_kubernetes_executor.py took 0.330 seconds
[2025-12-16T08:24:51.516+0000] {processor.py:186} INFO - Started process (PID=4975) to work on /home/airflow/.local/lib/python3.12/site-packages/airflow/example_dags/example_kubernetes_executor.py
[2025-12-16T08:24:51.519+0000] {processor.py:914} INFO - Processing file /home/airflow/.local/lib/python3.12/site-packages/airflow/example_dags/example_kubernetes_executor.py for tasks to queue
[2025-12-16T08:24:51.523+0000] {logging_mixin.py:190} INFO - [2025-12-16T08:24:51.522+0000] {dagbag.py:588} INFO - Filling up the DagBag from /home/airflow/.local/lib/python3.12/site-packages/airflow/example_dags/example_kubernetes_executor.py
[2025-12-16T08:24:51.594+0000] {processor.py:925} INFO - DAG(s) 'example_kubernetes_executor' retrieved from /home/airflow/.local/lib/python3.12/site-packages/airflow/example_dags/example_kubernetes_executor.py
[2025-12-16T08:24:51.660+0000] {logging_mixin.py:190} INFO - [2025-12-16T08:24:51.659+0000] {dag.py:3239} INFO - Sync 1 DAGs
[2025-12-16T08:24:51.706+0000] {logging_mixin.py:190} INFO - [2025-12-16T08:24:51.705+0000] {dag.py:4180} INFO - Setting next_dagrun for example_kubernetes_executor to None, run_after=None
[2025-12-16T08:24:51.754+0000] {processor.py:208} INFO - Processing /home/airflow/.local/lib/python3.12/site-packages/airflow/example_dags/example_kubernetes_executor.py took 0.255 seconds
[2025-12-16T08:25:27.160+0000] {processor.py:186} INFO - Started process (PID=5049) to work on /home/airflow/.local/lib/python3.12/site-packages/airflow/example_dags/example_kubernetes_executor.py
[2025-12-16T08:25:27.164+0000] {processor.py:914} INFO - Processing file /home/airflow/.local/lib/python3.12/site-packages/airflow/example_dags/example_kubernetes_executor.py for tasks to queue
[2025-12-16T08:25:27.168+0000] {logging_mixin.py:190} INFO - [2025-12-16T08:25:27.167+0000] {dagbag.py:588} INFO - Filling up the DagBag from /home/airflow/.local/lib/python3.12/site-packages/airflow/example_dags/example_kubernetes_executor.py
[2025-12-16T08:25:27.211+0000] {processor.py:925} INFO - DAG(s) 'example_kubernetes_executor' retrieved from /home/airflow/.local/lib/python3.12/site-packages/airflow/example_dags/example_kubernetes_executor.py
[2025-12-16T08:25:27.279+0000] {logging_mixin.py:190} INFO - [2025-12-16T08:25:27.278+0000] {dag.py:3239} INFO - Sync 1 DAGs
[2025-12-16T08:25:27.326+0000] {logging_mixin.py:190} INFO - [2025-12-16T08:25:27.325+0000] {dag.py:4180} INFO - Setting next_dagrun for example_kubernetes_executor to None, run_after=None
[2025-12-16T08:25:27.390+0000] {processor.py:208} INFO - Processing /home/airflow/.local/lib/python3.12/site-packages/airflow/example_dags/example_kubernetes_executor.py took 0.244 seconds
[2025-12-16T08:26:02.110+0000] {processor.py:186} INFO - Started process (PID=5116) to work on /home/airflow/.local/lib/python3.12/site-packages/airflow/example_dags/example_kubernetes_executor.py
[2025-12-16T08:26:02.113+0000] {processor.py:914} INFO - Processing file /home/airflow/.local/lib/python3.12/site-packages/airflow/example_dags/example_kubernetes_executor.py for tasks to queue
[2025-12-16T08:26:02.117+0000] {logging_mixin.py:190} INFO - [2025-12-16T08:26:02.116+0000] {dagbag.py:588} INFO - Filling up the DagBag from /home/airflow/.local/lib/python3.12/site-packages/airflow/example_dags/example_kubernetes_executor.py
[2025-12-16T08:26:02.176+0000] {processor.py:925} INFO - DAG(s) 'example_kubernetes_executor' retrieved from /home/airflow/.local/lib/python3.12/site-packages/airflow/example_dags/example_kubernetes_executor.py
[2025-12-16T08:26:02.264+0000] {logging_mixin.py:190} INFO - [2025-12-16T08:26:02.263+0000] {dag.py:3239} INFO - Sync 1 DAGs
[2025-12-16T08:26:02.318+0000] {logging_mixin.py:190} INFO - [2025-12-16T08:26:02.317+0000] {dag.py:4180} INFO - Setting next_dagrun for example_kubernetes_executor to None, run_after=None
[2025-12-16T08:26:02.377+0000] {processor.py:208} INFO - Processing /home/airflow/.local/lib/python3.12/site-packages/airflow/example_dags/example_kubernetes_executor.py took 0.286 seconds
[2025-12-16T08:26:41.794+0000] {processor.py:186} INFO - Started process (PID=5190) to work on /home/airflow/.local/lib/python3.12/site-packages/airflow/example_dags/example_kubernetes_executor.py
[2025-12-16T08:26:41.797+0000] {processor.py:914} INFO - Processing file /home/airflow/.local/lib/python3.12/site-packages/airflow/example_dags/example_kubernetes_executor.py for tasks to queue
[2025-12-16T08:26:41.801+0000] {logging_mixin.py:190} INFO - [2025-12-16T08:26:41.800+0000] {dagbag.py:588} INFO - Filling up the DagBag from /home/airflow/.local/lib/python3.12/site-packages/airflow/example_dags/example_kubernetes_executor.py
[2025-12-16T08:26:41.879+0000] {processor.py:925} INFO - DAG(s) 'example_kubernetes_executor' retrieved from /home/airflow/.local/lib/python3.12/site-packages/airflow/example_dags/example_kubernetes_executor.py
[2025-12-16T08:26:41.992+0000] {logging_mixin.py:190} INFO - [2025-12-16T08:26:41.992+0000] {dag.py:3239} INFO - Sync 1 DAGs
[2025-12-16T08:26:42.061+0000] {logging_mixin.py:190} INFO - [2025-12-16T08:26:42.060+0000] {dag.py:4180} INFO - Setting next_dagrun for example_kubernetes_executor to None, run_after=None
[2025-12-16T08:26:42.121+0000] {processor.py:208} INFO - Processing /home/airflow/.local/lib/python3.12/site-packages/airflow/example_dags/example_kubernetes_executor.py took 0.350 seconds
[2025-12-16T08:27:18.494+0000] {processor.py:186} INFO - Started process (PID=5268) to work on /home/airflow/.local/lib/python3.12/site-packages/airflow/example_dags/example_kubernetes_executor.py
[2025-12-16T08:27:18.506+0000] {processor.py:914} INFO - Processing file /home/airflow/.local/lib/python3.12/site-packages/airflow/example_dags/example_kubernetes_executor.py for tasks to queue
[2025-12-16T08:27:18.523+0000] {logging_mixin.py:190} INFO - [2025-12-16T08:27:18.521+0000] {dagbag.py:588} INFO - Filling up the DagBag from /home/airflow/.local/lib/python3.12/site-packages/airflow/example_dags/example_kubernetes_executor.py
[2025-12-16T08:27:18.779+0000] {processor.py:925} INFO - DAG(s) 'example_kubernetes_executor' retrieved from /home/airflow/.local/lib/python3.12/site-packages/airflow/example_dags/example_kubernetes_executor.py
[2025-12-16T08:27:19.352+0000] {logging_mixin.py:190} INFO - [2025-12-16T08:27:19.339+0000] {dag.py:3239} INFO - Sync 1 DAGs
[2025-12-16T08:27:19.599+0000] {logging_mixin.py:190} INFO - [2025-12-16T08:27:19.598+0000] {dag.py:4180} INFO - Setting next_dagrun for example_kubernetes_executor to None, run_after=None
[2025-12-16T08:27:19.942+0000] {processor.py:208} INFO - Processing /home/airflow/.local/lib/python3.12/site-packages/airflow/example_dags/example_kubernetes_executor.py took 1.507 seconds
[2025-12-16T08:28:17.327+0000] {processor.py:186} INFO - Started process (PID=5339) to work on /home/airflow/.local/lib/python3.12/site-packages/airflow/example_dags/example_kubernetes_executor.py
[2025-12-16T08:28:17.330+0000] {processor.py:914} INFO - Processing file /home/airflow/.local/lib/python3.12/site-packages/airflow/example_dags/example_kubernetes_executor.py for tasks to queue
[2025-12-16T08:28:17.335+0000] {logging_mixin.py:190} INFO - [2025-12-16T08:28:17.334+0000] {dagbag.py:588} INFO - Filling up the DagBag from /home/airflow/.local/lib/python3.12/site-packages/airflow/example_dags/example_kubernetes_executor.py
[2025-12-16T08:28:17.392+0000] {processor.py:925} INFO - DAG(s) 'example_kubernetes_executor' retrieved from /home/airflow/.local/lib/python3.12/site-packages/airflow/example_dags/example_kubernetes_executor.py
[2025-12-16T08:28:17.519+0000] {logging_mixin.py:190} INFO - [2025-12-16T08:28:17.518+0000] {dag.py:3239} INFO - Sync 1 DAGs
[2025-12-16T08:28:17.614+0000] {logging_mixin.py:190} INFO - [2025-12-16T08:28:17.613+0000] {dag.py:4180} INFO - Setting next_dagrun for example_kubernetes_executor to None, run_after=None
[2025-12-16T08:28:17.680+0000] {processor.py:208} INFO - Processing /home/airflow/.local/lib/python3.12/site-packages/airflow/example_dags/example_kubernetes_executor.py took 0.373 seconds
