[2025-12-16T07:17:06.949+0000] {processor.py:186} INFO - Started process (PID=121) to work on /home/airflow/.local/lib/python3.12/site-packages/airflow/example_dags/example_bash_decorator.py
[2025-12-16T07:17:06.965+0000] {processor.py:914} INFO - Processing file /home/airflow/.local/lib/python3.12/site-packages/airflow/example_dags/example_bash_decorator.py for tasks to queue
[2025-12-16T07:17:06.974+0000] {logging_mixin.py:190} INFO - [2025-12-16T07:17:06.973+0000] {dagbag.py:588} INFO - Filling up the DagBag from /home/airflow/.local/lib/python3.12/site-packages/airflow/example_dags/example_bash_decorator.py
[2025-12-16T07:17:07.165+0000] {processor.py:925} INFO - DAG(s) 'example_bash_decorator' retrieved from /home/airflow/.local/lib/python3.12/site-packages/airflow/example_dags/example_bash_decorator.py
[2025-12-16T07:17:08.224+0000] {logging_mixin.py:190} INFO - [2025-12-16T07:17:08.222+0000] {override.py:1930} INFO - Created Permission View: can read on DAG:example_bash_decorator
[2025-12-16T07:17:08.570+0000] {logging_mixin.py:190} INFO - [2025-12-16T07:17:08.568+0000] {override.py:1930} INFO - Created Permission View: can delete on DAG:example_bash_decorator
[2025-12-16T07:17:08.742+0000] {logging_mixin.py:190} INFO - [2025-12-16T07:17:08.732+0000] {override.py:1930} INFO - Created Permission View: can edit on DAG:example_bash_decorator
[2025-12-16T07:17:08.850+0000] {logging_mixin.py:190} INFO - [2025-12-16T07:17:08.848+0000] {override.py:1930} INFO - Created Permission View: can read on DAG Run:example_bash_decorator
[2025-12-16T07:17:08.964+0000] {logging_mixin.py:190} INFO - [2025-12-16T07:17:08.960+0000] {override.py:1930} INFO - Created Permission View: can delete on DAG Run:example_bash_decorator
[2025-12-16T07:17:09.082+0000] {logging_mixin.py:190} INFO - [2025-12-16T07:17:09.082+0000] {override.py:1930} INFO - Created Permission View: can create on DAG Run:example_bash_decorator
[2025-12-16T07:17:09.165+0000] {logging_mixin.py:190} INFO - [2025-12-16T07:17:09.164+0000] {override.py:1930} INFO - Created Permission View: menu access on DAG Run:example_bash_decorator
[2025-12-16T07:17:09.170+0000] {logging_mixin.py:190} INFO - [2025-12-16T07:17:09.169+0000] {dag.py:3239} INFO - Sync 1 DAGs
[2025-12-16T07:17:09.330+0000] {logging_mixin.py:190} INFO - [2025-12-16T07:17:09.329+0000] {dag.py:3262} INFO - Creating ORM DAG for example_bash_decorator
[2025-12-16T07:17:09.337+0000] {logging_mixin.py:190} INFO - [2025-12-16T07:17:09.336+0000] {dag.py:4180} INFO - Setting next_dagrun for example_bash_decorator to None, run_after=None
[2025-12-16T07:17:09.436+0000] {processor.py:208} INFO - Processing /home/airflow/.local/lib/python3.12/site-packages/airflow/example_dags/example_bash_decorator.py took 2.551 seconds
[2025-12-16T07:18:17.363+0000] {processor.py:186} INFO - Started process (PID=197) to work on /home/airflow/.local/lib/python3.12/site-packages/airflow/example_dags/example_bash_decorator.py
[2025-12-16T07:18:17.367+0000] {processor.py:914} INFO - Processing file /home/airflow/.local/lib/python3.12/site-packages/airflow/example_dags/example_bash_decorator.py for tasks to queue
[2025-12-16T07:18:17.377+0000] {logging_mixin.py:190} INFO - [2025-12-16T07:18:17.376+0000] {dagbag.py:588} INFO - Filling up the DagBag from /home/airflow/.local/lib/python3.12/site-packages/airflow/example_dags/example_bash_decorator.py
[2025-12-16T07:18:17.469+0000] {processor.py:925} INFO - DAG(s) 'example_bash_decorator' retrieved from /home/airflow/.local/lib/python3.12/site-packages/airflow/example_dags/example_bash_decorator.py
[2025-12-16T07:18:17.613+0000] {logging_mixin.py:190} INFO - [2025-12-16T07:18:17.613+0000] {dag.py:3239} INFO - Sync 1 DAGs
[2025-12-16T07:18:17.788+0000] {logging_mixin.py:190} INFO - [2025-12-16T07:18:17.785+0000] {dag.py:4180} INFO - Setting next_dagrun for example_bash_decorator to None, run_after=None
[2025-12-16T07:18:17.923+0000] {processor.py:208} INFO - Processing /home/airflow/.local/lib/python3.12/site-packages/airflow/example_dags/example_bash_decorator.py took 0.586 seconds
[2025-12-16T07:18:57.287+0000] {processor.py:186} INFO - Started process (PID=269) to work on /home/airflow/.local/lib/python3.12/site-packages/airflow/example_dags/example_bash_decorator.py
[2025-12-16T07:18:57.308+0000] {processor.py:914} INFO - Processing file /home/airflow/.local/lib/python3.12/site-packages/airflow/example_dags/example_bash_decorator.py for tasks to queue
[2025-12-16T07:18:57.319+0000] {logging_mixin.py:190} INFO - [2025-12-16T07:18:57.318+0000] {dagbag.py:588} INFO - Filling up the DagBag from /home/airflow/.local/lib/python3.12/site-packages/airflow/example_dags/example_bash_decorator.py
[2025-12-16T07:18:57.439+0000] {processor.py:925} INFO - DAG(s) 'example_bash_decorator' retrieved from /home/airflow/.local/lib/python3.12/site-packages/airflow/example_dags/example_bash_decorator.py
[2025-12-16T07:18:57.567+0000] {logging_mixin.py:190} INFO - [2025-12-16T07:18:57.567+0000] {dag.py:3239} INFO - Sync 1 DAGs
[2025-12-16T07:18:57.623+0000] {logging_mixin.py:190} INFO - [2025-12-16T07:18:57.622+0000] {dag.py:4180} INFO - Setting next_dagrun for example_bash_decorator to None, run_after=None
[2025-12-16T07:18:57.868+0000] {processor.py:208} INFO - Processing /home/airflow/.local/lib/python3.12/site-packages/airflow/example_dags/example_bash_decorator.py took 0.619 seconds
[2025-12-16T07:19:29.850+0000] {processor.py:186} INFO - Started process (PID=341) to work on /home/airflow/.local/lib/python3.12/site-packages/airflow/example_dags/example_bash_decorator.py
[2025-12-16T07:19:29.852+0000] {processor.py:914} INFO - Processing file /home/airflow/.local/lib/python3.12/site-packages/airflow/example_dags/example_bash_decorator.py for tasks to queue
[2025-12-16T07:19:29.858+0000] {logging_mixin.py:190} INFO - [2025-12-16T07:19:29.857+0000] {dagbag.py:588} INFO - Filling up the DagBag from /home/airflow/.local/lib/python3.12/site-packages/airflow/example_dags/example_bash_decorator.py
[2025-12-16T07:19:29.906+0000] {processor.py:925} INFO - DAG(s) 'example_bash_decorator' retrieved from /home/airflow/.local/lib/python3.12/site-packages/airflow/example_dags/example_bash_decorator.py
[2025-12-16T07:19:29.962+0000] {logging_mixin.py:190} INFO - [2025-12-16T07:19:29.961+0000] {dag.py:3239} INFO - Sync 1 DAGs
[2025-12-16T07:19:30.004+0000] {logging_mixin.py:190} INFO - [2025-12-16T07:19:30.004+0000] {dag.py:4180} INFO - Setting next_dagrun for example_bash_decorator to None, run_after=None
[2025-12-16T07:19:30.067+0000] {processor.py:208} INFO - Processing /home/airflow/.local/lib/python3.12/site-packages/airflow/example_dags/example_bash_decorator.py took 0.238 seconds
[2025-12-16T07:20:10.090+0000] {processor.py:186} INFO - Started process (PID=418) to work on /home/airflow/.local/lib/python3.12/site-packages/airflow/example_dags/example_bash_decorator.py
[2025-12-16T07:20:10.093+0000] {processor.py:914} INFO - Processing file /home/airflow/.local/lib/python3.12/site-packages/airflow/example_dags/example_bash_decorator.py for tasks to queue
[2025-12-16T07:20:10.102+0000] {logging_mixin.py:190} INFO - [2025-12-16T07:20:10.101+0000] {dagbag.py:588} INFO - Filling up the DagBag from /home/airflow/.local/lib/python3.12/site-packages/airflow/example_dags/example_bash_decorator.py
[2025-12-16T07:20:10.161+0000] {processor.py:925} INFO - DAG(s) 'example_bash_decorator' retrieved from /home/airflow/.local/lib/python3.12/site-packages/airflow/example_dags/example_bash_decorator.py
[2025-12-16T07:20:10.242+0000] {logging_mixin.py:190} INFO - [2025-12-16T07:20:10.241+0000] {dag.py:3239} INFO - Sync 1 DAGs
[2025-12-16T07:20:10.285+0000] {logging_mixin.py:190} INFO - [2025-12-16T07:20:10.284+0000] {dag.py:4180} INFO - Setting next_dagrun for example_bash_decorator to None, run_after=None
[2025-12-16T07:20:10.346+0000] {processor.py:208} INFO - Processing /home/airflow/.local/lib/python3.12/site-packages/airflow/example_dags/example_bash_decorator.py took 0.283 seconds
[2025-12-16T07:20:42.678+0000] {processor.py:186} INFO - Started process (PID=490) to work on /home/airflow/.local/lib/python3.12/site-packages/airflow/example_dags/example_bash_decorator.py
[2025-12-16T07:20:42.681+0000] {processor.py:914} INFO - Processing file /home/airflow/.local/lib/python3.12/site-packages/airflow/example_dags/example_bash_decorator.py for tasks to queue
[2025-12-16T07:20:42.688+0000] {logging_mixin.py:190} INFO - [2025-12-16T07:20:42.687+0000] {dagbag.py:588} INFO - Filling up the DagBag from /home/airflow/.local/lib/python3.12/site-packages/airflow/example_dags/example_bash_decorator.py
[2025-12-16T07:20:43.231+0000] {processor.py:925} INFO - DAG(s) 'example_bash_decorator' retrieved from /home/airflow/.local/lib/python3.12/site-packages/airflow/example_dags/example_bash_decorator.py
[2025-12-16T07:20:43.520+0000] {logging_mixin.py:190} INFO - [2025-12-16T07:20:43.520+0000] {dag.py:3239} INFO - Sync 1 DAGs
[2025-12-16T07:20:43.761+0000] {logging_mixin.py:190} INFO - [2025-12-16T07:20:43.761+0000] {dag.py:4180} INFO - Setting next_dagrun for example_bash_decorator to None, run_after=None
[2025-12-16T07:20:43.889+0000] {processor.py:208} INFO - Processing /home/airflow/.local/lib/python3.12/site-packages/airflow/example_dags/example_bash_decorator.py took 1.238 seconds
[2025-12-16T07:21:14.091+0000] {processor.py:186} INFO - Started process (PID=562) to work on /home/airflow/.local/lib/python3.12/site-packages/airflow/example_dags/example_bash_decorator.py
[2025-12-16T07:21:14.094+0000] {processor.py:914} INFO - Processing file /home/airflow/.local/lib/python3.12/site-packages/airflow/example_dags/example_bash_decorator.py for tasks to queue
[2025-12-16T07:21:14.100+0000] {logging_mixin.py:190} INFO - [2025-12-16T07:21:14.099+0000] {dagbag.py:588} INFO - Filling up the DagBag from /home/airflow/.local/lib/python3.12/site-packages/airflow/example_dags/example_bash_decorator.py
[2025-12-16T07:21:14.137+0000] {processor.py:925} INFO - DAG(s) 'example_bash_decorator' retrieved from /home/airflow/.local/lib/python3.12/site-packages/airflow/example_dags/example_bash_decorator.py
[2025-12-16T07:21:14.339+0000] {logging_mixin.py:190} INFO - [2025-12-16T07:21:14.338+0000] {dag.py:3239} INFO - Sync 1 DAGs
[2025-12-16T07:21:14.384+0000] {logging_mixin.py:190} INFO - [2025-12-16T07:21:14.383+0000] {dag.py:4180} INFO - Setting next_dagrun for example_bash_decorator to None, run_after=None
[2025-12-16T07:21:14.430+0000] {processor.py:208} INFO - Processing /home/airflow/.local/lib/python3.12/site-packages/airflow/example_dags/example_bash_decorator.py took 0.355 seconds
[2025-12-16T07:21:44.959+0000] {processor.py:186} INFO - Started process (PID=633) to work on /home/airflow/.local/lib/python3.12/site-packages/airflow/example_dags/example_bash_decorator.py
[2025-12-16T07:21:44.962+0000] {processor.py:914} INFO - Processing file /home/airflow/.local/lib/python3.12/site-packages/airflow/example_dags/example_bash_decorator.py for tasks to queue
[2025-12-16T07:21:44.968+0000] {logging_mixin.py:190} INFO - [2025-12-16T07:21:44.967+0000] {dagbag.py:588} INFO - Filling up the DagBag from /home/airflow/.local/lib/python3.12/site-packages/airflow/example_dags/example_bash_decorator.py
[2025-12-16T07:21:45.022+0000] {processor.py:925} INFO - DAG(s) 'example_bash_decorator' retrieved from /home/airflow/.local/lib/python3.12/site-packages/airflow/example_dags/example_bash_decorator.py
[2025-12-16T07:21:45.072+0000] {logging_mixin.py:190} INFO - [2025-12-16T07:21:45.072+0000] {dag.py:3239} INFO - Sync 1 DAGs
[2025-12-16T07:21:45.110+0000] {logging_mixin.py:190} INFO - [2025-12-16T07:21:45.109+0000] {dag.py:4180} INFO - Setting next_dagrun for example_bash_decorator to None, run_after=None
[2025-12-16T07:21:45.156+0000] {processor.py:208} INFO - Processing /home/airflow/.local/lib/python3.12/site-packages/airflow/example_dags/example_bash_decorator.py took 0.213 seconds
[2025-12-16T07:22:17.222+0000] {processor.py:186} INFO - Started process (PID=704) to work on /home/airflow/.local/lib/python3.12/site-packages/airflow/example_dags/example_bash_decorator.py
[2025-12-16T07:22:17.225+0000] {processor.py:914} INFO - Processing file /home/airflow/.local/lib/python3.12/site-packages/airflow/example_dags/example_bash_decorator.py for tasks to queue
[2025-12-16T07:22:17.231+0000] {logging_mixin.py:190} INFO - [2025-12-16T07:22:17.230+0000] {dagbag.py:588} INFO - Filling up the DagBag from /home/airflow/.local/lib/python3.12/site-packages/airflow/example_dags/example_bash_decorator.py
[2025-12-16T07:22:17.279+0000] {processor.py:925} INFO - DAG(s) 'example_bash_decorator' retrieved from /home/airflow/.local/lib/python3.12/site-packages/airflow/example_dags/example_bash_decorator.py
[2025-12-16T07:22:17.344+0000] {logging_mixin.py:190} INFO - [2025-12-16T07:22:17.343+0000] {dag.py:3239} INFO - Sync 1 DAGs
[2025-12-16T07:22:17.379+0000] {logging_mixin.py:190} INFO - [2025-12-16T07:22:17.378+0000] {dag.py:4180} INFO - Setting next_dagrun for example_bash_decorator to None, run_after=None
[2025-12-16T07:22:17.422+0000] {processor.py:208} INFO - Processing /home/airflow/.local/lib/python3.12/site-packages/airflow/example_dags/example_bash_decorator.py took 0.219 seconds
[2025-12-16T07:22:50.800+0000] {processor.py:186} INFO - Started process (PID=772) to work on /home/airflow/.local/lib/python3.12/site-packages/airflow/example_dags/example_bash_decorator.py
[2025-12-16T07:22:50.804+0000] {processor.py:914} INFO - Processing file /home/airflow/.local/lib/python3.12/site-packages/airflow/example_dags/example_bash_decorator.py for tasks to queue
[2025-12-16T07:22:50.813+0000] {logging_mixin.py:190} INFO - [2025-12-16T07:22:50.811+0000] {dagbag.py:588} INFO - Filling up the DagBag from /home/airflow/.local/lib/python3.12/site-packages/airflow/example_dags/example_bash_decorator.py
[2025-12-16T07:22:50.886+0000] {processor.py:925} INFO - DAG(s) 'example_bash_decorator' retrieved from /home/airflow/.local/lib/python3.12/site-packages/airflow/example_dags/example_bash_decorator.py
[2025-12-16T07:22:51.002+0000] {logging_mixin.py:190} INFO - [2025-12-16T07:22:51.001+0000] {dag.py:3239} INFO - Sync 1 DAGs
[2025-12-16T07:22:51.066+0000] {logging_mixin.py:190} INFO - [2025-12-16T07:22:51.065+0000] {dag.py:4180} INFO - Setting next_dagrun for example_bash_decorator to None, run_after=None
[2025-12-16T07:22:51.129+0000] {processor.py:208} INFO - Processing /home/airflow/.local/lib/python3.12/site-packages/airflow/example_dags/example_bash_decorator.py took 0.356 seconds
[2025-12-16T07:23:24.262+0000] {processor.py:186} INFO - Started process (PID=838) to work on /home/airflow/.local/lib/python3.12/site-packages/airflow/example_dags/example_bash_decorator.py
[2025-12-16T07:23:24.266+0000] {processor.py:914} INFO - Processing file /home/airflow/.local/lib/python3.12/site-packages/airflow/example_dags/example_bash_decorator.py for tasks to queue
[2025-12-16T07:23:24.274+0000] {logging_mixin.py:190} INFO - [2025-12-16T07:23:24.272+0000] {dagbag.py:588} INFO - Filling up the DagBag from /home/airflow/.local/lib/python3.12/site-packages/airflow/example_dags/example_bash_decorator.py
[2025-12-16T07:23:24.334+0000] {processor.py:925} INFO - DAG(s) 'example_bash_decorator' retrieved from /home/airflow/.local/lib/python3.12/site-packages/airflow/example_dags/example_bash_decorator.py
[2025-12-16T07:23:24.485+0000] {logging_mixin.py:190} INFO - [2025-12-16T07:23:24.483+0000] {dag.py:3239} INFO - Sync 1 DAGs
[2025-12-16T07:23:24.554+0000] {logging_mixin.py:190} INFO - [2025-12-16T07:23:24.553+0000] {dag.py:4180} INFO - Setting next_dagrun for example_bash_decorator to None, run_after=None
[2025-12-16T07:23:24.627+0000] {processor.py:208} INFO - Processing /home/airflow/.local/lib/python3.12/site-packages/airflow/example_dags/example_bash_decorator.py took 0.388 seconds
[2025-12-16T07:24:48.343+0000] {processor.py:186} INFO - Started process (PID=918) to work on /home/airflow/.local/lib/python3.12/site-packages/airflow/example_dags/example_bash_decorator.py
[2025-12-16T07:24:48.403+0000] {processor.py:914} INFO - Processing file /home/airflow/.local/lib/python3.12/site-packages/airflow/example_dags/example_bash_decorator.py for tasks to queue
[2025-12-16T07:24:48.483+0000] {logging_mixin.py:190} INFO - [2025-12-16T07:24:48.453+0000] {dagbag.py:588} INFO - Filling up the DagBag from /home/airflow/.local/lib/python3.12/site-packages/airflow/example_dags/example_bash_decorator.py
[2025-12-16T07:24:49.763+0000] {processor.py:925} INFO - DAG(s) 'example_bash_decorator' retrieved from /home/airflow/.local/lib/python3.12/site-packages/airflow/example_dags/example_bash_decorator.py
[2025-12-16T07:24:51.755+0000] {logging_mixin.py:190} INFO - [2025-12-16T07:24:51.752+0000] {dag.py:3239} INFO - Sync 1 DAGs
[2025-12-16T07:24:52.194+0000] {logging_mixin.py:190} INFO - [2025-12-16T07:24:52.194+0000] {dag.py:4180} INFO - Setting next_dagrun for example_bash_decorator to None, run_after=None
[2025-12-16T07:24:53.082+0000] {processor.py:208} INFO - Processing /home/airflow/.local/lib/python3.12/site-packages/airflow/example_dags/example_bash_decorator.py took 4.996 seconds
[2025-12-16T07:27:58.864+0000] {processor.py:186} INFO - Started process (PID=1018) to work on /home/airflow/.local/lib/python3.12/site-packages/airflow/example_dags/example_bash_decorator.py
[2025-12-16T07:27:58.878+0000] {processor.py:914} INFO - Processing file /home/airflow/.local/lib/python3.12/site-packages/airflow/example_dags/example_bash_decorator.py for tasks to queue
[2025-12-16T07:27:58.894+0000] {logging_mixin.py:190} INFO - [2025-12-16T07:27:58.893+0000] {dagbag.py:588} INFO - Filling up the DagBag from /home/airflow/.local/lib/python3.12/site-packages/airflow/example_dags/example_bash_decorator.py
[2025-12-16T07:27:58.962+0000] {processor.py:925} INFO - DAG(s) 'example_bash_decorator' retrieved from /home/airflow/.local/lib/python3.12/site-packages/airflow/example_dags/example_bash_decorator.py
[2025-12-16T07:27:59.057+0000] {logging_mixin.py:190} INFO - [2025-12-16T07:27:59.056+0000] {dag.py:3239} INFO - Sync 1 DAGs
[2025-12-16T07:27:59.127+0000] {logging_mixin.py:190} INFO - [2025-12-16T07:27:59.126+0000] {dag.py:4180} INFO - Setting next_dagrun for example_bash_decorator to None, run_after=None
[2025-12-16T07:27:59.189+0000] {processor.py:208} INFO - Processing /home/airflow/.local/lib/python3.12/site-packages/airflow/example_dags/example_bash_decorator.py took 0.355 seconds
[2025-12-16T07:28:42.955+0000] {processor.py:186} INFO - Started process (PID=1097) to work on /home/airflow/.local/lib/python3.12/site-packages/airflow/example_dags/example_bash_decorator.py
[2025-12-16T07:28:42.959+0000] {processor.py:914} INFO - Processing file /home/airflow/.local/lib/python3.12/site-packages/airflow/example_dags/example_bash_decorator.py for tasks to queue
[2025-12-16T07:28:42.962+0000] {logging_mixin.py:190} INFO - [2025-12-16T07:28:42.961+0000] {dagbag.py:588} INFO - Filling up the DagBag from /home/airflow/.local/lib/python3.12/site-packages/airflow/example_dags/example_bash_decorator.py
[2025-12-16T07:28:43.026+0000] {processor.py:925} INFO - DAG(s) 'example_bash_decorator' retrieved from /home/airflow/.local/lib/python3.12/site-packages/airflow/example_dags/example_bash_decorator.py
[2025-12-16T07:28:43.110+0000] {logging_mixin.py:190} INFO - [2025-12-16T07:28:43.109+0000] {dag.py:3239} INFO - Sync 1 DAGs
[2025-12-16T07:28:43.149+0000] {logging_mixin.py:190} INFO - [2025-12-16T07:28:43.149+0000] {dag.py:4180} INFO - Setting next_dagrun for example_bash_decorator to None, run_after=None
[2025-12-16T07:28:43.211+0000] {processor.py:208} INFO - Processing /home/airflow/.local/lib/python3.12/site-packages/airflow/example_dags/example_bash_decorator.py took 0.278 seconds
[2025-12-16T07:31:00.591+0000] {processor.py:186} INFO - Started process (PID=1181) to work on /home/airflow/.local/lib/python3.12/site-packages/airflow/example_dags/example_bash_decorator.py
[2025-12-16T07:31:00.605+0000] {processor.py:914} INFO - Processing file /home/airflow/.local/lib/python3.12/site-packages/airflow/example_dags/example_bash_decorator.py for tasks to queue
[2025-12-16T07:31:00.613+0000] {logging_mixin.py:190} INFO - [2025-12-16T07:31:00.610+0000] {dagbag.py:588} INFO - Filling up the DagBag from /home/airflow/.local/lib/python3.12/site-packages/airflow/example_dags/example_bash_decorator.py
[2025-12-16T07:31:01.344+0000] {processor.py:925} INFO - DAG(s) 'example_bash_decorator' retrieved from /home/airflow/.local/lib/python3.12/site-packages/airflow/example_dags/example_bash_decorator.py
[2025-12-16T07:31:01.632+0000] {logging_mixin.py:190} INFO - [2025-12-16T07:31:01.632+0000] {dag.py:3239} INFO - Sync 1 DAGs
[2025-12-16T07:31:01.794+0000] {logging_mixin.py:190} INFO - [2025-12-16T07:31:01.794+0000] {dag.py:4180} INFO - Setting next_dagrun for example_bash_decorator to None, run_after=None
[2025-12-16T07:31:02.029+0000] {processor.py:208} INFO - Processing /home/airflow/.local/lib/python3.12/site-packages/airflow/example_dags/example_bash_decorator.py took 1.524 seconds
[2025-12-16T07:32:39.438+0000] {processor.py:186} INFO - Started process (PID=1266) to work on /home/airflow/.local/lib/python3.12/site-packages/airflow/example_dags/example_bash_decorator.py
[2025-12-16T07:32:39.445+0000] {processor.py:914} INFO - Processing file /home/airflow/.local/lib/python3.12/site-packages/airflow/example_dags/example_bash_decorator.py for tasks to queue
[2025-12-16T07:32:39.463+0000] {logging_mixin.py:190} INFO - [2025-12-16T07:32:39.462+0000] {dagbag.py:588} INFO - Filling up the DagBag from /home/airflow/.local/lib/python3.12/site-packages/airflow/example_dags/example_bash_decorator.py
[2025-12-16T07:32:39.664+0000] {processor.py:925} INFO - DAG(s) 'example_bash_decorator' retrieved from /home/airflow/.local/lib/python3.12/site-packages/airflow/example_dags/example_bash_decorator.py
[2025-12-16T07:32:39.813+0000] {logging_mixin.py:190} INFO - [2025-12-16T07:32:39.813+0000] {dag.py:3239} INFO - Sync 1 DAGs
[2025-12-16T07:32:39.969+0000] {logging_mixin.py:190} INFO - [2025-12-16T07:32:39.968+0000] {dag.py:4180} INFO - Setting next_dagrun for example_bash_decorator to None, run_after=None
[2025-12-16T07:32:40.055+0000] {processor.py:208} INFO - Processing /home/airflow/.local/lib/python3.12/site-packages/airflow/example_dags/example_bash_decorator.py took 0.725 seconds
[2025-12-16T07:33:14.636+0000] {processor.py:186} INFO - Started process (PID=1336) to work on /home/airflow/.local/lib/python3.12/site-packages/airflow/example_dags/example_bash_decorator.py
[2025-12-16T07:33:14.650+0000] {processor.py:914} INFO - Processing file /home/airflow/.local/lib/python3.12/site-packages/airflow/example_dags/example_bash_decorator.py for tasks to queue
[2025-12-16T07:33:14.656+0000] {logging_mixin.py:190} INFO - [2025-12-16T07:33:14.655+0000] {dagbag.py:588} INFO - Filling up the DagBag from /home/airflow/.local/lib/python3.12/site-packages/airflow/example_dags/example_bash_decorator.py
[2025-12-16T07:33:14.851+0000] {processor.py:925} INFO - DAG(s) 'example_bash_decorator' retrieved from /home/airflow/.local/lib/python3.12/site-packages/airflow/example_dags/example_bash_decorator.py
[2025-12-16T07:33:14.944+0000] {logging_mixin.py:190} INFO - [2025-12-16T07:33:14.943+0000] {dag.py:3239} INFO - Sync 1 DAGs
[2025-12-16T07:33:15.058+0000] {logging_mixin.py:190} INFO - [2025-12-16T07:33:15.057+0000] {dag.py:4180} INFO - Setting next_dagrun for example_bash_decorator to None, run_after=None
[2025-12-16T07:33:15.224+0000] {processor.py:208} INFO - Processing /home/airflow/.local/lib/python3.12/site-packages/airflow/example_dags/example_bash_decorator.py took 0.628 seconds
[2025-12-16T07:33:46.127+0000] {processor.py:186} INFO - Started process (PID=1406) to work on /home/airflow/.local/lib/python3.12/site-packages/airflow/example_dags/example_bash_decorator.py
[2025-12-16T07:33:46.136+0000] {processor.py:914} INFO - Processing file /home/airflow/.local/lib/python3.12/site-packages/airflow/example_dags/example_bash_decorator.py for tasks to queue
[2025-12-16T07:33:46.156+0000] {logging_mixin.py:190} INFO - [2025-12-16T07:33:46.150+0000] {dagbag.py:588} INFO - Filling up the DagBag from /home/airflow/.local/lib/python3.12/site-packages/airflow/example_dags/example_bash_decorator.py
[2025-12-16T07:33:46.286+0000] {processor.py:925} INFO - DAG(s) 'example_bash_decorator' retrieved from /home/airflow/.local/lib/python3.12/site-packages/airflow/example_dags/example_bash_decorator.py
[2025-12-16T07:33:46.481+0000] {logging_mixin.py:190} INFO - [2025-12-16T07:33:46.480+0000] {dag.py:3239} INFO - Sync 1 DAGs
[2025-12-16T07:33:46.651+0000] {logging_mixin.py:190} INFO - [2025-12-16T07:33:46.651+0000] {dag.py:4180} INFO - Setting next_dagrun for example_bash_decorator to None, run_after=None
[2025-12-16T07:33:46.835+0000] {processor.py:208} INFO - Processing /home/airflow/.local/lib/python3.12/site-packages/airflow/example_dags/example_bash_decorator.py took 0.814 seconds
[2025-12-16T07:34:17.247+0000] {processor.py:186} INFO - Started process (PID=1479) to work on /home/airflow/.local/lib/python3.12/site-packages/airflow/example_dags/example_bash_decorator.py
[2025-12-16T07:34:17.255+0000] {processor.py:914} INFO - Processing file /home/airflow/.local/lib/python3.12/site-packages/airflow/example_dags/example_bash_decorator.py for tasks to queue
[2025-12-16T07:34:17.262+0000] {logging_mixin.py:190} INFO - [2025-12-16T07:34:17.260+0000] {dagbag.py:588} INFO - Filling up the DagBag from /home/airflow/.local/lib/python3.12/site-packages/airflow/example_dags/example_bash_decorator.py
[2025-12-16T07:34:17.324+0000] {processor.py:925} INFO - DAG(s) 'example_bash_decorator' retrieved from /home/airflow/.local/lib/python3.12/site-packages/airflow/example_dags/example_bash_decorator.py
[2025-12-16T07:34:17.396+0000] {logging_mixin.py:190} INFO - [2025-12-16T07:34:17.396+0000] {dag.py:3239} INFO - Sync 1 DAGs
[2025-12-16T07:34:17.443+0000] {logging_mixin.py:190} INFO - [2025-12-16T07:34:17.442+0000] {dag.py:4180} INFO - Setting next_dagrun for example_bash_decorator to None, run_after=None
[2025-12-16T07:34:17.497+0000] {processor.py:208} INFO - Processing /home/airflow/.local/lib/python3.12/site-packages/airflow/example_dags/example_bash_decorator.py took 0.280 seconds
[2025-12-16T07:34:48.152+0000] {processor.py:186} INFO - Started process (PID=1546) to work on /home/airflow/.local/lib/python3.12/site-packages/airflow/example_dags/example_bash_decorator.py
[2025-12-16T07:34:48.161+0000] {processor.py:914} INFO - Processing file /home/airflow/.local/lib/python3.12/site-packages/airflow/example_dags/example_bash_decorator.py for tasks to queue
[2025-12-16T07:34:48.167+0000] {logging_mixin.py:190} INFO - [2025-12-16T07:34:48.166+0000] {dagbag.py:588} INFO - Filling up the DagBag from /home/airflow/.local/lib/python3.12/site-packages/airflow/example_dags/example_bash_decorator.py
[2025-12-16T07:34:48.251+0000] {processor.py:925} INFO - DAG(s) 'example_bash_decorator' retrieved from /home/airflow/.local/lib/python3.12/site-packages/airflow/example_dags/example_bash_decorator.py
[2025-12-16T07:34:48.341+0000] {logging_mixin.py:190} INFO - [2025-12-16T07:34:48.340+0000] {dag.py:3239} INFO - Sync 1 DAGs
[2025-12-16T07:34:48.391+0000] {logging_mixin.py:190} INFO - [2025-12-16T07:34:48.390+0000] {dag.py:4180} INFO - Setting next_dagrun for example_bash_decorator to None, run_after=None
[2025-12-16T07:34:48.488+0000] {processor.py:208} INFO - Processing /home/airflow/.local/lib/python3.12/site-packages/airflow/example_dags/example_bash_decorator.py took 0.365 seconds
[2025-12-16T07:35:20.316+0000] {processor.py:186} INFO - Started process (PID=1607) to work on /home/airflow/.local/lib/python3.12/site-packages/airflow/example_dags/example_bash_decorator.py
[2025-12-16T07:35:20.333+0000] {processor.py:914} INFO - Processing file /home/airflow/.local/lib/python3.12/site-packages/airflow/example_dags/example_bash_decorator.py for tasks to queue
[2025-12-16T07:35:20.347+0000] {logging_mixin.py:190} INFO - [2025-12-16T07:35:20.346+0000] {dagbag.py:588} INFO - Filling up the DagBag from /home/airflow/.local/lib/python3.12/site-packages/airflow/example_dags/example_bash_decorator.py
[2025-12-16T07:35:20.488+0000] {processor.py:925} INFO - DAG(s) 'example_bash_decorator' retrieved from /home/airflow/.local/lib/python3.12/site-packages/airflow/example_dags/example_bash_decorator.py
[2025-12-16T07:35:20.617+0000] {logging_mixin.py:190} INFO - [2025-12-16T07:35:20.616+0000] {dag.py:3239} INFO - Sync 1 DAGs
[2025-12-16T07:35:20.808+0000] {logging_mixin.py:190} INFO - [2025-12-16T07:35:20.806+0000] {dag.py:4180} INFO - Setting next_dagrun for example_bash_decorator to None, run_after=None
[2025-12-16T07:35:20.908+0000] {processor.py:208} INFO - Processing /home/airflow/.local/lib/python3.12/site-packages/airflow/example_dags/example_bash_decorator.py took 0.642 seconds
[2025-12-16T07:36:07.191+0000] {processor.py:186} INFO - Started process (PID=1681) to work on /home/airflow/.local/lib/python3.12/site-packages/airflow/example_dags/example_bash_decorator.py
[2025-12-16T07:36:07.196+0000] {processor.py:914} INFO - Processing file /home/airflow/.local/lib/python3.12/site-packages/airflow/example_dags/example_bash_decorator.py for tasks to queue
[2025-12-16T07:36:07.209+0000] {logging_mixin.py:190} INFO - [2025-12-16T07:36:07.205+0000] {dagbag.py:588} INFO - Filling up the DagBag from /home/airflow/.local/lib/python3.12/site-packages/airflow/example_dags/example_bash_decorator.py
[2025-12-16T07:36:07.352+0000] {processor.py:925} INFO - DAG(s) 'example_bash_decorator' retrieved from /home/airflow/.local/lib/python3.12/site-packages/airflow/example_dags/example_bash_decorator.py
[2025-12-16T07:36:07.461+0000] {logging_mixin.py:190} INFO - [2025-12-16T07:36:07.461+0000] {dag.py:3239} INFO - Sync 1 DAGs
[2025-12-16T07:36:07.513+0000] {logging_mixin.py:190} INFO - [2025-12-16T07:36:07.513+0000] {dag.py:4180} INFO - Setting next_dagrun for example_bash_decorator to None, run_after=None
[2025-12-16T07:36:07.575+0000] {processor.py:208} INFO - Processing /home/airflow/.local/lib/python3.12/site-packages/airflow/example_dags/example_bash_decorator.py took 0.455 seconds
[2025-12-16T07:36:40.995+0000] {processor.py:186} INFO - Started process (PID=1753) to work on /home/airflow/.local/lib/python3.12/site-packages/airflow/example_dags/example_bash_decorator.py
[2025-12-16T07:36:41.015+0000] {processor.py:914} INFO - Processing file /home/airflow/.local/lib/python3.12/site-packages/airflow/example_dags/example_bash_decorator.py for tasks to queue
[2025-12-16T07:36:41.020+0000] {logging_mixin.py:190} INFO - [2025-12-16T07:36:41.018+0000] {dagbag.py:588} INFO - Filling up the DagBag from /home/airflow/.local/lib/python3.12/site-packages/airflow/example_dags/example_bash_decorator.py
[2025-12-16T07:36:41.122+0000] {processor.py:925} INFO - DAG(s) 'example_bash_decorator' retrieved from /home/airflow/.local/lib/python3.12/site-packages/airflow/example_dags/example_bash_decorator.py
[2025-12-16T07:36:41.228+0000] {logging_mixin.py:190} INFO - [2025-12-16T07:36:41.227+0000] {dag.py:3239} INFO - Sync 1 DAGs
[2025-12-16T07:36:41.306+0000] {logging_mixin.py:190} INFO - [2025-12-16T07:36:41.305+0000] {dag.py:4180} INFO - Setting next_dagrun for example_bash_decorator to None, run_after=None
[2025-12-16T07:36:41.384+0000] {processor.py:208} INFO - Processing /home/airflow/.local/lib/python3.12/site-packages/airflow/example_dags/example_bash_decorator.py took 0.442 seconds
[2025-12-16T07:37:12.016+0000] {processor.py:186} INFO - Started process (PID=1825) to work on /home/airflow/.local/lib/python3.12/site-packages/airflow/example_dags/example_bash_decorator.py
[2025-12-16T07:37:12.019+0000] {processor.py:914} INFO - Processing file /home/airflow/.local/lib/python3.12/site-packages/airflow/example_dags/example_bash_decorator.py for tasks to queue
[2025-12-16T07:37:12.028+0000] {logging_mixin.py:190} INFO - [2025-12-16T07:37:12.024+0000] {dagbag.py:588} INFO - Filling up the DagBag from /home/airflow/.local/lib/python3.12/site-packages/airflow/example_dags/example_bash_decorator.py
[2025-12-16T07:37:12.095+0000] {processor.py:925} INFO - DAG(s) 'example_bash_decorator' retrieved from /home/airflow/.local/lib/python3.12/site-packages/airflow/example_dags/example_bash_decorator.py
[2025-12-16T07:37:12.218+0000] {logging_mixin.py:190} INFO - [2025-12-16T07:37:12.218+0000] {dag.py:3239} INFO - Sync 1 DAGs
[2025-12-16T07:37:12.290+0000] {logging_mixin.py:190} INFO - [2025-12-16T07:37:12.288+0000] {dag.py:4180} INFO - Setting next_dagrun for example_bash_decorator to None, run_after=None
[2025-12-16T07:37:12.392+0000] {processor.py:208} INFO - Processing /home/airflow/.local/lib/python3.12/site-packages/airflow/example_dags/example_bash_decorator.py took 0.414 seconds
[2025-12-16T07:37:43.095+0000] {processor.py:186} INFO - Started process (PID=1897) to work on /home/airflow/.local/lib/python3.12/site-packages/airflow/example_dags/example_bash_decorator.py
[2025-12-16T07:37:43.099+0000] {processor.py:914} INFO - Processing file /home/airflow/.local/lib/python3.12/site-packages/airflow/example_dags/example_bash_decorator.py for tasks to queue
[2025-12-16T07:37:43.108+0000] {logging_mixin.py:190} INFO - [2025-12-16T07:37:43.104+0000] {dagbag.py:588} INFO - Filling up the DagBag from /home/airflow/.local/lib/python3.12/site-packages/airflow/example_dags/example_bash_decorator.py
[2025-12-16T07:37:43.197+0000] {processor.py:925} INFO - DAG(s) 'example_bash_decorator' retrieved from /home/airflow/.local/lib/python3.12/site-packages/airflow/example_dags/example_bash_decorator.py
[2025-12-16T07:37:43.380+0000] {logging_mixin.py:190} INFO - [2025-12-16T07:37:43.378+0000] {dag.py:3239} INFO - Sync 1 DAGs
[2025-12-16T07:37:43.475+0000] {logging_mixin.py:190} INFO - [2025-12-16T07:37:43.475+0000] {dag.py:4180} INFO - Setting next_dagrun for example_bash_decorator to None, run_after=None
[2025-12-16T07:37:43.590+0000] {processor.py:208} INFO - Processing /home/airflow/.local/lib/python3.12/site-packages/airflow/example_dags/example_bash_decorator.py took 0.524 seconds
[2025-12-16T07:38:14.189+0000] {processor.py:186} INFO - Started process (PID=1968) to work on /home/airflow/.local/lib/python3.12/site-packages/airflow/example_dags/example_bash_decorator.py
[2025-12-16T07:38:14.191+0000] {processor.py:914} INFO - Processing file /home/airflow/.local/lib/python3.12/site-packages/airflow/example_dags/example_bash_decorator.py for tasks to queue
[2025-12-16T07:38:14.194+0000] {logging_mixin.py:190} INFO - [2025-12-16T07:38:14.194+0000] {dagbag.py:588} INFO - Filling up the DagBag from /home/airflow/.local/lib/python3.12/site-packages/airflow/example_dags/example_bash_decorator.py
[2025-12-16T07:38:14.238+0000] {processor.py:925} INFO - DAG(s) 'example_bash_decorator' retrieved from /home/airflow/.local/lib/python3.12/site-packages/airflow/example_dags/example_bash_decorator.py
[2025-12-16T07:38:14.296+0000] {logging_mixin.py:190} INFO - [2025-12-16T07:38:14.296+0000] {dag.py:3239} INFO - Sync 1 DAGs
[2025-12-16T07:38:14.347+0000] {logging_mixin.py:190} INFO - [2025-12-16T07:38:14.347+0000] {dag.py:4180} INFO - Setting next_dagrun for example_bash_decorator to None, run_after=None
[2025-12-16T07:38:14.412+0000] {processor.py:208} INFO - Processing /home/airflow/.local/lib/python3.12/site-packages/airflow/example_dags/example_bash_decorator.py took 0.238 seconds
[2025-12-16T07:38:49.479+0000] {processor.py:186} INFO - Started process (PID=2032) to work on /home/airflow/.local/lib/python3.12/site-packages/airflow/example_dags/example_bash_decorator.py
[2025-12-16T07:38:49.482+0000] {processor.py:914} INFO - Processing file /home/airflow/.local/lib/python3.12/site-packages/airflow/example_dags/example_bash_decorator.py for tasks to queue
[2025-12-16T07:38:49.486+0000] {logging_mixin.py:190} INFO - [2025-12-16T07:38:49.485+0000] {dagbag.py:588} INFO - Filling up the DagBag from /home/airflow/.local/lib/python3.12/site-packages/airflow/example_dags/example_bash_decorator.py
[2025-12-16T07:38:49.589+0000] {processor.py:925} INFO - DAG(s) 'example_bash_decorator' retrieved from /home/airflow/.local/lib/python3.12/site-packages/airflow/example_dags/example_bash_decorator.py
[2025-12-16T07:38:49.650+0000] {logging_mixin.py:190} INFO - [2025-12-16T07:38:49.649+0000] {dag.py:3239} INFO - Sync 1 DAGs
[2025-12-16T07:38:49.696+0000] {logging_mixin.py:190} INFO - [2025-12-16T07:38:49.695+0000] {dag.py:4180} INFO - Setting next_dagrun for example_bash_decorator to None, run_after=None
[2025-12-16T07:38:49.739+0000] {processor.py:208} INFO - Processing /home/airflow/.local/lib/python3.12/site-packages/airflow/example_dags/example_bash_decorator.py took 0.279 seconds
[2025-12-16T07:51:45.317+0000] {processor.py:186} INFO - Started process (PID=2128) to work on /home/airflow/.local/lib/python3.12/site-packages/airflow/example_dags/example_bash_decorator.py
[2025-12-16T07:51:45.328+0000] {processor.py:914} INFO - Processing file /home/airflow/.local/lib/python3.12/site-packages/airflow/example_dags/example_bash_decorator.py for tasks to queue
[2025-12-16T07:51:45.346+0000] {logging_mixin.py:190} INFO - [2025-12-16T07:51:45.343+0000] {dagbag.py:588} INFO - Filling up the DagBag from /home/airflow/.local/lib/python3.12/site-packages/airflow/example_dags/example_bash_decorator.py
[2025-12-16T07:51:45.513+0000] {processor.py:925} INFO - DAG(s) 'example_bash_decorator' retrieved from /home/airflow/.local/lib/python3.12/site-packages/airflow/example_dags/example_bash_decorator.py
[2025-12-16T07:51:45.778+0000] {logging_mixin.py:190} INFO - [2025-12-16T07:51:45.776+0000] {dag.py:3239} INFO - Sync 1 DAGs
[2025-12-16T07:51:45.923+0000] {logging_mixin.py:190} INFO - [2025-12-16T07:51:45.922+0000] {dag.py:4180} INFO - Setting next_dagrun for example_bash_decorator to None, run_after=None
[2025-12-16T07:51:46.124+0000] {processor.py:208} INFO - Processing /home/airflow/.local/lib/python3.12/site-packages/airflow/example_dags/example_bash_decorator.py took 0.840 seconds
[2025-12-16T07:52:55.020+0000] {processor.py:186} INFO - Started process (PID=2202) to work on /home/airflow/.local/lib/python3.12/site-packages/airflow/example_dags/example_bash_decorator.py
[2025-12-16T07:52:55.068+0000] {processor.py:914} INFO - Processing file /home/airflow/.local/lib/python3.12/site-packages/airflow/example_dags/example_bash_decorator.py for tasks to queue
[2025-12-16T07:52:55.132+0000] {logging_mixin.py:190} INFO - [2025-12-16T07:52:55.107+0000] {dagbag.py:588} INFO - Filling up the DagBag from /home/airflow/.local/lib/python3.12/site-packages/airflow/example_dags/example_bash_decorator.py
[2025-12-16T07:52:55.335+0000] {processor.py:925} INFO - DAG(s) 'example_bash_decorator' retrieved from /home/airflow/.local/lib/python3.12/site-packages/airflow/example_dags/example_bash_decorator.py
[2025-12-16T07:52:55.570+0000] {logging_mixin.py:190} INFO - [2025-12-16T07:52:55.570+0000] {dag.py:3239} INFO - Sync 1 DAGs
[2025-12-16T07:52:55.743+0000] {logging_mixin.py:190} INFO - [2025-12-16T07:52:55.743+0000] {dag.py:4180} INFO - Setting next_dagrun for example_bash_decorator to None, run_after=None
[2025-12-16T07:52:55.853+0000] {processor.py:208} INFO - Processing /home/airflow/.local/lib/python3.12/site-packages/airflow/example_dags/example_bash_decorator.py took 1.068 seconds
[2025-12-16T07:53:51.857+0000] {processor.py:186} INFO - Started process (PID=2284) to work on /home/airflow/.local/lib/python3.12/site-packages/airflow/example_dags/example_bash_decorator.py
[2025-12-16T07:53:51.877+0000] {processor.py:914} INFO - Processing file /home/airflow/.local/lib/python3.12/site-packages/airflow/example_dags/example_bash_decorator.py for tasks to queue
[2025-12-16T07:53:51.901+0000] {logging_mixin.py:190} INFO - [2025-12-16T07:53:51.900+0000] {dagbag.py:588} INFO - Filling up the DagBag from /home/airflow/.local/lib/python3.12/site-packages/airflow/example_dags/example_bash_decorator.py
[2025-12-16T07:53:52.083+0000] {processor.py:925} INFO - DAG(s) 'example_bash_decorator' retrieved from /home/airflow/.local/lib/python3.12/site-packages/airflow/example_dags/example_bash_decorator.py
[2025-12-16T07:53:52.295+0000] {logging_mixin.py:190} INFO - [2025-12-16T07:53:52.294+0000] {dag.py:3239} INFO - Sync 1 DAGs
[2025-12-16T07:53:52.447+0000] {logging_mixin.py:190} INFO - [2025-12-16T07:53:52.446+0000] {dag.py:4180} INFO - Setting next_dagrun for example_bash_decorator to None, run_after=None
[2025-12-16T07:53:52.834+0000] {processor.py:208} INFO - Processing /home/airflow/.local/lib/python3.12/site-packages/airflow/example_dags/example_bash_decorator.py took 1.048 seconds
[2025-12-16T07:54:58.386+0000] {processor.py:186} INFO - Started process (PID=2363) to work on /home/airflow/.local/lib/python3.12/site-packages/airflow/example_dags/example_bash_decorator.py
[2025-12-16T07:54:58.392+0000] {processor.py:914} INFO - Processing file /home/airflow/.local/lib/python3.12/site-packages/airflow/example_dags/example_bash_decorator.py for tasks to queue
[2025-12-16T07:54:58.400+0000] {logging_mixin.py:190} INFO - [2025-12-16T07:54:58.398+0000] {dagbag.py:588} INFO - Filling up the DagBag from /home/airflow/.local/lib/python3.12/site-packages/airflow/example_dags/example_bash_decorator.py
[2025-12-16T07:54:58.529+0000] {processor.py:925} INFO - DAG(s) 'example_bash_decorator' retrieved from /home/airflow/.local/lib/python3.12/site-packages/airflow/example_dags/example_bash_decorator.py
[2025-12-16T07:54:58.696+0000] {logging_mixin.py:190} INFO - [2025-12-16T07:54:58.695+0000] {dag.py:3239} INFO - Sync 1 DAGs
[2025-12-16T07:54:58.814+0000] {logging_mixin.py:190} INFO - [2025-12-16T07:54:58.809+0000] {dag.py:4180} INFO - Setting next_dagrun for example_bash_decorator to None, run_after=None
[2025-12-16T07:54:58.925+0000] {processor.py:208} INFO - Processing /home/airflow/.local/lib/python3.12/site-packages/airflow/example_dags/example_bash_decorator.py took 0.579 seconds
[2025-12-16T07:55:39.353+0000] {processor.py:186} INFO - Started process (PID=2442) to work on /home/airflow/.local/lib/python3.12/site-packages/airflow/example_dags/example_bash_decorator.py
[2025-12-16T07:55:39.357+0000] {processor.py:914} INFO - Processing file /home/airflow/.local/lib/python3.12/site-packages/airflow/example_dags/example_bash_decorator.py for tasks to queue
[2025-12-16T07:55:39.387+0000] {logging_mixin.py:190} INFO - [2025-12-16T07:55:39.365+0000] {dagbag.py:588} INFO - Filling up the DagBag from /home/airflow/.local/lib/python3.12/site-packages/airflow/example_dags/example_bash_decorator.py
[2025-12-16T07:55:39.442+0000] {processor.py:925} INFO - DAG(s) 'example_bash_decorator' retrieved from /home/airflow/.local/lib/python3.12/site-packages/airflow/example_dags/example_bash_decorator.py
[2025-12-16T07:55:39.509+0000] {logging_mixin.py:190} INFO - [2025-12-16T07:55:39.508+0000] {dag.py:3239} INFO - Sync 1 DAGs
[2025-12-16T07:55:39.571+0000] {logging_mixin.py:190} INFO - [2025-12-16T07:55:39.571+0000] {dag.py:4180} INFO - Setting next_dagrun for example_bash_decorator to None, run_after=None
[2025-12-16T07:55:39.670+0000] {processor.py:208} INFO - Processing /home/airflow/.local/lib/python3.12/site-packages/airflow/example_dags/example_bash_decorator.py took 0.339 seconds
[2025-12-16T07:56:21.038+0000] {processor.py:186} INFO - Started process (PID=2516) to work on /home/airflow/.local/lib/python3.12/site-packages/airflow/example_dags/example_bash_decorator.py
[2025-12-16T07:56:21.044+0000] {processor.py:914} INFO - Processing file /home/airflow/.local/lib/python3.12/site-packages/airflow/example_dags/example_bash_decorator.py for tasks to queue
[2025-12-16T07:56:21.049+0000] {logging_mixin.py:190} INFO - [2025-12-16T07:56:21.047+0000] {dagbag.py:588} INFO - Filling up the DagBag from /home/airflow/.local/lib/python3.12/site-packages/airflow/example_dags/example_bash_decorator.py
[2025-12-16T07:56:21.102+0000] {processor.py:925} INFO - DAG(s) 'example_bash_decorator' retrieved from /home/airflow/.local/lib/python3.12/site-packages/airflow/example_dags/example_bash_decorator.py
[2025-12-16T07:56:21.180+0000] {logging_mixin.py:190} INFO - [2025-12-16T07:56:21.179+0000] {dag.py:3239} INFO - Sync 1 DAGs
[2025-12-16T07:56:21.250+0000] {logging_mixin.py:190} INFO - [2025-12-16T07:56:21.250+0000] {dag.py:4180} INFO - Setting next_dagrun for example_bash_decorator to None, run_after=None
[2025-12-16T07:56:21.310+0000] {processor.py:208} INFO - Processing /home/airflow/.local/lib/python3.12/site-packages/airflow/example_dags/example_bash_decorator.py took 0.293 seconds
[2025-12-16T07:56:52.681+0000] {processor.py:186} INFO - Started process (PID=2585) to work on /home/airflow/.local/lib/python3.12/site-packages/airflow/example_dags/example_bash_decorator.py
[2025-12-16T07:56:52.707+0000] {processor.py:914} INFO - Processing file /home/airflow/.local/lib/python3.12/site-packages/airflow/example_dags/example_bash_decorator.py for tasks to queue
[2025-12-16T07:56:52.744+0000] {logging_mixin.py:190} INFO - [2025-12-16T07:56:52.719+0000] {dagbag.py:588} INFO - Filling up the DagBag from /home/airflow/.local/lib/python3.12/site-packages/airflow/example_dags/example_bash_decorator.py
[2025-12-16T07:56:52.914+0000] {processor.py:925} INFO - DAG(s) 'example_bash_decorator' retrieved from /home/airflow/.local/lib/python3.12/site-packages/airflow/example_dags/example_bash_decorator.py
[2025-12-16T07:56:53.142+0000] {logging_mixin.py:190} INFO - [2025-12-16T07:56:53.141+0000] {dag.py:3239} INFO - Sync 1 DAGs
[2025-12-16T07:56:53.294+0000] {logging_mixin.py:190} INFO - [2025-12-16T07:56:53.294+0000] {dag.py:4180} INFO - Setting next_dagrun for example_bash_decorator to None, run_after=None
[2025-12-16T07:56:53.419+0000] {processor.py:208} INFO - Processing /home/airflow/.local/lib/python3.12/site-packages/airflow/example_dags/example_bash_decorator.py took 0.860 seconds
[2025-12-16T07:57:26.220+0000] {processor.py:186} INFO - Started process (PID=2656) to work on /home/airflow/.local/lib/python3.12/site-packages/airflow/example_dags/example_bash_decorator.py
[2025-12-16T07:57:26.241+0000] {processor.py:914} INFO - Processing file /home/airflow/.local/lib/python3.12/site-packages/airflow/example_dags/example_bash_decorator.py for tasks to queue
[2025-12-16T07:57:26.261+0000] {logging_mixin.py:190} INFO - [2025-12-16T07:57:26.260+0000] {dagbag.py:588} INFO - Filling up the DagBag from /home/airflow/.local/lib/python3.12/site-packages/airflow/example_dags/example_bash_decorator.py
[2025-12-16T07:57:26.427+0000] {processor.py:925} INFO - DAG(s) 'example_bash_decorator' retrieved from /home/airflow/.local/lib/python3.12/site-packages/airflow/example_dags/example_bash_decorator.py
[2025-12-16T07:57:26.631+0000] {logging_mixin.py:190} INFO - [2025-12-16T07:57:26.630+0000] {dag.py:3239} INFO - Sync 1 DAGs
[2025-12-16T07:57:26.746+0000] {logging_mixin.py:190} INFO - [2025-12-16T07:57:26.734+0000] {dag.py:4180} INFO - Setting next_dagrun for example_bash_decorator to None, run_after=None
[2025-12-16T07:57:26.876+0000] {processor.py:208} INFO - Processing /home/airflow/.local/lib/python3.12/site-packages/airflow/example_dags/example_bash_decorator.py took 0.681 seconds
[2025-12-16T07:58:08.395+0000] {processor.py:186} INFO - Started process (PID=2728) to work on /home/airflow/.local/lib/python3.12/site-packages/airflow/example_dags/example_bash_decorator.py
[2025-12-16T07:58:08.439+0000] {processor.py:914} INFO - Processing file /home/airflow/.local/lib/python3.12/site-packages/airflow/example_dags/example_bash_decorator.py for tasks to queue
[2025-12-16T07:58:08.493+0000] {logging_mixin.py:190} INFO - [2025-12-16T07:58:08.492+0000] {dagbag.py:588} INFO - Filling up the DagBag from /home/airflow/.local/lib/python3.12/site-packages/airflow/example_dags/example_bash_decorator.py
[2025-12-16T07:58:08.647+0000] {processor.py:925} INFO - DAG(s) 'example_bash_decorator' retrieved from /home/airflow/.local/lib/python3.12/site-packages/airflow/example_dags/example_bash_decorator.py
[2025-12-16T07:58:08.933+0000] {logging_mixin.py:190} INFO - [2025-12-16T07:58:08.932+0000] {dag.py:3239} INFO - Sync 1 DAGs
[2025-12-16T07:58:09.109+0000] {logging_mixin.py:190} INFO - [2025-12-16T07:58:09.108+0000] {dag.py:4180} INFO - Setting next_dagrun for example_bash_decorator to None, run_after=None
[2025-12-16T07:58:09.402+0000] {processor.py:208} INFO - Processing /home/airflow/.local/lib/python3.12/site-packages/airflow/example_dags/example_bash_decorator.py took 1.130 seconds
[2025-12-16T07:58:40.375+0000] {processor.py:186} INFO - Started process (PID=2800) to work on /home/airflow/.local/lib/python3.12/site-packages/airflow/example_dags/example_bash_decorator.py
[2025-12-16T07:58:40.389+0000] {processor.py:914} INFO - Processing file /home/airflow/.local/lib/python3.12/site-packages/airflow/example_dags/example_bash_decorator.py for tasks to queue
[2025-12-16T07:58:40.397+0000] {logging_mixin.py:190} INFO - [2025-12-16T07:58:40.396+0000] {dagbag.py:588} INFO - Filling up the DagBag from /home/airflow/.local/lib/python3.12/site-packages/airflow/example_dags/example_bash_decorator.py
[2025-12-16T07:58:40.537+0000] {processor.py:925} INFO - DAG(s) 'example_bash_decorator' retrieved from /home/airflow/.local/lib/python3.12/site-packages/airflow/example_dags/example_bash_decorator.py
[2025-12-16T07:58:40.892+0000] {logging_mixin.py:190} INFO - [2025-12-16T07:58:40.891+0000] {dag.py:3239} INFO - Sync 1 DAGs
[2025-12-16T07:58:41.016+0000] {logging_mixin.py:190} INFO - [2025-12-16T07:58:41.015+0000] {dag.py:4180} INFO - Setting next_dagrun for example_bash_decorator to None, run_after=None
[2025-12-16T07:58:41.219+0000] {processor.py:208} INFO - Processing /home/airflow/.local/lib/python3.12/site-packages/airflow/example_dags/example_bash_decorator.py took 0.902 seconds
[2025-12-16T07:59:19.051+0000] {processor.py:186} INFO - Started process (PID=2861) to work on /home/airflow/.local/lib/python3.12/site-packages/airflow/example_dags/example_bash_decorator.py
[2025-12-16T07:59:19.054+0000] {processor.py:914} INFO - Processing file /home/airflow/.local/lib/python3.12/site-packages/airflow/example_dags/example_bash_decorator.py for tasks to queue
[2025-12-16T07:59:19.059+0000] {logging_mixin.py:190} INFO - [2025-12-16T07:59:19.058+0000] {dagbag.py:588} INFO - Filling up the DagBag from /home/airflow/.local/lib/python3.12/site-packages/airflow/example_dags/example_bash_decorator.py
[2025-12-16T07:59:19.123+0000] {processor.py:925} INFO - DAG(s) 'example_bash_decorator' retrieved from /home/airflow/.local/lib/python3.12/site-packages/airflow/example_dags/example_bash_decorator.py
[2025-12-16T07:59:19.280+0000] {logging_mixin.py:190} INFO - [2025-12-16T07:59:19.279+0000] {dag.py:3239} INFO - Sync 1 DAGs
[2025-12-16T07:59:19.420+0000] {logging_mixin.py:190} INFO - [2025-12-16T07:59:19.419+0000] {dag.py:4180} INFO - Setting next_dagrun for example_bash_decorator to None, run_after=None
[2025-12-16T07:59:19.639+0000] {processor.py:208} INFO - Processing /home/airflow/.local/lib/python3.12/site-packages/airflow/example_dags/example_bash_decorator.py took 0.610 seconds
[2025-12-16T07:59:58.804+0000] {processor.py:186} INFO - Started process (PID=2919) to work on /home/airflow/.local/lib/python3.12/site-packages/airflow/example_dags/example_bash_decorator.py
[2025-12-16T07:59:58.817+0000] {processor.py:914} INFO - Processing file /home/airflow/.local/lib/python3.12/site-packages/airflow/example_dags/example_bash_decorator.py for tasks to queue
[2025-12-16T07:59:58.833+0000] {logging_mixin.py:190} INFO - [2025-12-16T07:59:58.822+0000] {dagbag.py:588} INFO - Filling up the DagBag from /home/airflow/.local/lib/python3.12/site-packages/airflow/example_dags/example_bash_decorator.py
[2025-12-16T07:59:58.947+0000] {processor.py:925} INFO - DAG(s) 'example_bash_decorator' retrieved from /home/airflow/.local/lib/python3.12/site-packages/airflow/example_dags/example_bash_decorator.py
[2025-12-16T07:59:59.147+0000] {logging_mixin.py:190} INFO - [2025-12-16T07:59:59.146+0000] {dag.py:3239} INFO - Sync 1 DAGs
[2025-12-16T07:59:59.267+0000] {logging_mixin.py:190} INFO - [2025-12-16T07:59:59.267+0000] {dag.py:4180} INFO - Setting next_dagrun for example_bash_decorator to None, run_after=None
[2025-12-16T07:59:59.425+0000] {processor.py:208} INFO - Processing /home/airflow/.local/lib/python3.12/site-packages/airflow/example_dags/example_bash_decorator.py took 0.664 seconds
[2025-12-16T08:00:36.190+0000] {processor.py:186} INFO - Started process (PID=2991) to work on /home/airflow/.local/lib/python3.12/site-packages/airflow/example_dags/example_bash_decorator.py
[2025-12-16T08:00:36.198+0000] {processor.py:914} INFO - Processing file /home/airflow/.local/lib/python3.12/site-packages/airflow/example_dags/example_bash_decorator.py for tasks to queue
[2025-12-16T08:00:36.202+0000] {logging_mixin.py:190} INFO - [2025-12-16T08:00:36.201+0000] {dagbag.py:588} INFO - Filling up the DagBag from /home/airflow/.local/lib/python3.12/site-packages/airflow/example_dags/example_bash_decorator.py
[2025-12-16T08:00:36.283+0000] {processor.py:925} INFO - DAG(s) 'example_bash_decorator' retrieved from /home/airflow/.local/lib/python3.12/site-packages/airflow/example_dags/example_bash_decorator.py
[2025-12-16T08:00:36.466+0000] {logging_mixin.py:190} INFO - [2025-12-16T08:00:36.464+0000] {dag.py:3239} INFO - Sync 1 DAGs
[2025-12-16T08:00:36.597+0000] {logging_mixin.py:190} INFO - [2025-12-16T08:00:36.596+0000] {dag.py:4180} INFO - Setting next_dagrun for example_bash_decorator to None, run_after=None
[2025-12-16T08:00:36.707+0000] {processor.py:208} INFO - Processing /home/airflow/.local/lib/python3.12/site-packages/airflow/example_dags/example_bash_decorator.py took 0.547 seconds
[2025-12-16T08:01:10.077+0000] {processor.py:186} INFO - Started process (PID=3066) to work on /home/airflow/.local/lib/python3.12/site-packages/airflow/example_dags/example_bash_decorator.py
[2025-12-16T08:01:10.082+0000] {processor.py:914} INFO - Processing file /home/airflow/.local/lib/python3.12/site-packages/airflow/example_dags/example_bash_decorator.py for tasks to queue
[2025-12-16T08:01:10.085+0000] {logging_mixin.py:190} INFO - [2025-12-16T08:01:10.084+0000] {dagbag.py:588} INFO - Filling up the DagBag from /home/airflow/.local/lib/python3.12/site-packages/airflow/example_dags/example_bash_decorator.py
[2025-12-16T08:01:10.132+0000] {processor.py:925} INFO - DAG(s) 'example_bash_decorator' retrieved from /home/airflow/.local/lib/python3.12/site-packages/airflow/example_dags/example_bash_decorator.py
[2025-12-16T08:01:10.201+0000] {logging_mixin.py:190} INFO - [2025-12-16T08:01:10.200+0000] {dag.py:3239} INFO - Sync 1 DAGs
[2025-12-16T08:01:10.260+0000] {logging_mixin.py:190} INFO - [2025-12-16T08:01:10.259+0000] {dag.py:4180} INFO - Setting next_dagrun for example_bash_decorator to None, run_after=None
[2025-12-16T08:01:10.345+0000] {processor.py:208} INFO - Processing /home/airflow/.local/lib/python3.12/site-packages/airflow/example_dags/example_bash_decorator.py took 0.285 seconds
[2025-12-16T08:01:51.449+0000] {processor.py:186} INFO - Started process (PID=3137) to work on /home/airflow/.local/lib/python3.12/site-packages/airflow/example_dags/example_bash_decorator.py
[2025-12-16T08:01:51.453+0000] {processor.py:914} INFO - Processing file /home/airflow/.local/lib/python3.12/site-packages/airflow/example_dags/example_bash_decorator.py for tasks to queue
[2025-12-16T08:01:51.458+0000] {logging_mixin.py:190} INFO - [2025-12-16T08:01:51.457+0000] {dagbag.py:588} INFO - Filling up the DagBag from /home/airflow/.local/lib/python3.12/site-packages/airflow/example_dags/example_bash_decorator.py
[2025-12-16T08:01:51.525+0000] {processor.py:925} INFO - DAG(s) 'example_bash_decorator' retrieved from /home/airflow/.local/lib/python3.12/site-packages/airflow/example_dags/example_bash_decorator.py
[2025-12-16T08:01:51.606+0000] {logging_mixin.py:190} INFO - [2025-12-16T08:01:51.605+0000] {dag.py:3239} INFO - Sync 1 DAGs
[2025-12-16T08:01:51.657+0000] {logging_mixin.py:190} INFO - [2025-12-16T08:01:51.657+0000] {dag.py:4180} INFO - Setting next_dagrun for example_bash_decorator to None, run_after=None
[2025-12-16T08:01:51.712+0000] {processor.py:208} INFO - Processing /home/airflow/.local/lib/python3.12/site-packages/airflow/example_dags/example_bash_decorator.py took 0.283 seconds
[2025-12-16T08:02:28.911+0000] {processor.py:186} INFO - Started process (PID=3210) to work on /home/airflow/.local/lib/python3.12/site-packages/airflow/example_dags/example_bash_decorator.py
[2025-12-16T08:02:28.915+0000] {processor.py:914} INFO - Processing file /home/airflow/.local/lib/python3.12/site-packages/airflow/example_dags/example_bash_decorator.py for tasks to queue
[2025-12-16T08:02:28.920+0000] {logging_mixin.py:190} INFO - [2025-12-16T08:02:28.919+0000] {dagbag.py:588} INFO - Filling up the DagBag from /home/airflow/.local/lib/python3.12/site-packages/airflow/example_dags/example_bash_decorator.py
[2025-12-16T08:02:29.023+0000] {processor.py:925} INFO - DAG(s) 'example_bash_decorator' retrieved from /home/airflow/.local/lib/python3.12/site-packages/airflow/example_dags/example_bash_decorator.py
[2025-12-16T08:02:29.149+0000] {logging_mixin.py:190} INFO - [2025-12-16T08:02:29.148+0000] {dag.py:3239} INFO - Sync 1 DAGs
[2025-12-16T08:02:29.202+0000] {logging_mixin.py:190} INFO - [2025-12-16T08:02:29.202+0000] {dag.py:4180} INFO - Setting next_dagrun for example_bash_decorator to None, run_after=None
[2025-12-16T08:02:29.319+0000] {processor.py:208} INFO - Processing /home/airflow/.local/lib/python3.12/site-packages/airflow/example_dags/example_bash_decorator.py took 0.443 seconds
[2025-12-16T08:03:06.649+0000] {processor.py:186} INFO - Started process (PID=3281) to work on /home/airflow/.local/lib/python3.12/site-packages/airflow/example_dags/example_bash_decorator.py
[2025-12-16T08:03:06.652+0000] {processor.py:914} INFO - Processing file /home/airflow/.local/lib/python3.12/site-packages/airflow/example_dags/example_bash_decorator.py for tasks to queue
[2025-12-16T08:03:06.656+0000] {logging_mixin.py:190} INFO - [2025-12-16T08:03:06.655+0000] {dagbag.py:588} INFO - Filling up the DagBag from /home/airflow/.local/lib/python3.12/site-packages/airflow/example_dags/example_bash_decorator.py
[2025-12-16T08:03:06.715+0000] {processor.py:925} INFO - DAG(s) 'example_bash_decorator' retrieved from /home/airflow/.local/lib/python3.12/site-packages/airflow/example_dags/example_bash_decorator.py
[2025-12-16T08:03:06.788+0000] {logging_mixin.py:190} INFO - [2025-12-16T08:03:06.787+0000] {dag.py:3239} INFO - Sync 1 DAGs
[2025-12-16T08:03:06.836+0000] {logging_mixin.py:190} INFO - [2025-12-16T08:03:06.835+0000] {dag.py:4180} INFO - Setting next_dagrun for example_bash_decorator to None, run_after=None
[2025-12-16T08:03:06.920+0000] {processor.py:208} INFO - Processing /home/airflow/.local/lib/python3.12/site-packages/airflow/example_dags/example_bash_decorator.py took 0.291 seconds
[2025-12-16T08:03:44.409+0000] {processor.py:186} INFO - Started process (PID=3363) to work on /home/airflow/.local/lib/python3.12/site-packages/airflow/example_dags/example_bash_decorator.py
[2025-12-16T08:03:44.414+0000] {processor.py:914} INFO - Processing file /home/airflow/.local/lib/python3.12/site-packages/airflow/example_dags/example_bash_decorator.py for tasks to queue
[2025-12-16T08:03:44.426+0000] {logging_mixin.py:190} INFO - [2025-12-16T08:03:44.424+0000] {dagbag.py:588} INFO - Filling up the DagBag from /home/airflow/.local/lib/python3.12/site-packages/airflow/example_dags/example_bash_decorator.py
[2025-12-16T08:03:44.486+0000] {processor.py:925} INFO - DAG(s) 'example_bash_decorator' retrieved from /home/airflow/.local/lib/python3.12/site-packages/airflow/example_dags/example_bash_decorator.py
[2025-12-16T08:03:44.587+0000] {logging_mixin.py:190} INFO - [2025-12-16T08:03:44.586+0000] {dag.py:3239} INFO - Sync 1 DAGs
[2025-12-16T08:03:44.714+0000] {logging_mixin.py:190} INFO - [2025-12-16T08:03:44.703+0000] {dag.py:4180} INFO - Setting next_dagrun for example_bash_decorator to None, run_after=None
[2025-12-16T08:03:44.862+0000] {processor.py:208} INFO - Processing /home/airflow/.local/lib/python3.12/site-packages/airflow/example_dags/example_bash_decorator.py took 0.489 seconds
[2025-12-16T08:04:23.247+0000] {processor.py:186} INFO - Started process (PID=3431) to work on /home/airflow/.local/lib/python3.12/site-packages/airflow/example_dags/example_bash_decorator.py
[2025-12-16T08:04:23.251+0000] {processor.py:914} INFO - Processing file /home/airflow/.local/lib/python3.12/site-packages/airflow/example_dags/example_bash_decorator.py for tasks to queue
[2025-12-16T08:04:23.258+0000] {logging_mixin.py:190} INFO - [2025-12-16T08:04:23.255+0000] {dagbag.py:588} INFO - Filling up the DagBag from /home/airflow/.local/lib/python3.12/site-packages/airflow/example_dags/example_bash_decorator.py
[2025-12-16T08:04:23.330+0000] {processor.py:925} INFO - DAG(s) 'example_bash_decorator' retrieved from /home/airflow/.local/lib/python3.12/site-packages/airflow/example_dags/example_bash_decorator.py
[2025-12-16T08:04:23.450+0000] {logging_mixin.py:190} INFO - [2025-12-16T08:04:23.449+0000] {dag.py:3239} INFO - Sync 1 DAGs
[2025-12-16T08:04:23.514+0000] {logging_mixin.py:190} INFO - [2025-12-16T08:04:23.514+0000] {dag.py:4180} INFO - Setting next_dagrun for example_bash_decorator to None, run_after=None
[2025-12-16T08:04:23.617+0000] {processor.py:208} INFO - Processing /home/airflow/.local/lib/python3.12/site-packages/airflow/example_dags/example_bash_decorator.py took 0.396 seconds
[2025-12-16T08:04:59.996+0000] {processor.py:186} INFO - Started process (PID=3503) to work on /home/airflow/.local/lib/python3.12/site-packages/airflow/example_dags/example_bash_decorator.py
[2025-12-16T08:05:00.060+0000] {processor.py:914} INFO - Processing file /home/airflow/.local/lib/python3.12/site-packages/airflow/example_dags/example_bash_decorator.py for tasks to queue
[2025-12-16T08:05:00.109+0000] {logging_mixin.py:190} INFO - [2025-12-16T08:05:00.092+0000] {dagbag.py:588} INFO - Filling up the DagBag from /home/airflow/.local/lib/python3.12/site-packages/airflow/example_dags/example_bash_decorator.py
[2025-12-16T08:05:00.265+0000] {processor.py:925} INFO - DAG(s) 'example_bash_decorator' retrieved from /home/airflow/.local/lib/python3.12/site-packages/airflow/example_dags/example_bash_decorator.py
[2025-12-16T08:05:00.417+0000] {logging_mixin.py:190} INFO - [2025-12-16T08:05:00.416+0000] {dag.py:3239} INFO - Sync 1 DAGs
[2025-12-16T08:05:00.546+0000] {logging_mixin.py:190} INFO - [2025-12-16T08:05:00.546+0000] {dag.py:4180} INFO - Setting next_dagrun for example_bash_decorator to None, run_after=None
[2025-12-16T08:05:00.696+0000] {processor.py:208} INFO - Processing /home/airflow/.local/lib/python3.12/site-packages/airflow/example_dags/example_bash_decorator.py took 0.752 seconds
[2025-12-16T08:05:31.955+0000] {processor.py:186} INFO - Started process (PID=3574) to work on /home/airflow/.local/lib/python3.12/site-packages/airflow/example_dags/example_bash_decorator.py
[2025-12-16T08:05:31.971+0000] {processor.py:914} INFO - Processing file /home/airflow/.local/lib/python3.12/site-packages/airflow/example_dags/example_bash_decorator.py for tasks to queue
[2025-12-16T08:05:31.986+0000] {logging_mixin.py:190} INFO - [2025-12-16T08:05:31.976+0000] {dagbag.py:588} INFO - Filling up the DagBag from /home/airflow/.local/lib/python3.12/site-packages/airflow/example_dags/example_bash_decorator.py
[2025-12-16T08:05:32.291+0000] {processor.py:925} INFO - DAG(s) 'example_bash_decorator' retrieved from /home/airflow/.local/lib/python3.12/site-packages/airflow/example_dags/example_bash_decorator.py
[2025-12-16T08:05:32.694+0000] {logging_mixin.py:190} INFO - [2025-12-16T08:05:32.693+0000] {dag.py:3239} INFO - Sync 1 DAGs
[2025-12-16T08:05:32.879+0000] {logging_mixin.py:190} INFO - [2025-12-16T08:05:32.878+0000] {dag.py:4180} INFO - Setting next_dagrun for example_bash_decorator to None, run_after=None
[2025-12-16T08:05:33.118+0000] {processor.py:208} INFO - Processing /home/airflow/.local/lib/python3.12/site-packages/airflow/example_dags/example_bash_decorator.py took 1.241 seconds
[2025-12-16T08:06:08.368+0000] {processor.py:186} INFO - Started process (PID=3646) to work on /home/airflow/.local/lib/python3.12/site-packages/airflow/example_dags/example_bash_decorator.py
[2025-12-16T08:06:08.378+0000] {processor.py:914} INFO - Processing file /home/airflow/.local/lib/python3.12/site-packages/airflow/example_dags/example_bash_decorator.py for tasks to queue
[2025-12-16T08:06:08.384+0000] {logging_mixin.py:190} INFO - [2025-12-16T08:06:08.383+0000] {dagbag.py:588} INFO - Filling up the DagBag from /home/airflow/.local/lib/python3.12/site-packages/airflow/example_dags/example_bash_decorator.py
[2025-12-16T08:06:08.562+0000] {processor.py:925} INFO - DAG(s) 'example_bash_decorator' retrieved from /home/airflow/.local/lib/python3.12/site-packages/airflow/example_dags/example_bash_decorator.py
[2025-12-16T08:06:08.755+0000] {logging_mixin.py:190} INFO - [2025-12-16T08:06:08.754+0000] {dag.py:3239} INFO - Sync 1 DAGs
[2025-12-16T08:06:09.063+0000] {logging_mixin.py:190} INFO - [2025-12-16T08:06:09.056+0000] {dag.py:4180} INFO - Setting next_dagrun for example_bash_decorator to None, run_after=None
[2025-12-16T08:06:09.257+0000] {processor.py:208} INFO - Processing /home/airflow/.local/lib/python3.12/site-packages/airflow/example_dags/example_bash_decorator.py took 0.929 seconds
[2025-12-16T08:09:15.804+0000] {processor.py:186} INFO - Started process (PID=3761) to work on /home/airflow/.local/lib/python3.12/site-packages/airflow/example_dags/example_bash_decorator.py
[2025-12-16T08:09:15.819+0000] {processor.py:914} INFO - Processing file /home/airflow/.local/lib/python3.12/site-packages/airflow/example_dags/example_bash_decorator.py for tasks to queue
[2025-12-16T08:09:15.824+0000] {logging_mixin.py:190} INFO - [2025-12-16T08:09:15.823+0000] {dagbag.py:588} INFO - Filling up the DagBag from /home/airflow/.local/lib/python3.12/site-packages/airflow/example_dags/example_bash_decorator.py
[2025-12-16T08:09:15.972+0000] {processor.py:925} INFO - DAG(s) 'example_bash_decorator' retrieved from /home/airflow/.local/lib/python3.12/site-packages/airflow/example_dags/example_bash_decorator.py
[2025-12-16T08:09:16.353+0000] {logging_mixin.py:190} INFO - [2025-12-16T08:09:16.352+0000] {dag.py:3239} INFO - Sync 1 DAGs
[2025-12-16T08:09:16.457+0000] {logging_mixin.py:190} INFO - [2025-12-16T08:09:16.457+0000] {dag.py:4180} INFO - Setting next_dagrun for example_bash_decorator to None, run_after=None
[2025-12-16T08:09:16.590+0000] {processor.py:208} INFO - Processing /home/airflow/.local/lib/python3.12/site-packages/airflow/example_dags/example_bash_decorator.py took 0.833 seconds
[2025-12-16T08:15:27.319+0000] {processor.py:186} INFO - Started process (PID=3867) to work on /home/airflow/.local/lib/python3.12/site-packages/airflow/example_dags/example_bash_decorator.py
[2025-12-16T08:15:27.335+0000] {processor.py:914} INFO - Processing file /home/airflow/.local/lib/python3.12/site-packages/airflow/example_dags/example_bash_decorator.py for tasks to queue
[2025-12-16T08:15:27.369+0000] {logging_mixin.py:190} INFO - [2025-12-16T08:15:27.364+0000] {dagbag.py:588} INFO - Filling up the DagBag from /home/airflow/.local/lib/python3.12/site-packages/airflow/example_dags/example_bash_decorator.py
[2025-12-16T08:15:27.640+0000] {processor.py:925} INFO - DAG(s) 'example_bash_decorator' retrieved from /home/airflow/.local/lib/python3.12/site-packages/airflow/example_dags/example_bash_decorator.py
[2025-12-16T08:15:27.995+0000] {logging_mixin.py:190} INFO - [2025-12-16T08:15:27.994+0000] {dag.py:3239} INFO - Sync 1 DAGs
[2025-12-16T08:15:28.189+0000] {logging_mixin.py:190} INFO - [2025-12-16T08:15:28.188+0000] {dag.py:4180} INFO - Setting next_dagrun for example_bash_decorator to None, run_after=None
[2025-12-16T08:15:28.309+0000] {processor.py:208} INFO - Processing /home/airflow/.local/lib/python3.12/site-packages/airflow/example_dags/example_bash_decorator.py took 1.089 seconds
[2025-12-16T08:16:50.468+0000] {processor.py:186} INFO - Started process (PID=3945) to work on /home/airflow/.local/lib/python3.12/site-packages/airflow/example_dags/example_bash_decorator.py
[2025-12-16T08:16:50.476+0000] {processor.py:914} INFO - Processing file /home/airflow/.local/lib/python3.12/site-packages/airflow/example_dags/example_bash_decorator.py for tasks to queue
[2025-12-16T08:16:50.482+0000] {logging_mixin.py:190} INFO - [2025-12-16T08:16:50.481+0000] {dagbag.py:588} INFO - Filling up the DagBag from /home/airflow/.local/lib/python3.12/site-packages/airflow/example_dags/example_bash_decorator.py
[2025-12-16T08:16:50.602+0000] {processor.py:925} INFO - DAG(s) 'example_bash_decorator' retrieved from /home/airflow/.local/lib/python3.12/site-packages/airflow/example_dags/example_bash_decorator.py
[2025-12-16T08:16:50.720+0000] {logging_mixin.py:190} INFO - [2025-12-16T08:16:50.719+0000] {dag.py:3239} INFO - Sync 1 DAGs
[2025-12-16T08:16:50.772+0000] {logging_mixin.py:190} INFO - [2025-12-16T08:16:50.772+0000] {dag.py:4180} INFO - Setting next_dagrun for example_bash_decorator to None, run_after=None
[2025-12-16T08:16:50.863+0000] {processor.py:208} INFO - Processing /home/airflow/.local/lib/python3.12/site-packages/airflow/example_dags/example_bash_decorator.py took 0.460 seconds
[2025-12-16T08:17:23.062+0000] {processor.py:186} INFO - Started process (PID=4017) to work on /home/airflow/.local/lib/python3.12/site-packages/airflow/example_dags/example_bash_decorator.py
[2025-12-16T08:17:23.065+0000] {processor.py:914} INFO - Processing file /home/airflow/.local/lib/python3.12/site-packages/airflow/example_dags/example_bash_decorator.py for tasks to queue
[2025-12-16T08:17:23.075+0000] {logging_mixin.py:190} INFO - [2025-12-16T08:17:23.074+0000] {dagbag.py:588} INFO - Filling up the DagBag from /home/airflow/.local/lib/python3.12/site-packages/airflow/example_dags/example_bash_decorator.py
[2025-12-16T08:17:23.135+0000] {processor.py:925} INFO - DAG(s) 'example_bash_decorator' retrieved from /home/airflow/.local/lib/python3.12/site-packages/airflow/example_dags/example_bash_decorator.py
[2025-12-16T08:17:23.187+0000] {logging_mixin.py:190} INFO - [2025-12-16T08:17:23.186+0000] {dag.py:3239} INFO - Sync 1 DAGs
[2025-12-16T08:17:23.223+0000] {logging_mixin.py:190} INFO - [2025-12-16T08:17:23.222+0000] {dag.py:4180} INFO - Setting next_dagrun for example_bash_decorator to None, run_after=None
[2025-12-16T08:17:23.265+0000] {processor.py:208} INFO - Processing /home/airflow/.local/lib/python3.12/site-packages/airflow/example_dags/example_bash_decorator.py took 0.218 seconds
[2025-12-16T08:18:01.861+0000] {processor.py:186} INFO - Started process (PID=4090) to work on /home/airflow/.local/lib/python3.12/site-packages/airflow/example_dags/example_bash_decorator.py
[2025-12-16T08:18:01.864+0000] {processor.py:914} INFO - Processing file /home/airflow/.local/lib/python3.12/site-packages/airflow/example_dags/example_bash_decorator.py for tasks to queue
[2025-12-16T08:18:01.876+0000] {logging_mixin.py:190} INFO - [2025-12-16T08:18:01.875+0000] {dagbag.py:588} INFO - Filling up the DagBag from /home/airflow/.local/lib/python3.12/site-packages/airflow/example_dags/example_bash_decorator.py
[2025-12-16T08:18:02.003+0000] {processor.py:925} INFO - DAG(s) 'example_bash_decorator' retrieved from /home/airflow/.local/lib/python3.12/site-packages/airflow/example_dags/example_bash_decorator.py
[2025-12-16T08:18:02.096+0000] {logging_mixin.py:190} INFO - [2025-12-16T08:18:02.096+0000] {dag.py:3239} INFO - Sync 1 DAGs
[2025-12-16T08:18:02.133+0000] {logging_mixin.py:190} INFO - [2025-12-16T08:18:02.132+0000] {dag.py:4180} INFO - Setting next_dagrun for example_bash_decorator to None, run_after=None
[2025-12-16T08:18:02.587+0000] {processor.py:208} INFO - Processing /home/airflow/.local/lib/python3.12/site-packages/airflow/example_dags/example_bash_decorator.py took 0.751 seconds
[2025-12-16T08:18:37.181+0000] {processor.py:186} INFO - Started process (PID=4168) to work on /home/airflow/.local/lib/python3.12/site-packages/airflow/example_dags/example_bash_decorator.py
[2025-12-16T08:18:37.185+0000] {processor.py:914} INFO - Processing file /home/airflow/.local/lib/python3.12/site-packages/airflow/example_dags/example_bash_decorator.py for tasks to queue
[2025-12-16T08:18:37.189+0000] {logging_mixin.py:190} INFO - [2025-12-16T08:18:37.188+0000] {dagbag.py:588} INFO - Filling up the DagBag from /home/airflow/.local/lib/python3.12/site-packages/airflow/example_dags/example_bash_decorator.py
[2025-12-16T08:18:37.252+0000] {processor.py:925} INFO - DAG(s) 'example_bash_decorator' retrieved from /home/airflow/.local/lib/python3.12/site-packages/airflow/example_dags/example_bash_decorator.py
[2025-12-16T08:18:37.364+0000] {logging_mixin.py:190} INFO - [2025-12-16T08:18:37.363+0000] {dag.py:3239} INFO - Sync 1 DAGs
[2025-12-16T08:18:37.452+0000] {logging_mixin.py:190} INFO - [2025-12-16T08:18:37.451+0000] {dag.py:4180} INFO - Setting next_dagrun for example_bash_decorator to None, run_after=None
[2025-12-16T08:18:37.536+0000] {processor.py:208} INFO - Processing /home/airflow/.local/lib/python3.12/site-packages/airflow/example_dags/example_bash_decorator.py took 0.373 seconds
[2025-12-16T08:19:16.355+0000] {processor.py:186} INFO - Started process (PID=4240) to work on /home/airflow/.local/lib/python3.12/site-packages/airflow/example_dags/example_bash_decorator.py
[2025-12-16T08:19:16.359+0000] {processor.py:914} INFO - Processing file /home/airflow/.local/lib/python3.12/site-packages/airflow/example_dags/example_bash_decorator.py for tasks to queue
[2025-12-16T08:19:16.369+0000] {logging_mixin.py:190} INFO - [2025-12-16T08:19:16.364+0000] {dagbag.py:588} INFO - Filling up the DagBag from /home/airflow/.local/lib/python3.12/site-packages/airflow/example_dags/example_bash_decorator.py
[2025-12-16T08:19:16.447+0000] {processor.py:925} INFO - DAG(s) 'example_bash_decorator' retrieved from /home/airflow/.local/lib/python3.12/site-packages/airflow/example_dags/example_bash_decorator.py
[2025-12-16T08:19:16.633+0000] {logging_mixin.py:190} INFO - [2025-12-16T08:19:16.632+0000] {dag.py:3239} INFO - Sync 1 DAGs
[2025-12-16T08:19:16.952+0000] {logging_mixin.py:190} INFO - [2025-12-16T08:19:16.941+0000] {dag.py:4180} INFO - Setting next_dagrun for example_bash_decorator to None, run_after=None
[2025-12-16T08:19:17.150+0000] {processor.py:208} INFO - Processing /home/airflow/.local/lib/python3.12/site-packages/airflow/example_dags/example_bash_decorator.py took 0.832 seconds
[2025-12-16T08:19:47.524+0000] {processor.py:186} INFO - Started process (PID=4312) to work on /home/airflow/.local/lib/python3.12/site-packages/airflow/example_dags/example_bash_decorator.py
[2025-12-16T08:19:47.526+0000] {processor.py:914} INFO - Processing file /home/airflow/.local/lib/python3.12/site-packages/airflow/example_dags/example_bash_decorator.py for tasks to queue
[2025-12-16T08:19:47.540+0000] {logging_mixin.py:190} INFO - [2025-12-16T08:19:47.539+0000] {dagbag.py:588} INFO - Filling up the DagBag from /home/airflow/.local/lib/python3.12/site-packages/airflow/example_dags/example_bash_decorator.py
[2025-12-16T08:19:47.611+0000] {processor.py:925} INFO - DAG(s) 'example_bash_decorator' retrieved from /home/airflow/.local/lib/python3.12/site-packages/airflow/example_dags/example_bash_decorator.py
[2025-12-16T08:19:47.728+0000] {logging_mixin.py:190} INFO - [2025-12-16T08:19:47.727+0000] {dag.py:3239} INFO - Sync 1 DAGs
[2025-12-16T08:19:47.806+0000] {logging_mixin.py:190} INFO - [2025-12-16T08:19:47.806+0000] {dag.py:4180} INFO - Setting next_dagrun for example_bash_decorator to None, run_after=None
[2025-12-16T08:19:47.940+0000] {processor.py:208} INFO - Processing /home/airflow/.local/lib/python3.12/site-packages/airflow/example_dags/example_bash_decorator.py took 0.441 seconds
[2025-12-16T08:20:18.792+0000] {processor.py:186} INFO - Started process (PID=4383) to work on /home/airflow/.local/lib/python3.12/site-packages/airflow/example_dags/example_bash_decorator.py
[2025-12-16T08:20:18.795+0000] {processor.py:914} INFO - Processing file /home/airflow/.local/lib/python3.12/site-packages/airflow/example_dags/example_bash_decorator.py for tasks to queue
[2025-12-16T08:20:18.799+0000] {logging_mixin.py:190} INFO - [2025-12-16T08:20:18.798+0000] {dagbag.py:588} INFO - Filling up the DagBag from /home/airflow/.local/lib/python3.12/site-packages/airflow/example_dags/example_bash_decorator.py
[2025-12-16T08:20:18.837+0000] {processor.py:925} INFO - DAG(s) 'example_bash_decorator' retrieved from /home/airflow/.local/lib/python3.12/site-packages/airflow/example_dags/example_bash_decorator.py
[2025-12-16T08:20:18.889+0000] {logging_mixin.py:190} INFO - [2025-12-16T08:20:18.888+0000] {dag.py:3239} INFO - Sync 1 DAGs
[2025-12-16T08:20:19.083+0000] {logging_mixin.py:190} INFO - [2025-12-16T08:20:19.082+0000] {dag.py:4180} INFO - Setting next_dagrun for example_bash_decorator to None, run_after=None
[2025-12-16T08:20:19.262+0000] {processor.py:208} INFO - Processing /home/airflow/.local/lib/python3.12/site-packages/airflow/example_dags/example_bash_decorator.py took 0.486 seconds
[2025-12-16T08:20:49.848+0000] {processor.py:186} INFO - Started process (PID=4455) to work on /home/airflow/.local/lib/python3.12/site-packages/airflow/example_dags/example_bash_decorator.py
[2025-12-16T08:20:49.852+0000] {processor.py:914} INFO - Processing file /home/airflow/.local/lib/python3.12/site-packages/airflow/example_dags/example_bash_decorator.py for tasks to queue
[2025-12-16T08:20:49.866+0000] {logging_mixin.py:190} INFO - [2025-12-16T08:20:49.858+0000] {dagbag.py:588} INFO - Filling up the DagBag from /home/airflow/.local/lib/python3.12/site-packages/airflow/example_dags/example_bash_decorator.py
[2025-12-16T08:20:49.947+0000] {processor.py:925} INFO - DAG(s) 'example_bash_decorator' retrieved from /home/airflow/.local/lib/python3.12/site-packages/airflow/example_dags/example_bash_decorator.py
[2025-12-16T08:20:50.009+0000] {logging_mixin.py:190} INFO - [2025-12-16T08:20:50.009+0000] {dag.py:3239} INFO - Sync 1 DAGs
[2025-12-16T08:20:50.066+0000] {logging_mixin.py:190} INFO - [2025-12-16T08:20:50.065+0000] {dag.py:4180} INFO - Setting next_dagrun for example_bash_decorator to None, run_after=None
[2025-12-16T08:20:50.268+0000] {processor.py:208} INFO - Processing /home/airflow/.local/lib/python3.12/site-packages/airflow/example_dags/example_bash_decorator.py took 0.456 seconds
[2025-12-16T08:21:21.274+0000] {processor.py:186} INFO - Started process (PID=4527) to work on /home/airflow/.local/lib/python3.12/site-packages/airflow/example_dags/example_bash_decorator.py
[2025-12-16T08:21:21.279+0000] {processor.py:914} INFO - Processing file /home/airflow/.local/lib/python3.12/site-packages/airflow/example_dags/example_bash_decorator.py for tasks to queue
[2025-12-16T08:21:21.284+0000] {logging_mixin.py:190} INFO - [2025-12-16T08:21:21.283+0000] {dagbag.py:588} INFO - Filling up the DagBag from /home/airflow/.local/lib/python3.12/site-packages/airflow/example_dags/example_bash_decorator.py
[2025-12-16T08:21:21.352+0000] {processor.py:925} INFO - DAG(s) 'example_bash_decorator' retrieved from /home/airflow/.local/lib/python3.12/site-packages/airflow/example_dags/example_bash_decorator.py
[2025-12-16T08:21:21.451+0000] {logging_mixin.py:190} INFO - [2025-12-16T08:21:21.450+0000] {dag.py:3239} INFO - Sync 1 DAGs
[2025-12-16T08:21:21.513+0000] {logging_mixin.py:190} INFO - [2025-12-16T08:21:21.512+0000] {dag.py:4180} INFO - Setting next_dagrun for example_bash_decorator to None, run_after=None
[2025-12-16T08:21:21.575+0000] {processor.py:208} INFO - Processing /home/airflow/.local/lib/python3.12/site-packages/airflow/example_dags/example_bash_decorator.py took 0.321 seconds
[2025-12-16T08:22:02.803+0000] {processor.py:186} INFO - Started process (PID=4598) to work on /home/airflow/.local/lib/python3.12/site-packages/airflow/example_dags/example_bash_decorator.py
[2025-12-16T08:22:02.806+0000] {processor.py:914} INFO - Processing file /home/airflow/.local/lib/python3.12/site-packages/airflow/example_dags/example_bash_decorator.py for tasks to queue
[2025-12-16T08:22:02.810+0000] {logging_mixin.py:190} INFO - [2025-12-16T08:22:02.809+0000] {dagbag.py:588} INFO - Filling up the DagBag from /home/airflow/.local/lib/python3.12/site-packages/airflow/example_dags/example_bash_decorator.py
[2025-12-16T08:22:02.864+0000] {processor.py:925} INFO - DAG(s) 'example_bash_decorator' retrieved from /home/airflow/.local/lib/python3.12/site-packages/airflow/example_dags/example_bash_decorator.py
[2025-12-16T08:22:02.933+0000] {logging_mixin.py:190} INFO - [2025-12-16T08:22:02.932+0000] {dag.py:3239} INFO - Sync 1 DAGs
[2025-12-16T08:22:02.991+0000] {logging_mixin.py:190} INFO - [2025-12-16T08:22:02.990+0000] {dag.py:4180} INFO - Setting next_dagrun for example_bash_decorator to None, run_after=None
[2025-12-16T08:22:03.050+0000] {processor.py:208} INFO - Processing /home/airflow/.local/lib/python3.12/site-packages/airflow/example_dags/example_bash_decorator.py took 0.264 seconds
[2025-12-16T08:22:33.905+0000] {processor.py:186} INFO - Started process (PID=4668) to work on /home/airflow/.local/lib/python3.12/site-packages/airflow/example_dags/example_bash_decorator.py
[2025-12-16T08:22:33.908+0000] {processor.py:914} INFO - Processing file /home/airflow/.local/lib/python3.12/site-packages/airflow/example_dags/example_bash_decorator.py for tasks to queue
[2025-12-16T08:22:33.915+0000] {logging_mixin.py:190} INFO - [2025-12-16T08:22:33.914+0000] {dagbag.py:588} INFO - Filling up the DagBag from /home/airflow/.local/lib/python3.12/site-packages/airflow/example_dags/example_bash_decorator.py
[2025-12-16T08:22:34.129+0000] {processor.py:925} INFO - DAG(s) 'example_bash_decorator' retrieved from /home/airflow/.local/lib/python3.12/site-packages/airflow/example_dags/example_bash_decorator.py
[2025-12-16T08:22:34.383+0000] {logging_mixin.py:190} INFO - [2025-12-16T08:22:34.369+0000] {dag.py:3239} INFO - Sync 1 DAGs
[2025-12-16T08:22:34.532+0000] {logging_mixin.py:190} INFO - [2025-12-16T08:22:34.530+0000] {dag.py:4180} INFO - Setting next_dagrun for example_bash_decorator to None, run_after=None
[2025-12-16T08:22:34.633+0000] {processor.py:208} INFO - Processing /home/airflow/.local/lib/python3.12/site-packages/airflow/example_dags/example_bash_decorator.py took 0.760 seconds
[2025-12-16T08:23:05.985+0000] {processor.py:186} INFO - Started process (PID=4740) to work on /home/airflow/.local/lib/python3.12/site-packages/airflow/example_dags/example_bash_decorator.py
[2025-12-16T08:23:06.012+0000] {processor.py:914} INFO - Processing file /home/airflow/.local/lib/python3.12/site-packages/airflow/example_dags/example_bash_decorator.py for tasks to queue
[2025-12-16T08:23:06.044+0000] {logging_mixin.py:190} INFO - [2025-12-16T08:23:06.043+0000] {dagbag.py:588} INFO - Filling up the DagBag from /home/airflow/.local/lib/python3.12/site-packages/airflow/example_dags/example_bash_decorator.py
[2025-12-16T08:23:06.133+0000] {processor.py:925} INFO - DAG(s) 'example_bash_decorator' retrieved from /home/airflow/.local/lib/python3.12/site-packages/airflow/example_dags/example_bash_decorator.py
[2025-12-16T08:23:06.251+0000] {logging_mixin.py:190} INFO - [2025-12-16T08:23:06.251+0000] {dag.py:3239} INFO - Sync 1 DAGs
[2025-12-16T08:23:06.344+0000] {logging_mixin.py:190} INFO - [2025-12-16T08:23:06.344+0000] {dag.py:4180} INFO - Setting next_dagrun for example_bash_decorator to None, run_after=None
[2025-12-16T08:23:06.429+0000] {processor.py:208} INFO - Processing /home/airflow/.local/lib/python3.12/site-packages/airflow/example_dags/example_bash_decorator.py took 0.486 seconds
[2025-12-16T08:23:36.925+0000] {processor.py:186} INFO - Started process (PID=4811) to work on /home/airflow/.local/lib/python3.12/site-packages/airflow/example_dags/example_bash_decorator.py
[2025-12-16T08:23:36.928+0000] {processor.py:914} INFO - Processing file /home/airflow/.local/lib/python3.12/site-packages/airflow/example_dags/example_bash_decorator.py for tasks to queue
[2025-12-16T08:23:36.933+0000] {logging_mixin.py:190} INFO - [2025-12-16T08:23:36.932+0000] {dagbag.py:588} INFO - Filling up the DagBag from /home/airflow/.local/lib/python3.12/site-packages/airflow/example_dags/example_bash_decorator.py
[2025-12-16T08:23:36.994+0000] {processor.py:925} INFO - DAG(s) 'example_bash_decorator' retrieved from /home/airflow/.local/lib/python3.12/site-packages/airflow/example_dags/example_bash_decorator.py
[2025-12-16T08:23:37.084+0000] {logging_mixin.py:190} INFO - [2025-12-16T08:23:37.083+0000] {dag.py:3239} INFO - Sync 1 DAGs
[2025-12-16T08:23:37.148+0000] {logging_mixin.py:190} INFO - [2025-12-16T08:23:37.147+0000] {dag.py:4180} INFO - Setting next_dagrun for example_bash_decorator to None, run_after=None
[2025-12-16T08:23:37.217+0000] {processor.py:208} INFO - Processing /home/airflow/.local/lib/python3.12/site-packages/airflow/example_dags/example_bash_decorator.py took 0.320 seconds
[2025-12-16T08:24:08.448+0000] {processor.py:186} INFO - Started process (PID=4883) to work on /home/airflow/.local/lib/python3.12/site-packages/airflow/example_dags/example_bash_decorator.py
[2025-12-16T08:24:08.456+0000] {processor.py:914} INFO - Processing file /home/airflow/.local/lib/python3.12/site-packages/airflow/example_dags/example_bash_decorator.py for tasks to queue
[2025-12-16T08:24:08.462+0000] {logging_mixin.py:190} INFO - [2025-12-16T08:24:08.461+0000] {dagbag.py:588} INFO - Filling up the DagBag from /home/airflow/.local/lib/python3.12/site-packages/airflow/example_dags/example_bash_decorator.py
[2025-12-16T08:24:08.504+0000] {processor.py:925} INFO - DAG(s) 'example_bash_decorator' retrieved from /home/airflow/.local/lib/python3.12/site-packages/airflow/example_dags/example_bash_decorator.py
[2025-12-16T08:24:08.573+0000] {logging_mixin.py:190} INFO - [2025-12-16T08:24:08.572+0000] {dag.py:3239} INFO - Sync 1 DAGs
[2025-12-16T08:24:08.617+0000] {logging_mixin.py:190} INFO - [2025-12-16T08:24:08.617+0000] {dag.py:4180} INFO - Setting next_dagrun for example_bash_decorator to None, run_after=None
[2025-12-16T08:24:08.681+0000] {processor.py:208} INFO - Processing /home/airflow/.local/lib/python3.12/site-packages/airflow/example_dags/example_bash_decorator.py took 0.254 seconds
[2025-12-16T08:24:41.111+0000] {processor.py:186} INFO - Started process (PID=4953) to work on /home/airflow/.local/lib/python3.12/site-packages/airflow/example_dags/example_bash_decorator.py
[2025-12-16T08:24:41.113+0000] {processor.py:914} INFO - Processing file /home/airflow/.local/lib/python3.12/site-packages/airflow/example_dags/example_bash_decorator.py for tasks to queue
[2025-12-16T08:24:41.116+0000] {logging_mixin.py:190} INFO - [2025-12-16T08:24:41.115+0000] {dagbag.py:588} INFO - Filling up the DagBag from /home/airflow/.local/lib/python3.12/site-packages/airflow/example_dags/example_bash_decorator.py
[2025-12-16T08:24:41.153+0000] {processor.py:925} INFO - DAG(s) 'example_bash_decorator' retrieved from /home/airflow/.local/lib/python3.12/site-packages/airflow/example_dags/example_bash_decorator.py
[2025-12-16T08:24:41.205+0000] {logging_mixin.py:190} INFO - [2025-12-16T08:24:41.204+0000] {dag.py:3239} INFO - Sync 1 DAGs
[2025-12-16T08:24:41.244+0000] {logging_mixin.py:190} INFO - [2025-12-16T08:24:41.243+0000] {dag.py:4180} INFO - Setting next_dagrun for example_bash_decorator to None, run_after=None
[2025-12-16T08:24:41.288+0000] {processor.py:208} INFO - Processing /home/airflow/.local/lib/python3.12/site-packages/airflow/example_dags/example_bash_decorator.py took 0.190 seconds
[2025-12-16T08:25:18.079+0000] {processor.py:186} INFO - Started process (PID=5023) to work on /home/airflow/.local/lib/python3.12/site-packages/airflow/example_dags/example_bash_decorator.py
[2025-12-16T08:25:18.084+0000] {processor.py:914} INFO - Processing file /home/airflow/.local/lib/python3.12/site-packages/airflow/example_dags/example_bash_decorator.py for tasks to queue
[2025-12-16T08:25:18.096+0000] {logging_mixin.py:190} INFO - [2025-12-16T08:25:18.095+0000] {dagbag.py:588} INFO - Filling up the DagBag from /home/airflow/.local/lib/python3.12/site-packages/airflow/example_dags/example_bash_decorator.py
[2025-12-16T08:25:18.194+0000] {processor.py:925} INFO - DAG(s) 'example_bash_decorator' retrieved from /home/airflow/.local/lib/python3.12/site-packages/airflow/example_dags/example_bash_decorator.py
[2025-12-16T08:25:18.317+0000] {logging_mixin.py:190} INFO - [2025-12-16T08:25:18.316+0000] {dag.py:3239} INFO - Sync 1 DAGs
[2025-12-16T08:25:18.439+0000] {logging_mixin.py:190} INFO - [2025-12-16T08:25:18.439+0000] {dag.py:4180} INFO - Setting next_dagrun for example_bash_decorator to None, run_after=None
[2025-12-16T08:25:18.508+0000] {processor.py:208} INFO - Processing /home/airflow/.local/lib/python3.12/site-packages/airflow/example_dags/example_bash_decorator.py took 0.452 seconds
[2025-12-16T08:25:48.828+0000] {processor.py:186} INFO - Started process (PID=5094) to work on /home/airflow/.local/lib/python3.12/site-packages/airflow/example_dags/example_bash_decorator.py
[2025-12-16T08:25:48.836+0000] {processor.py:914} INFO - Processing file /home/airflow/.local/lib/python3.12/site-packages/airflow/example_dags/example_bash_decorator.py for tasks to queue
[2025-12-16T08:25:48.842+0000] {logging_mixin.py:190} INFO - [2025-12-16T08:25:48.841+0000] {dagbag.py:588} INFO - Filling up the DagBag from /home/airflow/.local/lib/python3.12/site-packages/airflow/example_dags/example_bash_decorator.py
[2025-12-16T08:25:48.937+0000] {processor.py:925} INFO - DAG(s) 'example_bash_decorator' retrieved from /home/airflow/.local/lib/python3.12/site-packages/airflow/example_dags/example_bash_decorator.py
[2025-12-16T08:25:49.044+0000] {logging_mixin.py:190} INFO - [2025-12-16T08:25:49.044+0000] {dag.py:3239} INFO - Sync 1 DAGs
[2025-12-16T08:25:49.284+0000] {logging_mixin.py:190} INFO - [2025-12-16T08:25:49.283+0000] {dag.py:4180} INFO - Setting next_dagrun for example_bash_decorator to None, run_after=None
[2025-12-16T08:25:49.531+0000] {processor.py:208} INFO - Processing /home/airflow/.local/lib/python3.12/site-packages/airflow/example_dags/example_bash_decorator.py took 0.733 seconds
[2025-12-16T08:26:21.090+0000] {processor.py:186} INFO - Started process (PID=5166) to work on /home/airflow/.local/lib/python3.12/site-packages/airflow/example_dags/example_bash_decorator.py
[2025-12-16T08:26:21.094+0000] {processor.py:914} INFO - Processing file /home/airflow/.local/lib/python3.12/site-packages/airflow/example_dags/example_bash_decorator.py for tasks to queue
[2025-12-16T08:26:21.104+0000] {logging_mixin.py:190} INFO - [2025-12-16T08:26:21.101+0000] {dagbag.py:588} INFO - Filling up the DagBag from /home/airflow/.local/lib/python3.12/site-packages/airflow/example_dags/example_bash_decorator.py
[2025-12-16T08:26:21.173+0000] {processor.py:925} INFO - DAG(s) 'example_bash_decorator' retrieved from /home/airflow/.local/lib/python3.12/site-packages/airflow/example_dags/example_bash_decorator.py
[2025-12-16T08:26:21.323+0000] {logging_mixin.py:190} INFO - [2025-12-16T08:26:21.322+0000] {dag.py:3239} INFO - Sync 1 DAGs
[2025-12-16T08:26:21.406+0000] {logging_mixin.py:190} INFO - [2025-12-16T08:26:21.406+0000] {dag.py:4180} INFO - Setting next_dagrun for example_bash_decorator to None, run_after=None
[2025-12-16T08:26:21.489+0000] {processor.py:208} INFO - Processing /home/airflow/.local/lib/python3.12/site-packages/airflow/example_dags/example_bash_decorator.py took 0.427 seconds
[2025-12-16T08:26:56.259+0000] {processor.py:186} INFO - Started process (PID=5238) to work on /home/airflow/.local/lib/python3.12/site-packages/airflow/example_dags/example_bash_decorator.py
[2025-12-16T08:26:56.262+0000] {processor.py:914} INFO - Processing file /home/airflow/.local/lib/python3.12/site-packages/airflow/example_dags/example_bash_decorator.py for tasks to queue
[2025-12-16T08:26:56.268+0000] {logging_mixin.py:190} INFO - [2025-12-16T08:26:56.266+0000] {dagbag.py:588} INFO - Filling up the DagBag from /home/airflow/.local/lib/python3.12/site-packages/airflow/example_dags/example_bash_decorator.py
[2025-12-16T08:26:56.331+0000] {processor.py:925} INFO - DAG(s) 'example_bash_decorator' retrieved from /home/airflow/.local/lib/python3.12/site-packages/airflow/example_dags/example_bash_decorator.py
[2025-12-16T08:26:56.417+0000] {logging_mixin.py:190} INFO - [2025-12-16T08:26:56.416+0000] {dag.py:3239} INFO - Sync 1 DAGs
[2025-12-16T08:26:56.465+0000] {logging_mixin.py:190} INFO - [2025-12-16T08:26:56.465+0000] {dag.py:4180} INFO - Setting next_dagrun for example_bash_decorator to None, run_after=None
[2025-12-16T08:26:56.509+0000] {processor.py:208} INFO - Processing /home/airflow/.local/lib/python3.12/site-packages/airflow/example_dags/example_bash_decorator.py took 0.266 seconds
[2025-12-16T08:27:45.868+0000] {processor.py:186} INFO - Started process (PID=5295) to work on /home/airflow/.local/lib/python3.12/site-packages/airflow/example_dags/example_bash_decorator.py
[2025-12-16T08:27:45.881+0000] {processor.py:914} INFO - Processing file /home/airflow/.local/lib/python3.12/site-packages/airflow/example_dags/example_bash_decorator.py for tasks to queue
[2025-12-16T08:27:45.918+0000] {logging_mixin.py:190} INFO - [2025-12-16T08:27:45.901+0000] {dagbag.py:588} INFO - Filling up the DagBag from /home/airflow/.local/lib/python3.12/site-packages/airflow/example_dags/example_bash_decorator.py
[2025-12-16T08:27:46.101+0000] {processor.py:925} INFO - DAG(s) 'example_bash_decorator' retrieved from /home/airflow/.local/lib/python3.12/site-packages/airflow/example_dags/example_bash_decorator.py
[2025-12-16T08:27:46.216+0000] {logging_mixin.py:190} INFO - [2025-12-16T08:27:46.215+0000] {dag.py:3239} INFO - Sync 1 DAGs
[2025-12-16T08:27:46.358+0000] {logging_mixin.py:190} INFO - [2025-12-16T08:27:46.358+0000] {dag.py:4180} INFO - Setting next_dagrun for example_bash_decorator to None, run_after=None
[2025-12-16T08:27:46.433+0000] {processor.py:208} INFO - Processing /home/airflow/.local/lib/python3.12/site-packages/airflow/example_dags/example_bash_decorator.py took 0.634 seconds
[2025-12-16T08:28:28.576+0000] {processor.py:186} INFO - Started process (PID=5371) to work on /home/airflow/.local/lib/python3.12/site-packages/airflow/example_dags/example_bash_decorator.py
[2025-12-16T08:28:28.588+0000] {processor.py:914} INFO - Processing file /home/airflow/.local/lib/python3.12/site-packages/airflow/example_dags/example_bash_decorator.py for tasks to queue
[2025-12-16T08:28:28.610+0000] {logging_mixin.py:190} INFO - [2025-12-16T08:28:28.592+0000] {dagbag.py:588} INFO - Filling up the DagBag from /home/airflow/.local/lib/python3.12/site-packages/airflow/example_dags/example_bash_decorator.py
[2025-12-16T08:28:28.734+0000] {processor.py:925} INFO - DAG(s) 'example_bash_decorator' retrieved from /home/airflow/.local/lib/python3.12/site-packages/airflow/example_dags/example_bash_decorator.py
[2025-12-16T08:28:28.925+0000] {logging_mixin.py:190} INFO - [2025-12-16T08:28:28.925+0000] {dag.py:3239} INFO - Sync 1 DAGs
[2025-12-16T08:28:29.072+0000] {logging_mixin.py:190} INFO - [2025-12-16T08:28:29.071+0000] {dag.py:4180} INFO - Setting next_dagrun for example_bash_decorator to None, run_after=None
[2025-12-16T08:28:29.228+0000] {processor.py:208} INFO - Processing /home/airflow/.local/lib/python3.12/site-packages/airflow/example_dags/example_bash_decorator.py took 0.743 seconds
