[2025-12-16T07:17:29.400+0000] {processor.py:186} INFO - Started process (PID=130) to work on /home/airflow/.local/lib/python3.12/site-packages/airflow/example_dags/example_short_circuit_decorator.py
[2025-12-16T07:17:29.411+0000] {processor.py:914} INFO - Processing file /home/airflow/.local/lib/python3.12/site-packages/airflow/example_dags/example_short_circuit_decorator.py for tasks to queue
[2025-12-16T07:17:29.438+0000] {logging_mixin.py:190} INFO - [2025-12-16T07:17:29.430+0000] {dagbag.py:588} INFO - Filling up the DagBag from /home/airflow/.local/lib/python3.12/site-packages/airflow/example_dags/example_short_circuit_decorator.py
[2025-12-16T07:17:29.535+0000] {processor.py:925} INFO - DAG(s) 'example_short_circuit_decorator' retrieved from /home/airflow/.local/lib/python3.12/site-packages/airflow/example_dags/example_short_circuit_decorator.py
[2025-12-16T07:17:31.318+0000] {logging_mixin.py:190} INFO - [2025-12-16T07:17:31.316+0000] {override.py:1930} INFO - Created Permission View: can read on DAG:example_short_circuit_decorator
[2025-12-16T07:17:31.501+0000] {logging_mixin.py:190} INFO - [2025-12-16T07:17:31.500+0000] {override.py:1930} INFO - Created Permission View: can delete on DAG:example_short_circuit_decorator
[2025-12-16T07:17:31.597+0000] {logging_mixin.py:190} INFO - [2025-12-16T07:17:31.596+0000] {override.py:1930} INFO - Created Permission View: can edit on DAG:example_short_circuit_decorator
[2025-12-16T07:17:31.685+0000] {logging_mixin.py:190} INFO - [2025-12-16T07:17:31.685+0000] {override.py:1930} INFO - Created Permission View: can read on DAG Run:example_short_circuit_decorator
[2025-12-16T07:17:31.752+0000] {logging_mixin.py:190} INFO - [2025-12-16T07:17:31.751+0000] {override.py:1930} INFO - Created Permission View: can delete on DAG Run:example_short_circuit_decorator
[2025-12-16T07:17:31.867+0000] {logging_mixin.py:190} INFO - [2025-12-16T07:17:31.866+0000] {override.py:1930} INFO - Created Permission View: can create on DAG Run:example_short_circuit_decorator
[2025-12-16T07:17:31.913+0000] {logging_mixin.py:190} INFO - [2025-12-16T07:17:31.904+0000] {override.py:1930} INFO - Created Permission View: menu access on DAG Run:example_short_circuit_decorator
[2025-12-16T07:17:31.929+0000] {logging_mixin.py:190} INFO - [2025-12-16T07:17:31.917+0000] {dag.py:3239} INFO - Sync 1 DAGs
[2025-12-16T07:17:32.093+0000] {logging_mixin.py:190} INFO - [2025-12-16T07:17:32.092+0000] {dag.py:3262} INFO - Creating ORM DAG for example_short_circuit_decorator
[2025-12-16T07:17:32.098+0000] {logging_mixin.py:190} INFO - [2025-12-16T07:17:32.097+0000] {dag.py:4180} INFO - Setting next_dagrun for example_short_circuit_decorator to None, run_after=None
[2025-12-16T07:17:32.300+0000] {processor.py:208} INFO - Processing /home/airflow/.local/lib/python3.12/site-packages/airflow/example_dags/example_short_circuit_decorator.py took 2.942 seconds
[2025-12-16T07:18:20.593+0000] {processor.py:186} INFO - Started process (PID=206) to work on /home/airflow/.local/lib/python3.12/site-packages/airflow/example_dags/example_short_circuit_decorator.py
[2025-12-16T07:18:20.602+0000] {processor.py:914} INFO - Processing file /home/airflow/.local/lib/python3.12/site-packages/airflow/example_dags/example_short_circuit_decorator.py for tasks to queue
[2025-12-16T07:18:20.613+0000] {logging_mixin.py:190} INFO - [2025-12-16T07:18:20.612+0000] {dagbag.py:588} INFO - Filling up the DagBag from /home/airflow/.local/lib/python3.12/site-packages/airflow/example_dags/example_short_circuit_decorator.py
[2025-12-16T07:18:20.659+0000] {processor.py:925} INFO - DAG(s) 'example_short_circuit_decorator' retrieved from /home/airflow/.local/lib/python3.12/site-packages/airflow/example_dags/example_short_circuit_decorator.py
[2025-12-16T07:18:20.832+0000] {logging_mixin.py:190} INFO - [2025-12-16T07:18:20.831+0000] {dag.py:3239} INFO - Sync 1 DAGs
[2025-12-16T07:18:20.985+0000] {logging_mixin.py:190} INFO - [2025-12-16T07:18:20.974+0000] {dag.py:4180} INFO - Setting next_dagrun for example_short_circuit_decorator to None, run_after=None
[2025-12-16T07:18:21.160+0000] {processor.py:208} INFO - Processing /home/airflow/.local/lib/python3.12/site-packages/airflow/example_dags/example_short_circuit_decorator.py took 0.598 seconds
[2025-12-16T07:19:01.915+0000] {processor.py:186} INFO - Started process (PID=278) to work on /home/airflow/.local/lib/python3.12/site-packages/airflow/example_dags/example_short_circuit_decorator.py
[2025-12-16T07:19:01.962+0000] {processor.py:914} INFO - Processing file /home/airflow/.local/lib/python3.12/site-packages/airflow/example_dags/example_short_circuit_decorator.py for tasks to queue
[2025-12-16T07:19:02.000+0000] {logging_mixin.py:190} INFO - [2025-12-16T07:19:01.999+0000] {dagbag.py:588} INFO - Filling up the DagBag from /home/airflow/.local/lib/python3.12/site-packages/airflow/example_dags/example_short_circuit_decorator.py
[2025-12-16T07:19:02.136+0000] {processor.py:925} INFO - DAG(s) 'example_short_circuit_decorator' retrieved from /home/airflow/.local/lib/python3.12/site-packages/airflow/example_dags/example_short_circuit_decorator.py
[2025-12-16T07:19:02.530+0000] {logging_mixin.py:190} INFO - [2025-12-16T07:19:02.520+0000] {dag.py:3239} INFO - Sync 1 DAGs
[2025-12-16T07:19:02.677+0000] {logging_mixin.py:190} INFO - [2025-12-16T07:19:02.677+0000] {dag.py:4180} INFO - Setting next_dagrun for example_short_circuit_decorator to None, run_after=None
[2025-12-16T07:19:02.895+0000] {processor.py:208} INFO - Processing /home/airflow/.local/lib/python3.12/site-packages/airflow/example_dags/example_short_circuit_decorator.py took 1.052 seconds
[2025-12-16T07:19:33.924+0000] {processor.py:186} INFO - Started process (PID=350) to work on /home/airflow/.local/lib/python3.12/site-packages/airflow/example_dags/example_short_circuit_decorator.py
[2025-12-16T07:19:33.927+0000] {processor.py:914} INFO - Processing file /home/airflow/.local/lib/python3.12/site-packages/airflow/example_dags/example_short_circuit_decorator.py for tasks to queue
[2025-12-16T07:19:33.940+0000] {logging_mixin.py:190} INFO - [2025-12-16T07:19:33.939+0000] {dagbag.py:588} INFO - Filling up the DagBag from /home/airflow/.local/lib/python3.12/site-packages/airflow/example_dags/example_short_circuit_decorator.py
[2025-12-16T07:19:33.980+0000] {processor.py:925} INFO - DAG(s) 'example_short_circuit_decorator' retrieved from /home/airflow/.local/lib/python3.12/site-packages/airflow/example_dags/example_short_circuit_decorator.py
[2025-12-16T07:19:34.063+0000] {logging_mixin.py:190} INFO - [2025-12-16T07:19:34.062+0000] {dag.py:3239} INFO - Sync 1 DAGs
[2025-12-16T07:19:34.109+0000] {logging_mixin.py:190} INFO - [2025-12-16T07:19:34.108+0000] {dag.py:4180} INFO - Setting next_dagrun for example_short_circuit_decorator to None, run_after=None
[2025-12-16T07:19:34.166+0000] {processor.py:208} INFO - Processing /home/airflow/.local/lib/python3.12/site-packages/airflow/example_dags/example_short_circuit_decorator.py took 0.263 seconds
[2025-12-16T07:20:14.946+0000] {processor.py:186} INFO - Started process (PID=431) to work on /home/airflow/.local/lib/python3.12/site-packages/airflow/example_dags/example_short_circuit_decorator.py
[2025-12-16T07:20:14.949+0000] {processor.py:914} INFO - Processing file /home/airflow/.local/lib/python3.12/site-packages/airflow/example_dags/example_short_circuit_decorator.py for tasks to queue
[2025-12-16T07:20:14.957+0000] {logging_mixin.py:190} INFO - [2025-12-16T07:20:14.956+0000] {dagbag.py:588} INFO - Filling up the DagBag from /home/airflow/.local/lib/python3.12/site-packages/airflow/example_dags/example_short_circuit_decorator.py
[2025-12-16T07:20:14.994+0000] {processor.py:925} INFO - DAG(s) 'example_short_circuit_decorator' retrieved from /home/airflow/.local/lib/python3.12/site-packages/airflow/example_dags/example_short_circuit_decorator.py
[2025-12-16T07:20:15.094+0000] {logging_mixin.py:190} INFO - [2025-12-16T07:20:15.094+0000] {dag.py:3239} INFO - Sync 1 DAGs
[2025-12-16T07:20:15.152+0000] {logging_mixin.py:190} INFO - [2025-12-16T07:20:15.151+0000] {dag.py:4180} INFO - Setting next_dagrun for example_short_circuit_decorator to None, run_after=None
[2025-12-16T07:20:15.227+0000] {processor.py:208} INFO - Processing /home/airflow/.local/lib/python3.12/site-packages/airflow/example_dags/example_short_circuit_decorator.py took 0.302 seconds
[2025-12-16T07:20:48.825+0000] {processor.py:186} INFO - Started process (PID=503) to work on /home/airflow/.local/lib/python3.12/site-packages/airflow/example_dags/example_short_circuit_decorator.py
[2025-12-16T07:20:48.839+0000] {processor.py:914} INFO - Processing file /home/airflow/.local/lib/python3.12/site-packages/airflow/example_dags/example_short_circuit_decorator.py for tasks to queue
[2025-12-16T07:20:48.852+0000] {logging_mixin.py:190} INFO - [2025-12-16T07:20:48.851+0000] {dagbag.py:588} INFO - Filling up the DagBag from /home/airflow/.local/lib/python3.12/site-packages/airflow/example_dags/example_short_circuit_decorator.py
[2025-12-16T07:20:48.920+0000] {processor.py:925} INFO - DAG(s) 'example_short_circuit_decorator' retrieved from /home/airflow/.local/lib/python3.12/site-packages/airflow/example_dags/example_short_circuit_decorator.py
[2025-12-16T07:20:49.053+0000] {logging_mixin.py:190} INFO - [2025-12-16T07:20:49.052+0000] {dag.py:3239} INFO - Sync 1 DAGs
[2025-12-16T07:20:49.151+0000] {logging_mixin.py:190} INFO - [2025-12-16T07:20:49.150+0000] {dag.py:4180} INFO - Setting next_dagrun for example_short_circuit_decorator to None, run_after=None
[2025-12-16T07:20:49.216+0000] {processor.py:208} INFO - Processing /home/airflow/.local/lib/python3.12/site-packages/airflow/example_dags/example_short_circuit_decorator.py took 0.416 seconds
[2025-12-16T07:21:19.793+0000] {processor.py:186} INFO - Started process (PID=575) to work on /home/airflow/.local/lib/python3.12/site-packages/airflow/example_dags/example_short_circuit_decorator.py
[2025-12-16T07:21:19.802+0000] {processor.py:914} INFO - Processing file /home/airflow/.local/lib/python3.12/site-packages/airflow/example_dags/example_short_circuit_decorator.py for tasks to queue
[2025-12-16T07:21:19.822+0000] {logging_mixin.py:190} INFO - [2025-12-16T07:21:19.821+0000] {dagbag.py:588} INFO - Filling up the DagBag from /home/airflow/.local/lib/python3.12/site-packages/airflow/example_dags/example_short_circuit_decorator.py
[2025-12-16T07:21:19.893+0000] {processor.py:925} INFO - DAG(s) 'example_short_circuit_decorator' retrieved from /home/airflow/.local/lib/python3.12/site-packages/airflow/example_dags/example_short_circuit_decorator.py
[2025-12-16T07:21:20.019+0000] {logging_mixin.py:190} INFO - [2025-12-16T07:21:20.018+0000] {dag.py:3239} INFO - Sync 1 DAGs
[2025-12-16T07:21:20.101+0000] {logging_mixin.py:190} INFO - [2025-12-16T07:21:20.100+0000] {dag.py:4180} INFO - Setting next_dagrun for example_short_circuit_decorator to None, run_after=None
[2025-12-16T07:21:20.226+0000] {processor.py:208} INFO - Processing /home/airflow/.local/lib/python3.12/site-packages/airflow/example_dags/example_short_circuit_decorator.py took 0.452 seconds
[2025-12-16T07:21:51.713+0000] {processor.py:186} INFO - Started process (PID=647) to work on /home/airflow/.local/lib/python3.12/site-packages/airflow/example_dags/example_short_circuit_decorator.py
[2025-12-16T07:21:51.717+0000] {processor.py:914} INFO - Processing file /home/airflow/.local/lib/python3.12/site-packages/airflow/example_dags/example_short_circuit_decorator.py for tasks to queue
[2025-12-16T07:21:51.728+0000] {logging_mixin.py:190} INFO - [2025-12-16T07:21:51.727+0000] {dagbag.py:588} INFO - Filling up the DagBag from /home/airflow/.local/lib/python3.12/site-packages/airflow/example_dags/example_short_circuit_decorator.py
[2025-12-16T07:21:51.765+0000] {processor.py:925} INFO - DAG(s) 'example_short_circuit_decorator' retrieved from /home/airflow/.local/lib/python3.12/site-packages/airflow/example_dags/example_short_circuit_decorator.py
[2025-12-16T07:21:51.848+0000] {logging_mixin.py:190} INFO - [2025-12-16T07:21:51.848+0000] {dag.py:3239} INFO - Sync 1 DAGs
[2025-12-16T07:21:51.890+0000] {logging_mixin.py:190} INFO - [2025-12-16T07:21:51.890+0000] {dag.py:4180} INFO - Setting next_dagrun for example_short_circuit_decorator to None, run_after=None
[2025-12-16T07:21:51.939+0000] {processor.py:208} INFO - Processing /home/airflow/.local/lib/python3.12/site-packages/airflow/example_dags/example_short_circuit_decorator.py took 0.250 seconds
[2025-12-16T07:22:23.443+0000] {processor.py:186} INFO - Started process (PID=718) to work on /home/airflow/.local/lib/python3.12/site-packages/airflow/example_dags/example_short_circuit_decorator.py
[2025-12-16T07:22:23.446+0000] {processor.py:914} INFO - Processing file /home/airflow/.local/lib/python3.12/site-packages/airflow/example_dags/example_short_circuit_decorator.py for tasks to queue
[2025-12-16T07:22:23.453+0000] {logging_mixin.py:190} INFO - [2025-12-16T07:22:23.452+0000] {dagbag.py:588} INFO - Filling up the DagBag from /home/airflow/.local/lib/python3.12/site-packages/airflow/example_dags/example_short_circuit_decorator.py
[2025-12-16T07:22:23.478+0000] {processor.py:925} INFO - DAG(s) 'example_short_circuit_decorator' retrieved from /home/airflow/.local/lib/python3.12/site-packages/airflow/example_dags/example_short_circuit_decorator.py
[2025-12-16T07:22:23.533+0000] {logging_mixin.py:190} INFO - [2025-12-16T07:22:23.532+0000] {dag.py:3239} INFO - Sync 1 DAGs
[2025-12-16T07:22:23.571+0000] {logging_mixin.py:190} INFO - [2025-12-16T07:22:23.571+0000] {dag.py:4180} INFO - Setting next_dagrun for example_short_circuit_decorator to None, run_after=None
[2025-12-16T07:22:23.622+0000] {processor.py:208} INFO - Processing /home/airflow/.local/lib/python3.12/site-packages/airflow/example_dags/example_short_circuit_decorator.py took 0.193 seconds
[2025-12-16T07:22:56.451+0000] {processor.py:186} INFO - Started process (PID=790) to work on /home/airflow/.local/lib/python3.12/site-packages/airflow/example_dags/example_short_circuit_decorator.py
[2025-12-16T07:22:56.456+0000] {processor.py:914} INFO - Processing file /home/airflow/.local/lib/python3.12/site-packages/airflow/example_dags/example_short_circuit_decorator.py for tasks to queue
[2025-12-16T07:22:56.463+0000] {logging_mixin.py:190} INFO - [2025-12-16T07:22:56.462+0000] {dagbag.py:588} INFO - Filling up the DagBag from /home/airflow/.local/lib/python3.12/site-packages/airflow/example_dags/example_short_circuit_decorator.py
[2025-12-16T07:22:56.491+0000] {processor.py:925} INFO - DAG(s) 'example_short_circuit_decorator' retrieved from /home/airflow/.local/lib/python3.12/site-packages/airflow/example_dags/example_short_circuit_decorator.py
[2025-12-16T07:22:56.560+0000] {logging_mixin.py:190} INFO - [2025-12-16T07:22:56.560+0000] {dag.py:3239} INFO - Sync 1 DAGs
[2025-12-16T07:22:56.600+0000] {logging_mixin.py:190} INFO - [2025-12-16T07:22:56.600+0000] {dag.py:4180} INFO - Setting next_dagrun for example_short_circuit_decorator to None, run_after=None
[2025-12-16T07:22:56.649+0000] {processor.py:208} INFO - Processing /home/airflow/.local/lib/python3.12/site-packages/airflow/example_dags/example_short_circuit_decorator.py took 0.222 seconds
[2025-12-16T07:23:34.470+0000] {processor.py:186} INFO - Started process (PID=860) to work on /home/airflow/.local/lib/python3.12/site-packages/airflow/example_dags/example_short_circuit_decorator.py
[2025-12-16T07:23:34.481+0000] {processor.py:914} INFO - Processing file /home/airflow/.local/lib/python3.12/site-packages/airflow/example_dags/example_short_circuit_decorator.py for tasks to queue
[2025-12-16T07:23:34.488+0000] {logging_mixin.py:190} INFO - [2025-12-16T07:23:34.487+0000] {dagbag.py:588} INFO - Filling up the DagBag from /home/airflow/.local/lib/python3.12/site-packages/airflow/example_dags/example_short_circuit_decorator.py
[2025-12-16T07:23:34.525+0000] {processor.py:925} INFO - DAG(s) 'example_short_circuit_decorator' retrieved from /home/airflow/.local/lib/python3.12/site-packages/airflow/example_dags/example_short_circuit_decorator.py
[2025-12-16T07:23:34.636+0000] {logging_mixin.py:190} INFO - [2025-12-16T07:23:34.635+0000] {dag.py:3239} INFO - Sync 1 DAGs
[2025-12-16T07:23:34.690+0000] {logging_mixin.py:190} INFO - [2025-12-16T07:23:34.689+0000] {dag.py:4180} INFO - Setting next_dagrun for example_short_circuit_decorator to None, run_after=None
[2025-12-16T07:23:34.741+0000] {processor.py:208} INFO - Processing /home/airflow/.local/lib/python3.12/site-packages/airflow/example_dags/example_short_circuit_decorator.py took 0.302 seconds
[2025-12-16T07:26:02.370+0000] {processor.py:186} INFO - Started process (PID=966) to work on /home/airflow/.local/lib/python3.12/site-packages/airflow/example_dags/example_short_circuit_decorator.py
[2025-12-16T07:26:02.393+0000] {processor.py:914} INFO - Processing file /home/airflow/.local/lib/python3.12/site-packages/airflow/example_dags/example_short_circuit_decorator.py for tasks to queue
[2025-12-16T07:26:02.408+0000] {logging_mixin.py:190} INFO - [2025-12-16T07:26:02.407+0000] {dagbag.py:588} INFO - Filling up the DagBag from /home/airflow/.local/lib/python3.12/site-packages/airflow/example_dags/example_short_circuit_decorator.py
[2025-12-16T07:26:02.594+0000] {processor.py:925} INFO - DAG(s) 'example_short_circuit_decorator' retrieved from /home/airflow/.local/lib/python3.12/site-packages/airflow/example_dags/example_short_circuit_decorator.py
[2025-12-16T07:26:03.171+0000] {logging_mixin.py:190} INFO - [2025-12-16T07:26:03.170+0000] {dag.py:3239} INFO - Sync 1 DAGs
[2025-12-16T07:26:03.254+0000] {logging_mixin.py:190} INFO - [2025-12-16T07:26:03.253+0000] {dag.py:4180} INFO - Setting next_dagrun for example_short_circuit_decorator to None, run_after=None
[2025-12-16T07:26:03.395+0000] {processor.py:208} INFO - Processing /home/airflow/.local/lib/python3.12/site-packages/airflow/example_dags/example_short_circuit_decorator.py took 1.238 seconds
[2025-12-16T07:28:02.816+0000] {processor.py:186} INFO - Started process (PID=1034) to work on /home/airflow/.local/lib/python3.12/site-packages/airflow/example_dags/example_short_circuit_decorator.py
[2025-12-16T07:28:02.820+0000] {processor.py:914} INFO - Processing file /home/airflow/.local/lib/python3.12/site-packages/airflow/example_dags/example_short_circuit_decorator.py for tasks to queue
[2025-12-16T07:28:02.824+0000] {logging_mixin.py:190} INFO - [2025-12-16T07:28:02.823+0000] {dagbag.py:588} INFO - Filling up the DagBag from /home/airflow/.local/lib/python3.12/site-packages/airflow/example_dags/example_short_circuit_decorator.py
[2025-12-16T07:28:02.890+0000] {processor.py:925} INFO - DAG(s) 'example_short_circuit_decorator' retrieved from /home/airflow/.local/lib/python3.12/site-packages/airflow/example_dags/example_short_circuit_decorator.py
[2025-12-16T07:28:03.046+0000] {logging_mixin.py:190} INFO - [2025-12-16T07:28:03.040+0000] {dag.py:3239} INFO - Sync 1 DAGs
[2025-12-16T07:28:03.159+0000] {logging_mixin.py:190} INFO - [2025-12-16T07:28:03.158+0000] {dag.py:4180} INFO - Setting next_dagrun for example_short_circuit_decorator to None, run_after=None
[2025-12-16T07:28:03.291+0000] {processor.py:208} INFO - Processing /home/airflow/.local/lib/python3.12/site-packages/airflow/example_dags/example_short_circuit_decorator.py took 0.510 seconds
[2025-12-16T07:28:48.987+0000] {processor.py:186} INFO - Started process (PID=1106) to work on /home/airflow/.local/lib/python3.12/site-packages/airflow/example_dags/example_short_circuit_decorator.py
[2025-12-16T07:28:48.990+0000] {processor.py:914} INFO - Processing file /home/airflow/.local/lib/python3.12/site-packages/airflow/example_dags/example_short_circuit_decorator.py for tasks to queue
[2025-12-16T07:28:48.994+0000] {logging_mixin.py:190} INFO - [2025-12-16T07:28:48.993+0000] {dagbag.py:588} INFO - Filling up the DagBag from /home/airflow/.local/lib/python3.12/site-packages/airflow/example_dags/example_short_circuit_decorator.py
[2025-12-16T07:28:49.119+0000] {processor.py:925} INFO - DAG(s) 'example_short_circuit_decorator' retrieved from /home/airflow/.local/lib/python3.12/site-packages/airflow/example_dags/example_short_circuit_decorator.py
[2025-12-16T07:28:49.311+0000] {logging_mixin.py:190} INFO - [2025-12-16T07:28:49.310+0000] {dag.py:3239} INFO - Sync 1 DAGs
[2025-12-16T07:28:49.398+0000] {logging_mixin.py:190} INFO - [2025-12-16T07:28:49.397+0000] {dag.py:4180} INFO - Setting next_dagrun for example_short_circuit_decorator to None, run_after=None
[2025-12-16T07:28:49.553+0000] {processor.py:208} INFO - Processing /home/airflow/.local/lib/python3.12/site-packages/airflow/example_dags/example_short_circuit_decorator.py took 0.595 seconds
[2025-12-16T07:31:17.841+0000] {processor.py:186} INFO - Started process (PID=1197) to work on /home/airflow/.local/lib/python3.12/site-packages/airflow/example_dags/example_short_circuit_decorator.py
[2025-12-16T07:31:17.848+0000] {processor.py:914} INFO - Processing file /home/airflow/.local/lib/python3.12/site-packages/airflow/example_dags/example_short_circuit_decorator.py for tasks to queue
[2025-12-16T07:31:17.882+0000] {logging_mixin.py:190} INFO - [2025-12-16T07:31:17.881+0000] {dagbag.py:588} INFO - Filling up the DagBag from /home/airflow/.local/lib/python3.12/site-packages/airflow/example_dags/example_short_circuit_decorator.py
[2025-12-16T07:31:17.979+0000] {processor.py:925} INFO - DAG(s) 'example_short_circuit_decorator' retrieved from /home/airflow/.local/lib/python3.12/site-packages/airflow/example_dags/example_short_circuit_decorator.py
[2025-12-16T07:31:18.210+0000] {logging_mixin.py:190} INFO - [2025-12-16T07:31:18.209+0000] {dag.py:3239} INFO - Sync 1 DAGs
[2025-12-16T07:31:18.443+0000] {logging_mixin.py:190} INFO - [2025-12-16T07:31:18.441+0000] {dag.py:4180} INFO - Setting next_dagrun for example_short_circuit_decorator to None, run_after=None
[2025-12-16T07:31:18.727+0000] {processor.py:208} INFO - Processing /home/airflow/.local/lib/python3.12/site-packages/airflow/example_dags/example_short_circuit_decorator.py took 0.928 seconds
[2025-12-16T07:32:46.604+0000] {processor.py:186} INFO - Started process (PID=1275) to work on /home/airflow/.local/lib/python3.12/site-packages/airflow/example_dags/example_short_circuit_decorator.py
[2025-12-16T07:32:46.646+0000] {processor.py:914} INFO - Processing file /home/airflow/.local/lib/python3.12/site-packages/airflow/example_dags/example_short_circuit_decorator.py for tasks to queue
[2025-12-16T07:32:46.651+0000] {logging_mixin.py:190} INFO - [2025-12-16T07:32:46.649+0000] {dagbag.py:588} INFO - Filling up the DagBag from /home/airflow/.local/lib/python3.12/site-packages/airflow/example_dags/example_short_circuit_decorator.py
[2025-12-16T07:32:46.698+0000] {processor.py:925} INFO - DAG(s) 'example_short_circuit_decorator' retrieved from /home/airflow/.local/lib/python3.12/site-packages/airflow/example_dags/example_short_circuit_decorator.py
[2025-12-16T07:32:46.754+0000] {logging_mixin.py:190} INFO - [2025-12-16T07:32:46.753+0000] {dag.py:3239} INFO - Sync 1 DAGs
[2025-12-16T07:32:46.800+0000] {logging_mixin.py:190} INFO - [2025-12-16T07:32:46.800+0000] {dag.py:4180} INFO - Setting next_dagrun for example_short_circuit_decorator to None, run_after=None
[2025-12-16T07:32:46.988+0000] {processor.py:208} INFO - Processing /home/airflow/.local/lib/python3.12/site-packages/airflow/example_dags/example_short_circuit_decorator.py took 0.399 seconds
[2025-12-16T07:33:20.584+0000] {processor.py:186} INFO - Started process (PID=1346) to work on /home/airflow/.local/lib/python3.12/site-packages/airflow/example_dags/example_short_circuit_decorator.py
[2025-12-16T07:33:20.587+0000] {processor.py:914} INFO - Processing file /home/airflow/.local/lib/python3.12/site-packages/airflow/example_dags/example_short_circuit_decorator.py for tasks to queue
[2025-12-16T07:33:20.592+0000] {logging_mixin.py:190} INFO - [2025-12-16T07:33:20.591+0000] {dagbag.py:588} INFO - Filling up the DagBag from /home/airflow/.local/lib/python3.12/site-packages/airflow/example_dags/example_short_circuit_decorator.py
[2025-12-16T07:33:20.624+0000] {processor.py:925} INFO - DAG(s) 'example_short_circuit_decorator' retrieved from /home/airflow/.local/lib/python3.12/site-packages/airflow/example_dags/example_short_circuit_decorator.py
[2025-12-16T07:33:20.730+0000] {logging_mixin.py:190} INFO - [2025-12-16T07:33:20.730+0000] {dag.py:3239} INFO - Sync 1 DAGs
[2025-12-16T07:33:20.809+0000] {logging_mixin.py:190} INFO - [2025-12-16T07:33:20.804+0000] {dag.py:4180} INFO - Setting next_dagrun for example_short_circuit_decorator to None, run_after=None
[2025-12-16T07:33:20.871+0000] {processor.py:208} INFO - Processing /home/airflow/.local/lib/python3.12/site-packages/airflow/example_dags/example_short_circuit_decorator.py took 0.309 seconds
[2025-12-16T07:33:52.711+0000] {processor.py:186} INFO - Started process (PID=1417) to work on /home/airflow/.local/lib/python3.12/site-packages/airflow/example_dags/example_short_circuit_decorator.py
[2025-12-16T07:33:52.717+0000] {processor.py:914} INFO - Processing file /home/airflow/.local/lib/python3.12/site-packages/airflow/example_dags/example_short_circuit_decorator.py for tasks to queue
[2025-12-16T07:33:52.720+0000] {logging_mixin.py:190} INFO - [2025-12-16T07:33:52.719+0000] {dagbag.py:588} INFO - Filling up the DagBag from /home/airflow/.local/lib/python3.12/site-packages/airflow/example_dags/example_short_circuit_decorator.py
[2025-12-16T07:33:52.758+0000] {processor.py:925} INFO - DAG(s) 'example_short_circuit_decorator' retrieved from /home/airflow/.local/lib/python3.12/site-packages/airflow/example_dags/example_short_circuit_decorator.py
[2025-12-16T07:33:52.858+0000] {logging_mixin.py:190} INFO - [2025-12-16T07:33:52.857+0000] {dag.py:3239} INFO - Sync 1 DAGs
[2025-12-16T07:33:52.921+0000] {logging_mixin.py:190} INFO - [2025-12-16T07:33:52.920+0000] {dag.py:4180} INFO - Setting next_dagrun for example_short_circuit_decorator to None, run_after=None
[2025-12-16T07:33:52.997+0000] {processor.py:208} INFO - Processing /home/airflow/.local/lib/python3.12/site-packages/airflow/example_dags/example_short_circuit_decorator.py took 0.309 seconds
[2025-12-16T07:34:24.086+0000] {processor.py:186} INFO - Started process (PID=1496) to work on /home/airflow/.local/lib/python3.12/site-packages/airflow/example_dags/example_short_circuit_decorator.py
[2025-12-16T07:34:24.094+0000] {processor.py:914} INFO - Processing file /home/airflow/.local/lib/python3.12/site-packages/airflow/example_dags/example_short_circuit_decorator.py for tasks to queue
[2025-12-16T07:34:24.099+0000] {logging_mixin.py:190} INFO - [2025-12-16T07:34:24.097+0000] {dagbag.py:588} INFO - Filling up the DagBag from /home/airflow/.local/lib/python3.12/site-packages/airflow/example_dags/example_short_circuit_decorator.py
[2025-12-16T07:34:24.144+0000] {processor.py:925} INFO - DAG(s) 'example_short_circuit_decorator' retrieved from /home/airflow/.local/lib/python3.12/site-packages/airflow/example_dags/example_short_circuit_decorator.py
[2025-12-16T07:34:24.238+0000] {logging_mixin.py:190} INFO - [2025-12-16T07:34:24.238+0000] {dag.py:3239} INFO - Sync 1 DAGs
[2025-12-16T07:34:24.301+0000] {logging_mixin.py:190} INFO - [2025-12-16T07:34:24.300+0000] {dag.py:4180} INFO - Setting next_dagrun for example_short_circuit_decorator to None, run_after=None
[2025-12-16T07:34:24.380+0000] {processor.py:208} INFO - Processing /home/airflow/.local/lib/python3.12/site-packages/airflow/example_dags/example_short_circuit_decorator.py took 0.324 seconds
[2025-12-16T07:34:55.681+0000] {processor.py:186} INFO - Started process (PID=1568) to work on /home/airflow/.local/lib/python3.12/site-packages/airflow/example_dags/example_short_circuit_decorator.py
[2025-12-16T07:34:55.694+0000] {processor.py:914} INFO - Processing file /home/airflow/.local/lib/python3.12/site-packages/airflow/example_dags/example_short_circuit_decorator.py for tasks to queue
[2025-12-16T07:34:55.735+0000] {logging_mixin.py:190} INFO - [2025-12-16T07:34:55.734+0000] {dagbag.py:588} INFO - Filling up the DagBag from /home/airflow/.local/lib/python3.12/site-packages/airflow/example_dags/example_short_circuit_decorator.py
[2025-12-16T07:34:55.821+0000] {processor.py:925} INFO - DAG(s) 'example_short_circuit_decorator' retrieved from /home/airflow/.local/lib/python3.12/site-packages/airflow/example_dags/example_short_circuit_decorator.py
[2025-12-16T07:34:55.985+0000] {logging_mixin.py:190} INFO - [2025-12-16T07:34:55.984+0000] {dag.py:3239} INFO - Sync 1 DAGs
[2025-12-16T07:34:56.142+0000] {logging_mixin.py:190} INFO - [2025-12-16T07:34:56.141+0000] {dag.py:4180} INFO - Setting next_dagrun for example_short_circuit_decorator to None, run_after=None
[2025-12-16T07:34:56.247+0000] {processor.py:208} INFO - Processing /home/airflow/.local/lib/python3.12/site-packages/airflow/example_dags/example_short_circuit_decorator.py took 0.644 seconds
[2025-12-16T07:35:32.043+0000] {processor.py:186} INFO - Started process (PID=1640) to work on /home/airflow/.local/lib/python3.12/site-packages/airflow/example_dags/example_short_circuit_decorator.py
[2025-12-16T07:35:32.046+0000] {processor.py:914} INFO - Processing file /home/airflow/.local/lib/python3.12/site-packages/airflow/example_dags/example_short_circuit_decorator.py for tasks to queue
[2025-12-16T07:35:32.049+0000] {logging_mixin.py:190} INFO - [2025-12-16T07:35:32.048+0000] {dagbag.py:588} INFO - Filling up the DagBag from /home/airflow/.local/lib/python3.12/site-packages/airflow/example_dags/example_short_circuit_decorator.py
[2025-12-16T07:35:32.078+0000] {processor.py:925} INFO - DAG(s) 'example_short_circuit_decorator' retrieved from /home/airflow/.local/lib/python3.12/site-packages/airflow/example_dags/example_short_circuit_decorator.py
[2025-12-16T07:35:32.136+0000] {logging_mixin.py:190} INFO - [2025-12-16T07:35:32.136+0000] {dag.py:3239} INFO - Sync 1 DAGs
[2025-12-16T07:35:32.191+0000] {logging_mixin.py:190} INFO - [2025-12-16T07:35:32.190+0000] {dag.py:4180} INFO - Setting next_dagrun for example_short_circuit_decorator to None, run_after=None
[2025-12-16T07:35:32.250+0000] {processor.py:208} INFO - Processing /home/airflow/.local/lib/python3.12/site-packages/airflow/example_dags/example_short_circuit_decorator.py took 0.223 seconds
[2025-12-16T07:36:16.788+0000] {processor.py:186} INFO - Started process (PID=1706) to work on /home/airflow/.local/lib/python3.12/site-packages/airflow/example_dags/example_short_circuit_decorator.py
[2025-12-16T07:36:16.791+0000] {processor.py:914} INFO - Processing file /home/airflow/.local/lib/python3.12/site-packages/airflow/example_dags/example_short_circuit_decorator.py for tasks to queue
[2025-12-16T07:36:16.798+0000] {logging_mixin.py:190} INFO - [2025-12-16T07:36:16.797+0000] {dagbag.py:588} INFO - Filling up the DagBag from /home/airflow/.local/lib/python3.12/site-packages/airflow/example_dags/example_short_circuit_decorator.py
[2025-12-16T07:36:16.843+0000] {processor.py:925} INFO - DAG(s) 'example_short_circuit_decorator' retrieved from /home/airflow/.local/lib/python3.12/site-packages/airflow/example_dags/example_short_circuit_decorator.py
[2025-12-16T07:36:16.925+0000] {logging_mixin.py:190} INFO - [2025-12-16T07:36:16.924+0000] {dag.py:3239} INFO - Sync 1 DAGs
[2025-12-16T07:36:16.972+0000] {logging_mixin.py:190} INFO - [2025-12-16T07:36:16.972+0000] {dag.py:4180} INFO - Setting next_dagrun for example_short_circuit_decorator to None, run_after=None
[2025-12-16T07:36:17.030+0000] {processor.py:208} INFO - Processing /home/airflow/.local/lib/python3.12/site-packages/airflow/example_dags/example_short_circuit_decorator.py took 0.260 seconds
[2025-12-16T07:36:50.845+0000] {processor.py:186} INFO - Started process (PID=1778) to work on /home/airflow/.local/lib/python3.12/site-packages/airflow/example_dags/example_short_circuit_decorator.py
[2025-12-16T07:36:50.847+0000] {processor.py:914} INFO - Processing file /home/airflow/.local/lib/python3.12/site-packages/airflow/example_dags/example_short_circuit_decorator.py for tasks to queue
[2025-12-16T07:36:50.852+0000] {logging_mixin.py:190} INFO - [2025-12-16T07:36:50.850+0000] {dagbag.py:588} INFO - Filling up the DagBag from /home/airflow/.local/lib/python3.12/site-packages/airflow/example_dags/example_short_circuit_decorator.py
[2025-12-16T07:36:50.896+0000] {processor.py:925} INFO - DAG(s) 'example_short_circuit_decorator' retrieved from /home/airflow/.local/lib/python3.12/site-packages/airflow/example_dags/example_short_circuit_decorator.py
[2025-12-16T07:36:50.960+0000] {logging_mixin.py:190} INFO - [2025-12-16T07:36:50.959+0000] {dag.py:3239} INFO - Sync 1 DAGs
[2025-12-16T07:36:51.009+0000] {logging_mixin.py:190} INFO - [2025-12-16T07:36:51.008+0000] {dag.py:4180} INFO - Setting next_dagrun for example_short_circuit_decorator to None, run_after=None
[2025-12-16T07:36:51.058+0000] {processor.py:208} INFO - Processing /home/airflow/.local/lib/python3.12/site-packages/airflow/example_dags/example_short_circuit_decorator.py took 0.236 seconds
[2025-12-16T07:37:26.835+0000] {processor.py:186} INFO - Started process (PID=1851) to work on /home/airflow/.local/lib/python3.12/site-packages/airflow/example_dags/example_short_circuit_decorator.py
[2025-12-16T07:37:26.838+0000] {processor.py:914} INFO - Processing file /home/airflow/.local/lib/python3.12/site-packages/airflow/example_dags/example_short_circuit_decorator.py for tasks to queue
[2025-12-16T07:37:26.844+0000] {logging_mixin.py:190} INFO - [2025-12-16T07:37:26.841+0000] {dagbag.py:588} INFO - Filling up the DagBag from /home/airflow/.local/lib/python3.12/site-packages/airflow/example_dags/example_short_circuit_decorator.py
[2025-12-16T07:37:26.883+0000] {processor.py:925} INFO - DAG(s) 'example_short_circuit_decorator' retrieved from /home/airflow/.local/lib/python3.12/site-packages/airflow/example_dags/example_short_circuit_decorator.py
[2025-12-16T07:37:26.943+0000] {logging_mixin.py:190} INFO - [2025-12-16T07:37:26.942+0000] {dag.py:3239} INFO - Sync 1 DAGs
[2025-12-16T07:37:26.983+0000] {logging_mixin.py:190} INFO - [2025-12-16T07:37:26.983+0000] {dag.py:4180} INFO - Setting next_dagrun for example_short_circuit_decorator to None, run_after=None
[2025-12-16T07:37:27.057+0000] {processor.py:208} INFO - Processing /home/airflow/.local/lib/python3.12/site-packages/airflow/example_dags/example_short_circuit_decorator.py took 0.248 seconds
[2025-12-16T07:38:00.844+0000] {processor.py:186} INFO - Started process (PID=1923) to work on /home/airflow/.local/lib/python3.12/site-packages/airflow/example_dags/example_short_circuit_decorator.py
[2025-12-16T07:38:00.847+0000] {processor.py:914} INFO - Processing file /home/airflow/.local/lib/python3.12/site-packages/airflow/example_dags/example_short_circuit_decorator.py for tasks to queue
[2025-12-16T07:38:00.851+0000] {logging_mixin.py:190} INFO - [2025-12-16T07:38:00.850+0000] {dagbag.py:588} INFO - Filling up the DagBag from /home/airflow/.local/lib/python3.12/site-packages/airflow/example_dags/example_short_circuit_decorator.py
[2025-12-16T07:38:00.889+0000] {processor.py:925} INFO - DAG(s) 'example_short_circuit_decorator' retrieved from /home/airflow/.local/lib/python3.12/site-packages/airflow/example_dags/example_short_circuit_decorator.py
[2025-12-16T07:38:00.958+0000] {logging_mixin.py:190} INFO - [2025-12-16T07:38:00.957+0000] {dag.py:3239} INFO - Sync 1 DAGs
[2025-12-16T07:38:01.001+0000] {logging_mixin.py:190} INFO - [2025-12-16T07:38:01.000+0000] {dag.py:4180} INFO - Setting next_dagrun for example_short_circuit_decorator to None, run_after=None
[2025-12-16T07:38:01.062+0000] {processor.py:208} INFO - Processing /home/airflow/.local/lib/python3.12/site-packages/airflow/example_dags/example_short_circuit_decorator.py took 0.239 seconds
[2025-12-16T07:38:36.972+0000] {processor.py:186} INFO - Started process (PID=1992) to work on /home/airflow/.local/lib/python3.12/site-packages/airflow/example_dags/example_short_circuit_decorator.py
[2025-12-16T07:38:36.980+0000] {processor.py:914} INFO - Processing file /home/airflow/.local/lib/python3.12/site-packages/airflow/example_dags/example_short_circuit_decorator.py for tasks to queue
[2025-12-16T07:38:36.983+0000] {logging_mixin.py:190} INFO - [2025-12-16T07:38:36.982+0000] {dagbag.py:588} INFO - Filling up the DagBag from /home/airflow/.local/lib/python3.12/site-packages/airflow/example_dags/example_short_circuit_decorator.py
[2025-12-16T07:38:37.023+0000] {processor.py:925} INFO - DAG(s) 'example_short_circuit_decorator' retrieved from /home/airflow/.local/lib/python3.12/site-packages/airflow/example_dags/example_short_circuit_decorator.py
[2025-12-16T07:38:37.100+0000] {logging_mixin.py:190} INFO - [2025-12-16T07:38:37.099+0000] {dag.py:3239} INFO - Sync 1 DAGs
[2025-12-16T07:38:37.154+0000] {logging_mixin.py:190} INFO - [2025-12-16T07:38:37.153+0000] {dag.py:4180} INFO - Setting next_dagrun for example_short_circuit_decorator to None, run_after=None
[2025-12-16T07:38:37.223+0000] {processor.py:208} INFO - Processing /home/airflow/.local/lib/python3.12/site-packages/airflow/example_dags/example_short_circuit_decorator.py took 0.276 seconds
[2025-12-16T07:39:07.611+0000] {processor.py:186} INFO - Started process (PID=2063) to work on /home/airflow/.local/lib/python3.12/site-packages/airflow/example_dags/example_short_circuit_decorator.py
[2025-12-16T07:39:07.616+0000] {processor.py:914} INFO - Processing file /home/airflow/.local/lib/python3.12/site-packages/airflow/example_dags/example_short_circuit_decorator.py for tasks to queue
[2025-12-16T07:39:07.622+0000] {logging_mixin.py:190} INFO - [2025-12-16T07:39:07.620+0000] {dagbag.py:588} INFO - Filling up the DagBag from /home/airflow/.local/lib/python3.12/site-packages/airflow/example_dags/example_short_circuit_decorator.py
[2025-12-16T07:39:07.697+0000] {processor.py:925} INFO - DAG(s) 'example_short_circuit_decorator' retrieved from /home/airflow/.local/lib/python3.12/site-packages/airflow/example_dags/example_short_circuit_decorator.py
[2025-12-16T07:39:07.806+0000] {logging_mixin.py:190} INFO - [2025-12-16T07:39:07.805+0000] {dag.py:3239} INFO - Sync 1 DAGs
[2025-12-16T07:39:07.939+0000] {logging_mixin.py:190} INFO - [2025-12-16T07:39:07.939+0000] {dag.py:4180} INFO - Setting next_dagrun for example_short_circuit_decorator to None, run_after=None
[2025-12-16T07:39:08.040+0000] {processor.py:208} INFO - Processing /home/airflow/.local/lib/python3.12/site-packages/airflow/example_dags/example_short_circuit_decorator.py took 0.449 seconds
[2025-12-16T07:51:58.916+0000] {processor.py:186} INFO - Started process (PID=2143) to work on /home/airflow/.local/lib/python3.12/site-packages/airflow/example_dags/example_short_circuit_decorator.py
[2025-12-16T07:51:58.938+0000] {processor.py:914} INFO - Processing file /home/airflow/.local/lib/python3.12/site-packages/airflow/example_dags/example_short_circuit_decorator.py for tasks to queue
[2025-12-16T07:51:58.972+0000] {logging_mixin.py:190} INFO - [2025-12-16T07:51:58.955+0000] {dagbag.py:588} INFO - Filling up the DagBag from /home/airflow/.local/lib/python3.12/site-packages/airflow/example_dags/example_short_circuit_decorator.py
[2025-12-16T07:51:59.150+0000] {processor.py:925} INFO - DAG(s) 'example_short_circuit_decorator' retrieved from /home/airflow/.local/lib/python3.12/site-packages/airflow/example_dags/example_short_circuit_decorator.py
[2025-12-16T07:51:59.511+0000] {logging_mixin.py:190} INFO - [2025-12-16T07:51:59.511+0000] {dag.py:3239} INFO - Sync 1 DAGs
[2025-12-16T07:51:59.719+0000] {logging_mixin.py:190} INFO - [2025-12-16T07:51:59.719+0000] {dag.py:4180} INFO - Setting next_dagrun for example_short_circuit_decorator to None, run_after=None
[2025-12-16T07:52:00.085+0000] {processor.py:208} INFO - Processing /home/airflow/.local/lib/python3.12/site-packages/airflow/example_dags/example_short_circuit_decorator.py took 1.340 seconds
[2025-12-16T07:53:12.580+0000] {processor.py:186} INFO - Started process (PID=2229) to work on /home/airflow/.local/lib/python3.12/site-packages/airflow/example_dags/example_short_circuit_decorator.py
[2025-12-16T07:53:12.591+0000] {processor.py:914} INFO - Processing file /home/airflow/.local/lib/python3.12/site-packages/airflow/example_dags/example_short_circuit_decorator.py for tasks to queue
[2025-12-16T07:53:12.624+0000] {logging_mixin.py:190} INFO - [2025-12-16T07:53:12.622+0000] {dagbag.py:588} INFO - Filling up the DagBag from /home/airflow/.local/lib/python3.12/site-packages/airflow/example_dags/example_short_circuit_decorator.py
[2025-12-16T07:53:12.759+0000] {processor.py:925} INFO - DAG(s) 'example_short_circuit_decorator' retrieved from /home/airflow/.local/lib/python3.12/site-packages/airflow/example_dags/example_short_circuit_decorator.py
[2025-12-16T07:53:12.945+0000] {logging_mixin.py:190} INFO - [2025-12-16T07:53:12.944+0000] {dag.py:3239} INFO - Sync 1 DAGs
[2025-12-16T07:53:13.053+0000] {logging_mixin.py:190} INFO - [2025-12-16T07:53:13.052+0000] {dag.py:4180} INFO - Setting next_dagrun for example_short_circuit_decorator to None, run_after=None
[2025-12-16T07:53:13.234+0000] {processor.py:208} INFO - Processing /home/airflow/.local/lib/python3.12/site-packages/airflow/example_dags/example_short_circuit_decorator.py took 0.686 seconds
[2025-12-16T07:54:18.115+0000] {processor.py:186} INFO - Started process (PID=2308) to work on /home/airflow/.local/lib/python3.12/site-packages/airflow/example_dags/example_short_circuit_decorator.py
[2025-12-16T07:54:18.146+0000] {processor.py:914} INFO - Processing file /home/airflow/.local/lib/python3.12/site-packages/airflow/example_dags/example_short_circuit_decorator.py for tasks to queue
[2025-12-16T07:54:18.160+0000] {logging_mixin.py:190} INFO - [2025-12-16T07:54:18.159+0000] {dagbag.py:588} INFO - Filling up the DagBag from /home/airflow/.local/lib/python3.12/site-packages/airflow/example_dags/example_short_circuit_decorator.py
[2025-12-16T07:54:18.333+0000] {processor.py:925} INFO - DAG(s) 'example_short_circuit_decorator' retrieved from /home/airflow/.local/lib/python3.12/site-packages/airflow/example_dags/example_short_circuit_decorator.py
[2025-12-16T07:54:18.618+0000] {logging_mixin.py:190} INFO - [2025-12-16T07:54:18.618+0000] {dag.py:3239} INFO - Sync 1 DAGs
[2025-12-16T07:54:18.752+0000] {logging_mixin.py:190} INFO - [2025-12-16T07:54:18.751+0000] {dag.py:4180} INFO - Setting next_dagrun for example_short_circuit_decorator to None, run_after=None
[2025-12-16T07:54:18.831+0000] {processor.py:208} INFO - Processing /home/airflow/.local/lib/python3.12/site-packages/airflow/example_dags/example_short_circuit_decorator.py took 0.770 seconds
[2025-12-16T07:55:10.383+0000] {processor.py:186} INFO - Started process (PID=2386) to work on /home/airflow/.local/lib/python3.12/site-packages/airflow/example_dags/example_short_circuit_decorator.py
[2025-12-16T07:55:10.386+0000] {processor.py:914} INFO - Processing file /home/airflow/.local/lib/python3.12/site-packages/airflow/example_dags/example_short_circuit_decorator.py for tasks to queue
[2025-12-16T07:55:10.391+0000] {logging_mixin.py:190} INFO - [2025-12-16T07:55:10.390+0000] {dagbag.py:588} INFO - Filling up the DagBag from /home/airflow/.local/lib/python3.12/site-packages/airflow/example_dags/example_short_circuit_decorator.py
[2025-12-16T07:55:10.441+0000] {processor.py:925} INFO - DAG(s) 'example_short_circuit_decorator' retrieved from /home/airflow/.local/lib/python3.12/site-packages/airflow/example_dags/example_short_circuit_decorator.py
[2025-12-16T07:55:10.519+0000] {logging_mixin.py:190} INFO - [2025-12-16T07:55:10.519+0000] {dag.py:3239} INFO - Sync 1 DAGs
[2025-12-16T07:55:10.587+0000] {logging_mixin.py:190} INFO - [2025-12-16T07:55:10.586+0000] {dag.py:4180} INFO - Setting next_dagrun for example_short_circuit_decorator to None, run_after=None
[2025-12-16T07:55:10.643+0000] {processor.py:208} INFO - Processing /home/airflow/.local/lib/python3.12/site-packages/airflow/example_dags/example_short_circuit_decorator.py took 0.286 seconds
[2025-12-16T07:55:51.162+0000] {processor.py:186} INFO - Started process (PID=2458) to work on /home/airflow/.local/lib/python3.12/site-packages/airflow/example_dags/example_short_circuit_decorator.py
[2025-12-16T07:55:51.184+0000] {processor.py:914} INFO - Processing file /home/airflow/.local/lib/python3.12/site-packages/airflow/example_dags/example_short_circuit_decorator.py for tasks to queue
[2025-12-16T07:55:51.193+0000] {logging_mixin.py:190} INFO - [2025-12-16T07:55:51.190+0000] {dagbag.py:588} INFO - Filling up the DagBag from /home/airflow/.local/lib/python3.12/site-packages/airflow/example_dags/example_short_circuit_decorator.py
[2025-12-16T07:55:51.230+0000] {processor.py:925} INFO - DAG(s) 'example_short_circuit_decorator' retrieved from /home/airflow/.local/lib/python3.12/site-packages/airflow/example_dags/example_short_circuit_decorator.py
[2025-12-16T07:55:51.428+0000] {logging_mixin.py:190} INFO - [2025-12-16T07:55:51.427+0000] {dag.py:3239} INFO - Sync 1 DAGs
[2025-12-16T07:55:51.597+0000] {logging_mixin.py:190} INFO - [2025-12-16T07:55:51.597+0000] {dag.py:4180} INFO - Setting next_dagrun for example_short_circuit_decorator to None, run_after=None
[2025-12-16T07:55:51.795+0000] {processor.py:208} INFO - Processing /home/airflow/.local/lib/python3.12/site-packages/airflow/example_dags/example_short_circuit_decorator.py took 0.671 seconds
[2025-12-16T07:56:29.829+0000] {processor.py:186} INFO - Started process (PID=2530) to work on /home/airflow/.local/lib/python3.12/site-packages/airflow/example_dags/example_short_circuit_decorator.py
[2025-12-16T07:56:29.833+0000] {processor.py:914} INFO - Processing file /home/airflow/.local/lib/python3.12/site-packages/airflow/example_dags/example_short_circuit_decorator.py for tasks to queue
[2025-12-16T07:56:29.839+0000] {logging_mixin.py:190} INFO - [2025-12-16T07:56:29.838+0000] {dagbag.py:588} INFO - Filling up the DagBag from /home/airflow/.local/lib/python3.12/site-packages/airflow/example_dags/example_short_circuit_decorator.py
[2025-12-16T07:56:29.874+0000] {processor.py:925} INFO - DAG(s) 'example_short_circuit_decorator' retrieved from /home/airflow/.local/lib/python3.12/site-packages/airflow/example_dags/example_short_circuit_decorator.py
[2025-12-16T07:56:29.933+0000] {logging_mixin.py:190} INFO - [2025-12-16T07:56:29.932+0000] {dag.py:3239} INFO - Sync 1 DAGs
[2025-12-16T07:56:30.006+0000] {logging_mixin.py:190} INFO - [2025-12-16T07:56:30.003+0000] {dag.py:4180} INFO - Setting next_dagrun for example_short_circuit_decorator to None, run_after=None
[2025-12-16T07:56:30.082+0000] {processor.py:208} INFO - Processing /home/airflow/.local/lib/python3.12/site-packages/airflow/example_dags/example_short_circuit_decorator.py took 0.276 seconds
[2025-12-16T07:57:06.091+0000] {processor.py:186} INFO - Started process (PID=2608) to work on /home/airflow/.local/lib/python3.12/site-packages/airflow/example_dags/example_short_circuit_decorator.py
[2025-12-16T07:57:06.093+0000] {processor.py:914} INFO - Processing file /home/airflow/.local/lib/python3.12/site-packages/airflow/example_dags/example_short_circuit_decorator.py for tasks to queue
[2025-12-16T07:57:06.099+0000] {logging_mixin.py:190} INFO - [2025-12-16T07:57:06.096+0000] {dagbag.py:588} INFO - Filling up the DagBag from /home/airflow/.local/lib/python3.12/site-packages/airflow/example_dags/example_short_circuit_decorator.py
[2025-12-16T07:57:06.143+0000] {processor.py:925} INFO - DAG(s) 'example_short_circuit_decorator' retrieved from /home/airflow/.local/lib/python3.12/site-packages/airflow/example_dags/example_short_circuit_decorator.py
[2025-12-16T07:57:06.363+0000] {logging_mixin.py:190} INFO - [2025-12-16T07:57:06.360+0000] {dag.py:3239} INFO - Sync 1 DAGs
[2025-12-16T07:57:06.427+0000] {logging_mixin.py:190} INFO - [2025-12-16T07:57:06.426+0000] {dag.py:4180} INFO - Setting next_dagrun for example_short_circuit_decorator to None, run_after=None
[2025-12-16T07:57:06.494+0000] {processor.py:208} INFO - Processing /home/airflow/.local/lib/python3.12/site-packages/airflow/example_dags/example_short_circuit_decorator.py took 0.419 seconds
[2025-12-16T07:57:47.099+0000] {processor.py:186} INFO - Started process (PID=2687) to work on /home/airflow/.local/lib/python3.12/site-packages/airflow/example_dags/example_short_circuit_decorator.py
[2025-12-16T07:57:47.103+0000] {processor.py:914} INFO - Processing file /home/airflow/.local/lib/python3.12/site-packages/airflow/example_dags/example_short_circuit_decorator.py for tasks to queue
[2025-12-16T07:57:47.110+0000] {logging_mixin.py:190} INFO - [2025-12-16T07:57:47.109+0000] {dagbag.py:588} INFO - Filling up the DagBag from /home/airflow/.local/lib/python3.12/site-packages/airflow/example_dags/example_short_circuit_decorator.py
[2025-12-16T07:57:47.154+0000] {processor.py:925} INFO - DAG(s) 'example_short_circuit_decorator' retrieved from /home/airflow/.local/lib/python3.12/site-packages/airflow/example_dags/example_short_circuit_decorator.py
[2025-12-16T07:57:47.321+0000] {logging_mixin.py:190} INFO - [2025-12-16T07:57:47.321+0000] {dag.py:3239} INFO - Sync 1 DAGs
[2025-12-16T07:57:47.500+0000] {logging_mixin.py:190} INFO - [2025-12-16T07:57:47.499+0000] {dag.py:4180} INFO - Setting next_dagrun for example_short_circuit_decorator to None, run_after=None
[2025-12-16T07:57:47.582+0000] {processor.py:208} INFO - Processing /home/airflow/.local/lib/python3.12/site-packages/airflow/example_dags/example_short_circuit_decorator.py took 0.521 seconds
[2025-12-16T07:58:28.658+0000] {processor.py:186} INFO - Started process (PID=2760) to work on /home/airflow/.local/lib/python3.12/site-packages/airflow/example_dags/example_short_circuit_decorator.py
[2025-12-16T07:58:28.671+0000] {processor.py:914} INFO - Processing file /home/airflow/.local/lib/python3.12/site-packages/airflow/example_dags/example_short_circuit_decorator.py for tasks to queue
[2025-12-16T07:58:28.677+0000] {logging_mixin.py:190} INFO - [2025-12-16T07:58:28.675+0000] {dagbag.py:588} INFO - Filling up the DagBag from /home/airflow/.local/lib/python3.12/site-packages/airflow/example_dags/example_short_circuit_decorator.py
[2025-12-16T07:58:28.716+0000] {processor.py:925} INFO - DAG(s) 'example_short_circuit_decorator' retrieved from /home/airflow/.local/lib/python3.12/site-packages/airflow/example_dags/example_short_circuit_decorator.py
[2025-12-16T07:58:28.786+0000] {logging_mixin.py:190} INFO - [2025-12-16T07:58:28.786+0000] {dag.py:3239} INFO - Sync 1 DAGs
[2025-12-16T07:58:28.843+0000] {logging_mixin.py:190} INFO - [2025-12-16T07:58:28.842+0000] {dag.py:4180} INFO - Setting next_dagrun for example_short_circuit_decorator to None, run_after=None
[2025-12-16T07:58:28.943+0000] {processor.py:208} INFO - Processing /home/airflow/.local/lib/python3.12/site-packages/airflow/example_dags/example_short_circuit_decorator.py took 0.314 seconds
[2025-12-16T07:59:04.561+0000] {processor.py:186} INFO - Started process (PID=2828) to work on /home/airflow/.local/lib/python3.12/site-packages/airflow/example_dags/example_short_circuit_decorator.py
[2025-12-16T07:59:04.574+0000] {processor.py:914} INFO - Processing file /home/airflow/.local/lib/python3.12/site-packages/airflow/example_dags/example_short_circuit_decorator.py for tasks to queue
[2025-12-16T07:59:04.582+0000] {logging_mixin.py:190} INFO - [2025-12-16T07:59:04.579+0000] {dagbag.py:588} INFO - Filling up the DagBag from /home/airflow/.local/lib/python3.12/site-packages/airflow/example_dags/example_short_circuit_decorator.py
[2025-12-16T07:59:04.646+0000] {processor.py:925} INFO - DAG(s) 'example_short_circuit_decorator' retrieved from /home/airflow/.local/lib/python3.12/site-packages/airflow/example_dags/example_short_circuit_decorator.py
[2025-12-16T07:59:04.955+0000] {logging_mixin.py:190} INFO - [2025-12-16T07:59:04.953+0000] {dag.py:3239} INFO - Sync 1 DAGs
[2025-12-16T07:59:05.222+0000] {logging_mixin.py:190} INFO - [2025-12-16T07:59:05.130+0000] {dag.py:4180} INFO - Setting next_dagrun for example_short_circuit_decorator to None, run_after=None
[2025-12-16T07:59:05.397+0000] {processor.py:208} INFO - Processing /home/airflow/.local/lib/python3.12/site-packages/airflow/example_dags/example_short_circuit_decorator.py took 0.862 seconds
[2025-12-16T07:59:59.634+0000] {processor.py:186} INFO - Started process (PID=2921) to work on /home/airflow/.local/lib/python3.12/site-packages/airflow/example_dags/example_short_circuit_decorator.py
[2025-12-16T07:59:59.640+0000] {processor.py:914} INFO - Processing file /home/airflow/.local/lib/python3.12/site-packages/airflow/example_dags/example_short_circuit_decorator.py for tasks to queue
[2025-12-16T07:59:59.644+0000] {logging_mixin.py:190} INFO - [2025-12-16T07:59:59.643+0000] {dagbag.py:588} INFO - Filling up the DagBag from /home/airflow/.local/lib/python3.12/site-packages/airflow/example_dags/example_short_circuit_decorator.py
[2025-12-16T07:59:59.721+0000] {processor.py:925} INFO - DAG(s) 'example_short_circuit_decorator' retrieved from /home/airflow/.local/lib/python3.12/site-packages/airflow/example_dags/example_short_circuit_decorator.py
[2025-12-16T07:59:59.981+0000] {logging_mixin.py:190} INFO - [2025-12-16T07:59:59.981+0000] {dag.py:3239} INFO - Sync 1 DAGs
[2025-12-16T08:00:00.122+0000] {logging_mixin.py:190} INFO - [2025-12-16T08:00:00.120+0000] {dag.py:4180} INFO - Setting next_dagrun for example_short_circuit_decorator to None, run_after=None
[2025-12-16T08:00:00.214+0000] {processor.py:208} INFO - Processing /home/airflow/.local/lib/python3.12/site-packages/airflow/example_dags/example_short_circuit_decorator.py took 0.633 seconds
[2025-12-16T08:00:36.823+0000] {processor.py:186} INFO - Started process (PID=2993) to work on /home/airflow/.local/lib/python3.12/site-packages/airflow/example_dags/example_short_circuit_decorator.py
[2025-12-16T08:00:36.827+0000] {processor.py:914} INFO - Processing file /home/airflow/.local/lib/python3.12/site-packages/airflow/example_dags/example_short_circuit_decorator.py for tasks to queue
[2025-12-16T08:00:36.836+0000] {logging_mixin.py:190} INFO - [2025-12-16T08:00:36.832+0000] {dagbag.py:588} INFO - Filling up the DagBag from /home/airflow/.local/lib/python3.12/site-packages/airflow/example_dags/example_short_circuit_decorator.py
[2025-12-16T08:00:36.874+0000] {processor.py:925} INFO - DAG(s) 'example_short_circuit_decorator' retrieved from /home/airflow/.local/lib/python3.12/site-packages/airflow/example_dags/example_short_circuit_decorator.py
[2025-12-16T08:00:37.033+0000] {logging_mixin.py:190} INFO - [2025-12-16T08:00:37.032+0000] {dag.py:3239} INFO - Sync 1 DAGs
[2025-12-16T08:00:37.095+0000] {logging_mixin.py:190} INFO - [2025-12-16T08:00:37.095+0000] {dag.py:4180} INFO - Setting next_dagrun for example_short_circuit_decorator to None, run_after=None
[2025-12-16T08:00:37.177+0000] {processor.py:208} INFO - Processing /home/airflow/.local/lib/python3.12/site-packages/airflow/example_dags/example_short_circuit_decorator.py took 0.375 seconds
[2025-12-16T08:01:11.273+0000] {processor.py:186} INFO - Started process (PID=3071) to work on /home/airflow/.local/lib/python3.12/site-packages/airflow/example_dags/example_short_circuit_decorator.py
[2025-12-16T08:01:11.276+0000] {processor.py:914} INFO - Processing file /home/airflow/.local/lib/python3.12/site-packages/airflow/example_dags/example_short_circuit_decorator.py for tasks to queue
[2025-12-16T08:01:11.280+0000] {logging_mixin.py:190} INFO - [2025-12-16T08:01:11.279+0000] {dagbag.py:588} INFO - Filling up the DagBag from /home/airflow/.local/lib/python3.12/site-packages/airflow/example_dags/example_short_circuit_decorator.py
[2025-12-16T08:01:11.322+0000] {processor.py:925} INFO - DAG(s) 'example_short_circuit_decorator' retrieved from /home/airflow/.local/lib/python3.12/site-packages/airflow/example_dags/example_short_circuit_decorator.py
[2025-12-16T08:01:11.383+0000] {logging_mixin.py:190} INFO - [2025-12-16T08:01:11.382+0000] {dag.py:3239} INFO - Sync 1 DAGs
[2025-12-16T08:01:11.433+0000] {logging_mixin.py:190} INFO - [2025-12-16T08:01:11.432+0000] {dag.py:4180} INFO - Setting next_dagrun for example_short_circuit_decorator to None, run_after=None
[2025-12-16T08:01:11.482+0000] {processor.py:208} INFO - Processing /home/airflow/.local/lib/python3.12/site-packages/airflow/example_dags/example_short_circuit_decorator.py took 0.223 seconds
[2025-12-16T08:01:54.028+0000] {processor.py:186} INFO - Started process (PID=3144) to work on /home/airflow/.local/lib/python3.12/site-packages/airflow/example_dags/example_short_circuit_decorator.py
[2025-12-16T08:01:54.032+0000] {processor.py:914} INFO - Processing file /home/airflow/.local/lib/python3.12/site-packages/airflow/example_dags/example_short_circuit_decorator.py for tasks to queue
[2025-12-16T08:01:54.036+0000] {logging_mixin.py:190} INFO - [2025-12-16T08:01:54.035+0000] {dagbag.py:588} INFO - Filling up the DagBag from /home/airflow/.local/lib/python3.12/site-packages/airflow/example_dags/example_short_circuit_decorator.py
[2025-12-16T08:01:54.090+0000] {processor.py:925} INFO - DAG(s) 'example_short_circuit_decorator' retrieved from /home/airflow/.local/lib/python3.12/site-packages/airflow/example_dags/example_short_circuit_decorator.py
[2025-12-16T08:01:54.180+0000] {logging_mixin.py:190} INFO - [2025-12-16T08:01:54.179+0000] {dag.py:3239} INFO - Sync 1 DAGs
[2025-12-16T08:01:54.229+0000] {logging_mixin.py:190} INFO - [2025-12-16T08:01:54.229+0000] {dag.py:4180} INFO - Setting next_dagrun for example_short_circuit_decorator to None, run_after=None
[2025-12-16T08:01:54.283+0000] {processor.py:208} INFO - Processing /home/airflow/.local/lib/python3.12/site-packages/airflow/example_dags/example_short_circuit_decorator.py took 0.305 seconds
[2025-12-16T08:02:34.001+0000] {processor.py:186} INFO - Started process (PID=3217) to work on /home/airflow/.local/lib/python3.12/site-packages/airflow/example_dags/example_short_circuit_decorator.py
[2025-12-16T08:02:34.005+0000] {processor.py:914} INFO - Processing file /home/airflow/.local/lib/python3.12/site-packages/airflow/example_dags/example_short_circuit_decorator.py for tasks to queue
[2025-12-16T08:02:34.028+0000] {logging_mixin.py:190} INFO - [2025-12-16T08:02:34.026+0000] {dagbag.py:588} INFO - Filling up the DagBag from /home/airflow/.local/lib/python3.12/site-packages/airflow/example_dags/example_short_circuit_decorator.py
[2025-12-16T08:02:34.120+0000] {processor.py:925} INFO - DAG(s) 'example_short_circuit_decorator' retrieved from /home/airflow/.local/lib/python3.12/site-packages/airflow/example_dags/example_short_circuit_decorator.py
[2025-12-16T08:02:34.290+0000] {logging_mixin.py:190} INFO - [2025-12-16T08:02:34.289+0000] {dag.py:3239} INFO - Sync 1 DAGs
[2025-12-16T08:02:34.431+0000] {logging_mixin.py:190} INFO - [2025-12-16T08:02:34.430+0000] {dag.py:4180} INFO - Setting next_dagrun for example_short_circuit_decorator to None, run_after=None
[2025-12-16T08:02:34.618+0000] {processor.py:208} INFO - Processing /home/airflow/.local/lib/python3.12/site-packages/airflow/example_dags/example_short_circuit_decorator.py took 0.649 seconds
[2025-12-16T08:03:08.849+0000] {processor.py:186} INFO - Started process (PID=3288) to work on /home/airflow/.local/lib/python3.12/site-packages/airflow/example_dags/example_short_circuit_decorator.py
[2025-12-16T08:03:08.852+0000] {processor.py:914} INFO - Processing file /home/airflow/.local/lib/python3.12/site-packages/airflow/example_dags/example_short_circuit_decorator.py for tasks to queue
[2025-12-16T08:03:08.858+0000] {logging_mixin.py:190} INFO - [2025-12-16T08:03:08.856+0000] {dagbag.py:588} INFO - Filling up the DagBag from /home/airflow/.local/lib/python3.12/site-packages/airflow/example_dags/example_short_circuit_decorator.py
[2025-12-16T08:03:08.893+0000] {processor.py:925} INFO - DAG(s) 'example_short_circuit_decorator' retrieved from /home/airflow/.local/lib/python3.12/site-packages/airflow/example_dags/example_short_circuit_decorator.py
[2025-12-16T08:03:08.964+0000] {logging_mixin.py:190} INFO - [2025-12-16T08:03:08.963+0000] {dag.py:3239} INFO - Sync 1 DAGs
[2025-12-16T08:03:09.017+0000] {logging_mixin.py:190} INFO - [2025-12-16T08:03:09.016+0000] {dag.py:4180} INFO - Setting next_dagrun for example_short_circuit_decorator to None, run_after=None
[2025-12-16T08:03:09.082+0000] {processor.py:208} INFO - Processing /home/airflow/.local/lib/python3.12/site-packages/airflow/example_dags/example_short_circuit_decorator.py took 0.262 seconds
[2025-12-16T08:03:47.290+0000] {processor.py:186} INFO - Started process (PID=3370) to work on /home/airflow/.local/lib/python3.12/site-packages/airflow/example_dags/example_short_circuit_decorator.py
[2025-12-16T08:03:47.293+0000] {processor.py:914} INFO - Processing file /home/airflow/.local/lib/python3.12/site-packages/airflow/example_dags/example_short_circuit_decorator.py for tasks to queue
[2025-12-16T08:03:47.297+0000] {logging_mixin.py:190} INFO - [2025-12-16T08:03:47.296+0000] {dagbag.py:588} INFO - Filling up the DagBag from /home/airflow/.local/lib/python3.12/site-packages/airflow/example_dags/example_short_circuit_decorator.py
[2025-12-16T08:03:47.328+0000] {processor.py:925} INFO - DAG(s) 'example_short_circuit_decorator' retrieved from /home/airflow/.local/lib/python3.12/site-packages/airflow/example_dags/example_short_circuit_decorator.py
[2025-12-16T08:03:47.425+0000] {logging_mixin.py:190} INFO - [2025-12-16T08:03:47.424+0000] {dag.py:3239} INFO - Sync 1 DAGs
[2025-12-16T08:03:47.498+0000] {logging_mixin.py:190} INFO - [2025-12-16T08:03:47.497+0000] {dag.py:4180} INFO - Setting next_dagrun for example_short_circuit_decorator to None, run_after=None
[2025-12-16T08:03:47.650+0000] {processor.py:208} INFO - Processing /home/airflow/.local/lib/python3.12/site-packages/airflow/example_dags/example_short_circuit_decorator.py took 0.377 seconds
[2025-12-16T08:04:27.242+0000] {processor.py:186} INFO - Started process (PID=3443) to work on /home/airflow/.local/lib/python3.12/site-packages/airflow/example_dags/example_short_circuit_decorator.py
[2025-12-16T08:04:27.246+0000] {processor.py:914} INFO - Processing file /home/airflow/.local/lib/python3.12/site-packages/airflow/example_dags/example_short_circuit_decorator.py for tasks to queue
[2025-12-16T08:04:27.264+0000] {logging_mixin.py:190} INFO - [2025-12-16T08:04:27.262+0000] {dagbag.py:588} INFO - Filling up the DagBag from /home/airflow/.local/lib/python3.12/site-packages/airflow/example_dags/example_short_circuit_decorator.py
[2025-12-16T08:04:27.394+0000] {processor.py:925} INFO - DAG(s) 'example_short_circuit_decorator' retrieved from /home/airflow/.local/lib/python3.12/site-packages/airflow/example_dags/example_short_circuit_decorator.py
[2025-12-16T08:04:27.568+0000] {logging_mixin.py:190} INFO - [2025-12-16T08:04:27.567+0000] {dag.py:3239} INFO - Sync 1 DAGs
[2025-12-16T08:04:27.621+0000] {logging_mixin.py:190} INFO - [2025-12-16T08:04:27.620+0000] {dag.py:4180} INFO - Setting next_dagrun for example_short_circuit_decorator to None, run_after=None
[2025-12-16T08:04:27.691+0000] {processor.py:208} INFO - Processing /home/airflow/.local/lib/python3.12/site-packages/airflow/example_dags/example_short_circuit_decorator.py took 0.476 seconds
[2025-12-16T08:05:09.178+0000] {processor.py:186} INFO - Started process (PID=3524) to work on /home/airflow/.local/lib/python3.12/site-packages/airflow/example_dags/example_short_circuit_decorator.py
[2025-12-16T08:05:09.187+0000] {processor.py:914} INFO - Processing file /home/airflow/.local/lib/python3.12/site-packages/airflow/example_dags/example_short_circuit_decorator.py for tasks to queue
[2025-12-16T08:05:09.191+0000] {logging_mixin.py:190} INFO - [2025-12-16T08:05:09.190+0000] {dagbag.py:588} INFO - Filling up the DagBag from /home/airflow/.local/lib/python3.12/site-packages/airflow/example_dags/example_short_circuit_decorator.py
[2025-12-16T08:05:09.236+0000] {processor.py:925} INFO - DAG(s) 'example_short_circuit_decorator' retrieved from /home/airflow/.local/lib/python3.12/site-packages/airflow/example_dags/example_short_circuit_decorator.py
[2025-12-16T08:05:09.313+0000] {logging_mixin.py:190} INFO - [2025-12-16T08:05:09.313+0000] {dag.py:3239} INFO - Sync 1 DAGs
[2025-12-16T08:05:09.363+0000] {logging_mixin.py:190} INFO - [2025-12-16T08:05:09.362+0000] {dag.py:4180} INFO - Setting next_dagrun for example_short_circuit_decorator to None, run_after=None
[2025-12-16T08:05:09.428+0000] {processor.py:208} INFO - Processing /home/airflow/.local/lib/python3.12/site-packages/airflow/example_dags/example_short_circuit_decorator.py took 0.282 seconds
[2025-12-16T08:05:45.426+0000] {processor.py:186} INFO - Started process (PID=3597) to work on /home/airflow/.local/lib/python3.12/site-packages/airflow/example_dags/example_short_circuit_decorator.py
[2025-12-16T08:05:45.433+0000] {processor.py:914} INFO - Processing file /home/airflow/.local/lib/python3.12/site-packages/airflow/example_dags/example_short_circuit_decorator.py for tasks to queue
[2025-12-16T08:05:45.439+0000] {logging_mixin.py:190} INFO - [2025-12-16T08:05:45.438+0000] {dagbag.py:588} INFO - Filling up the DagBag from /home/airflow/.local/lib/python3.12/site-packages/airflow/example_dags/example_short_circuit_decorator.py
[2025-12-16T08:05:45.497+0000] {processor.py:925} INFO - DAG(s) 'example_short_circuit_decorator' retrieved from /home/airflow/.local/lib/python3.12/site-packages/airflow/example_dags/example_short_circuit_decorator.py
[2025-12-16T08:05:45.568+0000] {logging_mixin.py:190} INFO - [2025-12-16T08:05:45.567+0000] {dag.py:3239} INFO - Sync 1 DAGs
[2025-12-16T08:05:45.614+0000] {logging_mixin.py:190} INFO - [2025-12-16T08:05:45.613+0000] {dag.py:4180} INFO - Setting next_dagrun for example_short_circuit_decorator to None, run_after=None
[2025-12-16T08:05:45.664+0000] {processor.py:208} INFO - Processing /home/airflow/.local/lib/python3.12/site-packages/airflow/example_dags/example_short_circuit_decorator.py took 0.259 seconds
[2025-12-16T08:06:32.398+0000] {processor.py:186} INFO - Started process (PID=3672) to work on /home/airflow/.local/lib/python3.12/site-packages/airflow/example_dags/example_short_circuit_decorator.py
[2025-12-16T08:06:32.411+0000] {processor.py:914} INFO - Processing file /home/airflow/.local/lib/python3.12/site-packages/airflow/example_dags/example_short_circuit_decorator.py for tasks to queue
[2025-12-16T08:06:32.417+0000] {logging_mixin.py:190} INFO - [2025-12-16T08:06:32.415+0000] {dagbag.py:588} INFO - Filling up the DagBag from /home/airflow/.local/lib/python3.12/site-packages/airflow/example_dags/example_short_circuit_decorator.py
[2025-12-16T08:06:32.562+0000] {processor.py:925} INFO - DAG(s) 'example_short_circuit_decorator' retrieved from /home/airflow/.local/lib/python3.12/site-packages/airflow/example_dags/example_short_circuit_decorator.py
[2025-12-16T08:06:32.858+0000] {logging_mixin.py:190} INFO - [2025-12-16T08:06:32.857+0000] {dag.py:3239} INFO - Sync 1 DAGs
[2025-12-16T08:06:33.389+0000] {logging_mixin.py:190} INFO - [2025-12-16T08:06:33.388+0000] {dag.py:4180} INFO - Setting next_dagrun for example_short_circuit_decorator to None, run_after=None
[2025-12-16T08:06:33.960+0000] {processor.py:208} INFO - Processing /home/airflow/.local/lib/python3.12/site-packages/airflow/example_dags/example_short_circuit_decorator.py took 1.777 seconds
[2025-12-16T08:09:25.203+0000] {processor.py:186} INFO - Started process (PID=3777) to work on /home/airflow/.local/lib/python3.12/site-packages/airflow/example_dags/example_short_circuit_decorator.py
[2025-12-16T08:09:25.208+0000] {processor.py:914} INFO - Processing file /home/airflow/.local/lib/python3.12/site-packages/airflow/example_dags/example_short_circuit_decorator.py for tasks to queue
[2025-12-16T08:09:25.213+0000] {logging_mixin.py:190} INFO - [2025-12-16T08:09:25.212+0000] {dagbag.py:588} INFO - Filling up the DagBag from /home/airflow/.local/lib/python3.12/site-packages/airflow/example_dags/example_short_circuit_decorator.py
[2025-12-16T08:09:25.301+0000] {processor.py:925} INFO - DAG(s) 'example_short_circuit_decorator' retrieved from /home/airflow/.local/lib/python3.12/site-packages/airflow/example_dags/example_short_circuit_decorator.py
[2025-12-16T08:09:25.446+0000] {logging_mixin.py:190} INFO - [2025-12-16T08:09:25.445+0000] {dag.py:3239} INFO - Sync 1 DAGs
[2025-12-16T08:09:25.568+0000] {logging_mixin.py:190} INFO - [2025-12-16T08:09:25.567+0000] {dag.py:4180} INFO - Setting next_dagrun for example_short_circuit_decorator to None, run_after=None
[2025-12-16T08:09:27.168+0000] {processor.py:208} INFO - Processing /home/airflow/.local/lib/python3.12/site-packages/airflow/example_dags/example_short_circuit_decorator.py took 2.005 seconds
[2025-12-16T08:15:45.041+0000] {processor.py:186} INFO - Started process (PID=3882) to work on /home/airflow/.local/lib/python3.12/site-packages/airflow/example_dags/example_short_circuit_decorator.py
[2025-12-16T08:15:45.085+0000] {processor.py:914} INFO - Processing file /home/airflow/.local/lib/python3.12/site-packages/airflow/example_dags/example_short_circuit_decorator.py for tasks to queue
[2025-12-16T08:15:45.089+0000] {logging_mixin.py:190} INFO - [2025-12-16T08:15:45.088+0000] {dagbag.py:588} INFO - Filling up the DagBag from /home/airflow/.local/lib/python3.12/site-packages/airflow/example_dags/example_short_circuit_decorator.py
[2025-12-16T08:15:46.215+0000] {processor.py:925} INFO - DAG(s) 'example_short_circuit_decorator' retrieved from /home/airflow/.local/lib/python3.12/site-packages/airflow/example_dags/example_short_circuit_decorator.py
[2025-12-16T08:15:46.336+0000] {logging_mixin.py:190} INFO - [2025-12-16T08:15:46.336+0000] {dag.py:3239} INFO - Sync 1 DAGs
[2025-12-16T08:15:46.492+0000] {logging_mixin.py:190} INFO - [2025-12-16T08:15:46.492+0000] {dag.py:4180} INFO - Setting next_dagrun for example_short_circuit_decorator to None, run_after=None
[2025-12-16T08:15:47.620+0000] {processor.py:208} INFO - Processing /home/airflow/.local/lib/python3.12/site-packages/airflow/example_dags/example_short_circuit_decorator.py took 2.669 seconds
[2025-12-16T08:16:58.531+0000] {processor.py:186} INFO - Started process (PID=3961) to work on /home/airflow/.local/lib/python3.12/site-packages/airflow/example_dags/example_short_circuit_decorator.py
[2025-12-16T08:16:58.538+0000] {processor.py:914} INFO - Processing file /home/airflow/.local/lib/python3.12/site-packages/airflow/example_dags/example_short_circuit_decorator.py for tasks to queue
[2025-12-16T08:16:58.554+0000] {logging_mixin.py:190} INFO - [2025-12-16T08:16:58.546+0000] {dagbag.py:588} INFO - Filling up the DagBag from /home/airflow/.local/lib/python3.12/site-packages/airflow/example_dags/example_short_circuit_decorator.py
[2025-12-16T08:16:58.650+0000] {processor.py:925} INFO - DAG(s) 'example_short_circuit_decorator' retrieved from /home/airflow/.local/lib/python3.12/site-packages/airflow/example_dags/example_short_circuit_decorator.py
[2025-12-16T08:16:58.705+0000] {logging_mixin.py:190} INFO - [2025-12-16T08:16:58.704+0000] {dag.py:3239} INFO - Sync 1 DAGs
[2025-12-16T08:16:58.765+0000] {logging_mixin.py:190} INFO - [2025-12-16T08:16:58.764+0000] {dag.py:4180} INFO - Setting next_dagrun for example_short_circuit_decorator to None, run_after=None
[2025-12-16T08:16:59.113+0000] {processor.py:208} INFO - Processing /home/airflow/.local/lib/python3.12/site-packages/airflow/example_dags/example_short_circuit_decorator.py took 0.637 seconds
[2025-12-16T08:17:29.787+0000] {processor.py:186} INFO - Started process (PID=4032) to work on /home/airflow/.local/lib/python3.12/site-packages/airflow/example_dags/example_short_circuit_decorator.py
[2025-12-16T08:17:29.790+0000] {processor.py:914} INFO - Processing file /home/airflow/.local/lib/python3.12/site-packages/airflow/example_dags/example_short_circuit_decorator.py for tasks to queue
[2025-12-16T08:17:29.793+0000] {logging_mixin.py:190} INFO - [2025-12-16T08:17:29.792+0000] {dagbag.py:588} INFO - Filling up the DagBag from /home/airflow/.local/lib/python3.12/site-packages/airflow/example_dags/example_short_circuit_decorator.py
[2025-12-16T08:17:29.833+0000] {processor.py:925} INFO - DAG(s) 'example_short_circuit_decorator' retrieved from /home/airflow/.local/lib/python3.12/site-packages/airflow/example_dags/example_short_circuit_decorator.py
[2025-12-16T08:17:29.911+0000] {logging_mixin.py:190} INFO - [2025-12-16T08:17:29.911+0000] {dag.py:3239} INFO - Sync 1 DAGs
[2025-12-16T08:17:29.976+0000] {logging_mixin.py:190} INFO - [2025-12-16T08:17:29.976+0000] {dag.py:4180} INFO - Setting next_dagrun for example_short_circuit_decorator to None, run_after=None
[2025-12-16T08:17:30.088+0000] {processor.py:208} INFO - Processing /home/airflow/.local/lib/python3.12/site-packages/airflow/example_dags/example_short_circuit_decorator.py took 0.326 seconds
[2025-12-16T08:18:09.195+0000] {processor.py:186} INFO - Started process (PID=4112) to work on /home/airflow/.local/lib/python3.12/site-packages/airflow/example_dags/example_short_circuit_decorator.py
[2025-12-16T08:18:09.210+0000] {processor.py:914} INFO - Processing file /home/airflow/.local/lib/python3.12/site-packages/airflow/example_dags/example_short_circuit_decorator.py for tasks to queue
[2025-12-16T08:18:09.223+0000] {logging_mixin.py:190} INFO - [2025-12-16T08:18:09.222+0000] {dagbag.py:588} INFO - Filling up the DagBag from /home/airflow/.local/lib/python3.12/site-packages/airflow/example_dags/example_short_circuit_decorator.py
[2025-12-16T08:18:09.408+0000] {processor.py:925} INFO - DAG(s) 'example_short_circuit_decorator' retrieved from /home/airflow/.local/lib/python3.12/site-packages/airflow/example_dags/example_short_circuit_decorator.py
[2025-12-16T08:18:09.716+0000] {logging_mixin.py:190} INFO - [2025-12-16T08:18:09.700+0000] {dag.py:3239} INFO - Sync 1 DAGs
[2025-12-16T08:18:09.917+0000] {logging_mixin.py:190} INFO - [2025-12-16T08:18:09.916+0000] {dag.py:4180} INFO - Setting next_dagrun for example_short_circuit_decorator to None, run_after=None
[2025-12-16T08:18:10.074+0000] {processor.py:208} INFO - Processing /home/airflow/.local/lib/python3.12/site-packages/airflow/example_dags/example_short_circuit_decorator.py took 0.920 seconds
[2025-12-16T08:18:43.551+0000] {processor.py:186} INFO - Started process (PID=4183) to work on /home/airflow/.local/lib/python3.12/site-packages/airflow/example_dags/example_short_circuit_decorator.py
[2025-12-16T08:18:43.553+0000] {processor.py:914} INFO - Processing file /home/airflow/.local/lib/python3.12/site-packages/airflow/example_dags/example_short_circuit_decorator.py for tasks to queue
[2025-12-16T08:18:43.557+0000] {logging_mixin.py:190} INFO - [2025-12-16T08:18:43.556+0000] {dagbag.py:588} INFO - Filling up the DagBag from /home/airflow/.local/lib/python3.12/site-packages/airflow/example_dags/example_short_circuit_decorator.py
[2025-12-16T08:18:43.593+0000] {processor.py:925} INFO - DAG(s) 'example_short_circuit_decorator' retrieved from /home/airflow/.local/lib/python3.12/site-packages/airflow/example_dags/example_short_circuit_decorator.py
[2025-12-16T08:18:43.656+0000] {logging_mixin.py:190} INFO - [2025-12-16T08:18:43.655+0000] {dag.py:3239} INFO - Sync 1 DAGs
[2025-12-16T08:18:43.725+0000] {logging_mixin.py:190} INFO - [2025-12-16T08:18:43.724+0000] {dag.py:4180} INFO - Setting next_dagrun for example_short_circuit_decorator to None, run_after=None
[2025-12-16T08:18:43.822+0000] {processor.py:208} INFO - Processing /home/airflow/.local/lib/python3.12/site-packages/airflow/example_dags/example_short_circuit_decorator.py took 0.295 seconds
[2025-12-16T08:19:23.157+0000] {processor.py:186} INFO - Started process (PID=4253) to work on /home/airflow/.local/lib/python3.12/site-packages/airflow/example_dags/example_short_circuit_decorator.py
[2025-12-16T08:19:23.161+0000] {processor.py:914} INFO - Processing file /home/airflow/.local/lib/python3.12/site-packages/airflow/example_dags/example_short_circuit_decorator.py for tasks to queue
[2025-12-16T08:19:23.165+0000] {logging_mixin.py:190} INFO - [2025-12-16T08:19:23.164+0000] {dagbag.py:588} INFO - Filling up the DagBag from /home/airflow/.local/lib/python3.12/site-packages/airflow/example_dags/example_short_circuit_decorator.py
[2025-12-16T08:19:23.209+0000] {processor.py:925} INFO - DAG(s) 'example_short_circuit_decorator' retrieved from /home/airflow/.local/lib/python3.12/site-packages/airflow/example_dags/example_short_circuit_decorator.py
[2025-12-16T08:19:23.314+0000] {logging_mixin.py:190} INFO - [2025-12-16T08:19:23.314+0000] {dag.py:3239} INFO - Sync 1 DAGs
[2025-12-16T08:19:23.354+0000] {logging_mixin.py:190} INFO - [2025-12-16T08:19:23.353+0000] {dag.py:4180} INFO - Setting next_dagrun for example_short_circuit_decorator to None, run_after=None
[2025-12-16T08:19:23.411+0000] {processor.py:208} INFO - Processing /home/airflow/.local/lib/python3.12/site-packages/airflow/example_dags/example_short_circuit_decorator.py took 0.281 seconds
[2025-12-16T08:19:53.833+0000] {processor.py:186} INFO - Started process (PID=4322) to work on /home/airflow/.local/lib/python3.12/site-packages/airflow/example_dags/example_short_circuit_decorator.py
[2025-12-16T08:19:53.852+0000] {processor.py:914} INFO - Processing file /home/airflow/.local/lib/python3.12/site-packages/airflow/example_dags/example_short_circuit_decorator.py for tasks to queue
[2025-12-16T08:19:53.863+0000] {logging_mixin.py:190} INFO - [2025-12-16T08:19:53.862+0000] {dagbag.py:588} INFO - Filling up the DagBag from /home/airflow/.local/lib/python3.12/site-packages/airflow/example_dags/example_short_circuit_decorator.py
[2025-12-16T08:19:53.969+0000] {processor.py:925} INFO - DAG(s) 'example_short_circuit_decorator' retrieved from /home/airflow/.local/lib/python3.12/site-packages/airflow/example_dags/example_short_circuit_decorator.py
[2025-12-16T08:19:54.248+0000] {logging_mixin.py:190} INFO - [2025-12-16T08:19:54.248+0000] {dag.py:3239} INFO - Sync 1 DAGs
[2025-12-16T08:19:54.392+0000] {logging_mixin.py:190} INFO - [2025-12-16T08:19:54.387+0000] {dag.py:4180} INFO - Setting next_dagrun for example_short_circuit_decorator to None, run_after=None
[2025-12-16T08:19:54.536+0000] {processor.py:208} INFO - Processing /home/airflow/.local/lib/python3.12/site-packages/airflow/example_dags/example_short_circuit_decorator.py took 0.730 seconds
[2025-12-16T08:20:26.490+0000] {processor.py:186} INFO - Started process (PID=4394) to work on /home/airflow/.local/lib/python3.12/site-packages/airflow/example_dags/example_short_circuit_decorator.py
[2025-12-16T08:20:26.493+0000] {processor.py:914} INFO - Processing file /home/airflow/.local/lib/python3.12/site-packages/airflow/example_dags/example_short_circuit_decorator.py for tasks to queue
[2025-12-16T08:20:26.499+0000] {logging_mixin.py:190} INFO - [2025-12-16T08:20:26.497+0000] {dagbag.py:588} INFO - Filling up the DagBag from /home/airflow/.local/lib/python3.12/site-packages/airflow/example_dags/example_short_circuit_decorator.py
[2025-12-16T08:20:26.541+0000] {processor.py:925} INFO - DAG(s) 'example_short_circuit_decorator' retrieved from /home/airflow/.local/lib/python3.12/site-packages/airflow/example_dags/example_short_circuit_decorator.py
[2025-12-16T08:20:26.744+0000] {logging_mixin.py:190} INFO - [2025-12-16T08:20:26.743+0000] {dag.py:3239} INFO - Sync 1 DAGs
[2025-12-16T08:20:27.090+0000] {logging_mixin.py:190} INFO - [2025-12-16T08:20:27.089+0000] {dag.py:4180} INFO - Setting next_dagrun for example_short_circuit_decorator to None, run_after=None
[2025-12-16T08:20:27.272+0000] {processor.py:208} INFO - Processing /home/airflow/.local/lib/python3.12/site-packages/airflow/example_dags/example_short_circuit_decorator.py took 0.802 seconds
[2025-12-16T08:20:57.463+0000] {processor.py:186} INFO - Started process (PID=4466) to work on /home/airflow/.local/lib/python3.12/site-packages/airflow/example_dags/example_short_circuit_decorator.py
[2025-12-16T08:20:57.466+0000] {processor.py:914} INFO - Processing file /home/airflow/.local/lib/python3.12/site-packages/airflow/example_dags/example_short_circuit_decorator.py for tasks to queue
[2025-12-16T08:20:57.470+0000] {logging_mixin.py:190} INFO - [2025-12-16T08:20:57.469+0000] {dagbag.py:588} INFO - Filling up the DagBag from /home/airflow/.local/lib/python3.12/site-packages/airflow/example_dags/example_short_circuit_decorator.py
[2025-12-16T08:20:57.497+0000] {processor.py:925} INFO - DAG(s) 'example_short_circuit_decorator' retrieved from /home/airflow/.local/lib/python3.12/site-packages/airflow/example_dags/example_short_circuit_decorator.py
[2025-12-16T08:20:57.558+0000] {logging_mixin.py:190} INFO - [2025-12-16T08:20:57.557+0000] {dag.py:3239} INFO - Sync 1 DAGs
[2025-12-16T08:20:57.597+0000] {logging_mixin.py:190} INFO - [2025-12-16T08:20:57.597+0000] {dag.py:4180} INFO - Setting next_dagrun for example_short_circuit_decorator to None, run_after=None
[2025-12-16T08:20:57.644+0000] {processor.py:208} INFO - Processing /home/airflow/.local/lib/python3.12/site-packages/airflow/example_dags/example_short_circuit_decorator.py took 0.197 seconds
[2025-12-16T08:21:28.316+0000] {processor.py:186} INFO - Started process (PID=4538) to work on /home/airflow/.local/lib/python3.12/site-packages/airflow/example_dags/example_short_circuit_decorator.py
[2025-12-16T08:21:28.319+0000] {processor.py:914} INFO - Processing file /home/airflow/.local/lib/python3.12/site-packages/airflow/example_dags/example_short_circuit_decorator.py for tasks to queue
[2025-12-16T08:21:28.323+0000] {logging_mixin.py:190} INFO - [2025-12-16T08:21:28.322+0000] {dagbag.py:588} INFO - Filling up the DagBag from /home/airflow/.local/lib/python3.12/site-packages/airflow/example_dags/example_short_circuit_decorator.py
[2025-12-16T08:21:28.356+0000] {processor.py:925} INFO - DAG(s) 'example_short_circuit_decorator' retrieved from /home/airflow/.local/lib/python3.12/site-packages/airflow/example_dags/example_short_circuit_decorator.py
[2025-12-16T08:21:28.429+0000] {logging_mixin.py:190} INFO - [2025-12-16T08:21:28.429+0000] {dag.py:3239} INFO - Sync 1 DAGs
[2025-12-16T08:21:28.479+0000] {logging_mixin.py:190} INFO - [2025-12-16T08:21:28.479+0000] {dag.py:4180} INFO - Setting next_dagrun for example_short_circuit_decorator to None, run_after=None
[2025-12-16T08:21:28.534+0000] {processor.py:208} INFO - Processing /home/airflow/.local/lib/python3.12/site-packages/airflow/example_dags/example_short_circuit_decorator.py took 0.236 seconds
[2025-12-16T08:22:06.678+0000] {processor.py:186} INFO - Started process (PID=4607) to work on /home/airflow/.local/lib/python3.12/site-packages/airflow/example_dags/example_short_circuit_decorator.py
[2025-12-16T08:22:06.681+0000] {processor.py:914} INFO - Processing file /home/airflow/.local/lib/python3.12/site-packages/airflow/example_dags/example_short_circuit_decorator.py for tasks to queue
[2025-12-16T08:22:06.685+0000] {logging_mixin.py:190} INFO - [2025-12-16T08:22:06.684+0000] {dagbag.py:588} INFO - Filling up the DagBag from /home/airflow/.local/lib/python3.12/site-packages/airflow/example_dags/example_short_circuit_decorator.py
[2025-12-16T08:22:06.720+0000] {processor.py:925} INFO - DAG(s) 'example_short_circuit_decorator' retrieved from /home/airflow/.local/lib/python3.12/site-packages/airflow/example_dags/example_short_circuit_decorator.py
[2025-12-16T08:22:06.858+0000] {logging_mixin.py:190} INFO - [2025-12-16T08:22:06.857+0000] {dag.py:3239} INFO - Sync 1 DAGs
[2025-12-16T08:22:06.945+0000] {logging_mixin.py:190} INFO - [2025-12-16T08:22:06.945+0000] {dag.py:4180} INFO - Setting next_dagrun for example_short_circuit_decorator to None, run_after=None
[2025-12-16T08:22:07.202+0000] {processor.py:208} INFO - Processing /home/airflow/.local/lib/python3.12/site-packages/airflow/example_dags/example_short_circuit_decorator.py took 0.561 seconds
[2025-12-16T08:22:40.999+0000] {processor.py:186} INFO - Started process (PID=4684) to work on /home/airflow/.local/lib/python3.12/site-packages/airflow/example_dags/example_short_circuit_decorator.py
[2025-12-16T08:22:41.007+0000] {processor.py:914} INFO - Processing file /home/airflow/.local/lib/python3.12/site-packages/airflow/example_dags/example_short_circuit_decorator.py for tasks to queue
[2025-12-16T08:22:41.011+0000] {logging_mixin.py:190} INFO - [2025-12-16T08:22:41.010+0000] {dagbag.py:588} INFO - Filling up the DagBag from /home/airflow/.local/lib/python3.12/site-packages/airflow/example_dags/example_short_circuit_decorator.py
[2025-12-16T08:22:41.082+0000] {processor.py:925} INFO - DAG(s) 'example_short_circuit_decorator' retrieved from /home/airflow/.local/lib/python3.12/site-packages/airflow/example_dags/example_short_circuit_decorator.py
[2025-12-16T08:22:41.145+0000] {logging_mixin.py:190} INFO - [2025-12-16T08:22:41.145+0000] {dag.py:3239} INFO - Sync 1 DAGs
[2025-12-16T08:22:41.201+0000] {logging_mixin.py:190} INFO - [2025-12-16T08:22:41.201+0000] {dag.py:4180} INFO - Setting next_dagrun for example_short_circuit_decorator to None, run_after=None
[2025-12-16T08:22:41.256+0000] {processor.py:208} INFO - Processing /home/airflow/.local/lib/python3.12/site-packages/airflow/example_dags/example_short_circuit_decorator.py took 0.315 seconds
[2025-12-16T08:23:16.308+0000] {processor.py:186} INFO - Started process (PID=4756) to work on /home/airflow/.local/lib/python3.12/site-packages/airflow/example_dags/example_short_circuit_decorator.py
[2025-12-16T08:23:16.313+0000] {processor.py:914} INFO - Processing file /home/airflow/.local/lib/python3.12/site-packages/airflow/example_dags/example_short_circuit_decorator.py for tasks to queue
[2025-12-16T08:23:16.318+0000] {logging_mixin.py:190} INFO - [2025-12-16T08:23:16.317+0000] {dagbag.py:588} INFO - Filling up the DagBag from /home/airflow/.local/lib/python3.12/site-packages/airflow/example_dags/example_short_circuit_decorator.py
[2025-12-16T08:23:16.384+0000] {processor.py:925} INFO - DAG(s) 'example_short_circuit_decorator' retrieved from /home/airflow/.local/lib/python3.12/site-packages/airflow/example_dags/example_short_circuit_decorator.py
[2025-12-16T08:23:16.598+0000] {logging_mixin.py:190} INFO - [2025-12-16T08:23:16.597+0000] {dag.py:3239} INFO - Sync 1 DAGs
[2025-12-16T08:23:16.657+0000] {logging_mixin.py:190} INFO - [2025-12-16T08:23:16.657+0000] {dag.py:4180} INFO - Setting next_dagrun for example_short_circuit_decorator to None, run_after=None
[2025-12-16T08:23:16.732+0000] {processor.py:208} INFO - Processing /home/airflow/.local/lib/python3.12/site-packages/airflow/example_dags/example_short_circuit_decorator.py took 0.448 seconds
[2025-12-16T08:23:48.342+0000] {processor.py:186} INFO - Started process (PID=4828) to work on /home/airflow/.local/lib/python3.12/site-packages/airflow/example_dags/example_short_circuit_decorator.py
[2025-12-16T08:23:48.388+0000] {processor.py:914} INFO - Processing file /home/airflow/.local/lib/python3.12/site-packages/airflow/example_dags/example_short_circuit_decorator.py for tasks to queue
[2025-12-16T08:23:48.406+0000] {logging_mixin.py:190} INFO - [2025-12-16T08:23:48.405+0000] {dagbag.py:588} INFO - Filling up the DagBag from /home/airflow/.local/lib/python3.12/site-packages/airflow/example_dags/example_short_circuit_decorator.py
[2025-12-16T08:23:48.465+0000] {processor.py:925} INFO - DAG(s) 'example_short_circuit_decorator' retrieved from /home/airflow/.local/lib/python3.12/site-packages/airflow/example_dags/example_short_circuit_decorator.py
[2025-12-16T08:23:48.556+0000] {logging_mixin.py:190} INFO - [2025-12-16T08:23:48.556+0000] {dag.py:3239} INFO - Sync 1 DAGs
[2025-12-16T08:23:48.604+0000] {logging_mixin.py:190} INFO - [2025-12-16T08:23:48.604+0000] {dag.py:4180} INFO - Setting next_dagrun for example_short_circuit_decorator to None, run_after=None
[2025-12-16T08:23:48.669+0000] {processor.py:208} INFO - Processing /home/airflow/.local/lib/python3.12/site-packages/airflow/example_dags/example_short_circuit_decorator.py took 0.349 seconds
[2025-12-16T08:24:19.458+0000] {processor.py:186} INFO - Started process (PID=4901) to work on /home/airflow/.local/lib/python3.12/site-packages/airflow/example_dags/example_short_circuit_decorator.py
[2025-12-16T08:24:19.462+0000] {processor.py:914} INFO - Processing file /home/airflow/.local/lib/python3.12/site-packages/airflow/example_dags/example_short_circuit_decorator.py for tasks to queue
[2025-12-16T08:24:19.467+0000] {logging_mixin.py:190} INFO - [2025-12-16T08:24:19.466+0000] {dagbag.py:588} INFO - Filling up the DagBag from /home/airflow/.local/lib/python3.12/site-packages/airflow/example_dags/example_short_circuit_decorator.py
[2025-12-16T08:24:19.498+0000] {processor.py:925} INFO - DAG(s) 'example_short_circuit_decorator' retrieved from /home/airflow/.local/lib/python3.12/site-packages/airflow/example_dags/example_short_circuit_decorator.py
[2025-12-16T08:24:19.566+0000] {logging_mixin.py:190} INFO - [2025-12-16T08:24:19.565+0000] {dag.py:3239} INFO - Sync 1 DAGs
[2025-12-16T08:24:19.616+0000] {logging_mixin.py:190} INFO - [2025-12-16T08:24:19.616+0000] {dag.py:4180} INFO - Setting next_dagrun for example_short_circuit_decorator to None, run_after=None
[2025-12-16T08:24:19.669+0000] {processor.py:208} INFO - Processing /home/airflow/.local/lib/python3.12/site-packages/airflow/example_dags/example_short_circuit_decorator.py took 0.234 seconds
[2025-12-16T08:24:50.728+0000] {processor.py:186} INFO - Started process (PID=4973) to work on /home/airflow/.local/lib/python3.12/site-packages/airflow/example_dags/example_short_circuit_decorator.py
[2025-12-16T08:24:50.730+0000] {processor.py:914} INFO - Processing file /home/airflow/.local/lib/python3.12/site-packages/airflow/example_dags/example_short_circuit_decorator.py for tasks to queue
[2025-12-16T08:24:50.733+0000] {logging_mixin.py:190} INFO - [2025-12-16T08:24:50.732+0000] {dagbag.py:588} INFO - Filling up the DagBag from /home/airflow/.local/lib/python3.12/site-packages/airflow/example_dags/example_short_circuit_decorator.py
[2025-12-16T08:24:50.761+0000] {processor.py:925} INFO - DAG(s) 'example_short_circuit_decorator' retrieved from /home/airflow/.local/lib/python3.12/site-packages/airflow/example_dags/example_short_circuit_decorator.py
[2025-12-16T08:24:50.842+0000] {logging_mixin.py:190} INFO - [2025-12-16T08:24:50.842+0000] {dag.py:3239} INFO - Sync 1 DAGs
[2025-12-16T08:24:50.898+0000] {logging_mixin.py:190} INFO - [2025-12-16T08:24:50.897+0000] {dag.py:4180} INFO - Setting next_dagrun for example_short_circuit_decorator to None, run_after=None
[2025-12-16T08:24:51.391+0000] {processor.py:208} INFO - Processing /home/airflow/.local/lib/python3.12/site-packages/airflow/example_dags/example_short_circuit_decorator.py took 0.677 seconds
[2025-12-16T08:25:25.426+0000] {processor.py:186} INFO - Started process (PID=5041) to work on /home/airflow/.local/lib/python3.12/site-packages/airflow/example_dags/example_short_circuit_decorator.py
[2025-12-16T08:25:25.428+0000] {processor.py:914} INFO - Processing file /home/airflow/.local/lib/python3.12/site-packages/airflow/example_dags/example_short_circuit_decorator.py for tasks to queue
[2025-12-16T08:25:25.433+0000] {logging_mixin.py:190} INFO - [2025-12-16T08:25:25.432+0000] {dagbag.py:588} INFO - Filling up the DagBag from /home/airflow/.local/lib/python3.12/site-packages/airflow/example_dags/example_short_circuit_decorator.py
[2025-12-16T08:25:25.465+0000] {processor.py:925} INFO - DAG(s) 'example_short_circuit_decorator' retrieved from /home/airflow/.local/lib/python3.12/site-packages/airflow/example_dags/example_short_circuit_decorator.py
[2025-12-16T08:25:25.528+0000] {logging_mixin.py:190} INFO - [2025-12-16T08:25:25.527+0000] {dag.py:3239} INFO - Sync 1 DAGs
[2025-12-16T08:25:25.601+0000] {logging_mixin.py:190} INFO - [2025-12-16T08:25:25.601+0000] {dag.py:4180} INFO - Setting next_dagrun for example_short_circuit_decorator to None, run_after=None
[2025-12-16T08:25:25.651+0000] {processor.py:208} INFO - Processing /home/airflow/.local/lib/python3.12/site-packages/airflow/example_dags/example_short_circuit_decorator.py took 0.241 seconds
[2025-12-16T08:26:01.674+0000] {processor.py:186} INFO - Started process (PID=5114) to work on /home/airflow/.local/lib/python3.12/site-packages/airflow/example_dags/example_short_circuit_decorator.py
[2025-12-16T08:26:01.677+0000] {processor.py:914} INFO - Processing file /home/airflow/.local/lib/python3.12/site-packages/airflow/example_dags/example_short_circuit_decorator.py for tasks to queue
[2025-12-16T08:26:01.682+0000] {logging_mixin.py:190} INFO - [2025-12-16T08:26:01.681+0000] {dagbag.py:588} INFO - Filling up the DagBag from /home/airflow/.local/lib/python3.12/site-packages/airflow/example_dags/example_short_circuit_decorator.py
[2025-12-16T08:26:01.710+0000] {processor.py:925} INFO - DAG(s) 'example_short_circuit_decorator' retrieved from /home/airflow/.local/lib/python3.12/site-packages/airflow/example_dags/example_short_circuit_decorator.py
[2025-12-16T08:26:01.767+0000] {logging_mixin.py:190} INFO - [2025-12-16T08:26:01.766+0000] {dag.py:3239} INFO - Sync 1 DAGs
[2025-12-16T08:26:01.811+0000] {logging_mixin.py:190} INFO - [2025-12-16T08:26:01.810+0000] {dag.py:4180} INFO - Setting next_dagrun for example_short_circuit_decorator to None, run_after=None
[2025-12-16T08:26:01.858+0000] {processor.py:208} INFO - Processing /home/airflow/.local/lib/python3.12/site-packages/airflow/example_dags/example_short_circuit_decorator.py took 0.208 seconds
[2025-12-16T08:26:41.366+0000] {processor.py:186} INFO - Started process (PID=5188) to work on /home/airflow/.local/lib/python3.12/site-packages/airflow/example_dags/example_short_circuit_decorator.py
[2025-12-16T08:26:41.372+0000] {processor.py:914} INFO - Processing file /home/airflow/.local/lib/python3.12/site-packages/airflow/example_dags/example_short_circuit_decorator.py for tasks to queue
[2025-12-16T08:26:41.377+0000] {logging_mixin.py:190} INFO - [2025-12-16T08:26:41.375+0000] {dagbag.py:588} INFO - Filling up the DagBag from /home/airflow/.local/lib/python3.12/site-packages/airflow/example_dags/example_short_circuit_decorator.py
[2025-12-16T08:26:41.418+0000] {processor.py:925} INFO - DAG(s) 'example_short_circuit_decorator' retrieved from /home/airflow/.local/lib/python3.12/site-packages/airflow/example_dags/example_short_circuit_decorator.py
[2025-12-16T08:26:41.500+0000] {logging_mixin.py:190} INFO - [2025-12-16T08:26:41.498+0000] {dag.py:3239} INFO - Sync 1 DAGs
[2025-12-16T08:26:41.562+0000] {logging_mixin.py:190} INFO - [2025-12-16T08:26:41.562+0000] {dag.py:4180} INFO - Setting next_dagrun for example_short_circuit_decorator to None, run_after=None
[2025-12-16T08:26:41.636+0000] {processor.py:208} INFO - Processing /home/airflow/.local/lib/python3.12/site-packages/airflow/example_dags/example_short_circuit_decorator.py took 0.298 seconds
[2025-12-16T08:27:14.909+0000] {processor.py:186} INFO - Started process (PID=5260) to work on /home/airflow/.local/lib/python3.12/site-packages/airflow/example_dags/example_short_circuit_decorator.py
[2025-12-16T08:27:14.946+0000] {processor.py:914} INFO - Processing file /home/airflow/.local/lib/python3.12/site-packages/airflow/example_dags/example_short_circuit_decorator.py for tasks to queue
[2025-12-16T08:27:15.067+0000] {logging_mixin.py:190} INFO - [2025-12-16T08:27:14.958+0000] {dagbag.py:588} INFO - Filling up the DagBag from /home/airflow/.local/lib/python3.12/site-packages/airflow/example_dags/example_short_circuit_decorator.py
[2025-12-16T08:27:15.326+0000] {processor.py:925} INFO - DAG(s) 'example_short_circuit_decorator' retrieved from /home/airflow/.local/lib/python3.12/site-packages/airflow/example_dags/example_short_circuit_decorator.py
[2025-12-16T08:27:16.105+0000] {logging_mixin.py:190} INFO - [2025-12-16T08:27:16.104+0000] {dag.py:3239} INFO - Sync 1 DAGs
[2025-12-16T08:27:16.310+0000] {logging_mixin.py:190} INFO - [2025-12-16T08:27:16.309+0000] {dag.py:4180} INFO - Setting next_dagrun for example_short_circuit_decorator to None, run_after=None
[2025-12-16T08:27:16.707+0000] {processor.py:208} INFO - Processing /home/airflow/.local/lib/python3.12/site-packages/airflow/example_dags/example_short_circuit_decorator.py took 1.915 seconds
[2025-12-16T08:28:16.936+0000] {processor.py:186} INFO - Started process (PID=5337) to work on /home/airflow/.local/lib/python3.12/site-packages/airflow/example_dags/example_short_circuit_decorator.py
[2025-12-16T08:28:16.941+0000] {processor.py:914} INFO - Processing file /home/airflow/.local/lib/python3.12/site-packages/airflow/example_dags/example_short_circuit_decorator.py for tasks to queue
[2025-12-16T08:28:16.945+0000] {logging_mixin.py:190} INFO - [2025-12-16T08:28:16.944+0000] {dagbag.py:588} INFO - Filling up the DagBag from /home/airflow/.local/lib/python3.12/site-packages/airflow/example_dags/example_short_circuit_decorator.py
[2025-12-16T08:28:16.980+0000] {processor.py:925} INFO - DAG(s) 'example_short_circuit_decorator' retrieved from /home/airflow/.local/lib/python3.12/site-packages/airflow/example_dags/example_short_circuit_decorator.py
[2025-12-16T08:28:17.060+0000] {logging_mixin.py:190} INFO - [2025-12-16T08:28:17.059+0000] {dag.py:3239} INFO - Sync 1 DAGs
[2025-12-16T08:28:17.119+0000] {logging_mixin.py:190} INFO - [2025-12-16T08:28:17.119+0000] {dag.py:4180} INFO - Setting next_dagrun for example_short_circuit_decorator to None, run_after=None
[2025-12-16T08:28:17.191+0000] {processor.py:208} INFO - Processing /home/airflow/.local/lib/python3.12/site-packages/airflow/example_dags/example_short_circuit_decorator.py took 0.276 seconds
