[2025-12-16T07:17:49.183+0000] {processor.py:186} INFO - Started process (PID=149) to work on /home/airflow/.local/lib/python3.12/site-packages/airflow/example_dags/example_nested_branch_dag.py
[2025-12-16T07:17:49.192+0000] {processor.py:914} INFO - Processing file /home/airflow/.local/lib/python3.12/site-packages/airflow/example_dags/example_nested_branch_dag.py for tasks to queue
[2025-12-16T07:17:49.219+0000] {logging_mixin.py:190} INFO - [2025-12-16T07:17:49.209+0000] {dagbag.py:588} INFO - Filling up the DagBag from /home/airflow/.local/lib/python3.12/site-packages/airflow/example_dags/example_nested_branch_dag.py
[2025-12-16T07:17:49.279+0000] {processor.py:925} INFO - DAG(s) 'example_nested_branch_dag' retrieved from /home/airflow/.local/lib/python3.12/site-packages/airflow/example_dags/example_nested_branch_dag.py
[2025-12-16T07:17:49.682+0000] {logging_mixin.py:190} INFO - [2025-12-16T07:17:49.680+0000] {override.py:1930} INFO - Created Permission View: can read on DAG:example_nested_branch_dag
[2025-12-16T07:17:49.713+0000] {logging_mixin.py:190} INFO - [2025-12-16T07:17:49.712+0000] {override.py:1930} INFO - Created Permission View: can delete on DAG:example_nested_branch_dag
[2025-12-16T07:17:49.742+0000] {logging_mixin.py:190} INFO - [2025-12-16T07:17:49.741+0000] {override.py:1930} INFO - Created Permission View: can edit on DAG:example_nested_branch_dag
[2025-12-16T07:17:49.771+0000] {logging_mixin.py:190} INFO - [2025-12-16T07:17:49.770+0000] {override.py:1930} INFO - Created Permission View: can read on DAG Run:example_nested_branch_dag
[2025-12-16T07:17:49.800+0000] {logging_mixin.py:190} INFO - [2025-12-16T07:17:49.800+0000] {override.py:1930} INFO - Created Permission View: can delete on DAG Run:example_nested_branch_dag
[2025-12-16T07:17:49.821+0000] {logging_mixin.py:190} INFO - [2025-12-16T07:17:49.820+0000] {override.py:1930} INFO - Created Permission View: can create on DAG Run:example_nested_branch_dag
[2025-12-16T07:17:49.847+0000] {logging_mixin.py:190} INFO - [2025-12-16T07:17:49.844+0000] {override.py:1930} INFO - Created Permission View: menu access on DAG Run:example_nested_branch_dag
[2025-12-16T07:17:49.849+0000] {logging_mixin.py:190} INFO - [2025-12-16T07:17:49.848+0000] {dag.py:3239} INFO - Sync 1 DAGs
[2025-12-16T07:17:49.888+0000] {logging_mixin.py:190} INFO - [2025-12-16T07:17:49.888+0000] {dag.py:3262} INFO - Creating ORM DAG for example_nested_branch_dag
[2025-12-16T07:17:49.920+0000] {logging_mixin.py:190} INFO - [2025-12-16T07:17:49.920+0000] {dag.py:4180} INFO - Setting next_dagrun for example_nested_branch_dag to 2025-12-15 00:00:00+00:00, run_after=2025-12-16 00:00:00+00:00
[2025-12-16T07:17:49.969+0000] {processor.py:208} INFO - Processing /home/airflow/.local/lib/python3.12/site-packages/airflow/example_dags/example_nested_branch_dag.py took 0.826 seconds
[2025-12-16T07:18:27.180+0000] {processor.py:186} INFO - Started process (PID=220) to work on /home/airflow/.local/lib/python3.12/site-packages/airflow/example_dags/example_nested_branch_dag.py
[2025-12-16T07:18:27.188+0000] {processor.py:914} INFO - Processing file /home/airflow/.local/lib/python3.12/site-packages/airflow/example_dags/example_nested_branch_dag.py for tasks to queue
[2025-12-16T07:18:27.194+0000] {logging_mixin.py:190} INFO - [2025-12-16T07:18:27.193+0000] {dagbag.py:588} INFO - Filling up the DagBag from /home/airflow/.local/lib/python3.12/site-packages/airflow/example_dags/example_nested_branch_dag.py
[2025-12-16T07:18:27.244+0000] {processor.py:925} INFO - DAG(s) 'example_nested_branch_dag' retrieved from /home/airflow/.local/lib/python3.12/site-packages/airflow/example_dags/example_nested_branch_dag.py
[2025-12-16T07:18:27.315+0000] {logging_mixin.py:190} INFO - [2025-12-16T07:18:27.315+0000] {dag.py:3239} INFO - Sync 1 DAGs
[2025-12-16T07:18:27.440+0000] {logging_mixin.py:190} INFO - [2025-12-16T07:18:27.439+0000] {dag.py:4180} INFO - Setting next_dagrun for example_nested_branch_dag to 2025-12-15 00:00:00+00:00, run_after=2025-12-16 00:00:00+00:00
[2025-12-16T07:18:27.518+0000] {processor.py:208} INFO - Processing /home/airflow/.local/lib/python3.12/site-packages/airflow/example_dags/example_nested_branch_dag.py took 0.355 seconds
[2025-12-16T07:19:10.113+0000] {processor.py:186} INFO - Started process (PID=302) to work on /home/airflow/.local/lib/python3.12/site-packages/airflow/example_dags/example_nested_branch_dag.py
[2025-12-16T07:19:10.117+0000] {processor.py:914} INFO - Processing file /home/airflow/.local/lib/python3.12/site-packages/airflow/example_dags/example_nested_branch_dag.py for tasks to queue
[2025-12-16T07:19:10.124+0000] {logging_mixin.py:190} INFO - [2025-12-16T07:19:10.123+0000] {dagbag.py:588} INFO - Filling up the DagBag from /home/airflow/.local/lib/python3.12/site-packages/airflow/example_dags/example_nested_branch_dag.py
[2025-12-16T07:19:10.279+0000] {processor.py:925} INFO - DAG(s) 'example_nested_branch_dag' retrieved from /home/airflow/.local/lib/python3.12/site-packages/airflow/example_dags/example_nested_branch_dag.py
[2025-12-16T07:19:10.370+0000] {logging_mixin.py:190} INFO - [2025-12-16T07:19:10.369+0000] {dag.py:3239} INFO - Sync 1 DAGs
[2025-12-16T07:19:10.465+0000] {logging_mixin.py:190} INFO - [2025-12-16T07:19:10.464+0000] {dag.py:4180} INFO - Setting next_dagrun for example_nested_branch_dag to 2025-12-15 00:00:00+00:00, run_after=2025-12-16 00:00:00+00:00
[2025-12-16T07:19:10.560+0000] {processor.py:208} INFO - Processing /home/airflow/.local/lib/python3.12/site-packages/airflow/example_dags/example_nested_branch_dag.py took 0.473 seconds
[2025-12-16T07:19:45.854+0000] {processor.py:186} INFO - Started process (PID=374) to work on /home/airflow/.local/lib/python3.12/site-packages/airflow/example_dags/example_nested_branch_dag.py
[2025-12-16T07:19:45.864+0000] {processor.py:914} INFO - Processing file /home/airflow/.local/lib/python3.12/site-packages/airflow/example_dags/example_nested_branch_dag.py for tasks to queue
[2025-12-16T07:19:45.893+0000] {logging_mixin.py:190} INFO - [2025-12-16T07:19:45.892+0000] {dagbag.py:588} INFO - Filling up the DagBag from /home/airflow/.local/lib/python3.12/site-packages/airflow/example_dags/example_nested_branch_dag.py
[2025-12-16T07:19:46.025+0000] {processor.py:925} INFO - DAG(s) 'example_nested_branch_dag' retrieved from /home/airflow/.local/lib/python3.12/site-packages/airflow/example_dags/example_nested_branch_dag.py
[2025-12-16T07:19:46.244+0000] {logging_mixin.py:190} INFO - [2025-12-16T07:19:46.232+0000] {dag.py:3239} INFO - Sync 1 DAGs
[2025-12-16T07:19:46.495+0000] {logging_mixin.py:190} INFO - [2025-12-16T07:19:46.494+0000] {dag.py:4180} INFO - Setting next_dagrun for example_nested_branch_dag to 2025-12-15 00:00:00+00:00, run_after=2025-12-16 00:00:00+00:00
[2025-12-16T07:19:46.763+0000] {processor.py:208} INFO - Processing /home/airflow/.local/lib/python3.12/site-packages/airflow/example_dags/example_nested_branch_dag.py took 0.987 seconds
[2025-12-16T07:20:21.848+0000] {processor.py:186} INFO - Started process (PID=445) to work on /home/airflow/.local/lib/python3.12/site-packages/airflow/example_dags/example_nested_branch_dag.py
[2025-12-16T07:20:21.854+0000] {processor.py:914} INFO - Processing file /home/airflow/.local/lib/python3.12/site-packages/airflow/example_dags/example_nested_branch_dag.py for tasks to queue
[2025-12-16T07:20:21.861+0000] {logging_mixin.py:190} INFO - [2025-12-16T07:20:21.859+0000] {dagbag.py:588} INFO - Filling up the DagBag from /home/airflow/.local/lib/python3.12/site-packages/airflow/example_dags/example_nested_branch_dag.py
[2025-12-16T07:20:21.902+0000] {processor.py:925} INFO - DAG(s) 'example_nested_branch_dag' retrieved from /home/airflow/.local/lib/python3.12/site-packages/airflow/example_dags/example_nested_branch_dag.py
[2025-12-16T07:20:21.980+0000] {logging_mixin.py:190} INFO - [2025-12-16T07:20:21.979+0000] {dag.py:3239} INFO - Sync 1 DAGs
[2025-12-16T07:20:22.067+0000] {logging_mixin.py:190} INFO - [2025-12-16T07:20:22.066+0000] {dag.py:4180} INFO - Setting next_dagrun for example_nested_branch_dag to 2025-12-15 00:00:00+00:00, run_after=2025-12-16 00:00:00+00:00
[2025-12-16T07:20:22.152+0000] {processor.py:208} INFO - Processing /home/airflow/.local/lib/python3.12/site-packages/airflow/example_dags/example_nested_branch_dag.py took 0.322 seconds
[2025-12-16T07:20:54.457+0000] {processor.py:186} INFO - Started process (PID=517) to work on /home/airflow/.local/lib/python3.12/site-packages/airflow/example_dags/example_nested_branch_dag.py
[2025-12-16T07:20:54.460+0000] {processor.py:914} INFO - Processing file /home/airflow/.local/lib/python3.12/site-packages/airflow/example_dags/example_nested_branch_dag.py for tasks to queue
[2025-12-16T07:20:54.468+0000] {logging_mixin.py:190} INFO - [2025-12-16T07:20:54.467+0000] {dagbag.py:588} INFO - Filling up the DagBag from /home/airflow/.local/lib/python3.12/site-packages/airflow/example_dags/example_nested_branch_dag.py
[2025-12-16T07:20:54.504+0000] {processor.py:925} INFO - DAG(s) 'example_nested_branch_dag' retrieved from /home/airflow/.local/lib/python3.12/site-packages/airflow/example_dags/example_nested_branch_dag.py
[2025-12-16T07:20:54.562+0000] {logging_mixin.py:190} INFO - [2025-12-16T07:20:54.561+0000] {dag.py:3239} INFO - Sync 1 DAGs
[2025-12-16T07:20:54.635+0000] {logging_mixin.py:190} INFO - [2025-12-16T07:20:54.635+0000] {dag.py:4180} INFO - Setting next_dagrun for example_nested_branch_dag to 2025-12-15 00:00:00+00:00, run_after=2025-12-16 00:00:00+00:00
[2025-12-16T07:20:54.693+0000] {processor.py:208} INFO - Processing /home/airflow/.local/lib/python3.12/site-packages/airflow/example_dags/example_nested_branch_dag.py took 0.254 seconds
[2025-12-16T07:21:30.900+0000] {processor.py:186} INFO - Started process (PID=589) to work on /home/airflow/.local/lib/python3.12/site-packages/airflow/example_dags/example_nested_branch_dag.py
[2025-12-16T07:21:30.903+0000] {processor.py:914} INFO - Processing file /home/airflow/.local/lib/python3.12/site-packages/airflow/example_dags/example_nested_branch_dag.py for tasks to queue
[2025-12-16T07:21:30.951+0000] {logging_mixin.py:190} INFO - [2025-12-16T07:21:30.949+0000] {dagbag.py:588} INFO - Filling up the DagBag from /home/airflow/.local/lib/python3.12/site-packages/airflow/example_dags/example_nested_branch_dag.py
[2025-12-16T07:21:31.050+0000] {processor.py:925} INFO - DAG(s) 'example_nested_branch_dag' retrieved from /home/airflow/.local/lib/python3.12/site-packages/airflow/example_dags/example_nested_branch_dag.py
[2025-12-16T07:21:31.243+0000] {logging_mixin.py:190} INFO - [2025-12-16T07:21:31.242+0000] {dag.py:3239} INFO - Sync 1 DAGs
[2025-12-16T07:21:31.471+0000] {logging_mixin.py:190} INFO - [2025-12-16T07:21:31.470+0000] {dag.py:4180} INFO - Setting next_dagrun for example_nested_branch_dag to 2025-12-15 00:00:00+00:00, run_after=2025-12-16 00:00:00+00:00
[2025-12-16T07:21:31.660+0000] {processor.py:208} INFO - Processing /home/airflow/.local/lib/python3.12/site-packages/airflow/example_dags/example_nested_branch_dag.py took 0.814 seconds
[2025-12-16T07:22:06.525+0000] {processor.py:186} INFO - Started process (PID=661) to work on /home/airflow/.local/lib/python3.12/site-packages/airflow/example_dags/example_nested_branch_dag.py
[2025-12-16T07:22:06.540+0000] {processor.py:914} INFO - Processing file /home/airflow/.local/lib/python3.12/site-packages/airflow/example_dags/example_nested_branch_dag.py for tasks to queue
[2025-12-16T07:22:06.568+0000] {logging_mixin.py:190} INFO - [2025-12-16T07:22:06.551+0000] {dagbag.py:588} INFO - Filling up the DagBag from /home/airflow/.local/lib/python3.12/site-packages/airflow/example_dags/example_nested_branch_dag.py
[2025-12-16T07:22:06.656+0000] {processor.py:925} INFO - DAG(s) 'example_nested_branch_dag' retrieved from /home/airflow/.local/lib/python3.12/site-packages/airflow/example_dags/example_nested_branch_dag.py
[2025-12-16T07:22:06.804+0000] {logging_mixin.py:190} INFO - [2025-12-16T07:22:06.803+0000] {dag.py:3239} INFO - Sync 1 DAGs
[2025-12-16T07:22:06.937+0000] {logging_mixin.py:190} INFO - [2025-12-16T07:22:06.937+0000] {dag.py:4180} INFO - Setting next_dagrun for example_nested_branch_dag to 2025-12-15 00:00:00+00:00, run_after=2025-12-16 00:00:00+00:00
[2025-12-16T07:22:07.028+0000] {processor.py:208} INFO - Processing /home/airflow/.local/lib/python3.12/site-packages/airflow/example_dags/example_nested_branch_dag.py took 0.553 seconds
[2025-12-16T07:22:37.302+0000] {processor.py:186} INFO - Started process (PID=731) to work on /home/airflow/.local/lib/python3.12/site-packages/airflow/example_dags/example_nested_branch_dag.py
[2025-12-16T07:22:37.313+0000] {processor.py:914} INFO - Processing file /home/airflow/.local/lib/python3.12/site-packages/airflow/example_dags/example_nested_branch_dag.py for tasks to queue
[2025-12-16T07:22:37.321+0000] {logging_mixin.py:190} INFO - [2025-12-16T07:22:37.320+0000] {dagbag.py:588} INFO - Filling up the DagBag from /home/airflow/.local/lib/python3.12/site-packages/airflow/example_dags/example_nested_branch_dag.py
[2025-12-16T07:22:37.371+0000] {processor.py:925} INFO - DAG(s) 'example_nested_branch_dag' retrieved from /home/airflow/.local/lib/python3.12/site-packages/airflow/example_dags/example_nested_branch_dag.py
[2025-12-16T07:22:37.466+0000] {logging_mixin.py:190} INFO - [2025-12-16T07:22:37.465+0000] {dag.py:3239} INFO - Sync 1 DAGs
[2025-12-16T07:22:37.563+0000] {logging_mixin.py:190} INFO - [2025-12-16T07:22:37.562+0000] {dag.py:4180} INFO - Setting next_dagrun for example_nested_branch_dag to 2025-12-15 00:00:00+00:00, run_after=2025-12-16 00:00:00+00:00
[2025-12-16T07:22:37.671+0000] {processor.py:208} INFO - Processing /home/airflow/.local/lib/python3.12/site-packages/airflow/example_dags/example_nested_branch_dag.py took 0.400 seconds
[2025-12-16T07:23:08.368+0000] {processor.py:186} INFO - Started process (PID=802) to work on /home/airflow/.local/lib/python3.12/site-packages/airflow/example_dags/example_nested_branch_dag.py
[2025-12-16T07:23:08.385+0000] {processor.py:914} INFO - Processing file /home/airflow/.local/lib/python3.12/site-packages/airflow/example_dags/example_nested_branch_dag.py for tasks to queue
[2025-12-16T07:23:08.397+0000] {logging_mixin.py:190} INFO - [2025-12-16T07:23:08.396+0000] {dagbag.py:588} INFO - Filling up the DagBag from /home/airflow/.local/lib/python3.12/site-packages/airflow/example_dags/example_nested_branch_dag.py
[2025-12-16T07:23:08.472+0000] {processor.py:925} INFO - DAG(s) 'example_nested_branch_dag' retrieved from /home/airflow/.local/lib/python3.12/site-packages/airflow/example_dags/example_nested_branch_dag.py
[2025-12-16T07:23:08.601+0000] {logging_mixin.py:190} INFO - [2025-12-16T07:23:08.600+0000] {dag.py:3239} INFO - Sync 1 DAGs
[2025-12-16T07:23:08.844+0000] {logging_mixin.py:190} INFO - [2025-12-16T07:23:08.842+0000] {dag.py:4180} INFO - Setting next_dagrun for example_nested_branch_dag to 2025-12-15 00:00:00+00:00, run_after=2025-12-16 00:00:00+00:00
[2025-12-16T07:23:08.960+0000] {processor.py:208} INFO - Processing /home/airflow/.local/lib/python3.12/site-packages/airflow/example_dags/example_nested_branch_dag.py took 0.629 seconds
[2025-12-16T07:23:40.377+0000] {processor.py:186} INFO - Started process (PID=874) to work on /home/airflow/.local/lib/python3.12/site-packages/airflow/example_dags/example_nested_branch_dag.py
[2025-12-16T07:23:40.380+0000] {processor.py:914} INFO - Processing file /home/airflow/.local/lib/python3.12/site-packages/airflow/example_dags/example_nested_branch_dag.py for tasks to queue
[2025-12-16T07:23:40.387+0000] {logging_mixin.py:190} INFO - [2025-12-16T07:23:40.386+0000] {dagbag.py:588} INFO - Filling up the DagBag from /home/airflow/.local/lib/python3.12/site-packages/airflow/example_dags/example_nested_branch_dag.py
[2025-12-16T07:23:40.429+0000] {processor.py:925} INFO - DAG(s) 'example_nested_branch_dag' retrieved from /home/airflow/.local/lib/python3.12/site-packages/airflow/example_dags/example_nested_branch_dag.py
[2025-12-16T07:23:40.556+0000] {logging_mixin.py:190} INFO - [2025-12-16T07:23:40.556+0000] {dag.py:3239} INFO - Sync 1 DAGs
[2025-12-16T07:23:40.688+0000] {logging_mixin.py:190} INFO - [2025-12-16T07:23:40.687+0000] {dag.py:4180} INFO - Setting next_dagrun for example_nested_branch_dag to 2025-12-15 00:00:00+00:00, run_after=2025-12-16 00:00:00+00:00
[2025-12-16T07:23:40.772+0000] {processor.py:208} INFO - Processing /home/airflow/.local/lib/python3.12/site-packages/airflow/example_dags/example_nested_branch_dag.py took 0.412 seconds
[2025-12-16T07:27:26.212+0000] {processor.py:186} INFO - Started process (PID=980) to work on /home/airflow/.local/lib/python3.12/site-packages/airflow/example_dags/example_nested_branch_dag.py
[2025-12-16T07:27:26.234+0000] {processor.py:914} INFO - Processing file /home/airflow/.local/lib/python3.12/site-packages/airflow/example_dags/example_nested_branch_dag.py for tasks to queue
[2025-12-16T07:27:26.290+0000] {logging_mixin.py:190} INFO - [2025-12-16T07:27:26.273+0000] {dagbag.py:588} INFO - Filling up the DagBag from /home/airflow/.local/lib/python3.12/site-packages/airflow/example_dags/example_nested_branch_dag.py
[2025-12-16T07:27:27.531+0000] {processor.py:925} INFO - DAG(s) 'example_nested_branch_dag' retrieved from /home/airflow/.local/lib/python3.12/site-packages/airflow/example_dags/example_nested_branch_dag.py
[2025-12-16T07:27:29.672+0000] {logging_mixin.py:190} INFO - [2025-12-16T07:27:29.669+0000] {dag.py:3239} INFO - Sync 1 DAGs
[2025-12-16T07:27:32.773+0000] {logging_mixin.py:190} INFO - [2025-12-16T07:27:32.667+0000] {dag.py:4180} INFO - Setting next_dagrun for example_nested_branch_dag to 2025-12-15 00:00:00+00:00, run_after=2025-12-16 00:00:00+00:00
[2025-12-16T07:27:32.902+0000] {processor.py:208} INFO - Processing /home/airflow/.local/lib/python3.12/site-packages/airflow/example_dags/example_nested_branch_dag.py took 6.943 seconds
[2025-12-16T07:28:12.378+0000] {processor.py:186} INFO - Started process (PID=1058) to work on /home/airflow/.local/lib/python3.12/site-packages/airflow/example_dags/example_nested_branch_dag.py
[2025-12-16T07:28:12.382+0000] {processor.py:914} INFO - Processing file /home/airflow/.local/lib/python3.12/site-packages/airflow/example_dags/example_nested_branch_dag.py for tasks to queue
[2025-12-16T07:28:12.388+0000] {logging_mixin.py:190} INFO - [2025-12-16T07:28:12.387+0000] {dagbag.py:588} INFO - Filling up the DagBag from /home/airflow/.local/lib/python3.12/site-packages/airflow/example_dags/example_nested_branch_dag.py
[2025-12-16T07:28:12.434+0000] {processor.py:925} INFO - DAG(s) 'example_nested_branch_dag' retrieved from /home/airflow/.local/lib/python3.12/site-packages/airflow/example_dags/example_nested_branch_dag.py
[2025-12-16T07:28:12.534+0000] {logging_mixin.py:190} INFO - [2025-12-16T07:28:12.533+0000] {dag.py:3239} INFO - Sync 1 DAGs
[2025-12-16T07:28:12.637+0000] {logging_mixin.py:190} INFO - [2025-12-16T07:28:12.636+0000] {dag.py:4180} INFO - Setting next_dagrun for example_nested_branch_dag to 2025-12-15 00:00:00+00:00, run_after=2025-12-16 00:00:00+00:00
[2025-12-16T07:28:12.721+0000] {processor.py:208} INFO - Processing /home/airflow/.local/lib/python3.12/site-packages/airflow/example_dags/example_nested_branch_dag.py took 0.370 seconds
[2025-12-16T07:29:33.412+0000] {processor.py:186} INFO - Started process (PID=1127) to work on /home/airflow/.local/lib/python3.12/site-packages/airflow/example_dags/example_nested_branch_dag.py
[2025-12-16T07:29:33.421+0000] {processor.py:914} INFO - Processing file /home/airflow/.local/lib/python3.12/site-packages/airflow/example_dags/example_nested_branch_dag.py for tasks to queue
[2025-12-16T07:29:33.447+0000] {logging_mixin.py:190} INFO - [2025-12-16T07:29:33.445+0000] {dagbag.py:588} INFO - Filling up the DagBag from /home/airflow/.local/lib/python3.12/site-packages/airflow/example_dags/example_nested_branch_dag.py
[2025-12-16T07:29:33.631+0000] {processor.py:925} INFO - DAG(s) 'example_nested_branch_dag' retrieved from /home/airflow/.local/lib/python3.12/site-packages/airflow/example_dags/example_nested_branch_dag.py
[2025-12-16T07:29:34.256+0000] {logging_mixin.py:190} INFO - [2025-12-16T07:29:34.255+0000] {dag.py:3239} INFO - Sync 1 DAGs
[2025-12-16T07:29:34.591+0000] {logging_mixin.py:190} INFO - [2025-12-16T07:29:34.588+0000] {dag.py:4180} INFO - Setting next_dagrun for example_nested_branch_dag to 2025-12-15 00:00:00+00:00, run_after=2025-12-16 00:00:00+00:00
[2025-12-16T07:29:35.208+0000] {processor.py:208} INFO - Processing /home/airflow/.local/lib/python3.12/site-packages/airflow/example_dags/example_nested_branch_dag.py took 1.924 seconds
[2025-12-16T07:32:32.645+0000] {processor.py:186} INFO - Started process (PID=1248) to work on /home/airflow/.local/lib/python3.12/site-packages/airflow/example_dags/example_nested_branch_dag.py
[2025-12-16T07:32:32.653+0000] {processor.py:914} INFO - Processing file /home/airflow/.local/lib/python3.12/site-packages/airflow/example_dags/example_nested_branch_dag.py for tasks to queue
[2025-12-16T07:32:32.661+0000] {logging_mixin.py:190} INFO - [2025-12-16T07:32:32.659+0000] {dagbag.py:588} INFO - Filling up the DagBag from /home/airflow/.local/lib/python3.12/site-packages/airflow/example_dags/example_nested_branch_dag.py
[2025-12-16T07:32:32.722+0000] {processor.py:925} INFO - DAG(s) 'example_nested_branch_dag' retrieved from /home/airflow/.local/lib/python3.12/site-packages/airflow/example_dags/example_nested_branch_dag.py
[2025-12-16T07:32:32.873+0000] {logging_mixin.py:190} INFO - [2025-12-16T07:32:32.871+0000] {dag.py:3239} INFO - Sync 1 DAGs
[2025-12-16T07:32:32.973+0000] {logging_mixin.py:190} INFO - [2025-12-16T07:32:32.973+0000] {dag.py:4180} INFO - Setting next_dagrun for example_nested_branch_dag to 2025-12-15 00:00:00+00:00, run_after=2025-12-16 00:00:00+00:00
[2025-12-16T07:32:33.059+0000] {processor.py:208} INFO - Processing /home/airflow/.local/lib/python3.12/site-packages/airflow/example_dags/example_nested_branch_dag.py took 0.454 seconds
[2025-12-16T07:33:08.094+0000] {processor.py:186} INFO - Started process (PID=1319) to work on /home/airflow/.local/lib/python3.12/site-packages/airflow/example_dags/example_nested_branch_dag.py
[2025-12-16T07:33:08.104+0000] {processor.py:914} INFO - Processing file /home/airflow/.local/lib/python3.12/site-packages/airflow/example_dags/example_nested_branch_dag.py for tasks to queue
[2025-12-16T07:33:08.111+0000] {logging_mixin.py:190} INFO - [2025-12-16T07:33:08.110+0000] {dagbag.py:588} INFO - Filling up the DagBag from /home/airflow/.local/lib/python3.12/site-packages/airflow/example_dags/example_nested_branch_dag.py
[2025-12-16T07:33:08.211+0000] {processor.py:925} INFO - DAG(s) 'example_nested_branch_dag' retrieved from /home/airflow/.local/lib/python3.12/site-packages/airflow/example_dags/example_nested_branch_dag.py
[2025-12-16T07:33:08.477+0000] {logging_mixin.py:190} INFO - [2025-12-16T07:33:08.476+0000] {dag.py:3239} INFO - Sync 1 DAGs
[2025-12-16T07:33:08.572+0000] {logging_mixin.py:190} INFO - [2025-12-16T07:33:08.570+0000] {dag.py:4180} INFO - Setting next_dagrun for example_nested_branch_dag to 2025-12-15 00:00:00+00:00, run_after=2025-12-16 00:00:00+00:00
[2025-12-16T07:33:08.674+0000] {processor.py:208} INFO - Processing /home/airflow/.local/lib/python3.12/site-packages/airflow/example_dags/example_nested_branch_dag.py took 0.623 seconds
[2025-12-16T07:33:41.174+0000] {processor.py:186} INFO - Started process (PID=1390) to work on /home/airflow/.local/lib/python3.12/site-packages/airflow/example_dags/example_nested_branch_dag.py
[2025-12-16T07:33:41.177+0000] {processor.py:914} INFO - Processing file /home/airflow/.local/lib/python3.12/site-packages/airflow/example_dags/example_nested_branch_dag.py for tasks to queue
[2025-12-16T07:33:41.187+0000] {logging_mixin.py:190} INFO - [2025-12-16T07:33:41.186+0000] {dagbag.py:588} INFO - Filling up the DagBag from /home/airflow/.local/lib/python3.12/site-packages/airflow/example_dags/example_nested_branch_dag.py
[2025-12-16T07:33:41.250+0000] {processor.py:925} INFO - DAG(s) 'example_nested_branch_dag' retrieved from /home/airflow/.local/lib/python3.12/site-packages/airflow/example_dags/example_nested_branch_dag.py
[2025-12-16T07:33:41.333+0000] {logging_mixin.py:190} INFO - [2025-12-16T07:33:41.332+0000] {dag.py:3239} INFO - Sync 1 DAGs
[2025-12-16T07:33:41.450+0000] {logging_mixin.py:190} INFO - [2025-12-16T07:33:41.449+0000] {dag.py:4180} INFO - Setting next_dagrun for example_nested_branch_dag to 2025-12-15 00:00:00+00:00, run_after=2025-12-16 00:00:00+00:00
[2025-12-16T07:33:41.538+0000] {processor.py:208} INFO - Processing /home/airflow/.local/lib/python3.12/site-packages/airflow/example_dags/example_nested_branch_dag.py took 0.388 seconds
[2025-12-16T07:34:12.867+0000] {processor.py:186} INFO - Started process (PID=1463) to work on /home/airflow/.local/lib/python3.12/site-packages/airflow/example_dags/example_nested_branch_dag.py
[2025-12-16T07:34:12.869+0000] {processor.py:914} INFO - Processing file /home/airflow/.local/lib/python3.12/site-packages/airflow/example_dags/example_nested_branch_dag.py for tasks to queue
[2025-12-16T07:34:12.873+0000] {logging_mixin.py:190} INFO - [2025-12-16T07:34:12.872+0000] {dagbag.py:588} INFO - Filling up the DagBag from /home/airflow/.local/lib/python3.12/site-packages/airflow/example_dags/example_nested_branch_dag.py
[2025-12-16T07:34:12.923+0000] {processor.py:925} INFO - DAG(s) 'example_nested_branch_dag' retrieved from /home/airflow/.local/lib/python3.12/site-packages/airflow/example_dags/example_nested_branch_dag.py
[2025-12-16T07:34:13.020+0000] {logging_mixin.py:190} INFO - [2025-12-16T07:34:13.019+0000] {dag.py:3239} INFO - Sync 1 DAGs
[2025-12-16T07:34:13.104+0000] {logging_mixin.py:190} INFO - [2025-12-16T07:34:13.104+0000] {dag.py:4180} INFO - Setting next_dagrun for example_nested_branch_dag to 2025-12-15 00:00:00+00:00, run_after=2025-12-16 00:00:00+00:00
[2025-12-16T07:34:13.162+0000] {processor.py:208} INFO - Processing /home/airflow/.local/lib/python3.12/site-packages/airflow/example_dags/example_nested_branch_dag.py took 0.319 seconds
[2025-12-16T07:34:43.467+0000] {processor.py:186} INFO - Started process (PID=1535) to work on /home/airflow/.local/lib/python3.12/site-packages/airflow/example_dags/example_nested_branch_dag.py
[2025-12-16T07:34:43.471+0000] {processor.py:914} INFO - Processing file /home/airflow/.local/lib/python3.12/site-packages/airflow/example_dags/example_nested_branch_dag.py for tasks to queue
[2025-12-16T07:34:43.476+0000] {logging_mixin.py:190} INFO - [2025-12-16T07:34:43.474+0000] {dagbag.py:588} INFO - Filling up the DagBag from /home/airflow/.local/lib/python3.12/site-packages/airflow/example_dags/example_nested_branch_dag.py
[2025-12-16T07:34:43.516+0000] {processor.py:925} INFO - DAG(s) 'example_nested_branch_dag' retrieved from /home/airflow/.local/lib/python3.12/site-packages/airflow/example_dags/example_nested_branch_dag.py
[2025-12-16T07:34:43.581+0000] {logging_mixin.py:190} INFO - [2025-12-16T07:34:43.580+0000] {dag.py:3239} INFO - Sync 1 DAGs
[2025-12-16T07:34:43.646+0000] {logging_mixin.py:190} INFO - [2025-12-16T07:34:43.646+0000] {dag.py:4180} INFO - Setting next_dagrun for example_nested_branch_dag to 2025-12-15 00:00:00+00:00, run_after=2025-12-16 00:00:00+00:00
[2025-12-16T07:34:43.693+0000] {processor.py:208} INFO - Processing /home/airflow/.local/lib/python3.12/site-packages/airflow/example_dags/example_nested_branch_dag.py took 0.247 seconds
[2025-12-16T07:35:24.866+0000] {processor.py:186} INFO - Started process (PID=1610) to work on /home/airflow/.local/lib/python3.12/site-packages/airflow/example_dags/example_nested_branch_dag.py
[2025-12-16T07:35:24.870+0000] {processor.py:914} INFO - Processing file /home/airflow/.local/lib/python3.12/site-packages/airflow/example_dags/example_nested_branch_dag.py for tasks to queue
[2025-12-16T07:35:24.892+0000] {logging_mixin.py:190} INFO - [2025-12-16T07:35:24.884+0000] {dagbag.py:588} INFO - Filling up the DagBag from /home/airflow/.local/lib/python3.12/site-packages/airflow/example_dags/example_nested_branch_dag.py
[2025-12-16T07:35:25.028+0000] {processor.py:925} INFO - DAG(s) 'example_nested_branch_dag' retrieved from /home/airflow/.local/lib/python3.12/site-packages/airflow/example_dags/example_nested_branch_dag.py
[2025-12-16T07:35:25.184+0000] {logging_mixin.py:190} INFO - [2025-12-16T07:35:25.183+0000] {dag.py:3239} INFO - Sync 1 DAGs
[2025-12-16T07:35:25.330+0000] {logging_mixin.py:190} INFO - [2025-12-16T07:35:25.329+0000] {dag.py:4180} INFO - Setting next_dagrun for example_nested_branch_dag to 2025-12-15 00:00:00+00:00, run_after=2025-12-16 00:00:00+00:00
[2025-12-16T07:35:25.429+0000] {processor.py:208} INFO - Processing /home/airflow/.local/lib/python3.12/site-packages/airflow/example_dags/example_nested_branch_dag.py took 0.653 seconds
[2025-12-16T07:36:20.266+0000] {processor.py:186} INFO - Started process (PID=1716) to work on /home/airflow/.local/lib/python3.12/site-packages/airflow/example_dags/example_nested_branch_dag.py
[2025-12-16T07:36:20.271+0000] {processor.py:914} INFO - Processing file /home/airflow/.local/lib/python3.12/site-packages/airflow/example_dags/example_nested_branch_dag.py for tasks to queue
[2025-12-16T07:36:20.279+0000] {logging_mixin.py:190} INFO - [2025-12-16T07:36:20.278+0000] {dagbag.py:588} INFO - Filling up the DagBag from /home/airflow/.local/lib/python3.12/site-packages/airflow/example_dags/example_nested_branch_dag.py
[2025-12-16T07:36:20.374+0000] {processor.py:925} INFO - DAG(s) 'example_nested_branch_dag' retrieved from /home/airflow/.local/lib/python3.12/site-packages/airflow/example_dags/example_nested_branch_dag.py
[2025-12-16T07:36:20.526+0000] {logging_mixin.py:190} INFO - [2025-12-16T07:36:20.525+0000] {dag.py:3239} INFO - Sync 1 DAGs
[2025-12-16T07:36:20.652+0000] {logging_mixin.py:190} INFO - [2025-12-16T07:36:20.651+0000] {dag.py:4180} INFO - Setting next_dagrun for example_nested_branch_dag to 2025-12-15 00:00:00+00:00, run_after=2025-12-16 00:00:00+00:00
[2025-12-16T07:36:20.863+0000] {processor.py:208} INFO - Processing /home/airflow/.local/lib/python3.12/site-packages/airflow/example_dags/example_nested_branch_dag.py took 0.632 seconds
[2025-12-16T07:36:52.728+0000] {processor.py:186} INFO - Started process (PID=1787) to work on /home/airflow/.local/lib/python3.12/site-packages/airflow/example_dags/example_nested_branch_dag.py
[2025-12-16T07:36:52.743+0000] {processor.py:914} INFO - Processing file /home/airflow/.local/lib/python3.12/site-packages/airflow/example_dags/example_nested_branch_dag.py for tasks to queue
[2025-12-16T07:36:52.759+0000] {logging_mixin.py:190} INFO - [2025-12-16T07:36:52.748+0000] {dagbag.py:588} INFO - Filling up the DagBag from /home/airflow/.local/lib/python3.12/site-packages/airflow/example_dags/example_nested_branch_dag.py
[2025-12-16T07:36:52.810+0000] {processor.py:925} INFO - DAG(s) 'example_nested_branch_dag' retrieved from /home/airflow/.local/lib/python3.12/site-packages/airflow/example_dags/example_nested_branch_dag.py
[2025-12-16T07:36:52.894+0000] {logging_mixin.py:190} INFO - [2025-12-16T07:36:52.893+0000] {dag.py:3239} INFO - Sync 1 DAGs
[2025-12-16T07:36:53.057+0000] {logging_mixin.py:190} INFO - [2025-12-16T07:36:53.057+0000] {dag.py:4180} INFO - Setting next_dagrun for example_nested_branch_dag to 2025-12-15 00:00:00+00:00, run_after=2025-12-16 00:00:00+00:00
[2025-12-16T07:36:53.129+0000] {processor.py:208} INFO - Processing /home/airflow/.local/lib/python3.12/site-packages/airflow/example_dags/example_nested_branch_dag.py took 0.433 seconds
[2025-12-16T07:37:28.690+0000] {processor.py:186} INFO - Started process (PID=1860) to work on /home/airflow/.local/lib/python3.12/site-packages/airflow/example_dags/example_nested_branch_dag.py
[2025-12-16T07:37:28.698+0000] {processor.py:914} INFO - Processing file /home/airflow/.local/lib/python3.12/site-packages/airflow/example_dags/example_nested_branch_dag.py for tasks to queue
[2025-12-16T07:37:28.701+0000] {logging_mixin.py:190} INFO - [2025-12-16T07:37:28.700+0000] {dagbag.py:588} INFO - Filling up the DagBag from /home/airflow/.local/lib/python3.12/site-packages/airflow/example_dags/example_nested_branch_dag.py
[2025-12-16T07:37:28.736+0000] {processor.py:925} INFO - DAG(s) 'example_nested_branch_dag' retrieved from /home/airflow/.local/lib/python3.12/site-packages/airflow/example_dags/example_nested_branch_dag.py
[2025-12-16T07:37:28.830+0000] {logging_mixin.py:190} INFO - [2025-12-16T07:37:28.829+0000] {dag.py:3239} INFO - Sync 1 DAGs
[2025-12-16T07:37:28.900+0000] {logging_mixin.py:190} INFO - [2025-12-16T07:37:28.900+0000] {dag.py:4180} INFO - Setting next_dagrun for example_nested_branch_dag to 2025-12-15 00:00:00+00:00, run_after=2025-12-16 00:00:00+00:00
[2025-12-16T07:37:28.958+0000] {processor.py:208} INFO - Processing /home/airflow/.local/lib/python3.12/site-packages/airflow/example_dags/example_nested_branch_dag.py took 0.284 seconds
[2025-12-16T07:38:03.404+0000] {processor.py:186} INFO - Started process (PID=1933) to work on /home/airflow/.local/lib/python3.12/site-packages/airflow/example_dags/example_nested_branch_dag.py
[2025-12-16T07:38:03.407+0000] {processor.py:914} INFO - Processing file /home/airflow/.local/lib/python3.12/site-packages/airflow/example_dags/example_nested_branch_dag.py for tasks to queue
[2025-12-16T07:38:03.410+0000] {logging_mixin.py:190} INFO - [2025-12-16T07:38:03.410+0000] {dagbag.py:588} INFO - Filling up the DagBag from /home/airflow/.local/lib/python3.12/site-packages/airflow/example_dags/example_nested_branch_dag.py
[2025-12-16T07:38:03.449+0000] {processor.py:925} INFO - DAG(s) 'example_nested_branch_dag' retrieved from /home/airflow/.local/lib/python3.12/site-packages/airflow/example_dags/example_nested_branch_dag.py
[2025-12-16T07:38:03.503+0000] {logging_mixin.py:190} INFO - [2025-12-16T07:38:03.502+0000] {dag.py:3239} INFO - Sync 1 DAGs
[2025-12-16T07:38:03.573+0000] {logging_mixin.py:190} INFO - [2025-12-16T07:38:03.572+0000] {dag.py:4180} INFO - Setting next_dagrun for example_nested_branch_dag to 2025-12-15 00:00:00+00:00, run_after=2025-12-16 00:00:00+00:00
[2025-12-16T07:38:03.626+0000] {processor.py:208} INFO - Processing /home/airflow/.local/lib/python3.12/site-packages/airflow/example_dags/example_nested_branch_dag.py took 0.237 seconds
[2025-12-16T07:38:41.997+0000] {processor.py:186} INFO - Started process (PID=2002) to work on /home/airflow/.local/lib/python3.12/site-packages/airflow/example_dags/example_nested_branch_dag.py
[2025-12-16T07:38:42.019+0000] {processor.py:914} INFO - Processing file /home/airflow/.local/lib/python3.12/site-packages/airflow/example_dags/example_nested_branch_dag.py for tasks to queue
[2025-12-16T07:38:42.025+0000] {logging_mixin.py:190} INFO - [2025-12-16T07:38:42.024+0000] {dagbag.py:588} INFO - Filling up the DagBag from /home/airflow/.local/lib/python3.12/site-packages/airflow/example_dags/example_nested_branch_dag.py
[2025-12-16T07:38:42.134+0000] {processor.py:925} INFO - DAG(s) 'example_nested_branch_dag' retrieved from /home/airflow/.local/lib/python3.12/site-packages/airflow/example_dags/example_nested_branch_dag.py
[2025-12-16T07:38:42.251+0000] {logging_mixin.py:190} INFO - [2025-12-16T07:38:42.250+0000] {dag.py:3239} INFO - Sync 1 DAGs
[2025-12-16T07:38:42.594+0000] {logging_mixin.py:190} INFO - [2025-12-16T07:38:42.593+0000] {dag.py:4180} INFO - Setting next_dagrun for example_nested_branch_dag to 2025-12-15 00:00:00+00:00, run_after=2025-12-16 00:00:00+00:00
[2025-12-16T07:38:42.832+0000] {processor.py:208} INFO - Processing /home/airflow/.local/lib/python3.12/site-packages/airflow/example_dags/example_nested_branch_dag.py took 0.866 seconds
[2025-12-16T07:39:13.615+0000] {processor.py:186} INFO - Started process (PID=2079) to work on /home/airflow/.local/lib/python3.12/site-packages/airflow/example_dags/example_nested_branch_dag.py
[2025-12-16T07:39:13.622+0000] {processor.py:914} INFO - Processing file /home/airflow/.local/lib/python3.12/site-packages/airflow/example_dags/example_nested_branch_dag.py for tasks to queue
[2025-12-16T07:39:13.627+0000] {logging_mixin.py:190} INFO - [2025-12-16T07:39:13.625+0000] {dagbag.py:588} INFO - Filling up the DagBag from /home/airflow/.local/lib/python3.12/site-packages/airflow/example_dags/example_nested_branch_dag.py
[2025-12-16T07:39:13.728+0000] {processor.py:925} INFO - DAG(s) 'example_nested_branch_dag' retrieved from /home/airflow/.local/lib/python3.12/site-packages/airflow/example_dags/example_nested_branch_dag.py
[2025-12-16T07:39:13.981+0000] {logging_mixin.py:190} INFO - [2025-12-16T07:39:13.980+0000] {dag.py:3239} INFO - Sync 1 DAGs
[2025-12-16T07:39:14.126+0000] {logging_mixin.py:190} INFO - [2025-12-16T07:39:14.125+0000] {dag.py:4180} INFO - Setting next_dagrun for example_nested_branch_dag to 2025-12-15 00:00:00+00:00, run_after=2025-12-16 00:00:00+00:00
[2025-12-16T07:39:14.234+0000] {processor.py:208} INFO - Processing /home/airflow/.local/lib/python3.12/site-packages/airflow/example_dags/example_nested_branch_dag.py took 0.655 seconds
[2025-12-16T07:52:12.929+0000] {processor.py:186} INFO - Started process (PID=2156) to work on /home/airflow/.local/lib/python3.12/site-packages/airflow/example_dags/example_nested_branch_dag.py
[2025-12-16T07:52:12.941+0000] {processor.py:914} INFO - Processing file /home/airflow/.local/lib/python3.12/site-packages/airflow/example_dags/example_nested_branch_dag.py for tasks to queue
[2025-12-16T07:52:12.947+0000] {logging_mixin.py:190} INFO - [2025-12-16T07:52:12.945+0000] {dagbag.py:588} INFO - Filling up the DagBag from /home/airflow/.local/lib/python3.12/site-packages/airflow/example_dags/example_nested_branch_dag.py
[2025-12-16T07:52:13.044+0000] {processor.py:925} INFO - DAG(s) 'example_nested_branch_dag' retrieved from /home/airflow/.local/lib/python3.12/site-packages/airflow/example_dags/example_nested_branch_dag.py
[2025-12-16T07:52:13.205+0000] {logging_mixin.py:190} INFO - [2025-12-16T07:52:13.204+0000] {dag.py:3239} INFO - Sync 1 DAGs
[2025-12-16T07:52:13.434+0000] {logging_mixin.py:190} INFO - [2025-12-16T07:52:13.433+0000] {dag.py:4180} INFO - Setting next_dagrun for example_nested_branch_dag to 2025-12-15 00:00:00+00:00, run_after=2025-12-16 00:00:00+00:00
[2025-12-16T07:52:13.559+0000] {processor.py:208} INFO - Processing /home/airflow/.local/lib/python3.12/site-packages/airflow/example_dags/example_nested_branch_dag.py took 0.712 seconds
[2025-12-16T07:53:22.328+0000] {processor.py:186} INFO - Started process (PID=2242) to work on /home/airflow/.local/lib/python3.12/site-packages/airflow/example_dags/example_nested_branch_dag.py
[2025-12-16T07:53:22.359+0000] {processor.py:914} INFO - Processing file /home/airflow/.local/lib/python3.12/site-packages/airflow/example_dags/example_nested_branch_dag.py for tasks to queue
[2025-12-16T07:53:22.405+0000] {logging_mixin.py:190} INFO - [2025-12-16T07:53:22.390+0000] {dagbag.py:588} INFO - Filling up the DagBag from /home/airflow/.local/lib/python3.12/site-packages/airflow/example_dags/example_nested_branch_dag.py
[2025-12-16T07:53:22.562+0000] {processor.py:925} INFO - DAG(s) 'example_nested_branch_dag' retrieved from /home/airflow/.local/lib/python3.12/site-packages/airflow/example_dags/example_nested_branch_dag.py
[2025-12-16T07:53:22.806+0000] {logging_mixin.py:190} INFO - [2025-12-16T07:53:22.805+0000] {dag.py:3239} INFO - Sync 1 DAGs
[2025-12-16T07:53:23.111+0000] {logging_mixin.py:190} INFO - [2025-12-16T07:53:23.110+0000] {dag.py:4180} INFO - Setting next_dagrun for example_nested_branch_dag to 2025-12-15 00:00:00+00:00, run_after=2025-12-16 00:00:00+00:00
[2025-12-16T07:53:23.239+0000] {processor.py:208} INFO - Processing /home/airflow/.local/lib/python3.12/site-packages/airflow/example_dags/example_nested_branch_dag.py took 1.020 seconds
[2025-12-16T07:54:29.525+0000] {processor.py:186} INFO - Started process (PID=2327) to work on /home/airflow/.local/lib/python3.12/site-packages/airflow/example_dags/example_nested_branch_dag.py
[2025-12-16T07:54:29.531+0000] {processor.py:914} INFO - Processing file /home/airflow/.local/lib/python3.12/site-packages/airflow/example_dags/example_nested_branch_dag.py for tasks to queue
[2025-12-16T07:54:29.541+0000] {logging_mixin.py:190} INFO - [2025-12-16T07:54:29.540+0000] {dagbag.py:588} INFO - Filling up the DagBag from /home/airflow/.local/lib/python3.12/site-packages/airflow/example_dags/example_nested_branch_dag.py
[2025-12-16T07:54:29.615+0000] {processor.py:925} INFO - DAG(s) 'example_nested_branch_dag' retrieved from /home/airflow/.local/lib/python3.12/site-packages/airflow/example_dags/example_nested_branch_dag.py
[2025-12-16T07:54:29.728+0000] {logging_mixin.py:190} INFO - [2025-12-16T07:54:29.727+0000] {dag.py:3239} INFO - Sync 1 DAGs
[2025-12-16T07:54:29.850+0000] {logging_mixin.py:190} INFO - [2025-12-16T07:54:29.849+0000] {dag.py:4180} INFO - Setting next_dagrun for example_nested_branch_dag to 2025-12-15 00:00:00+00:00, run_after=2025-12-16 00:00:00+00:00
[2025-12-16T07:54:29.933+0000] {processor.py:208} INFO - Processing /home/airflow/.local/lib/python3.12/site-packages/airflow/example_dags/example_nested_branch_dag.py took 0.429 seconds
[2025-12-16T07:55:17.593+0000] {processor.py:186} INFO - Started process (PID=2399) to work on /home/airflow/.local/lib/python3.12/site-packages/airflow/example_dags/example_nested_branch_dag.py
[2025-12-16T07:55:17.606+0000] {processor.py:914} INFO - Processing file /home/airflow/.local/lib/python3.12/site-packages/airflow/example_dags/example_nested_branch_dag.py for tasks to queue
[2025-12-16T07:55:17.615+0000] {logging_mixin.py:190} INFO - [2025-12-16T07:55:17.614+0000] {dagbag.py:588} INFO - Filling up the DagBag from /home/airflow/.local/lib/python3.12/site-packages/airflow/example_dags/example_nested_branch_dag.py
[2025-12-16T07:55:17.773+0000] {processor.py:925} INFO - DAG(s) 'example_nested_branch_dag' retrieved from /home/airflow/.local/lib/python3.12/site-packages/airflow/example_dags/example_nested_branch_dag.py
[2025-12-16T07:55:17.939+0000] {logging_mixin.py:190} INFO - [2025-12-16T07:55:17.935+0000] {dag.py:3239} INFO - Sync 1 DAGs
[2025-12-16T07:55:18.108+0000] {logging_mixin.py:190} INFO - [2025-12-16T07:55:18.107+0000] {dag.py:4180} INFO - Setting next_dagrun for example_nested_branch_dag to 2025-12-15 00:00:00+00:00, run_after=2025-12-16 00:00:00+00:00
[2025-12-16T07:55:18.267+0000] {processor.py:208} INFO - Processing /home/airflow/.local/lib/python3.12/site-packages/airflow/example_dags/example_nested_branch_dag.py took 0.726 seconds
[2025-12-16T07:55:58.907+0000] {processor.py:186} INFO - Started process (PID=2471) to work on /home/airflow/.local/lib/python3.12/site-packages/airflow/example_dags/example_nested_branch_dag.py
[2025-12-16T07:55:58.921+0000] {processor.py:914} INFO - Processing file /home/airflow/.local/lib/python3.12/site-packages/airflow/example_dags/example_nested_branch_dag.py for tasks to queue
[2025-12-16T07:55:58.927+0000] {logging_mixin.py:190} INFO - [2025-12-16T07:55:58.925+0000] {dagbag.py:588} INFO - Filling up the DagBag from /home/airflow/.local/lib/python3.12/site-packages/airflow/example_dags/example_nested_branch_dag.py
[2025-12-16T07:55:58.981+0000] {processor.py:925} INFO - DAG(s) 'example_nested_branch_dag' retrieved from /home/airflow/.local/lib/python3.12/site-packages/airflow/example_dags/example_nested_branch_dag.py
[2025-12-16T07:55:59.093+0000] {logging_mixin.py:190} INFO - [2025-12-16T07:55:59.092+0000] {dag.py:3239} INFO - Sync 1 DAGs
[2025-12-16T07:55:59.272+0000] {logging_mixin.py:190} INFO - [2025-12-16T07:55:59.271+0000] {dag.py:4180} INFO - Setting next_dagrun for example_nested_branch_dag to 2025-12-15 00:00:00+00:00, run_after=2025-12-16 00:00:00+00:00
[2025-12-16T07:55:59.370+0000] {processor.py:208} INFO - Processing /home/airflow/.local/lib/python3.12/site-packages/airflow/example_dags/example_nested_branch_dag.py took 0.493 seconds
[2025-12-16T07:56:33.046+0000] {processor.py:186} INFO - Started process (PID=2549) to work on /home/airflow/.local/lib/python3.12/site-packages/airflow/example_dags/example_nested_branch_dag.py
[2025-12-16T07:56:33.049+0000] {processor.py:914} INFO - Processing file /home/airflow/.local/lib/python3.12/site-packages/airflow/example_dags/example_nested_branch_dag.py for tasks to queue
[2025-12-16T07:56:33.055+0000] {logging_mixin.py:190} INFO - [2025-12-16T07:56:33.054+0000] {dagbag.py:588} INFO - Filling up the DagBag from /home/airflow/.local/lib/python3.12/site-packages/airflow/example_dags/example_nested_branch_dag.py
[2025-12-16T07:56:33.103+0000] {processor.py:925} INFO - DAG(s) 'example_nested_branch_dag' retrieved from /home/airflow/.local/lib/python3.12/site-packages/airflow/example_dags/example_nested_branch_dag.py
[2025-12-16T07:56:33.214+0000] {logging_mixin.py:190} INFO - [2025-12-16T07:56:33.214+0000] {dag.py:3239} INFO - Sync 1 DAGs
[2025-12-16T07:56:33.343+0000] {logging_mixin.py:190} INFO - [2025-12-16T07:56:33.342+0000] {dag.py:4180} INFO - Setting next_dagrun for example_nested_branch_dag to 2025-12-15 00:00:00+00:00, run_after=2025-12-16 00:00:00+00:00
[2025-12-16T07:56:33.406+0000] {processor.py:208} INFO - Processing /home/airflow/.local/lib/python3.12/site-packages/airflow/example_dags/example_nested_branch_dag.py took 0.381 seconds
[2025-12-16T07:57:11.656+0000] {processor.py:186} INFO - Started process (PID=2626) to work on /home/airflow/.local/lib/python3.12/site-packages/airflow/example_dags/example_nested_branch_dag.py
[2025-12-16T07:57:11.659+0000] {processor.py:914} INFO - Processing file /home/airflow/.local/lib/python3.12/site-packages/airflow/example_dags/example_nested_branch_dag.py for tasks to queue
[2025-12-16T07:57:11.664+0000] {logging_mixin.py:190} INFO - [2025-12-16T07:57:11.663+0000] {dagbag.py:588} INFO - Filling up the DagBag from /home/airflow/.local/lib/python3.12/site-packages/airflow/example_dags/example_nested_branch_dag.py
[2025-12-16T07:57:11.719+0000] {processor.py:925} INFO - DAG(s) 'example_nested_branch_dag' retrieved from /home/airflow/.local/lib/python3.12/site-packages/airflow/example_dags/example_nested_branch_dag.py
[2025-12-16T07:57:11.792+0000] {logging_mixin.py:190} INFO - [2025-12-16T07:57:11.791+0000] {dag.py:3239} INFO - Sync 1 DAGs
[2025-12-16T07:57:11.948+0000] {logging_mixin.py:190} INFO - [2025-12-16T07:57:11.948+0000] {dag.py:4180} INFO - Setting next_dagrun for example_nested_branch_dag to 2025-12-15 00:00:00+00:00, run_after=2025-12-16 00:00:00+00:00
[2025-12-16T07:57:12.075+0000] {processor.py:208} INFO - Processing /home/airflow/.local/lib/python3.12/site-packages/airflow/example_dags/example_nested_branch_dag.py took 0.436 seconds
[2025-12-16T07:57:51.126+0000] {processor.py:186} INFO - Started process (PID=2699) to work on /home/airflow/.local/lib/python3.12/site-packages/airflow/example_dags/example_nested_branch_dag.py
[2025-12-16T07:57:51.129+0000] {processor.py:914} INFO - Processing file /home/airflow/.local/lib/python3.12/site-packages/airflow/example_dags/example_nested_branch_dag.py for tasks to queue
[2025-12-16T07:57:51.134+0000] {logging_mixin.py:190} INFO - [2025-12-16T07:57:51.133+0000] {dagbag.py:588} INFO - Filling up the DagBag from /home/airflow/.local/lib/python3.12/site-packages/airflow/example_dags/example_nested_branch_dag.py
[2025-12-16T07:57:51.181+0000] {processor.py:925} INFO - DAG(s) 'example_nested_branch_dag' retrieved from /home/airflow/.local/lib/python3.12/site-packages/airflow/example_dags/example_nested_branch_dag.py
[2025-12-16T07:57:51.329+0000] {logging_mixin.py:190} INFO - [2025-12-16T07:57:51.328+0000] {dag.py:3239} INFO - Sync 1 DAGs
[2025-12-16T07:57:51.469+0000] {logging_mixin.py:190} INFO - [2025-12-16T07:57:51.469+0000] {dag.py:4180} INFO - Setting next_dagrun for example_nested_branch_dag to 2025-12-15 00:00:00+00:00, run_after=2025-12-16 00:00:00+00:00
[2025-12-16T07:57:51.522+0000] {processor.py:208} INFO - Processing /home/airflow/.local/lib/python3.12/site-packages/airflow/example_dags/example_nested_branch_dag.py took 0.412 seconds
[2025-12-16T07:58:31.876+0000] {processor.py:186} INFO - Started process (PID=2772) to work on /home/airflow/.local/lib/python3.12/site-packages/airflow/example_dags/example_nested_branch_dag.py
[2025-12-16T07:58:31.884+0000] {processor.py:914} INFO - Processing file /home/airflow/.local/lib/python3.12/site-packages/airflow/example_dags/example_nested_branch_dag.py for tasks to queue
[2025-12-16T07:58:31.898+0000] {logging_mixin.py:190} INFO - [2025-12-16T07:58:31.897+0000] {dagbag.py:588} INFO - Filling up the DagBag from /home/airflow/.local/lib/python3.12/site-packages/airflow/example_dags/example_nested_branch_dag.py
[2025-12-16T07:58:31.991+0000] {processor.py:925} INFO - DAG(s) 'example_nested_branch_dag' retrieved from /home/airflow/.local/lib/python3.12/site-packages/airflow/example_dags/example_nested_branch_dag.py
[2025-12-16T07:58:32.250+0000] {logging_mixin.py:190} INFO - [2025-12-16T07:58:32.249+0000] {dag.py:3239} INFO - Sync 1 DAGs
[2025-12-16T07:58:32.419+0000] {logging_mixin.py:190} INFO - [2025-12-16T07:58:32.419+0000] {dag.py:4180} INFO - Setting next_dagrun for example_nested_branch_dag to 2025-12-15 00:00:00+00:00, run_after=2025-12-16 00:00:00+00:00
[2025-12-16T07:58:32.586+0000] {processor.py:208} INFO - Processing /home/airflow/.local/lib/python3.12/site-packages/airflow/example_dags/example_nested_branch_dag.py took 0.760 seconds
[2025-12-16T07:59:21.822+0000] {processor.py:186} INFO - Started process (PID=2865) to work on /home/airflow/.local/lib/python3.12/site-packages/airflow/example_dags/example_nested_branch_dag.py
[2025-12-16T07:59:21.836+0000] {processor.py:914} INFO - Processing file /home/airflow/.local/lib/python3.12/site-packages/airflow/example_dags/example_nested_branch_dag.py for tasks to queue
[2025-12-16T07:59:21.843+0000] {logging_mixin.py:190} INFO - [2025-12-16T07:59:21.842+0000] {dagbag.py:588} INFO - Filling up the DagBag from /home/airflow/.local/lib/python3.12/site-packages/airflow/example_dags/example_nested_branch_dag.py
[2025-12-16T07:59:21.908+0000] {processor.py:925} INFO - DAG(s) 'example_nested_branch_dag' retrieved from /home/airflow/.local/lib/python3.12/site-packages/airflow/example_dags/example_nested_branch_dag.py
[2025-12-16T07:59:22.035+0000] {logging_mixin.py:190} INFO - [2025-12-16T07:59:22.035+0000] {dag.py:3239} INFO - Sync 1 DAGs
[2025-12-16T07:59:22.169+0000] {logging_mixin.py:190} INFO - [2025-12-16T07:59:22.168+0000] {dag.py:4180} INFO - Setting next_dagrun for example_nested_branch_dag to 2025-12-15 00:00:00+00:00, run_after=2025-12-16 00:00:00+00:00
[2025-12-16T07:59:22.276+0000] {processor.py:208} INFO - Processing /home/airflow/.local/lib/python3.12/site-packages/airflow/example_dags/example_nested_branch_dag.py took 0.501 seconds
[2025-12-16T08:00:13.158+0000] {processor.py:186} INFO - Started process (PID=2950) to work on /home/airflow/.local/lib/python3.12/site-packages/airflow/example_dags/example_nested_branch_dag.py
[2025-12-16T08:00:13.161+0000] {processor.py:914} INFO - Processing file /home/airflow/.local/lib/python3.12/site-packages/airflow/example_dags/example_nested_branch_dag.py for tasks to queue
[2025-12-16T08:00:13.166+0000] {logging_mixin.py:190} INFO - [2025-12-16T08:00:13.164+0000] {dagbag.py:588} INFO - Filling up the DagBag from /home/airflow/.local/lib/python3.12/site-packages/airflow/example_dags/example_nested_branch_dag.py
[2025-12-16T08:00:13.265+0000] {processor.py:925} INFO - DAG(s) 'example_nested_branch_dag' retrieved from /home/airflow/.local/lib/python3.12/site-packages/airflow/example_dags/example_nested_branch_dag.py
[2025-12-16T08:00:13.426+0000] {logging_mixin.py:190} INFO - [2025-12-16T08:00:13.425+0000] {dag.py:3239} INFO - Sync 1 DAGs
[2025-12-16T08:00:13.532+0000] {logging_mixin.py:190} INFO - [2025-12-16T08:00:13.531+0000] {dag.py:4180} INFO - Setting next_dagrun for example_nested_branch_dag to 2025-12-15 00:00:00+00:00, run_after=2025-12-16 00:00:00+00:00
[2025-12-16T08:00:13.618+0000] {processor.py:208} INFO - Processing /home/airflow/.local/lib/python3.12/site-packages/airflow/example_dags/example_nested_branch_dag.py took 0.480 seconds
[2025-12-16T08:00:53.141+0000] {processor.py:186} INFO - Started process (PID=3022) to work on /home/airflow/.local/lib/python3.12/site-packages/airflow/example_dags/example_nested_branch_dag.py
[2025-12-16T08:00:53.145+0000] {processor.py:914} INFO - Processing file /home/airflow/.local/lib/python3.12/site-packages/airflow/example_dags/example_nested_branch_dag.py for tasks to queue
[2025-12-16T08:00:53.167+0000] {logging_mixin.py:190} INFO - [2025-12-16T08:00:53.157+0000] {dagbag.py:588} INFO - Filling up the DagBag from /home/airflow/.local/lib/python3.12/site-packages/airflow/example_dags/example_nested_branch_dag.py
[2025-12-16T08:00:53.267+0000] {processor.py:925} INFO - DAG(s) 'example_nested_branch_dag' retrieved from /home/airflow/.local/lib/python3.12/site-packages/airflow/example_dags/example_nested_branch_dag.py
[2025-12-16T08:00:53.493+0000] {logging_mixin.py:190} INFO - [2025-12-16T08:00:53.493+0000] {dag.py:3239} INFO - Sync 1 DAGs
[2025-12-16T08:00:53.708+0000] {logging_mixin.py:190} INFO - [2025-12-16T08:00:53.708+0000] {dag.py:4180} INFO - Setting next_dagrun for example_nested_branch_dag to 2025-12-15 00:00:00+00:00, run_after=2025-12-16 00:00:00+00:00
[2025-12-16T08:00:53.805+0000] {processor.py:208} INFO - Processing /home/airflow/.local/lib/python3.12/site-packages/airflow/example_dags/example_nested_branch_dag.py took 0.685 seconds
[2025-12-16T08:01:27.139+0000] {processor.py:186} INFO - Started process (PID=3093) to work on /home/airflow/.local/lib/python3.12/site-packages/airflow/example_dags/example_nested_branch_dag.py
[2025-12-16T08:01:27.146+0000] {processor.py:914} INFO - Processing file /home/airflow/.local/lib/python3.12/site-packages/airflow/example_dags/example_nested_branch_dag.py for tasks to queue
[2025-12-16T08:01:27.156+0000] {logging_mixin.py:190} INFO - [2025-12-16T08:01:27.154+0000] {dagbag.py:588} INFO - Filling up the DagBag from /home/airflow/.local/lib/python3.12/site-packages/airflow/example_dags/example_nested_branch_dag.py
[2025-12-16T08:01:27.242+0000] {processor.py:925} INFO - DAG(s) 'example_nested_branch_dag' retrieved from /home/airflow/.local/lib/python3.12/site-packages/airflow/example_dags/example_nested_branch_dag.py
[2025-12-16T08:01:27.415+0000] {logging_mixin.py:190} INFO - [2025-12-16T08:01:27.414+0000] {dag.py:3239} INFO - Sync 1 DAGs
[2025-12-16T08:01:27.725+0000] {logging_mixin.py:190} INFO - [2025-12-16T08:01:27.724+0000] {dag.py:4180} INFO - Setting next_dagrun for example_nested_branch_dag to 2025-12-15 00:00:00+00:00, run_after=2025-12-16 00:00:00+00:00
[2025-12-16T08:01:27.926+0000] {processor.py:208} INFO - Processing /home/airflow/.local/lib/python3.12/site-packages/airflow/example_dags/example_nested_branch_dag.py took 0.838 seconds
[2025-12-16T08:02:02.207+0000] {processor.py:186} INFO - Started process (PID=3164) to work on /home/airflow/.local/lib/python3.12/site-packages/airflow/example_dags/example_nested_branch_dag.py
[2025-12-16T08:02:02.211+0000] {processor.py:914} INFO - Processing file /home/airflow/.local/lib/python3.12/site-packages/airflow/example_dags/example_nested_branch_dag.py for tasks to queue
[2025-12-16T08:02:02.216+0000] {logging_mixin.py:190} INFO - [2025-12-16T08:02:02.214+0000] {dagbag.py:588} INFO - Filling up the DagBag from /home/airflow/.local/lib/python3.12/site-packages/airflow/example_dags/example_nested_branch_dag.py
[2025-12-16T08:02:02.269+0000] {processor.py:925} INFO - DAG(s) 'example_nested_branch_dag' retrieved from /home/airflow/.local/lib/python3.12/site-packages/airflow/example_dags/example_nested_branch_dag.py
[2025-12-16T08:02:02.399+0000] {logging_mixin.py:190} INFO - [2025-12-16T08:02:02.398+0000] {dag.py:3239} INFO - Sync 1 DAGs
[2025-12-16T08:02:02.519+0000] {logging_mixin.py:190} INFO - [2025-12-16T08:02:02.518+0000] {dag.py:4180} INFO - Setting next_dagrun for example_nested_branch_dag to 2025-12-15 00:00:00+00:00, run_after=2025-12-16 00:00:00+00:00
[2025-12-16T08:02:02.601+0000] {processor.py:208} INFO - Processing /home/airflow/.local/lib/python3.12/site-packages/airflow/example_dags/example_nested_branch_dag.py took 0.438 seconds
[2025-12-16T08:02:42.619+0000] {processor.py:186} INFO - Started process (PID=3241) to work on /home/airflow/.local/lib/python3.12/site-packages/airflow/example_dags/example_nested_branch_dag.py
[2025-12-16T08:02:42.652+0000] {processor.py:914} INFO - Processing file /home/airflow/.local/lib/python3.12/site-packages/airflow/example_dags/example_nested_branch_dag.py for tasks to queue
[2025-12-16T08:02:42.689+0000] {logging_mixin.py:190} INFO - [2025-12-16T08:02:42.681+0000] {dagbag.py:588} INFO - Filling up the DagBag from /home/airflow/.local/lib/python3.12/site-packages/airflow/example_dags/example_nested_branch_dag.py
[2025-12-16T08:02:42.747+0000] {processor.py:925} INFO - DAG(s) 'example_nested_branch_dag' retrieved from /home/airflow/.local/lib/python3.12/site-packages/airflow/example_dags/example_nested_branch_dag.py
[2025-12-16T08:02:42.877+0000] {logging_mixin.py:190} INFO - [2025-12-16T08:02:42.876+0000] {dag.py:3239} INFO - Sync 1 DAGs
[2025-12-16T08:02:42.998+0000] {logging_mixin.py:190} INFO - [2025-12-16T08:02:42.997+0000] {dag.py:4180} INFO - Setting next_dagrun for example_nested_branch_dag to 2025-12-15 00:00:00+00:00, run_after=2025-12-16 00:00:00+00:00
[2025-12-16T08:02:43.077+0000] {processor.py:208} INFO - Processing /home/airflow/.local/lib/python3.12/site-packages/airflow/example_dags/example_nested_branch_dag.py took 0.512 seconds
[2025-12-16T08:03:13.882+0000] {processor.py:186} INFO - Started process (PID=3313) to work on /home/airflow/.local/lib/python3.12/site-packages/airflow/example_dags/example_nested_branch_dag.py
[2025-12-16T08:03:13.889+0000] {processor.py:914} INFO - Processing file /home/airflow/.local/lib/python3.12/site-packages/airflow/example_dags/example_nested_branch_dag.py for tasks to queue
[2025-12-16T08:03:13.898+0000] {logging_mixin.py:190} INFO - [2025-12-16T08:03:13.894+0000] {dagbag.py:588} INFO - Filling up the DagBag from /home/airflow/.local/lib/python3.12/site-packages/airflow/example_dags/example_nested_branch_dag.py
[2025-12-16T08:03:14.003+0000] {processor.py:925} INFO - DAG(s) 'example_nested_branch_dag' retrieved from /home/airflow/.local/lib/python3.12/site-packages/airflow/example_dags/example_nested_branch_dag.py
[2025-12-16T08:03:14.115+0000] {logging_mixin.py:190} INFO - [2025-12-16T08:03:14.114+0000] {dag.py:3239} INFO - Sync 1 DAGs
[2025-12-16T08:03:14.205+0000] {logging_mixin.py:190} INFO - [2025-12-16T08:03:14.205+0000] {dag.py:4180} INFO - Setting next_dagrun for example_nested_branch_dag to 2025-12-15 00:00:00+00:00, run_after=2025-12-16 00:00:00+00:00
[2025-12-16T08:03:14.255+0000] {processor.py:208} INFO - Processing /home/airflow/.local/lib/python3.12/site-packages/airflow/example_dags/example_nested_branch_dag.py took 0.398 seconds
[2025-12-16T08:03:52.117+0000] {processor.py:186} INFO - Started process (PID=3386) to work on /home/airflow/.local/lib/python3.12/site-packages/airflow/example_dags/example_nested_branch_dag.py
[2025-12-16T08:03:52.120+0000] {processor.py:914} INFO - Processing file /home/airflow/.local/lib/python3.12/site-packages/airflow/example_dags/example_nested_branch_dag.py for tasks to queue
[2025-12-16T08:03:52.134+0000] {logging_mixin.py:190} INFO - [2025-12-16T08:03:52.127+0000] {dagbag.py:588} INFO - Filling up the DagBag from /home/airflow/.local/lib/python3.12/site-packages/airflow/example_dags/example_nested_branch_dag.py
[2025-12-16T08:03:52.202+0000] {processor.py:925} INFO - DAG(s) 'example_nested_branch_dag' retrieved from /home/airflow/.local/lib/python3.12/site-packages/airflow/example_dags/example_nested_branch_dag.py
[2025-12-16T08:03:52.394+0000] {logging_mixin.py:190} INFO - [2025-12-16T08:03:52.393+0000] {dag.py:3239} INFO - Sync 1 DAGs
[2025-12-16T08:03:52.551+0000] {logging_mixin.py:190} INFO - [2025-12-16T08:03:52.550+0000] {dag.py:4180} INFO - Setting next_dagrun for example_nested_branch_dag to 2025-12-15 00:00:00+00:00, run_after=2025-12-16 00:00:00+00:00
[2025-12-16T08:03:52.704+0000] {processor.py:208} INFO - Processing /home/airflow/.local/lib/python3.12/site-packages/airflow/example_dags/example_nested_branch_dag.py took 0.634 seconds
[2025-12-16T08:04:30.272+0000] {processor.py:186} INFO - Started process (PID=3455) to work on /home/airflow/.local/lib/python3.12/site-packages/airflow/example_dags/example_nested_branch_dag.py
[2025-12-16T08:04:30.280+0000] {processor.py:914} INFO - Processing file /home/airflow/.local/lib/python3.12/site-packages/airflow/example_dags/example_nested_branch_dag.py for tasks to queue
[2025-12-16T08:04:30.284+0000] {logging_mixin.py:190} INFO - [2025-12-16T08:04:30.283+0000] {dagbag.py:588} INFO - Filling up the DagBag from /home/airflow/.local/lib/python3.12/site-packages/airflow/example_dags/example_nested_branch_dag.py
[2025-12-16T08:04:30.325+0000] {processor.py:925} INFO - DAG(s) 'example_nested_branch_dag' retrieved from /home/airflow/.local/lib/python3.12/site-packages/airflow/example_dags/example_nested_branch_dag.py
[2025-12-16T08:04:30.398+0000] {logging_mixin.py:190} INFO - [2025-12-16T08:04:30.397+0000] {dag.py:3239} INFO - Sync 1 DAGs
[2025-12-16T08:04:30.511+0000] {logging_mixin.py:190} INFO - [2025-12-16T08:04:30.511+0000] {dag.py:4180} INFO - Setting next_dagrun for example_nested_branch_dag to 2025-12-15 00:00:00+00:00, run_after=2025-12-16 00:00:00+00:00
[2025-12-16T08:04:30.610+0000] {processor.py:208} INFO - Processing /home/airflow/.local/lib/python3.12/site-packages/airflow/example_dags/example_nested_branch_dag.py took 0.356 seconds
[2025-12-16T08:05:12.252+0000] {processor.py:186} INFO - Started process (PID=3536) to work on /home/airflow/.local/lib/python3.12/site-packages/airflow/example_dags/example_nested_branch_dag.py
[2025-12-16T08:05:12.258+0000] {processor.py:914} INFO - Processing file /home/airflow/.local/lib/python3.12/site-packages/airflow/example_dags/example_nested_branch_dag.py for tasks to queue
[2025-12-16T08:05:12.263+0000] {logging_mixin.py:190} INFO - [2025-12-16T08:05:12.261+0000] {dagbag.py:588} INFO - Filling up the DagBag from /home/airflow/.local/lib/python3.12/site-packages/airflow/example_dags/example_nested_branch_dag.py
[2025-12-16T08:05:12.329+0000] {processor.py:925} INFO - DAG(s) 'example_nested_branch_dag' retrieved from /home/airflow/.local/lib/python3.12/site-packages/airflow/example_dags/example_nested_branch_dag.py
[2025-12-16T08:05:12.447+0000] {logging_mixin.py:190} INFO - [2025-12-16T08:05:12.447+0000] {dag.py:3239} INFO - Sync 1 DAGs
[2025-12-16T08:05:12.600+0000] {logging_mixin.py:190} INFO - [2025-12-16T08:05:12.600+0000] {dag.py:4180} INFO - Setting next_dagrun for example_nested_branch_dag to 2025-12-15 00:00:00+00:00, run_after=2025-12-16 00:00:00+00:00
[2025-12-16T08:05:13.192+0000] {processor.py:208} INFO - Processing /home/airflow/.local/lib/python3.12/site-packages/airflow/example_dags/example_nested_branch_dag.py took 0.963 seconds
[2025-12-16T08:05:49.992+0000] {processor.py:186} INFO - Started process (PID=3615) to work on /home/airflow/.local/lib/python3.12/site-packages/airflow/example_dags/example_nested_branch_dag.py
[2025-12-16T08:05:49.998+0000] {processor.py:914} INFO - Processing file /home/airflow/.local/lib/python3.12/site-packages/airflow/example_dags/example_nested_branch_dag.py for tasks to queue
[2025-12-16T08:05:50.018+0000] {logging_mixin.py:190} INFO - [2025-12-16T08:05:50.011+0000] {dagbag.py:588} INFO - Filling up the DagBag from /home/airflow/.local/lib/python3.12/site-packages/airflow/example_dags/example_nested_branch_dag.py
[2025-12-16T08:05:50.112+0000] {processor.py:925} INFO - DAG(s) 'example_nested_branch_dag' retrieved from /home/airflow/.local/lib/python3.12/site-packages/airflow/example_dags/example_nested_branch_dag.py
[2025-12-16T08:05:50.308+0000] {logging_mixin.py:190} INFO - [2025-12-16T08:05:50.308+0000] {dag.py:3239} INFO - Sync 1 DAGs
[2025-12-16T08:05:50.495+0000] {logging_mixin.py:190} INFO - [2025-12-16T08:05:50.494+0000] {dag.py:4180} INFO - Setting next_dagrun for example_nested_branch_dag to 2025-12-15 00:00:00+00:00, run_after=2025-12-16 00:00:00+00:00
[2025-12-16T08:05:51.159+0000] {processor.py:208} INFO - Processing /home/airflow/.local/lib/python3.12/site-packages/airflow/example_dags/example_nested_branch_dag.py took 1.199 seconds
[2025-12-16T08:08:11.305+0000] {processor.py:186} INFO - Started process (PID=3709) to work on /home/airflow/.local/lib/python3.12/site-packages/airflow/example_dags/example_nested_branch_dag.py
[2025-12-16T08:08:11.320+0000] {processor.py:914} INFO - Processing file /home/airflow/.local/lib/python3.12/site-packages/airflow/example_dags/example_nested_branch_dag.py for tasks to queue
[2025-12-16T08:08:11.371+0000] {logging_mixin.py:190} INFO - [2025-12-16T08:08:11.362+0000] {dagbag.py:588} INFO - Filling up the DagBag from /home/airflow/.local/lib/python3.12/site-packages/airflow/example_dags/example_nested_branch_dag.py
[2025-12-16T08:08:12.492+0000] {processor.py:925} INFO - DAG(s) 'example_nested_branch_dag' retrieved from /home/airflow/.local/lib/python3.12/site-packages/airflow/example_dags/example_nested_branch_dag.py
[2025-12-16T08:08:14.373+0000] {logging_mixin.py:190} INFO - [2025-12-16T08:08:14.373+0000] {dag.py:3239} INFO - Sync 1 DAGs
[2025-12-16T08:08:14.920+0000] {logging_mixin.py:190} INFO - [2025-12-16T08:08:14.916+0000] {dag.py:4180} INFO - Setting next_dagrun for example_nested_branch_dag to 2025-12-15 00:00:00+00:00, run_after=2025-12-16 00:00:00+00:00
[2025-12-16T08:08:15.115+0000] {processor.py:208} INFO - Processing /home/airflow/.local/lib/python3.12/site-packages/airflow/example_dags/example_nested_branch_dag.py took 3.874 seconds
[2025-12-16T08:11:01.359+0000] {processor.py:186} INFO - Started process (PID=3816) to work on /home/airflow/.local/lib/python3.12/site-packages/airflow/example_dags/example_nested_branch_dag.py
[2025-12-16T08:11:01.418+0000] {processor.py:914} INFO - Processing file /home/airflow/.local/lib/python3.12/site-packages/airflow/example_dags/example_nested_branch_dag.py for tasks to queue
[2025-12-16T08:11:01.530+0000] {logging_mixin.py:190} INFO - [2025-12-16T08:11:01.475+0000] {dagbag.py:588} INFO - Filling up the DagBag from /home/airflow/.local/lib/python3.12/site-packages/airflow/example_dags/example_nested_branch_dag.py
[2025-12-16T08:11:05.930+0000] {processor.py:925} INFO - DAG(s) 'example_nested_branch_dag' retrieved from /home/airflow/.local/lib/python3.12/site-packages/airflow/example_dags/example_nested_branch_dag.py
[2025-12-16T08:11:44.760+0000] {logging_mixin.py:190} INFO - [2025-12-16T08:11:44.751+0000] {dag.py:3239} INFO - Sync 1 DAGs
[2025-12-16T08:11:46.731+0000] {logging_mixin.py:190} INFO - [2025-12-16T08:11:46.730+0000] {dag.py:4180} INFO - Setting next_dagrun for example_nested_branch_dag to 2025-12-15 00:00:00+00:00, run_after=2025-12-16 00:00:00+00:00
[2025-12-16T08:11:47.581+0000] {processor.py:208} INFO - Processing /home/airflow/.local/lib/python3.12/site-packages/airflow/example_dags/example_nested_branch_dag.py took 46.747 seconds
[2025-12-16T08:16:09.928+0000] {processor.py:186} INFO - Started process (PID=3901) to work on /home/airflow/.local/lib/python3.12/site-packages/airflow/example_dags/example_nested_branch_dag.py
[2025-12-16T08:16:09.933+0000] {processor.py:914} INFO - Processing file /home/airflow/.local/lib/python3.12/site-packages/airflow/example_dags/example_nested_branch_dag.py for tasks to queue
[2025-12-16T08:16:09.940+0000] {logging_mixin.py:190} INFO - [2025-12-16T08:16:09.938+0000] {dagbag.py:588} INFO - Filling up the DagBag from /home/airflow/.local/lib/python3.12/site-packages/airflow/example_dags/example_nested_branch_dag.py
[2025-12-16T08:16:10.017+0000] {processor.py:925} INFO - DAG(s) 'example_nested_branch_dag' retrieved from /home/airflow/.local/lib/python3.12/site-packages/airflow/example_dags/example_nested_branch_dag.py
[2025-12-16T08:16:10.975+0000] {logging_mixin.py:190} INFO - [2025-12-16T08:16:10.975+0000] {dag.py:3239} INFO - Sync 1 DAGs
[2025-12-16T08:16:11.100+0000] {logging_mixin.py:190} INFO - [2025-12-16T08:16:11.099+0000] {dag.py:4180} INFO - Setting next_dagrun for example_nested_branch_dag to 2025-12-15 00:00:00+00:00, run_after=2025-12-16 00:00:00+00:00
[2025-12-16T08:16:11.181+0000] {processor.py:208} INFO - Processing /home/airflow/.local/lib/python3.12/site-packages/airflow/example_dags/example_nested_branch_dag.py took 1.297 seconds
[2025-12-16T08:17:09.207+0000] {processor.py:186} INFO - Started process (PID=3981) to work on /home/airflow/.local/lib/python3.12/site-packages/airflow/example_dags/example_nested_branch_dag.py
[2025-12-16T08:17:09.220+0000] {processor.py:914} INFO - Processing file /home/airflow/.local/lib/python3.12/site-packages/airflow/example_dags/example_nested_branch_dag.py for tasks to queue
[2025-12-16T08:17:09.246+0000] {logging_mixin.py:190} INFO - [2025-12-16T08:17:09.244+0000] {dagbag.py:588} INFO - Filling up the DagBag from /home/airflow/.local/lib/python3.12/site-packages/airflow/example_dags/example_nested_branch_dag.py
[2025-12-16T08:17:09.378+0000] {processor.py:925} INFO - DAG(s) 'example_nested_branch_dag' retrieved from /home/airflow/.local/lib/python3.12/site-packages/airflow/example_dags/example_nested_branch_dag.py
[2025-12-16T08:17:09.463+0000] {logging_mixin.py:190} INFO - [2025-12-16T08:17:09.463+0000] {dag.py:3239} INFO - Sync 1 DAGs
[2025-12-16T08:17:09.551+0000] {logging_mixin.py:190} INFO - [2025-12-16T08:17:09.550+0000] {dag.py:4180} INFO - Setting next_dagrun for example_nested_branch_dag to 2025-12-15 00:00:00+00:00, run_after=2025-12-16 00:00:00+00:00
[2025-12-16T08:17:09.683+0000] {processor.py:208} INFO - Processing /home/airflow/.local/lib/python3.12/site-packages/airflow/example_dags/example_nested_branch_dag.py took 0.546 seconds
[2025-12-16T08:17:43.246+0000] {processor.py:186} INFO - Started process (PID=4053) to work on /home/airflow/.local/lib/python3.12/site-packages/airflow/example_dags/example_nested_branch_dag.py
[2025-12-16T08:17:43.252+0000] {processor.py:914} INFO - Processing file /home/airflow/.local/lib/python3.12/site-packages/airflow/example_dags/example_nested_branch_dag.py for tasks to queue
[2025-12-16T08:17:43.264+0000] {logging_mixin.py:190} INFO - [2025-12-16T08:17:43.258+0000] {dagbag.py:588} INFO - Filling up the DagBag from /home/airflow/.local/lib/python3.12/site-packages/airflow/example_dags/example_nested_branch_dag.py
[2025-12-16T08:17:43.382+0000] {processor.py:925} INFO - DAG(s) 'example_nested_branch_dag' retrieved from /home/airflow/.local/lib/python3.12/site-packages/airflow/example_dags/example_nested_branch_dag.py
[2025-12-16T08:17:43.542+0000] {logging_mixin.py:190} INFO - [2025-12-16T08:17:43.541+0000] {dag.py:3239} INFO - Sync 1 DAGs
[2025-12-16T08:17:43.835+0000] {logging_mixin.py:190} INFO - [2025-12-16T08:17:43.835+0000] {dag.py:4180} INFO - Setting next_dagrun for example_nested_branch_dag to 2025-12-15 00:00:00+00:00, run_after=2025-12-16 00:00:00+00:00
[2025-12-16T08:17:44.009+0000] {processor.py:208} INFO - Processing /home/airflow/.local/lib/python3.12/site-packages/airflow/example_dags/example_nested_branch_dag.py took 0.851 seconds
[2025-12-16T08:18:16.200+0000] {processor.py:186} INFO - Started process (PID=4126) to work on /home/airflow/.local/lib/python3.12/site-packages/airflow/example_dags/example_nested_branch_dag.py
[2025-12-16T08:18:16.204+0000] {processor.py:914} INFO - Processing file /home/airflow/.local/lib/python3.12/site-packages/airflow/example_dags/example_nested_branch_dag.py for tasks to queue
[2025-12-16T08:18:16.216+0000] {logging_mixin.py:190} INFO - [2025-12-16T08:18:16.215+0000] {dagbag.py:588} INFO - Filling up the DagBag from /home/airflow/.local/lib/python3.12/site-packages/airflow/example_dags/example_nested_branch_dag.py
[2025-12-16T08:18:16.292+0000] {processor.py:925} INFO - DAG(s) 'example_nested_branch_dag' retrieved from /home/airflow/.local/lib/python3.12/site-packages/airflow/example_dags/example_nested_branch_dag.py
[2025-12-16T08:18:16.367+0000] {logging_mixin.py:190} INFO - [2025-12-16T08:18:16.366+0000] {dag.py:3239} INFO - Sync 1 DAGs
[2025-12-16T08:18:16.488+0000] {logging_mixin.py:190} INFO - [2025-12-16T08:18:16.487+0000] {dag.py:4180} INFO - Setting next_dagrun for example_nested_branch_dag to 2025-12-15 00:00:00+00:00, run_after=2025-12-16 00:00:00+00:00
[2025-12-16T08:18:16.588+0000] {processor.py:208} INFO - Processing /home/airflow/.local/lib/python3.12/site-packages/airflow/example_dags/example_nested_branch_dag.py took 0.458 seconds
[2025-12-16T08:18:50.534+0000] {processor.py:186} INFO - Started process (PID=4196) to work on /home/airflow/.local/lib/python3.12/site-packages/airflow/example_dags/example_nested_branch_dag.py
[2025-12-16T08:18:50.542+0000] {processor.py:914} INFO - Processing file /home/airflow/.local/lib/python3.12/site-packages/airflow/example_dags/example_nested_branch_dag.py for tasks to queue
[2025-12-16T08:18:50.581+0000] {logging_mixin.py:190} INFO - [2025-12-16T08:18:50.568+0000] {dagbag.py:588} INFO - Filling up the DagBag from /home/airflow/.local/lib/python3.12/site-packages/airflow/example_dags/example_nested_branch_dag.py
[2025-12-16T08:18:50.775+0000] {processor.py:925} INFO - DAG(s) 'example_nested_branch_dag' retrieved from /home/airflow/.local/lib/python3.12/site-packages/airflow/example_dags/example_nested_branch_dag.py
[2025-12-16T08:18:51.045+0000] {logging_mixin.py:190} INFO - [2025-12-16T08:18:51.033+0000] {dag.py:3239} INFO - Sync 1 DAGs
[2025-12-16T08:18:51.260+0000] {logging_mixin.py:190} INFO - [2025-12-16T08:18:51.260+0000] {dag.py:4180} INFO - Setting next_dagrun for example_nested_branch_dag to 2025-12-15 00:00:00+00:00, run_after=2025-12-16 00:00:00+00:00
[2025-12-16T08:18:51.417+0000] {processor.py:208} INFO - Processing /home/airflow/.local/lib/python3.12/site-packages/airflow/example_dags/example_nested_branch_dag.py took 1.011 seconds
[2025-12-16T08:19:26.546+0000] {processor.py:186} INFO - Started process (PID=4265) to work on /home/airflow/.local/lib/python3.12/site-packages/airflow/example_dags/example_nested_branch_dag.py
[2025-12-16T08:19:26.551+0000] {processor.py:914} INFO - Processing file /home/airflow/.local/lib/python3.12/site-packages/airflow/example_dags/example_nested_branch_dag.py for tasks to queue
[2025-12-16T08:19:26.556+0000] {logging_mixin.py:190} INFO - [2025-12-16T08:19:26.555+0000] {dagbag.py:588} INFO - Filling up the DagBag from /home/airflow/.local/lib/python3.12/site-packages/airflow/example_dags/example_nested_branch_dag.py
[2025-12-16T08:19:26.600+0000] {processor.py:925} INFO - DAG(s) 'example_nested_branch_dag' retrieved from /home/airflow/.local/lib/python3.12/site-packages/airflow/example_dags/example_nested_branch_dag.py
[2025-12-16T08:19:26.681+0000] {logging_mixin.py:190} INFO - [2025-12-16T08:19:26.680+0000] {dag.py:3239} INFO - Sync 1 DAGs
[2025-12-16T08:19:26.770+0000] {logging_mixin.py:190} INFO - [2025-12-16T08:19:26.769+0000] {dag.py:4180} INFO - Setting next_dagrun for example_nested_branch_dag to 2025-12-15 00:00:00+00:00, run_after=2025-12-16 00:00:00+00:00
[2025-12-16T08:19:26.827+0000] {processor.py:208} INFO - Processing /home/airflow/.local/lib/python3.12/site-packages/airflow/example_dags/example_nested_branch_dag.py took 0.309 seconds
[2025-12-16T08:20:00.576+0000] {processor.py:186} INFO - Started process (PID=4337) to work on /home/airflow/.local/lib/python3.12/site-packages/airflow/example_dags/example_nested_branch_dag.py
[2025-12-16T08:20:00.580+0000] {processor.py:914} INFO - Processing file /home/airflow/.local/lib/python3.12/site-packages/airflow/example_dags/example_nested_branch_dag.py for tasks to queue
[2025-12-16T08:20:00.587+0000] {logging_mixin.py:190} INFO - [2025-12-16T08:20:00.586+0000] {dagbag.py:588} INFO - Filling up the DagBag from /home/airflow/.local/lib/python3.12/site-packages/airflow/example_dags/example_nested_branch_dag.py
[2025-12-16T08:20:00.639+0000] {processor.py:925} INFO - DAG(s) 'example_nested_branch_dag' retrieved from /home/airflow/.local/lib/python3.12/site-packages/airflow/example_dags/example_nested_branch_dag.py
[2025-12-16T08:20:00.717+0000] {logging_mixin.py:190} INFO - [2025-12-16T08:20:00.716+0000] {dag.py:3239} INFO - Sync 1 DAGs
[2025-12-16T08:20:00.789+0000] {logging_mixin.py:190} INFO - [2025-12-16T08:20:00.788+0000] {dag.py:4180} INFO - Setting next_dagrun for example_nested_branch_dag to 2025-12-15 00:00:00+00:00, run_after=2025-12-16 00:00:00+00:00
[2025-12-16T08:20:00.887+0000] {processor.py:208} INFO - Processing /home/airflow/.local/lib/python3.12/site-packages/airflow/example_dags/example_nested_branch_dag.py took 0.334 seconds
[2025-12-16T08:20:39.278+0000] {processor.py:186} INFO - Started process (PID=4423) to work on /home/airflow/.local/lib/python3.12/site-packages/airflow/example_dags/example_nested_branch_dag.py
[2025-12-16T08:20:39.287+0000] {processor.py:914} INFO - Processing file /home/airflow/.local/lib/python3.12/site-packages/airflow/example_dags/example_nested_branch_dag.py for tasks to queue
[2025-12-16T08:20:39.294+0000] {logging_mixin.py:190} INFO - [2025-12-16T08:20:39.293+0000] {dagbag.py:588} INFO - Filling up the DagBag from /home/airflow/.local/lib/python3.12/site-packages/airflow/example_dags/example_nested_branch_dag.py
[2025-12-16T08:20:39.361+0000] {processor.py:925} INFO - DAG(s) 'example_nested_branch_dag' retrieved from /home/airflow/.local/lib/python3.12/site-packages/airflow/example_dags/example_nested_branch_dag.py
[2025-12-16T08:20:39.497+0000] {logging_mixin.py:190} INFO - [2025-12-16T08:20:39.496+0000] {dag.py:3239} INFO - Sync 1 DAGs
[2025-12-16T08:20:39.572+0000] {logging_mixin.py:190} INFO - [2025-12-16T08:20:39.571+0000] {dag.py:4180} INFO - Setting next_dagrun for example_nested_branch_dag to 2025-12-15 00:00:00+00:00, run_after=2025-12-16 00:00:00+00:00
[2025-12-16T08:20:39.634+0000] {processor.py:208} INFO - Processing /home/airflow/.local/lib/python3.12/site-packages/airflow/example_dags/example_nested_branch_dag.py took 0.400 seconds
[2025-12-16T08:21:13.081+0000] {processor.py:186} INFO - Started process (PID=4495) to work on /home/airflow/.local/lib/python3.12/site-packages/airflow/example_dags/example_nested_branch_dag.py
[2025-12-16T08:21:13.099+0000] {processor.py:914} INFO - Processing file /home/airflow/.local/lib/python3.12/site-packages/airflow/example_dags/example_nested_branch_dag.py for tasks to queue
[2025-12-16T08:21:13.116+0000] {logging_mixin.py:190} INFO - [2025-12-16T08:21:13.106+0000] {dagbag.py:588} INFO - Filling up the DagBag from /home/airflow/.local/lib/python3.12/site-packages/airflow/example_dags/example_nested_branch_dag.py
[2025-12-16T08:21:13.189+0000] {processor.py:925} INFO - DAG(s) 'example_nested_branch_dag' retrieved from /home/airflow/.local/lib/python3.12/site-packages/airflow/example_dags/example_nested_branch_dag.py
[2025-12-16T08:21:13.267+0000] {logging_mixin.py:190} INFO - [2025-12-16T08:21:13.266+0000] {dag.py:3239} INFO - Sync 1 DAGs
[2025-12-16T08:21:13.368+0000] {logging_mixin.py:190} INFO - [2025-12-16T08:21:13.367+0000] {dag.py:4180} INFO - Setting next_dagrun for example_nested_branch_dag to 2025-12-15 00:00:00+00:00, run_after=2025-12-16 00:00:00+00:00
[2025-12-16T08:21:13.434+0000] {processor.py:208} INFO - Processing /home/airflow/.local/lib/python3.12/site-packages/airflow/example_dags/example_nested_branch_dag.py took 0.381 seconds
[2025-12-16T08:21:48.436+0000] {processor.py:186} INFO - Started process (PID=4567) to work on /home/airflow/.local/lib/python3.12/site-packages/airflow/example_dags/example_nested_branch_dag.py
[2025-12-16T08:21:48.449+0000] {processor.py:914} INFO - Processing file /home/airflow/.local/lib/python3.12/site-packages/airflow/example_dags/example_nested_branch_dag.py for tasks to queue
[2025-12-16T08:21:48.475+0000] {logging_mixin.py:190} INFO - [2025-12-16T08:21:48.474+0000] {dagbag.py:588} INFO - Filling up the DagBag from /home/airflow/.local/lib/python3.12/site-packages/airflow/example_dags/example_nested_branch_dag.py
[2025-12-16T08:21:48.587+0000] {processor.py:925} INFO - DAG(s) 'example_nested_branch_dag' retrieved from /home/airflow/.local/lib/python3.12/site-packages/airflow/example_dags/example_nested_branch_dag.py
[2025-12-16T08:21:48.720+0000] {logging_mixin.py:190} INFO - [2025-12-16T08:21:48.720+0000] {dag.py:3239} INFO - Sync 1 DAGs
[2025-12-16T08:21:48.921+0000] {logging_mixin.py:190} INFO - [2025-12-16T08:21:48.920+0000] {dag.py:4180} INFO - Setting next_dagrun for example_nested_branch_dag to 2025-12-15 00:00:00+00:00, run_after=2025-12-16 00:00:00+00:00
[2025-12-16T08:21:49.033+0000] {processor.py:208} INFO - Processing /home/airflow/.local/lib/python3.12/site-packages/airflow/example_dags/example_nested_branch_dag.py took 0.652 seconds
[2025-12-16T08:22:20.854+0000] {processor.py:186} INFO - Started process (PID=4638) to work on /home/airflow/.local/lib/python3.12/site-packages/airflow/example_dags/example_nested_branch_dag.py
[2025-12-16T08:22:20.858+0000] {processor.py:914} INFO - Processing file /home/airflow/.local/lib/python3.12/site-packages/airflow/example_dags/example_nested_branch_dag.py for tasks to queue
[2025-12-16T08:22:20.861+0000] {logging_mixin.py:190} INFO - [2025-12-16T08:22:20.861+0000] {dagbag.py:588} INFO - Filling up the DagBag from /home/airflow/.local/lib/python3.12/site-packages/airflow/example_dags/example_nested_branch_dag.py
[2025-12-16T08:22:20.996+0000] {processor.py:925} INFO - DAG(s) 'example_nested_branch_dag' retrieved from /home/airflow/.local/lib/python3.12/site-packages/airflow/example_dags/example_nested_branch_dag.py
[2025-12-16T08:22:21.192+0000] {logging_mixin.py:190} INFO - [2025-12-16T08:22:21.191+0000] {dag.py:3239} INFO - Sync 1 DAGs
[2025-12-16T08:22:21.478+0000] {logging_mixin.py:190} INFO - [2025-12-16T08:22:21.478+0000] {dag.py:4180} INFO - Setting next_dagrun for example_nested_branch_dag to 2025-12-15 00:00:00+00:00, run_after=2025-12-16 00:00:00+00:00
[2025-12-16T08:22:21.816+0000] {processor.py:208} INFO - Processing /home/airflow/.local/lib/python3.12/site-packages/airflow/example_dags/example_nested_branch_dag.py took 0.985 seconds
[2025-12-16T08:22:52.594+0000] {processor.py:186} INFO - Started process (PID=4710) to work on /home/airflow/.local/lib/python3.12/site-packages/airflow/example_dags/example_nested_branch_dag.py
[2025-12-16T08:22:52.601+0000] {processor.py:914} INFO - Processing file /home/airflow/.local/lib/python3.12/site-packages/airflow/example_dags/example_nested_branch_dag.py for tasks to queue
[2025-12-16T08:22:52.606+0000] {logging_mixin.py:190} INFO - [2025-12-16T08:22:52.604+0000] {dagbag.py:588} INFO - Filling up the DagBag from /home/airflow/.local/lib/python3.12/site-packages/airflow/example_dags/example_nested_branch_dag.py
[2025-12-16T08:22:52.652+0000] {processor.py:925} INFO - DAG(s) 'example_nested_branch_dag' retrieved from /home/airflow/.local/lib/python3.12/site-packages/airflow/example_dags/example_nested_branch_dag.py
[2025-12-16T08:22:52.732+0000] {logging_mixin.py:190} INFO - [2025-12-16T08:22:52.731+0000] {dag.py:3239} INFO - Sync 1 DAGs
[2025-12-16T08:22:52.823+0000] {logging_mixin.py:190} INFO - [2025-12-16T08:22:52.822+0000] {dag.py:4180} INFO - Setting next_dagrun for example_nested_branch_dag to 2025-12-15 00:00:00+00:00, run_after=2025-12-16 00:00:00+00:00
[2025-12-16T08:22:52.914+0000] {processor.py:208} INFO - Processing /home/airflow/.local/lib/python3.12/site-packages/airflow/example_dags/example_nested_branch_dag.py took 0.349 seconds
[2025-12-16T08:23:29.630+0000] {processor.py:186} INFO - Started process (PID=4784) to work on /home/airflow/.local/lib/python3.12/site-packages/airflow/example_dags/example_nested_branch_dag.py
[2025-12-16T08:23:29.633+0000] {processor.py:914} INFO - Processing file /home/airflow/.local/lib/python3.12/site-packages/airflow/example_dags/example_nested_branch_dag.py for tasks to queue
[2025-12-16T08:23:29.639+0000] {logging_mixin.py:190} INFO - [2025-12-16T08:23:29.638+0000] {dagbag.py:588} INFO - Filling up the DagBag from /home/airflow/.local/lib/python3.12/site-packages/airflow/example_dags/example_nested_branch_dag.py
[2025-12-16T08:23:29.690+0000] {processor.py:925} INFO - DAG(s) 'example_nested_branch_dag' retrieved from /home/airflow/.local/lib/python3.12/site-packages/airflow/example_dags/example_nested_branch_dag.py
[2025-12-16T08:23:29.803+0000] {logging_mixin.py:190} INFO - [2025-12-16T08:23:29.802+0000] {dag.py:3239} INFO - Sync 1 DAGs
[2025-12-16T08:23:29.867+0000] {logging_mixin.py:190} INFO - [2025-12-16T08:23:29.867+0000] {dag.py:4180} INFO - Setting next_dagrun for example_nested_branch_dag to 2025-12-15 00:00:00+00:00, run_after=2025-12-16 00:00:00+00:00
[2025-12-16T08:23:29.913+0000] {processor.py:208} INFO - Processing /home/airflow/.local/lib/python3.12/site-packages/airflow/example_dags/example_nested_branch_dag.py took 0.305 seconds
[2025-12-16T08:24:03.040+0000] {processor.py:186} INFO - Started process (PID=4857) to work on /home/airflow/.local/lib/python3.12/site-packages/airflow/example_dags/example_nested_branch_dag.py
[2025-12-16T08:24:03.043+0000] {processor.py:914} INFO - Processing file /home/airflow/.local/lib/python3.12/site-packages/airflow/example_dags/example_nested_branch_dag.py for tasks to queue
[2025-12-16T08:24:03.047+0000] {logging_mixin.py:190} INFO - [2025-12-16T08:24:03.046+0000] {dagbag.py:588} INFO - Filling up the DagBag from /home/airflow/.local/lib/python3.12/site-packages/airflow/example_dags/example_nested_branch_dag.py
[2025-12-16T08:24:03.101+0000] {processor.py:925} INFO - DAG(s) 'example_nested_branch_dag' retrieved from /home/airflow/.local/lib/python3.12/site-packages/airflow/example_dags/example_nested_branch_dag.py
[2025-12-16T08:24:03.161+0000] {logging_mixin.py:190} INFO - [2025-12-16T08:24:03.160+0000] {dag.py:3239} INFO - Sync 1 DAGs
[2025-12-16T08:24:03.235+0000] {logging_mixin.py:190} INFO - [2025-12-16T08:24:03.235+0000] {dag.py:4180} INFO - Setting next_dagrun for example_nested_branch_dag to 2025-12-15 00:00:00+00:00, run_after=2025-12-16 00:00:00+00:00
[2025-12-16T08:24:03.309+0000] {processor.py:208} INFO - Processing /home/airflow/.local/lib/python3.12/site-packages/airflow/example_dags/example_nested_branch_dag.py took 0.291 seconds
[2025-12-16T08:24:36.123+0000] {processor.py:186} INFO - Started process (PID=4929) to work on /home/airflow/.local/lib/python3.12/site-packages/airflow/example_dags/example_nested_branch_dag.py
[2025-12-16T08:24:36.126+0000] {processor.py:914} INFO - Processing file /home/airflow/.local/lib/python3.12/site-packages/airflow/example_dags/example_nested_branch_dag.py for tasks to queue
[2025-12-16T08:24:36.129+0000] {logging_mixin.py:190} INFO - [2025-12-16T08:24:36.128+0000] {dagbag.py:588} INFO - Filling up the DagBag from /home/airflow/.local/lib/python3.12/site-packages/airflow/example_dags/example_nested_branch_dag.py
[2025-12-16T08:24:36.162+0000] {processor.py:925} INFO - DAG(s) 'example_nested_branch_dag' retrieved from /home/airflow/.local/lib/python3.12/site-packages/airflow/example_dags/example_nested_branch_dag.py
[2025-12-16T08:24:36.213+0000] {logging_mixin.py:190} INFO - [2025-12-16T08:24:36.212+0000] {dag.py:3239} INFO - Sync 1 DAGs
[2025-12-16T08:24:36.269+0000] {logging_mixin.py:190} INFO - [2025-12-16T08:24:36.269+0000] {dag.py:4180} INFO - Setting next_dagrun for example_nested_branch_dag to 2025-12-15 00:00:00+00:00, run_after=2025-12-16 00:00:00+00:00
[2025-12-16T08:24:36.313+0000] {processor.py:208} INFO - Processing /home/airflow/.local/lib/python3.12/site-packages/airflow/example_dags/example_nested_branch_dag.py took 0.205 seconds
[2025-12-16T08:25:06.974+0000] {processor.py:186} INFO - Started process (PID=4999) to work on /home/airflow/.local/lib/python3.12/site-packages/airflow/example_dags/example_nested_branch_dag.py
[2025-12-16T08:25:06.998+0000] {processor.py:914} INFO - Processing file /home/airflow/.local/lib/python3.12/site-packages/airflow/example_dags/example_nested_branch_dag.py for tasks to queue
[2025-12-16T08:25:07.004+0000] {logging_mixin.py:190} INFO - [2025-12-16T08:25:07.003+0000] {dagbag.py:588} INFO - Filling up the DagBag from /home/airflow/.local/lib/python3.12/site-packages/airflow/example_dags/example_nested_branch_dag.py
[2025-12-16T08:25:07.128+0000] {processor.py:925} INFO - DAG(s) 'example_nested_branch_dag' retrieved from /home/airflow/.local/lib/python3.12/site-packages/airflow/example_dags/example_nested_branch_dag.py
[2025-12-16T08:25:07.369+0000] {logging_mixin.py:190} INFO - [2025-12-16T08:25:07.368+0000] {dag.py:3239} INFO - Sync 1 DAGs
[2025-12-16T08:25:07.562+0000] {logging_mixin.py:190} INFO - [2025-12-16T08:25:07.562+0000] {dag.py:4180} INFO - Setting next_dagrun for example_nested_branch_dag to 2025-12-15 00:00:00+00:00, run_after=2025-12-16 00:00:00+00:00
[2025-12-16T08:25:07.693+0000] {processor.py:208} INFO - Processing /home/airflow/.local/lib/python3.12/site-packages/airflow/example_dags/example_nested_branch_dag.py took 0.791 seconds
[2025-12-16T08:25:38.291+0000] {processor.py:186} INFO - Started process (PID=5071) to work on /home/airflow/.local/lib/python3.12/site-packages/airflow/example_dags/example_nested_branch_dag.py
[2025-12-16T08:25:38.293+0000] {processor.py:914} INFO - Processing file /home/airflow/.local/lib/python3.12/site-packages/airflow/example_dags/example_nested_branch_dag.py for tasks to queue
[2025-12-16T08:25:38.297+0000] {logging_mixin.py:190} INFO - [2025-12-16T08:25:38.296+0000] {dagbag.py:588} INFO - Filling up the DagBag from /home/airflow/.local/lib/python3.12/site-packages/airflow/example_dags/example_nested_branch_dag.py
[2025-12-16T08:25:38.327+0000] {processor.py:925} INFO - DAG(s) 'example_nested_branch_dag' retrieved from /home/airflow/.local/lib/python3.12/site-packages/airflow/example_dags/example_nested_branch_dag.py
[2025-12-16T08:25:38.379+0000] {logging_mixin.py:190} INFO - [2025-12-16T08:25:38.379+0000] {dag.py:3239} INFO - Sync 1 DAGs
[2025-12-16T08:25:38.444+0000] {logging_mixin.py:190} INFO - [2025-12-16T08:25:38.444+0000] {dag.py:4180} INFO - Setting next_dagrun for example_nested_branch_dag to 2025-12-15 00:00:00+00:00, run_after=2025-12-16 00:00:00+00:00
[2025-12-16T08:25:38.493+0000] {processor.py:208} INFO - Processing /home/airflow/.local/lib/python3.12/site-packages/airflow/example_dags/example_nested_branch_dag.py took 0.218 seconds
[2025-12-16T08:26:08.958+0000] {processor.py:186} INFO - Started process (PID=5142) to work on /home/airflow/.local/lib/python3.12/site-packages/airflow/example_dags/example_nested_branch_dag.py
[2025-12-16T08:26:08.960+0000] {processor.py:914} INFO - Processing file /home/airflow/.local/lib/python3.12/site-packages/airflow/example_dags/example_nested_branch_dag.py for tasks to queue
[2025-12-16T08:26:08.964+0000] {logging_mixin.py:190} INFO - [2025-12-16T08:26:08.963+0000] {dagbag.py:588} INFO - Filling up the DagBag from /home/airflow/.local/lib/python3.12/site-packages/airflow/example_dags/example_nested_branch_dag.py
[2025-12-16T08:26:09.001+0000] {processor.py:925} INFO - DAG(s) 'example_nested_branch_dag' retrieved from /home/airflow/.local/lib/python3.12/site-packages/airflow/example_dags/example_nested_branch_dag.py
[2025-12-16T08:26:09.074+0000] {logging_mixin.py:190} INFO - [2025-12-16T08:26:09.073+0000] {dag.py:3239} INFO - Sync 1 DAGs
[2025-12-16T08:26:09.152+0000] {logging_mixin.py:190} INFO - [2025-12-16T08:26:09.151+0000] {dag.py:4180} INFO - Setting next_dagrun for example_nested_branch_dag to 2025-12-15 00:00:00+00:00, run_after=2025-12-16 00:00:00+00:00
[2025-12-16T08:26:09.210+0000] {processor.py:208} INFO - Processing /home/airflow/.local/lib/python3.12/site-packages/airflow/example_dags/example_nested_branch_dag.py took 0.268 seconds
[2025-12-16T08:26:49.072+0000] {processor.py:186} INFO - Started process (PID=5218) to work on /home/airflow/.local/lib/python3.12/site-packages/airflow/example_dags/example_nested_branch_dag.py
[2025-12-16T08:26:49.075+0000] {processor.py:914} INFO - Processing file /home/airflow/.local/lib/python3.12/site-packages/airflow/example_dags/example_nested_branch_dag.py for tasks to queue
[2025-12-16T08:26:49.079+0000] {logging_mixin.py:190} INFO - [2025-12-16T08:26:49.078+0000] {dagbag.py:588} INFO - Filling up the DagBag from /home/airflow/.local/lib/python3.12/site-packages/airflow/example_dags/example_nested_branch_dag.py
[2025-12-16T08:26:49.174+0000] {processor.py:925} INFO - DAG(s) 'example_nested_branch_dag' retrieved from /home/airflow/.local/lib/python3.12/site-packages/airflow/example_dags/example_nested_branch_dag.py
[2025-12-16T08:26:49.336+0000] {logging_mixin.py:190} INFO - [2025-12-16T08:26:49.335+0000] {dag.py:3239} INFO - Sync 1 DAGs
[2025-12-16T08:26:49.565+0000] {logging_mixin.py:190} INFO - [2025-12-16T08:26:49.565+0000] {dag.py:4180} INFO - Setting next_dagrun for example_nested_branch_dag to 2025-12-15 00:00:00+00:00, run_after=2025-12-16 00:00:00+00:00
[2025-12-16T08:26:49.730+0000] {processor.py:208} INFO - Processing /home/airflow/.local/lib/python3.12/site-packages/airflow/example_dags/example_nested_branch_dag.py took 0.678 seconds
[2025-12-16T08:27:48.263+0000] {processor.py:186} INFO - Started process (PID=5302) to work on /home/airflow/.local/lib/python3.12/site-packages/airflow/example_dags/example_nested_branch_dag.py
[2025-12-16T08:27:48.268+0000] {processor.py:914} INFO - Processing file /home/airflow/.local/lib/python3.12/site-packages/airflow/example_dags/example_nested_branch_dag.py for tasks to queue
[2025-12-16T08:27:48.273+0000] {logging_mixin.py:190} INFO - [2025-12-16T08:27:48.272+0000] {dagbag.py:588} INFO - Filling up the DagBag from /home/airflow/.local/lib/python3.12/site-packages/airflow/example_dags/example_nested_branch_dag.py
[2025-12-16T08:27:48.319+0000] {processor.py:925} INFO - DAG(s) 'example_nested_branch_dag' retrieved from /home/airflow/.local/lib/python3.12/site-packages/airflow/example_dags/example_nested_branch_dag.py
[2025-12-16T08:27:48.505+0000] {logging_mixin.py:190} INFO - [2025-12-16T08:27:48.505+0000] {dag.py:3239} INFO - Sync 1 DAGs
[2025-12-16T08:27:48.630+0000] {logging_mixin.py:190} INFO - [2025-12-16T08:27:48.630+0000] {dag.py:4180} INFO - Setting next_dagrun for example_nested_branch_dag to 2025-12-15 00:00:00+00:00, run_after=2025-12-16 00:00:00+00:00
[2025-12-16T08:27:48.750+0000] {processor.py:208} INFO - Processing /home/airflow/.local/lib/python3.12/site-packages/airflow/example_dags/example_nested_branch_dag.py took 0.506 seconds
[2025-12-16T08:28:33.715+0000] {processor.py:186} INFO - Started process (PID=5380) to work on /home/airflow/.local/lib/python3.12/site-packages/airflow/example_dags/example_nested_branch_dag.py
[2025-12-16T08:28:33.724+0000] {processor.py:914} INFO - Processing file /home/airflow/.local/lib/python3.12/site-packages/airflow/example_dags/example_nested_branch_dag.py for tasks to queue
[2025-12-16T08:28:33.730+0000] {logging_mixin.py:190} INFO - [2025-12-16T08:28:33.728+0000] {dagbag.py:588} INFO - Filling up the DagBag from /home/airflow/.local/lib/python3.12/site-packages/airflow/example_dags/example_nested_branch_dag.py
[2025-12-16T08:28:33.869+0000] {processor.py:925} INFO - DAG(s) 'example_nested_branch_dag' retrieved from /home/airflow/.local/lib/python3.12/site-packages/airflow/example_dags/example_nested_branch_dag.py
[2025-12-16T08:28:33.993+0000] {logging_mixin.py:190} INFO - [2025-12-16T08:28:33.987+0000] {dag.py:3239} INFO - Sync 1 DAGs
[2025-12-16T08:28:34.164+0000] {logging_mixin.py:190} INFO - [2025-12-16T08:28:34.164+0000] {dag.py:4180} INFO - Setting next_dagrun for example_nested_branch_dag to 2025-12-15 00:00:00+00:00, run_after=2025-12-16 00:00:00+00:00
[2025-12-16T08:28:34.259+0000] {processor.py:208} INFO - Processing /home/airflow/.local/lib/python3.12/site-packages/airflow/example_dags/example_nested_branch_dag.py took 0.582 seconds
