[2025-12-16T07:17:31.339+0000] {processor.py:186} INFO - Started process (PID=131) to work on /home/airflow/.local/lib/python3.12/site-packages/airflow/example_dags/example_sensor_decorator.py
[2025-12-16T07:17:31.352+0000] {processor.py:914} INFO - Processing file /home/airflow/.local/lib/python3.12/site-packages/airflow/example_dags/example_sensor_decorator.py for tasks to queue
[2025-12-16T07:17:31.412+0000] {logging_mixin.py:190} INFO - [2025-12-16T07:17:31.410+0000] {dagbag.py:588} INFO - Filling up the DagBag from /home/airflow/.local/lib/python3.12/site-packages/airflow/example_dags/example_sensor_decorator.py
[2025-12-16T07:17:31.635+0000] {processor.py:925} INFO - DAG(s) 'example_sensor_decorator' retrieved from /home/airflow/.local/lib/python3.12/site-packages/airflow/example_dags/example_sensor_decorator.py
[2025-12-16T07:17:32.948+0000] {logging_mixin.py:190} INFO - [2025-12-16T07:17:32.900+0000] {override.py:1930} INFO - Created Permission View: can read on DAG:example_sensor_decorator
[2025-12-16T07:17:33.145+0000] {logging_mixin.py:190} INFO - [2025-12-16T07:17:33.144+0000] {override.py:1930} INFO - Created Permission View: can delete on DAG:example_sensor_decorator
[2025-12-16T07:17:33.311+0000] {logging_mixin.py:190} INFO - [2025-12-16T07:17:33.309+0000] {override.py:1930} INFO - Created Permission View: can edit on DAG:example_sensor_decorator
[2025-12-16T07:17:33.501+0000] {logging_mixin.py:190} INFO - [2025-12-16T07:17:33.500+0000] {override.py:1930} INFO - Created Permission View: can read on DAG Run:example_sensor_decorator
[2025-12-16T07:17:33.645+0000] {logging_mixin.py:190} INFO - [2025-12-16T07:17:33.644+0000] {override.py:1930} INFO - Created Permission View: can delete on DAG Run:example_sensor_decorator
[2025-12-16T07:17:33.735+0000] {logging_mixin.py:190} INFO - [2025-12-16T07:17:33.734+0000] {override.py:1930} INFO - Created Permission View: can create on DAG Run:example_sensor_decorator
[2025-12-16T07:17:33.800+0000] {logging_mixin.py:190} INFO - [2025-12-16T07:17:33.799+0000] {override.py:1930} INFO - Created Permission View: menu access on DAG Run:example_sensor_decorator
[2025-12-16T07:17:33.811+0000] {logging_mixin.py:190} INFO - [2025-12-16T07:17:33.811+0000] {dag.py:3239} INFO - Sync 1 DAGs
[2025-12-16T07:17:34.155+0000] {logging_mixin.py:190} INFO - [2025-12-16T07:17:34.154+0000] {dag.py:3262} INFO - Creating ORM DAG for example_sensor_decorator
[2025-12-16T07:17:34.173+0000] {logging_mixin.py:190} INFO - [2025-12-16T07:17:34.172+0000] {dag.py:4180} INFO - Setting next_dagrun for example_sensor_decorator to None, run_after=None
[2025-12-16T07:17:34.644+0000] {processor.py:208} INFO - Processing /home/airflow/.local/lib/python3.12/site-packages/airflow/example_dags/example_sensor_decorator.py took 3.334 seconds
[2025-12-16T07:18:21.129+0000] {processor.py:186} INFO - Started process (PID=207) to work on /home/airflow/.local/lib/python3.12/site-packages/airflow/example_dags/example_sensor_decorator.py
[2025-12-16T07:18:21.141+0000] {processor.py:914} INFO - Processing file /home/airflow/.local/lib/python3.12/site-packages/airflow/example_dags/example_sensor_decorator.py for tasks to queue
[2025-12-16T07:18:21.161+0000] {logging_mixin.py:190} INFO - [2025-12-16T07:18:21.160+0000] {dagbag.py:588} INFO - Filling up the DagBag from /home/airflow/.local/lib/python3.12/site-packages/airflow/example_dags/example_sensor_decorator.py
[2025-12-16T07:18:21.255+0000] {processor.py:925} INFO - DAG(s) 'example_sensor_decorator' retrieved from /home/airflow/.local/lib/python3.12/site-packages/airflow/example_dags/example_sensor_decorator.py
[2025-12-16T07:18:21.347+0000] {logging_mixin.py:190} INFO - [2025-12-16T07:18:21.345+0000] {dag.py:3239} INFO - Sync 1 DAGs
[2025-12-16T07:18:21.419+0000] {logging_mixin.py:190} INFO - [2025-12-16T07:18:21.419+0000] {dag.py:4180} INFO - Setting next_dagrun for example_sensor_decorator to None, run_after=None
[2025-12-16T07:18:21.531+0000] {processor.py:208} INFO - Processing /home/airflow/.local/lib/python3.12/site-packages/airflow/example_dags/example_sensor_decorator.py took 0.440 seconds
[2025-12-16T07:19:02.552+0000] {processor.py:186} INFO - Started process (PID=279) to work on /home/airflow/.local/lib/python3.12/site-packages/airflow/example_dags/example_sensor_decorator.py
[2025-12-16T07:19:02.561+0000] {processor.py:914} INFO - Processing file /home/airflow/.local/lib/python3.12/site-packages/airflow/example_dags/example_sensor_decorator.py for tasks to queue
[2025-12-16T07:19:02.586+0000] {logging_mixin.py:190} INFO - [2025-12-16T07:19:02.584+0000] {dagbag.py:588} INFO - Filling up the DagBag from /home/airflow/.local/lib/python3.12/site-packages/airflow/example_dags/example_sensor_decorator.py
[2025-12-16T07:19:02.668+0000] {processor.py:925} INFO - DAG(s) 'example_sensor_decorator' retrieved from /home/airflow/.local/lib/python3.12/site-packages/airflow/example_dags/example_sensor_decorator.py
[2025-12-16T07:19:02.894+0000] {logging_mixin.py:190} INFO - [2025-12-16T07:19:02.894+0000] {dag.py:3239} INFO - Sync 1 DAGs
[2025-12-16T07:19:03.184+0000] {logging_mixin.py:190} INFO - [2025-12-16T07:19:03.184+0000] {dag.py:4180} INFO - Setting next_dagrun for example_sensor_decorator to None, run_after=None
[2025-12-16T07:19:03.461+0000] {processor.py:208} INFO - Processing /home/airflow/.local/lib/python3.12/site-packages/airflow/example_dags/example_sensor_decorator.py took 0.967 seconds
[2025-12-16T07:19:33.975+0000] {processor.py:186} INFO - Started process (PID=351) to work on /home/airflow/.local/lib/python3.12/site-packages/airflow/example_dags/example_sensor_decorator.py
[2025-12-16T07:19:33.979+0000] {processor.py:914} INFO - Processing file /home/airflow/.local/lib/python3.12/site-packages/airflow/example_dags/example_sensor_decorator.py for tasks to queue
[2025-12-16T07:19:33.986+0000] {logging_mixin.py:190} INFO - [2025-12-16T07:19:33.985+0000] {dagbag.py:588} INFO - Filling up the DagBag from /home/airflow/.local/lib/python3.12/site-packages/airflow/example_dags/example_sensor_decorator.py
[2025-12-16T07:19:34.027+0000] {processor.py:925} INFO - DAG(s) 'example_sensor_decorator' retrieved from /home/airflow/.local/lib/python3.12/site-packages/airflow/example_dags/example_sensor_decorator.py
[2025-12-16T07:19:34.094+0000] {logging_mixin.py:190} INFO - [2025-12-16T07:19:34.093+0000] {dag.py:3239} INFO - Sync 1 DAGs
[2025-12-16T07:19:34.141+0000] {logging_mixin.py:190} INFO - [2025-12-16T07:19:34.140+0000] {dag.py:4180} INFO - Setting next_dagrun for example_sensor_decorator to None, run_after=None
[2025-12-16T07:19:34.228+0000] {processor.py:208} INFO - Processing /home/airflow/.local/lib/python3.12/site-packages/airflow/example_dags/example_sensor_decorator.py took 0.276 seconds
[2025-12-16T07:20:15.350+0000] {processor.py:186} INFO - Started process (PID=432) to work on /home/airflow/.local/lib/python3.12/site-packages/airflow/example_dags/example_sensor_decorator.py
[2025-12-16T07:20:15.353+0000] {processor.py:914} INFO - Processing file /home/airflow/.local/lib/python3.12/site-packages/airflow/example_dags/example_sensor_decorator.py for tasks to queue
[2025-12-16T07:20:15.361+0000] {logging_mixin.py:190} INFO - [2025-12-16T07:20:15.360+0000] {dagbag.py:588} INFO - Filling up the DagBag from /home/airflow/.local/lib/python3.12/site-packages/airflow/example_dags/example_sensor_decorator.py
[2025-12-16T07:20:15.388+0000] {processor.py:925} INFO - DAG(s) 'example_sensor_decorator' retrieved from /home/airflow/.local/lib/python3.12/site-packages/airflow/example_dags/example_sensor_decorator.py
[2025-12-16T07:20:15.440+0000] {logging_mixin.py:190} INFO - [2025-12-16T07:20:15.440+0000] {dag.py:3239} INFO - Sync 1 DAGs
[2025-12-16T07:20:15.479+0000] {logging_mixin.py:190} INFO - [2025-12-16T07:20:15.479+0000] {dag.py:4180} INFO - Setting next_dagrun for example_sensor_decorator to None, run_after=None
[2025-12-16T07:20:15.544+0000] {processor.py:208} INFO - Processing /home/airflow/.local/lib/python3.12/site-packages/airflow/example_dags/example_sensor_decorator.py took 0.213 seconds
[2025-12-16T07:20:49.409+0000] {processor.py:186} INFO - Started process (PID=504) to work on /home/airflow/.local/lib/python3.12/site-packages/airflow/example_dags/example_sensor_decorator.py
[2025-12-16T07:20:49.412+0000] {processor.py:914} INFO - Processing file /home/airflow/.local/lib/python3.12/site-packages/airflow/example_dags/example_sensor_decorator.py for tasks to queue
[2025-12-16T07:20:49.425+0000] {logging_mixin.py:190} INFO - [2025-12-16T07:20:49.424+0000] {dagbag.py:588} INFO - Filling up the DagBag from /home/airflow/.local/lib/python3.12/site-packages/airflow/example_dags/example_sensor_decorator.py
[2025-12-16T07:20:49.463+0000] {processor.py:925} INFO - DAG(s) 'example_sensor_decorator' retrieved from /home/airflow/.local/lib/python3.12/site-packages/airflow/example_dags/example_sensor_decorator.py
[2025-12-16T07:20:49.523+0000] {logging_mixin.py:190} INFO - [2025-12-16T07:20:49.522+0000] {dag.py:3239} INFO - Sync 1 DAGs
[2025-12-16T07:20:49.566+0000] {logging_mixin.py:190} INFO - [2025-12-16T07:20:49.566+0000] {dag.py:4180} INFO - Setting next_dagrun for example_sensor_decorator to None, run_after=None
[2025-12-16T07:20:49.618+0000] {processor.py:208} INFO - Processing /home/airflow/.local/lib/python3.12/site-packages/airflow/example_dags/example_sensor_decorator.py took 0.233 seconds
[2025-12-16T07:21:19.962+0000] {processor.py:186} INFO - Started process (PID=576) to work on /home/airflow/.local/lib/python3.12/site-packages/airflow/example_dags/example_sensor_decorator.py
[2025-12-16T07:21:19.967+0000] {processor.py:914} INFO - Processing file /home/airflow/.local/lib/python3.12/site-packages/airflow/example_dags/example_sensor_decorator.py for tasks to queue
[2025-12-16T07:21:19.980+0000] {logging_mixin.py:190} INFO - [2025-12-16T07:21:19.978+0000] {dagbag.py:588} INFO - Filling up the DagBag from /home/airflow/.local/lib/python3.12/site-packages/airflow/example_dags/example_sensor_decorator.py
[2025-12-16T07:21:20.041+0000] {processor.py:925} INFO - DAG(s) 'example_sensor_decorator' retrieved from /home/airflow/.local/lib/python3.12/site-packages/airflow/example_dags/example_sensor_decorator.py
[2025-12-16T07:21:20.151+0000] {logging_mixin.py:190} INFO - [2025-12-16T07:21:20.150+0000] {dag.py:3239} INFO - Sync 1 DAGs
[2025-12-16T07:21:20.286+0000] {logging_mixin.py:190} INFO - [2025-12-16T07:21:20.286+0000] {dag.py:4180} INFO - Setting next_dagrun for example_sensor_decorator to None, run_after=None
[2025-12-16T07:21:20.397+0000] {processor.py:208} INFO - Processing /home/airflow/.local/lib/python3.12/site-packages/airflow/example_dags/example_sensor_decorator.py took 0.467 seconds
[2025-12-16T07:21:51.776+0000] {processor.py:186} INFO - Started process (PID=648) to work on /home/airflow/.local/lib/python3.12/site-packages/airflow/example_dags/example_sensor_decorator.py
[2025-12-16T07:21:51.779+0000] {processor.py:914} INFO - Processing file /home/airflow/.local/lib/python3.12/site-packages/airflow/example_dags/example_sensor_decorator.py for tasks to queue
[2025-12-16T07:21:51.789+0000] {logging_mixin.py:190} INFO - [2025-12-16T07:21:51.788+0000] {dagbag.py:588} INFO - Filling up the DagBag from /home/airflow/.local/lib/python3.12/site-packages/airflow/example_dags/example_sensor_decorator.py
[2025-12-16T07:21:51.831+0000] {processor.py:925} INFO - DAG(s) 'example_sensor_decorator' retrieved from /home/airflow/.local/lib/python3.12/site-packages/airflow/example_dags/example_sensor_decorator.py
[2025-12-16T07:21:51.895+0000] {logging_mixin.py:190} INFO - [2025-12-16T07:21:51.894+0000] {dag.py:3239} INFO - Sync 1 DAGs
[2025-12-16T07:21:51.937+0000] {logging_mixin.py:190} INFO - [2025-12-16T07:21:51.937+0000] {dag.py:4180} INFO - Setting next_dagrun for example_sensor_decorator to None, run_after=None
[2025-12-16T07:21:51.993+0000] {processor.py:208} INFO - Processing /home/airflow/.local/lib/python3.12/site-packages/airflow/example_dags/example_sensor_decorator.py took 0.235 seconds
[2025-12-16T07:22:23.444+0000] {processor.py:186} INFO - Started process (PID=719) to work on /home/airflow/.local/lib/python3.12/site-packages/airflow/example_dags/example_sensor_decorator.py
[2025-12-16T07:22:23.446+0000] {processor.py:914} INFO - Processing file /home/airflow/.local/lib/python3.12/site-packages/airflow/example_dags/example_sensor_decorator.py for tasks to queue
[2025-12-16T07:22:23.453+0000] {logging_mixin.py:190} INFO - [2025-12-16T07:22:23.452+0000] {dagbag.py:588} INFO - Filling up the DagBag from /home/airflow/.local/lib/python3.12/site-packages/airflow/example_dags/example_sensor_decorator.py
[2025-12-16T07:22:23.475+0000] {processor.py:925} INFO - DAG(s) 'example_sensor_decorator' retrieved from /home/airflow/.local/lib/python3.12/site-packages/airflow/example_dags/example_sensor_decorator.py
[2025-12-16T07:22:23.525+0000] {logging_mixin.py:190} INFO - [2025-12-16T07:22:23.525+0000] {dag.py:3239} INFO - Sync 1 DAGs
[2025-12-16T07:22:23.563+0000] {logging_mixin.py:190} INFO - [2025-12-16T07:22:23.563+0000] {dag.py:4180} INFO - Setting next_dagrun for example_sensor_decorator to None, run_after=None
[2025-12-16T07:22:23.614+0000] {processor.py:208} INFO - Processing /home/airflow/.local/lib/python3.12/site-packages/airflow/example_dags/example_sensor_decorator.py took 0.185 seconds
[2025-12-16T07:22:56.756+0000] {processor.py:186} INFO - Started process (PID=791) to work on /home/airflow/.local/lib/python3.12/site-packages/airflow/example_dags/example_sensor_decorator.py
[2025-12-16T07:22:56.762+0000] {processor.py:914} INFO - Processing file /home/airflow/.local/lib/python3.12/site-packages/airflow/example_dags/example_sensor_decorator.py for tasks to queue
[2025-12-16T07:22:56.768+0000] {logging_mixin.py:190} INFO - [2025-12-16T07:22:56.767+0000] {dagbag.py:588} INFO - Filling up the DagBag from /home/airflow/.local/lib/python3.12/site-packages/airflow/example_dags/example_sensor_decorator.py
[2025-12-16T07:22:56.795+0000] {processor.py:925} INFO - DAG(s) 'example_sensor_decorator' retrieved from /home/airflow/.local/lib/python3.12/site-packages/airflow/example_dags/example_sensor_decorator.py
[2025-12-16T07:22:56.862+0000] {logging_mixin.py:190} INFO - [2025-12-16T07:22:56.861+0000] {dag.py:3239} INFO - Sync 1 DAGs
[2025-12-16T07:22:56.898+0000] {logging_mixin.py:190} INFO - [2025-12-16T07:22:56.898+0000] {dag.py:4180} INFO - Setting next_dagrun for example_sensor_decorator to None, run_after=None
[2025-12-16T07:22:56.960+0000] {processor.py:208} INFO - Processing /home/airflow/.local/lib/python3.12/site-packages/airflow/example_dags/example_sensor_decorator.py took 0.222 seconds
[2025-12-16T07:23:34.575+0000] {processor.py:186} INFO - Started process (PID=861) to work on /home/airflow/.local/lib/python3.12/site-packages/airflow/example_dags/example_sensor_decorator.py
[2025-12-16T07:23:34.597+0000] {processor.py:914} INFO - Processing file /home/airflow/.local/lib/python3.12/site-packages/airflow/example_dags/example_sensor_decorator.py for tasks to queue
[2025-12-16T07:23:34.605+0000] {logging_mixin.py:190} INFO - [2025-12-16T07:23:34.603+0000] {dagbag.py:588} INFO - Filling up the DagBag from /home/airflow/.local/lib/python3.12/site-packages/airflow/example_dags/example_sensor_decorator.py
[2025-12-16T07:23:34.631+0000] {processor.py:925} INFO - DAG(s) 'example_sensor_decorator' retrieved from /home/airflow/.local/lib/python3.12/site-packages/airflow/example_dags/example_sensor_decorator.py
[2025-12-16T07:23:34.701+0000] {logging_mixin.py:190} INFO - [2025-12-16T07:23:34.700+0000] {dag.py:3239} INFO - Sync 1 DAGs
[2025-12-16T07:23:34.743+0000] {logging_mixin.py:190} INFO - [2025-12-16T07:23:34.742+0000] {dag.py:4180} INFO - Setting next_dagrun for example_sensor_decorator to None, run_after=None
[2025-12-16T07:23:34.803+0000] {processor.py:208} INFO - Processing /home/airflow/.local/lib/python3.12/site-packages/airflow/example_dags/example_sensor_decorator.py took 0.281 seconds
[2025-12-16T07:26:03.394+0000] {processor.py:186} INFO - Started process (PID=967) to work on /home/airflow/.local/lib/python3.12/site-packages/airflow/example_dags/example_sensor_decorator.py
[2025-12-16T07:26:03.407+0000] {processor.py:914} INFO - Processing file /home/airflow/.local/lib/python3.12/site-packages/airflow/example_dags/example_sensor_decorator.py for tasks to queue
[2025-12-16T07:26:03.435+0000] {logging_mixin.py:190} INFO - [2025-12-16T07:26:03.421+0000] {dagbag.py:588} INFO - Filling up the DagBag from /home/airflow/.local/lib/python3.12/site-packages/airflow/example_dags/example_sensor_decorator.py
[2025-12-16T07:26:03.590+0000] {processor.py:925} INFO - DAG(s) 'example_sensor_decorator' retrieved from /home/airflow/.local/lib/python3.12/site-packages/airflow/example_dags/example_sensor_decorator.py
[2025-12-16T07:26:04.149+0000] {logging_mixin.py:190} INFO - [2025-12-16T07:26:04.132+0000] {dag.py:3239} INFO - Sync 1 DAGs
[2025-12-16T07:26:04.315+0000] {logging_mixin.py:190} INFO - [2025-12-16T07:26:04.315+0000] {dag.py:4180} INFO - Setting next_dagrun for example_sensor_decorator to None, run_after=None
[2025-12-16T07:26:04.672+0000] {processor.py:208} INFO - Processing /home/airflow/.local/lib/python3.12/site-packages/airflow/example_dags/example_sensor_decorator.py took 1.315 seconds
[2025-12-16T07:28:03.123+0000] {processor.py:186} INFO - Started process (PID=1035) to work on /home/airflow/.local/lib/python3.12/site-packages/airflow/example_dags/example_sensor_decorator.py
[2025-12-16T07:28:03.127+0000] {processor.py:914} INFO - Processing file /home/airflow/.local/lib/python3.12/site-packages/airflow/example_dags/example_sensor_decorator.py for tasks to queue
[2025-12-16T07:28:03.132+0000] {logging_mixin.py:190} INFO - [2025-12-16T07:28:03.131+0000] {dagbag.py:588} INFO - Filling up the DagBag from /home/airflow/.local/lib/python3.12/site-packages/airflow/example_dags/example_sensor_decorator.py
[2025-12-16T07:28:03.185+0000] {processor.py:925} INFO - DAG(s) 'example_sensor_decorator' retrieved from /home/airflow/.local/lib/python3.12/site-packages/airflow/example_dags/example_sensor_decorator.py
[2025-12-16T07:28:03.365+0000] {logging_mixin.py:190} INFO - [2025-12-16T07:28:03.364+0000] {dag.py:3239} INFO - Sync 1 DAGs
[2025-12-16T07:28:03.467+0000] {logging_mixin.py:190} INFO - [2025-12-16T07:28:03.466+0000] {dag.py:4180} INFO - Setting next_dagrun for example_sensor_decorator to None, run_after=None
[2025-12-16T07:28:03.618+0000] {processor.py:208} INFO - Processing /home/airflow/.local/lib/python3.12/site-packages/airflow/example_dags/example_sensor_decorator.py took 0.546 seconds
[2025-12-16T07:28:49.772+0000] {processor.py:186} INFO - Started process (PID=1107) to work on /home/airflow/.local/lib/python3.12/site-packages/airflow/example_dags/example_sensor_decorator.py
[2025-12-16T07:28:49.788+0000] {processor.py:914} INFO - Processing file /home/airflow/.local/lib/python3.12/site-packages/airflow/example_dags/example_sensor_decorator.py for tasks to queue
[2025-12-16T07:28:49.805+0000] {logging_mixin.py:190} INFO - [2025-12-16T07:28:49.803+0000] {dagbag.py:588} INFO - Filling up the DagBag from /home/airflow/.local/lib/python3.12/site-packages/airflow/example_dags/example_sensor_decorator.py
[2025-12-16T07:28:49.906+0000] {processor.py:925} INFO - DAG(s) 'example_sensor_decorator' retrieved from /home/airflow/.local/lib/python3.12/site-packages/airflow/example_dags/example_sensor_decorator.py
[2025-12-16T07:28:50.029+0000] {logging_mixin.py:190} INFO - [2025-12-16T07:28:50.029+0000] {dag.py:3239} INFO - Sync 1 DAGs
[2025-12-16T07:28:50.093+0000] {logging_mixin.py:190} INFO - [2025-12-16T07:28:50.093+0000] {dag.py:4180} INFO - Setting next_dagrun for example_sensor_decorator to None, run_after=None
[2025-12-16T07:28:50.240+0000] {processor.py:208} INFO - Processing /home/airflow/.local/lib/python3.12/site-packages/airflow/example_dags/example_sensor_decorator.py took 0.508 seconds
[2025-12-16T07:31:17.967+0000] {processor.py:186} INFO - Started process (PID=1198) to work on /home/airflow/.local/lib/python3.12/site-packages/airflow/example_dags/example_sensor_decorator.py
[2025-12-16T07:31:17.974+0000] {processor.py:914} INFO - Processing file /home/airflow/.local/lib/python3.12/site-packages/airflow/example_dags/example_sensor_decorator.py for tasks to queue
[2025-12-16T07:31:17.985+0000] {logging_mixin.py:190} INFO - [2025-12-16T07:31:17.983+0000] {dagbag.py:588} INFO - Filling up the DagBag from /home/airflow/.local/lib/python3.12/site-packages/airflow/example_dags/example_sensor_decorator.py
[2025-12-16T07:31:18.095+0000] {processor.py:925} INFO - DAG(s) 'example_sensor_decorator' retrieved from /home/airflow/.local/lib/python3.12/site-packages/airflow/example_dags/example_sensor_decorator.py
[2025-12-16T07:31:18.228+0000] {logging_mixin.py:190} INFO - [2025-12-16T07:31:18.225+0000] {dag.py:3239} INFO - Sync 1 DAGs
[2025-12-16T07:31:18.343+0000] {logging_mixin.py:190} INFO - [2025-12-16T07:31:18.342+0000] {dag.py:4180} INFO - Setting next_dagrun for example_sensor_decorator to None, run_after=None
[2025-12-16T07:31:18.468+0000] {processor.py:208} INFO - Processing /home/airflow/.local/lib/python3.12/site-packages/airflow/example_dags/example_sensor_decorator.py took 0.546 seconds
[2025-12-16T07:32:47.026+0000] {processor.py:186} INFO - Started process (PID=1276) to work on /home/airflow/.local/lib/python3.12/site-packages/airflow/example_dags/example_sensor_decorator.py
[2025-12-16T07:32:47.125+0000] {processor.py:914} INFO - Processing file /home/airflow/.local/lib/python3.12/site-packages/airflow/example_dags/example_sensor_decorator.py for tasks to queue
[2025-12-16T07:32:47.129+0000] {logging_mixin.py:190} INFO - [2025-12-16T07:32:47.128+0000] {dagbag.py:588} INFO - Filling up the DagBag from /home/airflow/.local/lib/python3.12/site-packages/airflow/example_dags/example_sensor_decorator.py
[2025-12-16T07:32:47.196+0000] {processor.py:925} INFO - DAG(s) 'example_sensor_decorator' retrieved from /home/airflow/.local/lib/python3.12/site-packages/airflow/example_dags/example_sensor_decorator.py
[2025-12-16T07:32:47.280+0000] {logging_mixin.py:190} INFO - [2025-12-16T07:32:47.280+0000] {dag.py:3239} INFO - Sync 1 DAGs
[2025-12-16T07:32:47.547+0000] {logging_mixin.py:190} INFO - [2025-12-16T07:32:47.547+0000] {dag.py:4180} INFO - Setting next_dagrun for example_sensor_decorator to None, run_after=None
[2025-12-16T07:32:47.668+0000] {processor.py:208} INFO - Processing /home/airflow/.local/lib/python3.12/site-packages/airflow/example_dags/example_sensor_decorator.py took 0.669 seconds
[2025-12-16T07:33:20.966+0000] {processor.py:186} INFO - Started process (PID=1347) to work on /home/airflow/.local/lib/python3.12/site-packages/airflow/example_dags/example_sensor_decorator.py
[2025-12-16T07:33:20.968+0000] {processor.py:914} INFO - Processing file /home/airflow/.local/lib/python3.12/site-packages/airflow/example_dags/example_sensor_decorator.py for tasks to queue
[2025-12-16T07:33:20.972+0000] {logging_mixin.py:190} INFO - [2025-12-16T07:33:20.971+0000] {dagbag.py:588} INFO - Filling up the DagBag from /home/airflow/.local/lib/python3.12/site-packages/airflow/example_dags/example_sensor_decorator.py
[2025-12-16T07:33:21.004+0000] {processor.py:925} INFO - DAG(s) 'example_sensor_decorator' retrieved from /home/airflow/.local/lib/python3.12/site-packages/airflow/example_dags/example_sensor_decorator.py
[2025-12-16T07:33:21.074+0000] {logging_mixin.py:190} INFO - [2025-12-16T07:33:21.074+0000] {dag.py:3239} INFO - Sync 1 DAGs
[2025-12-16T07:33:21.121+0000] {logging_mixin.py:190} INFO - [2025-12-16T07:33:21.121+0000] {dag.py:4180} INFO - Setting next_dagrun for example_sensor_decorator to None, run_after=None
[2025-12-16T07:33:21.175+0000] {processor.py:208} INFO - Processing /home/airflow/.local/lib/python3.12/site-packages/airflow/example_dags/example_sensor_decorator.py took 0.226 seconds
[2025-12-16T07:33:53.167+0000] {processor.py:186} INFO - Started process (PID=1425) to work on /home/airflow/.local/lib/python3.12/site-packages/airflow/example_dags/example_sensor_decorator.py
[2025-12-16T07:33:53.177+0000] {processor.py:914} INFO - Processing file /home/airflow/.local/lib/python3.12/site-packages/airflow/example_dags/example_sensor_decorator.py for tasks to queue
[2025-12-16T07:33:53.181+0000] {logging_mixin.py:190} INFO - [2025-12-16T07:33:53.180+0000] {dagbag.py:588} INFO - Filling up the DagBag from /home/airflow/.local/lib/python3.12/site-packages/airflow/example_dags/example_sensor_decorator.py
[2025-12-16T07:33:53.218+0000] {processor.py:925} INFO - DAG(s) 'example_sensor_decorator' retrieved from /home/airflow/.local/lib/python3.12/site-packages/airflow/example_dags/example_sensor_decorator.py
[2025-12-16T07:33:53.297+0000] {logging_mixin.py:190} INFO - [2025-12-16T07:33:53.296+0000] {dag.py:3239} INFO - Sync 1 DAGs
[2025-12-16T07:33:53.359+0000] {logging_mixin.py:190} INFO - [2025-12-16T07:33:53.358+0000] {dag.py:4180} INFO - Setting next_dagrun for example_sensor_decorator to None, run_after=None
[2025-12-16T07:33:53.434+0000] {processor.py:208} INFO - Processing /home/airflow/.local/lib/python3.12/site-packages/airflow/example_dags/example_sensor_decorator.py took 0.296 seconds
[2025-12-16T07:34:24.517+0000] {processor.py:186} INFO - Started process (PID=1497) to work on /home/airflow/.local/lib/python3.12/site-packages/airflow/example_dags/example_sensor_decorator.py
[2025-12-16T07:34:24.522+0000] {processor.py:914} INFO - Processing file /home/airflow/.local/lib/python3.12/site-packages/airflow/example_dags/example_sensor_decorator.py for tasks to queue
[2025-12-16T07:34:24.527+0000] {logging_mixin.py:190} INFO - [2025-12-16T07:34:24.526+0000] {dagbag.py:588} INFO - Filling up the DagBag from /home/airflow/.local/lib/python3.12/site-packages/airflow/example_dags/example_sensor_decorator.py
[2025-12-16T07:34:24.572+0000] {processor.py:925} INFO - DAG(s) 'example_sensor_decorator' retrieved from /home/airflow/.local/lib/python3.12/site-packages/airflow/example_dags/example_sensor_decorator.py
[2025-12-16T07:34:24.651+0000] {logging_mixin.py:190} INFO - [2025-12-16T07:34:24.650+0000] {dag.py:3239} INFO - Sync 1 DAGs
[2025-12-16T07:34:24.744+0000] {logging_mixin.py:190} INFO - [2025-12-16T07:34:24.744+0000] {dag.py:4180} INFO - Setting next_dagrun for example_sensor_decorator to None, run_after=None
[2025-12-16T07:34:24.853+0000] {processor.py:208} INFO - Processing /home/airflow/.local/lib/python3.12/site-packages/airflow/example_dags/example_sensor_decorator.py took 0.359 seconds
[2025-12-16T07:34:55.873+0000] {processor.py:186} INFO - Started process (PID=1569) to work on /home/airflow/.local/lib/python3.12/site-packages/airflow/example_dags/example_sensor_decorator.py
[2025-12-16T07:34:55.879+0000] {processor.py:914} INFO - Processing file /home/airflow/.local/lib/python3.12/site-packages/airflow/example_dags/example_sensor_decorator.py for tasks to queue
[2025-12-16T07:34:55.898+0000] {logging_mixin.py:190} INFO - [2025-12-16T07:34:55.894+0000] {dagbag.py:588} INFO - Filling up the DagBag from /home/airflow/.local/lib/python3.12/site-packages/airflow/example_dags/example_sensor_decorator.py
[2025-12-16T07:34:55.967+0000] {processor.py:925} INFO - DAG(s) 'example_sensor_decorator' retrieved from /home/airflow/.local/lib/python3.12/site-packages/airflow/example_dags/example_sensor_decorator.py
[2025-12-16T07:34:56.134+0000] {logging_mixin.py:190} INFO - [2025-12-16T07:34:56.133+0000] {dag.py:3239} INFO - Sync 1 DAGs
[2025-12-16T07:34:56.236+0000] {logging_mixin.py:190} INFO - [2025-12-16T07:34:56.235+0000] {dag.py:4180} INFO - Setting next_dagrun for example_sensor_decorator to None, run_after=None
[2025-12-16T07:34:56.305+0000] {processor.py:208} INFO - Processing /home/airflow/.local/lib/python3.12/site-packages/airflow/example_dags/example_sensor_decorator.py took 0.480 seconds
[2025-12-16T07:35:32.338+0000] {processor.py:186} INFO - Started process (PID=1641) to work on /home/airflow/.local/lib/python3.12/site-packages/airflow/example_dags/example_sensor_decorator.py
[2025-12-16T07:35:32.341+0000] {processor.py:914} INFO - Processing file /home/airflow/.local/lib/python3.12/site-packages/airflow/example_dags/example_sensor_decorator.py for tasks to queue
[2025-12-16T07:35:32.344+0000] {logging_mixin.py:190} INFO - [2025-12-16T07:35:32.343+0000] {dagbag.py:588} INFO - Filling up the DagBag from /home/airflow/.local/lib/python3.12/site-packages/airflow/example_dags/example_sensor_decorator.py
[2025-12-16T07:35:32.373+0000] {processor.py:925} INFO - DAG(s) 'example_sensor_decorator' retrieved from /home/airflow/.local/lib/python3.12/site-packages/airflow/example_dags/example_sensor_decorator.py
[2025-12-16T07:35:32.421+0000] {logging_mixin.py:190} INFO - [2025-12-16T07:35:32.421+0000] {dag.py:3239} INFO - Sync 1 DAGs
[2025-12-16T07:35:32.460+0000] {logging_mixin.py:190} INFO - [2025-12-16T07:35:32.460+0000] {dag.py:4180} INFO - Setting next_dagrun for example_sensor_decorator to None, run_after=None
[2025-12-16T07:35:32.513+0000] {processor.py:208} INFO - Processing /home/airflow/.local/lib/python3.12/site-packages/airflow/example_dags/example_sensor_decorator.py took 0.191 seconds
[2025-12-16T07:36:16.891+0000] {processor.py:186} INFO - Started process (PID=1707) to work on /home/airflow/.local/lib/python3.12/site-packages/airflow/example_dags/example_sensor_decorator.py
[2025-12-16T07:36:16.894+0000] {processor.py:914} INFO - Processing file /home/airflow/.local/lib/python3.12/site-packages/airflow/example_dags/example_sensor_decorator.py for tasks to queue
[2025-12-16T07:36:16.897+0000] {logging_mixin.py:190} INFO - [2025-12-16T07:36:16.897+0000] {dagbag.py:588} INFO - Filling up the DagBag from /home/airflow/.local/lib/python3.12/site-packages/airflow/example_dags/example_sensor_decorator.py
[2025-12-16T07:36:16.928+0000] {processor.py:925} INFO - DAG(s) 'example_sensor_decorator' retrieved from /home/airflow/.local/lib/python3.12/site-packages/airflow/example_dags/example_sensor_decorator.py
[2025-12-16T07:36:16.989+0000] {logging_mixin.py:190} INFO - [2025-12-16T07:36:16.987+0000] {dag.py:3239} INFO - Sync 1 DAGs
[2025-12-16T07:36:17.051+0000] {logging_mixin.py:190} INFO - [2025-12-16T07:36:17.051+0000] {dag.py:4180} INFO - Setting next_dagrun for example_sensor_decorator to None, run_after=None
[2025-12-16T07:36:17.114+0000] {processor.py:208} INFO - Processing /home/airflow/.local/lib/python3.12/site-packages/airflow/example_dags/example_sensor_decorator.py took 0.246 seconds
[2025-12-16T07:36:51.047+0000] {processor.py:186} INFO - Started process (PID=1779) to work on /home/airflow/.local/lib/python3.12/site-packages/airflow/example_dags/example_sensor_decorator.py
[2025-12-16T07:36:51.049+0000] {processor.py:914} INFO - Processing file /home/airflow/.local/lib/python3.12/site-packages/airflow/example_dags/example_sensor_decorator.py for tasks to queue
[2025-12-16T07:36:51.054+0000] {logging_mixin.py:190} INFO - [2025-12-16T07:36:51.053+0000] {dagbag.py:588} INFO - Filling up the DagBag from /home/airflow/.local/lib/python3.12/site-packages/airflow/example_dags/example_sensor_decorator.py
[2025-12-16T07:36:51.086+0000] {processor.py:925} INFO - DAG(s) 'example_sensor_decorator' retrieved from /home/airflow/.local/lib/python3.12/site-packages/airflow/example_dags/example_sensor_decorator.py
[2025-12-16T07:36:51.141+0000] {logging_mixin.py:190} INFO - [2025-12-16T07:36:51.141+0000] {dag.py:3239} INFO - Sync 1 DAGs
[2025-12-16T07:36:51.183+0000] {logging_mixin.py:190} INFO - [2025-12-16T07:36:51.183+0000] {dag.py:4180} INFO - Setting next_dagrun for example_sensor_decorator to None, run_after=None
[2025-12-16T07:36:51.245+0000] {processor.py:208} INFO - Processing /home/airflow/.local/lib/python3.12/site-packages/airflow/example_dags/example_sensor_decorator.py took 0.216 seconds
[2025-12-16T07:37:27.225+0000] {processor.py:186} INFO - Started process (PID=1852) to work on /home/airflow/.local/lib/python3.12/site-packages/airflow/example_dags/example_sensor_decorator.py
[2025-12-16T07:37:27.228+0000] {processor.py:914} INFO - Processing file /home/airflow/.local/lib/python3.12/site-packages/airflow/example_dags/example_sensor_decorator.py for tasks to queue
[2025-12-16T07:37:27.234+0000] {logging_mixin.py:190} INFO - [2025-12-16T07:37:27.233+0000] {dagbag.py:588} INFO - Filling up the DagBag from /home/airflow/.local/lib/python3.12/site-packages/airflow/example_dags/example_sensor_decorator.py
[2025-12-16T07:37:27.273+0000] {processor.py:925} INFO - DAG(s) 'example_sensor_decorator' retrieved from /home/airflow/.local/lib/python3.12/site-packages/airflow/example_dags/example_sensor_decorator.py
[2025-12-16T07:37:27.397+0000] {logging_mixin.py:190} INFO - [2025-12-16T07:37:27.397+0000] {dag.py:3239} INFO - Sync 1 DAGs
[2025-12-16T07:37:27.440+0000] {logging_mixin.py:190} INFO - [2025-12-16T07:37:27.440+0000] {dag.py:4180} INFO - Setting next_dagrun for example_sensor_decorator to None, run_after=None
[2025-12-16T07:37:27.534+0000] {processor.py:208} INFO - Processing /home/airflow/.local/lib/python3.12/site-packages/airflow/example_dags/example_sensor_decorator.py took 0.337 seconds
[2025-12-16T07:38:01.165+0000] {processor.py:186} INFO - Started process (PID=1924) to work on /home/airflow/.local/lib/python3.12/site-packages/airflow/example_dags/example_sensor_decorator.py
[2025-12-16T07:38:01.169+0000] {processor.py:914} INFO - Processing file /home/airflow/.local/lib/python3.12/site-packages/airflow/example_dags/example_sensor_decorator.py for tasks to queue
[2025-12-16T07:38:01.175+0000] {logging_mixin.py:190} INFO - [2025-12-16T07:38:01.172+0000] {dagbag.py:588} INFO - Filling up the DagBag from /home/airflow/.local/lib/python3.12/site-packages/airflow/example_dags/example_sensor_decorator.py
[2025-12-16T07:38:01.206+0000] {processor.py:925} INFO - DAG(s) 'example_sensor_decorator' retrieved from /home/airflow/.local/lib/python3.12/site-packages/airflow/example_dags/example_sensor_decorator.py
[2025-12-16T07:38:01.265+0000] {logging_mixin.py:190} INFO - [2025-12-16T07:38:01.264+0000] {dag.py:3239} INFO - Sync 1 DAGs
[2025-12-16T07:38:01.303+0000] {logging_mixin.py:190} INFO - [2025-12-16T07:38:01.303+0000] {dag.py:4180} INFO - Setting next_dagrun for example_sensor_decorator to None, run_after=None
[2025-12-16T07:38:01.352+0000] {processor.py:208} INFO - Processing /home/airflow/.local/lib/python3.12/site-packages/airflow/example_dags/example_sensor_decorator.py took 0.205 seconds
[2025-12-16T07:38:37.424+0000] {processor.py:186} INFO - Started process (PID=1993) to work on /home/airflow/.local/lib/python3.12/site-packages/airflow/example_dags/example_sensor_decorator.py
[2025-12-16T07:38:37.428+0000] {processor.py:914} INFO - Processing file /home/airflow/.local/lib/python3.12/site-packages/airflow/example_dags/example_sensor_decorator.py for tasks to queue
[2025-12-16T07:38:37.434+0000] {logging_mixin.py:190} INFO - [2025-12-16T07:38:37.433+0000] {dagbag.py:588} INFO - Filling up the DagBag from /home/airflow/.local/lib/python3.12/site-packages/airflow/example_dags/example_sensor_decorator.py
[2025-12-16T07:38:37.465+0000] {processor.py:925} INFO - DAG(s) 'example_sensor_decorator' retrieved from /home/airflow/.local/lib/python3.12/site-packages/airflow/example_dags/example_sensor_decorator.py
[2025-12-16T07:38:37.613+0000] {logging_mixin.py:190} INFO - [2025-12-16T07:38:37.613+0000] {dag.py:3239} INFO - Sync 1 DAGs
[2025-12-16T07:38:37.684+0000] {logging_mixin.py:190} INFO - [2025-12-16T07:38:37.684+0000] {dag.py:4180} INFO - Setting next_dagrun for example_sensor_decorator to None, run_after=None
[2025-12-16T07:38:37.755+0000] {processor.py:208} INFO - Processing /home/airflow/.local/lib/python3.12/site-packages/airflow/example_dags/example_sensor_decorator.py took 0.355 seconds
[2025-12-16T07:39:08.082+0000] {processor.py:186} INFO - Started process (PID=2064) to work on /home/airflow/.local/lib/python3.12/site-packages/airflow/example_dags/example_sensor_decorator.py
[2025-12-16T07:39:08.091+0000] {processor.py:914} INFO - Processing file /home/airflow/.local/lib/python3.12/site-packages/airflow/example_dags/example_sensor_decorator.py for tasks to queue
[2025-12-16T07:39:08.098+0000] {logging_mixin.py:190} INFO - [2025-12-16T07:39:08.096+0000] {dagbag.py:588} INFO - Filling up the DagBag from /home/airflow/.local/lib/python3.12/site-packages/airflow/example_dags/example_sensor_decorator.py
[2025-12-16T07:39:08.209+0000] {processor.py:925} INFO - DAG(s) 'example_sensor_decorator' retrieved from /home/airflow/.local/lib/python3.12/site-packages/airflow/example_dags/example_sensor_decorator.py
[2025-12-16T07:39:08.286+0000] {logging_mixin.py:190} INFO - [2025-12-16T07:39:08.285+0000] {dag.py:3239} INFO - Sync 1 DAGs
[2025-12-16T07:39:08.348+0000] {logging_mixin.py:190} INFO - [2025-12-16T07:39:08.347+0000] {dag.py:4180} INFO - Setting next_dagrun for example_sensor_decorator to None, run_after=None
[2025-12-16T07:39:08.413+0000] {processor.py:208} INFO - Processing /home/airflow/.local/lib/python3.12/site-packages/airflow/example_dags/example_sensor_decorator.py took 0.352 seconds
[2025-12-16T07:51:58.902+0000] {processor.py:186} INFO - Started process (PID=2144) to work on /home/airflow/.local/lib/python3.12/site-packages/airflow/example_dags/example_sensor_decorator.py
[2025-12-16T07:51:58.919+0000] {processor.py:914} INFO - Processing file /home/airflow/.local/lib/python3.12/site-packages/airflow/example_dags/example_sensor_decorator.py for tasks to queue
[2025-12-16T07:51:58.932+0000] {logging_mixin.py:190} INFO - [2025-12-16T07:51:58.931+0000] {dagbag.py:588} INFO - Filling up the DagBag from /home/airflow/.local/lib/python3.12/site-packages/airflow/example_dags/example_sensor_decorator.py
[2025-12-16T07:51:59.087+0000] {processor.py:925} INFO - DAG(s) 'example_sensor_decorator' retrieved from /home/airflow/.local/lib/python3.12/site-packages/airflow/example_dags/example_sensor_decorator.py
[2025-12-16T07:51:59.393+0000] {logging_mixin.py:190} INFO - [2025-12-16T07:51:59.391+0000] {dag.py:3239} INFO - Sync 1 DAGs
[2025-12-16T07:51:59.570+0000] {logging_mixin.py:190} INFO - [2025-12-16T07:51:59.570+0000] {dag.py:4180} INFO - Setting next_dagrun for example_sensor_decorator to None, run_after=None
[2025-12-16T07:51:59.900+0000] {processor.py:208} INFO - Processing /home/airflow/.local/lib/python3.12/site-packages/airflow/example_dags/example_sensor_decorator.py took 1.139 seconds
[2025-12-16T07:53:12.607+0000] {processor.py:186} INFO - Started process (PID=2230) to work on /home/airflow/.local/lib/python3.12/site-packages/airflow/example_dags/example_sensor_decorator.py
[2025-12-16T07:53:12.619+0000] {processor.py:914} INFO - Processing file /home/airflow/.local/lib/python3.12/site-packages/airflow/example_dags/example_sensor_decorator.py for tasks to queue
[2025-12-16T07:53:12.626+0000] {logging_mixin.py:190} INFO - [2025-12-16T07:53:12.625+0000] {dagbag.py:588} INFO - Filling up the DagBag from /home/airflow/.local/lib/python3.12/site-packages/airflow/example_dags/example_sensor_decorator.py
[2025-12-16T07:53:12.718+0000] {processor.py:925} INFO - DAG(s) 'example_sensor_decorator' retrieved from /home/airflow/.local/lib/python3.12/site-packages/airflow/example_dags/example_sensor_decorator.py
[2025-12-16T07:53:12.827+0000] {logging_mixin.py:190} INFO - [2025-12-16T07:53:12.824+0000] {dag.py:3239} INFO - Sync 1 DAGs
[2025-12-16T07:53:12.950+0000] {logging_mixin.py:190} INFO - [2025-12-16T07:53:12.948+0000] {dag.py:4180} INFO - Setting next_dagrun for example_sensor_decorator to None, run_after=None
[2025-12-16T07:53:13.081+0000] {processor.py:208} INFO - Processing /home/airflow/.local/lib/python3.12/site-packages/airflow/example_dags/example_sensor_decorator.py took 0.516 seconds
[2025-12-16T07:54:18.105+0000] {processor.py:186} INFO - Started process (PID=2309) to work on /home/airflow/.local/lib/python3.12/site-packages/airflow/example_dags/example_sensor_decorator.py
[2025-12-16T07:54:18.142+0000] {processor.py:914} INFO - Processing file /home/airflow/.local/lib/python3.12/site-packages/airflow/example_dags/example_sensor_decorator.py for tasks to queue
[2025-12-16T07:54:18.174+0000] {logging_mixin.py:190} INFO - [2025-12-16T07:54:18.156+0000] {dagbag.py:588} INFO - Filling up the DagBag from /home/airflow/.local/lib/python3.12/site-packages/airflow/example_dags/example_sensor_decorator.py
[2025-12-16T07:54:18.284+0000] {processor.py:925} INFO - DAG(s) 'example_sensor_decorator' retrieved from /home/airflow/.local/lib/python3.12/site-packages/airflow/example_dags/example_sensor_decorator.py
[2025-12-16T07:54:18.514+0000] {logging_mixin.py:190} INFO - [2025-12-16T07:54:18.513+0000] {dag.py:3239} INFO - Sync 1 DAGs
[2025-12-16T07:54:18.670+0000] {logging_mixin.py:190} INFO - [2025-12-16T07:54:18.670+0000] {dag.py:4180} INFO - Setting next_dagrun for example_sensor_decorator to None, run_after=None
[2025-12-16T07:54:18.825+0000] {processor.py:208} INFO - Processing /home/airflow/.local/lib/python3.12/site-packages/airflow/example_dags/example_sensor_decorator.py took 0.765 seconds
[2025-12-16T07:55:10.777+0000] {processor.py:186} INFO - Started process (PID=2387) to work on /home/airflow/.local/lib/python3.12/site-packages/airflow/example_dags/example_sensor_decorator.py
[2025-12-16T07:55:10.779+0000] {processor.py:914} INFO - Processing file /home/airflow/.local/lib/python3.12/site-packages/airflow/example_dags/example_sensor_decorator.py for tasks to queue
[2025-12-16T07:55:10.783+0000] {logging_mixin.py:190} INFO - [2025-12-16T07:55:10.782+0000] {dagbag.py:588} INFO - Filling up the DagBag from /home/airflow/.local/lib/python3.12/site-packages/airflow/example_dags/example_sensor_decorator.py
[2025-12-16T07:55:10.812+0000] {processor.py:925} INFO - DAG(s) 'example_sensor_decorator' retrieved from /home/airflow/.local/lib/python3.12/site-packages/airflow/example_dags/example_sensor_decorator.py
[2025-12-16T07:55:10.874+0000] {logging_mixin.py:190} INFO - [2025-12-16T07:55:10.873+0000] {dag.py:3239} INFO - Sync 1 DAGs
[2025-12-16T07:55:10.932+0000] {logging_mixin.py:190} INFO - [2025-12-16T07:55:10.931+0000] {dag.py:4180} INFO - Setting next_dagrun for example_sensor_decorator to None, run_after=None
[2025-12-16T07:55:10.986+0000] {processor.py:208} INFO - Processing /home/airflow/.local/lib/python3.12/site-packages/airflow/example_dags/example_sensor_decorator.py took 0.227 seconds
[2025-12-16T07:55:51.819+0000] {processor.py:186} INFO - Started process (PID=2459) to work on /home/airflow/.local/lib/python3.12/site-packages/airflow/example_dags/example_sensor_decorator.py
[2025-12-16T07:55:51.837+0000] {processor.py:914} INFO - Processing file /home/airflow/.local/lib/python3.12/site-packages/airflow/example_dags/example_sensor_decorator.py for tasks to queue
[2025-12-16T07:55:51.848+0000] {logging_mixin.py:190} INFO - [2025-12-16T07:55:51.842+0000] {dagbag.py:588} INFO - Filling up the DagBag from /home/airflow/.local/lib/python3.12/site-packages/airflow/example_dags/example_sensor_decorator.py
[2025-12-16T07:55:51.899+0000] {processor.py:925} INFO - DAG(s) 'example_sensor_decorator' retrieved from /home/airflow/.local/lib/python3.12/site-packages/airflow/example_dags/example_sensor_decorator.py
[2025-12-16T07:55:51.971+0000] {logging_mixin.py:190} INFO - [2025-12-16T07:55:51.968+0000] {dag.py:3239} INFO - Sync 1 DAGs
[2025-12-16T07:55:52.062+0000] {logging_mixin.py:190} INFO - [2025-12-16T07:55:52.061+0000] {dag.py:4180} INFO - Setting next_dagrun for example_sensor_decorator to None, run_after=None
[2025-12-16T07:55:52.162+0000] {processor.py:208} INFO - Processing /home/airflow/.local/lib/python3.12/site-packages/airflow/example_dags/example_sensor_decorator.py took 0.383 seconds
[2025-12-16T07:56:29.915+0000] {processor.py:186} INFO - Started process (PID=2531) to work on /home/airflow/.local/lib/python3.12/site-packages/airflow/example_dags/example_sensor_decorator.py
[2025-12-16T07:56:29.918+0000] {processor.py:914} INFO - Processing file /home/airflow/.local/lib/python3.12/site-packages/airflow/example_dags/example_sensor_decorator.py for tasks to queue
[2025-12-16T07:56:29.927+0000] {logging_mixin.py:190} INFO - [2025-12-16T07:56:29.926+0000] {dagbag.py:588} INFO - Filling up the DagBag from /home/airflow/.local/lib/python3.12/site-packages/airflow/example_dags/example_sensor_decorator.py
[2025-12-16T07:56:29.962+0000] {processor.py:925} INFO - DAG(s) 'example_sensor_decorator' retrieved from /home/airflow/.local/lib/python3.12/site-packages/airflow/example_dags/example_sensor_decorator.py
[2025-12-16T07:56:30.070+0000] {logging_mixin.py:190} INFO - [2025-12-16T07:56:30.069+0000] {dag.py:3239} INFO - Sync 1 DAGs
[2025-12-16T07:56:30.166+0000] {logging_mixin.py:190} INFO - [2025-12-16T07:56:30.165+0000] {dag.py:4180} INFO - Setting next_dagrun for example_sensor_decorator to None, run_after=None
[2025-12-16T07:56:30.291+0000] {processor.py:208} INFO - Processing /home/airflow/.local/lib/python3.12/site-packages/airflow/example_dags/example_sensor_decorator.py took 0.392 seconds
[2025-12-16T07:57:06.631+0000] {processor.py:186} INFO - Started process (PID=2609) to work on /home/airflow/.local/lib/python3.12/site-packages/airflow/example_dags/example_sensor_decorator.py
[2025-12-16T07:57:06.634+0000] {processor.py:914} INFO - Processing file /home/airflow/.local/lib/python3.12/site-packages/airflow/example_dags/example_sensor_decorator.py for tasks to queue
[2025-12-16T07:57:06.638+0000] {logging_mixin.py:190} INFO - [2025-12-16T07:57:06.637+0000] {dagbag.py:588} INFO - Filling up the DagBag from /home/airflow/.local/lib/python3.12/site-packages/airflow/example_dags/example_sensor_decorator.py
[2025-12-16T07:57:06.670+0000] {processor.py:925} INFO - DAG(s) 'example_sensor_decorator' retrieved from /home/airflow/.local/lib/python3.12/site-packages/airflow/example_dags/example_sensor_decorator.py
[2025-12-16T07:57:06.758+0000] {logging_mixin.py:190} INFO - [2025-12-16T07:57:06.757+0000] {dag.py:3239} INFO - Sync 1 DAGs
[2025-12-16T07:57:06.803+0000] {logging_mixin.py:190} INFO - [2025-12-16T07:57:06.802+0000] {dag.py:4180} INFO - Setting next_dagrun for example_sensor_decorator to None, run_after=None
[2025-12-16T07:57:06.877+0000] {processor.py:208} INFO - Processing /home/airflow/.local/lib/python3.12/site-packages/airflow/example_dags/example_sensor_decorator.py took 0.268 seconds
[2025-12-16T07:57:47.708+0000] {processor.py:186} INFO - Started process (PID=2688) to work on /home/airflow/.local/lib/python3.12/site-packages/airflow/example_dags/example_sensor_decorator.py
[2025-12-16T07:57:47.711+0000] {processor.py:914} INFO - Processing file /home/airflow/.local/lib/python3.12/site-packages/airflow/example_dags/example_sensor_decorator.py for tasks to queue
[2025-12-16T07:57:47.715+0000] {logging_mixin.py:190} INFO - [2025-12-16T07:57:47.714+0000] {dagbag.py:588} INFO - Filling up the DagBag from /home/airflow/.local/lib/python3.12/site-packages/airflow/example_dags/example_sensor_decorator.py
[2025-12-16T07:57:47.740+0000] {processor.py:925} INFO - DAG(s) 'example_sensor_decorator' retrieved from /home/airflow/.local/lib/python3.12/site-packages/airflow/example_dags/example_sensor_decorator.py
[2025-12-16T07:57:47.793+0000] {logging_mixin.py:190} INFO - [2025-12-16T07:57:47.792+0000] {dag.py:3239} INFO - Sync 1 DAGs
[2025-12-16T07:57:47.835+0000] {logging_mixin.py:190} INFO - [2025-12-16T07:57:47.835+0000] {dag.py:4180} INFO - Setting next_dagrun for example_sensor_decorator to None, run_after=None
[2025-12-16T07:57:47.896+0000] {processor.py:208} INFO - Processing /home/airflow/.local/lib/python3.12/site-packages/airflow/example_dags/example_sensor_decorator.py took 0.210 seconds
[2025-12-16T07:58:28.971+0000] {processor.py:186} INFO - Started process (PID=2761) to work on /home/airflow/.local/lib/python3.12/site-packages/airflow/example_dags/example_sensor_decorator.py
[2025-12-16T07:58:28.982+0000] {processor.py:914} INFO - Processing file /home/airflow/.local/lib/python3.12/site-packages/airflow/example_dags/example_sensor_decorator.py for tasks to queue
[2025-12-16T07:58:28.988+0000] {logging_mixin.py:190} INFO - [2025-12-16T07:58:28.987+0000] {dagbag.py:588} INFO - Filling up the DagBag from /home/airflow/.local/lib/python3.12/site-packages/airflow/example_dags/example_sensor_decorator.py
[2025-12-16T07:58:29.059+0000] {processor.py:925} INFO - DAG(s) 'example_sensor_decorator' retrieved from /home/airflow/.local/lib/python3.12/site-packages/airflow/example_dags/example_sensor_decorator.py
[2025-12-16T07:58:29.141+0000] {logging_mixin.py:190} INFO - [2025-12-16T07:58:29.140+0000] {dag.py:3239} INFO - Sync 1 DAGs
[2025-12-16T07:58:29.211+0000] {logging_mixin.py:190} INFO - [2025-12-16T07:58:29.210+0000] {dag.py:4180} INFO - Setting next_dagrun for example_sensor_decorator to None, run_after=None
[2025-12-16T07:58:29.306+0000] {processor.py:208} INFO - Processing /home/airflow/.local/lib/python3.12/site-packages/airflow/example_dags/example_sensor_decorator.py took 0.368 seconds
[2025-12-16T07:59:05.474+0000] {processor.py:186} INFO - Started process (PID=2834) to work on /home/airflow/.local/lib/python3.12/site-packages/airflow/example_dags/example_sensor_decorator.py
[2025-12-16T07:59:05.480+0000] {processor.py:914} INFO - Processing file /home/airflow/.local/lib/python3.12/site-packages/airflow/example_dags/example_sensor_decorator.py for tasks to queue
[2025-12-16T07:59:05.485+0000] {logging_mixin.py:190} INFO - [2025-12-16T07:59:05.484+0000] {dagbag.py:588} INFO - Filling up the DagBag from /home/airflow/.local/lib/python3.12/site-packages/airflow/example_dags/example_sensor_decorator.py
[2025-12-16T07:59:05.531+0000] {processor.py:925} INFO - DAG(s) 'example_sensor_decorator' retrieved from /home/airflow/.local/lib/python3.12/site-packages/airflow/example_dags/example_sensor_decorator.py
[2025-12-16T07:59:05.595+0000] {logging_mixin.py:190} INFO - [2025-12-16T07:59:05.595+0000] {dag.py:3239} INFO - Sync 1 DAGs
[2025-12-16T07:59:05.660+0000] {logging_mixin.py:190} INFO - [2025-12-16T07:59:05.660+0000] {dag.py:4180} INFO - Setting next_dagrun for example_sensor_decorator to None, run_after=None
[2025-12-16T07:59:05.799+0000] {processor.py:208} INFO - Processing /home/airflow/.local/lib/python3.12/site-packages/airflow/example_dags/example_sensor_decorator.py took 0.348 seconds
[2025-12-16T08:00:00.180+0000] {processor.py:186} INFO - Started process (PID=2922) to work on /home/airflow/.local/lib/python3.12/site-packages/airflow/example_dags/example_sensor_decorator.py
[2025-12-16T08:00:00.183+0000] {processor.py:914} INFO - Processing file /home/airflow/.local/lib/python3.12/site-packages/airflow/example_dags/example_sensor_decorator.py for tasks to queue
[2025-12-16T08:00:00.187+0000] {logging_mixin.py:190} INFO - [2025-12-16T08:00:00.186+0000] {dagbag.py:588} INFO - Filling up the DagBag from /home/airflow/.local/lib/python3.12/site-packages/airflow/example_dags/example_sensor_decorator.py
[2025-12-16T08:00:00.251+0000] {processor.py:925} INFO - DAG(s) 'example_sensor_decorator' retrieved from /home/airflow/.local/lib/python3.12/site-packages/airflow/example_dags/example_sensor_decorator.py
[2025-12-16T08:00:00.393+0000] {logging_mixin.py:190} INFO - [2025-12-16T08:00:00.392+0000] {dag.py:3239} INFO - Sync 1 DAGs
[2025-12-16T08:00:00.499+0000] {logging_mixin.py:190} INFO - [2025-12-16T08:00:00.498+0000] {dag.py:4180} INFO - Setting next_dagrun for example_sensor_decorator to None, run_after=None
[2025-12-16T08:00:00.616+0000] {processor.py:208} INFO - Processing /home/airflow/.local/lib/python3.12/site-packages/airflow/example_dags/example_sensor_decorator.py took 0.470 seconds
[2025-12-16T08:00:37.074+0000] {processor.py:186} INFO - Started process (PID=2994) to work on /home/airflow/.local/lib/python3.12/site-packages/airflow/example_dags/example_sensor_decorator.py
[2025-12-16T08:00:37.079+0000] {processor.py:914} INFO - Processing file /home/airflow/.local/lib/python3.12/site-packages/airflow/example_dags/example_sensor_decorator.py for tasks to queue
[2025-12-16T08:00:37.084+0000] {logging_mixin.py:190} INFO - [2025-12-16T08:00:37.082+0000] {dagbag.py:588} INFO - Filling up the DagBag from /home/airflow/.local/lib/python3.12/site-packages/airflow/example_dags/example_sensor_decorator.py
[2025-12-16T08:00:37.118+0000] {processor.py:925} INFO - DAG(s) 'example_sensor_decorator' retrieved from /home/airflow/.local/lib/python3.12/site-packages/airflow/example_dags/example_sensor_decorator.py
[2025-12-16T08:00:37.307+0000] {logging_mixin.py:190} INFO - [2025-12-16T08:00:37.306+0000] {dag.py:3239} INFO - Sync 1 DAGs
[2025-12-16T08:00:37.432+0000] {logging_mixin.py:190} INFO - [2025-12-16T08:00:37.431+0000] {dag.py:4180} INFO - Setting next_dagrun for example_sensor_decorator to None, run_after=None
[2025-12-16T08:00:37.526+0000] {processor.py:208} INFO - Processing /home/airflow/.local/lib/python3.12/site-packages/airflow/example_dags/example_sensor_decorator.py took 0.478 seconds
[2025-12-16T08:01:11.583+0000] {processor.py:186} INFO - Started process (PID=3072) to work on /home/airflow/.local/lib/python3.12/site-packages/airflow/example_dags/example_sensor_decorator.py
[2025-12-16T08:01:11.585+0000] {processor.py:914} INFO - Processing file /home/airflow/.local/lib/python3.12/site-packages/airflow/example_dags/example_sensor_decorator.py for tasks to queue
[2025-12-16T08:01:11.589+0000] {logging_mixin.py:190} INFO - [2025-12-16T08:01:11.588+0000] {dagbag.py:588} INFO - Filling up the DagBag from /home/airflow/.local/lib/python3.12/site-packages/airflow/example_dags/example_sensor_decorator.py
[2025-12-16T08:01:11.615+0000] {processor.py:925} INFO - DAG(s) 'example_sensor_decorator' retrieved from /home/airflow/.local/lib/python3.12/site-packages/airflow/example_dags/example_sensor_decorator.py
[2025-12-16T08:01:11.698+0000] {logging_mixin.py:190} INFO - [2025-12-16T08:01:11.696+0000] {dag.py:3239} INFO - Sync 1 DAGs
[2025-12-16T08:01:11.770+0000] {logging_mixin.py:190} INFO - [2025-12-16T08:01:11.769+0000] {dag.py:4180} INFO - Setting next_dagrun for example_sensor_decorator to None, run_after=None
[2025-12-16T08:01:11.875+0000] {processor.py:208} INFO - Processing /home/airflow/.local/lib/python3.12/site-packages/airflow/example_dags/example_sensor_decorator.py took 0.310 seconds
[2025-12-16T08:01:54.086+0000] {processor.py:186} INFO - Started process (PID=3145) to work on /home/airflow/.local/lib/python3.12/site-packages/airflow/example_dags/example_sensor_decorator.py
[2025-12-16T08:01:54.093+0000] {processor.py:914} INFO - Processing file /home/airflow/.local/lib/python3.12/site-packages/airflow/example_dags/example_sensor_decorator.py for tasks to queue
[2025-12-16T08:01:54.097+0000] {logging_mixin.py:190} INFO - [2025-12-16T08:01:54.096+0000] {dagbag.py:588} INFO - Filling up the DagBag from /home/airflow/.local/lib/python3.12/site-packages/airflow/example_dags/example_sensor_decorator.py
[2025-12-16T08:01:54.131+0000] {processor.py:925} INFO - DAG(s) 'example_sensor_decorator' retrieved from /home/airflow/.local/lib/python3.12/site-packages/airflow/example_dags/example_sensor_decorator.py
[2025-12-16T08:01:54.200+0000] {logging_mixin.py:190} INFO - [2025-12-16T08:01:54.199+0000] {dag.py:3239} INFO - Sync 1 DAGs
[2025-12-16T08:01:54.250+0000] {logging_mixin.py:190} INFO - [2025-12-16T08:01:54.249+0000] {dag.py:4180} INFO - Setting next_dagrun for example_sensor_decorator to None, run_after=None
[2025-12-16T08:01:54.305+0000] {processor.py:208} INFO - Processing /home/airflow/.local/lib/python3.12/site-packages/airflow/example_dags/example_sensor_decorator.py took 0.242 seconds
[2025-12-16T08:02:34.113+0000] {processor.py:186} INFO - Started process (PID=3218) to work on /home/airflow/.local/lib/python3.12/site-packages/airflow/example_dags/example_sensor_decorator.py
[2025-12-16T08:02:34.152+0000] {processor.py:914} INFO - Processing file /home/airflow/.local/lib/python3.12/site-packages/airflow/example_dags/example_sensor_decorator.py for tasks to queue
[2025-12-16T08:02:34.205+0000] {logging_mixin.py:190} INFO - [2025-12-16T08:02:34.204+0000] {dagbag.py:588} INFO - Filling up the DagBag from /home/airflow/.local/lib/python3.12/site-packages/airflow/example_dags/example_sensor_decorator.py
[2025-12-16T08:02:34.317+0000] {processor.py:925} INFO - DAG(s) 'example_sensor_decorator' retrieved from /home/airflow/.local/lib/python3.12/site-packages/airflow/example_dags/example_sensor_decorator.py
[2025-12-16T08:02:34.443+0000] {logging_mixin.py:190} INFO - [2025-12-16T08:02:34.442+0000] {dag.py:3239} INFO - Sync 1 DAGs
[2025-12-16T08:02:34.576+0000] {logging_mixin.py:190} INFO - [2025-12-16T08:02:34.576+0000] {dag.py:4180} INFO - Setting next_dagrun for example_sensor_decorator to None, run_after=None
[2025-12-16T08:02:34.826+0000] {processor.py:208} INFO - Processing /home/airflow/.local/lib/python3.12/site-packages/airflow/example_dags/example_sensor_decorator.py took 0.775 seconds
[2025-12-16T08:03:09.135+0000] {processor.py:186} INFO - Started process (PID=3289) to work on /home/airflow/.local/lib/python3.12/site-packages/airflow/example_dags/example_sensor_decorator.py
[2025-12-16T08:03:09.138+0000] {processor.py:914} INFO - Processing file /home/airflow/.local/lib/python3.12/site-packages/airflow/example_dags/example_sensor_decorator.py for tasks to queue
[2025-12-16T08:03:09.141+0000] {logging_mixin.py:190} INFO - [2025-12-16T08:03:09.140+0000] {dagbag.py:588} INFO - Filling up the DagBag from /home/airflow/.local/lib/python3.12/site-packages/airflow/example_dags/example_sensor_decorator.py
[2025-12-16T08:03:09.176+0000] {processor.py:925} INFO - DAG(s) 'example_sensor_decorator' retrieved from /home/airflow/.local/lib/python3.12/site-packages/airflow/example_dags/example_sensor_decorator.py
[2025-12-16T08:03:09.236+0000] {logging_mixin.py:190} INFO - [2025-12-16T08:03:09.236+0000] {dag.py:3239} INFO - Sync 1 DAGs
[2025-12-16T08:03:09.281+0000] {logging_mixin.py:190} INFO - [2025-12-16T08:03:09.281+0000] {dag.py:4180} INFO - Setting next_dagrun for example_sensor_decorator to None, run_after=None
[2025-12-16T08:03:09.375+0000] {processor.py:208} INFO - Processing /home/airflow/.local/lib/python3.12/site-packages/airflow/example_dags/example_sensor_decorator.py took 0.264 seconds
[2025-12-16T08:03:47.298+0000] {processor.py:186} INFO - Started process (PID=3371) to work on /home/airflow/.local/lib/python3.12/site-packages/airflow/example_dags/example_sensor_decorator.py
[2025-12-16T08:03:47.302+0000] {processor.py:914} INFO - Processing file /home/airflow/.local/lib/python3.12/site-packages/airflow/example_dags/example_sensor_decorator.py for tasks to queue
[2025-12-16T08:03:47.305+0000] {logging_mixin.py:190} INFO - [2025-12-16T08:03:47.304+0000] {dagbag.py:588} INFO - Filling up the DagBag from /home/airflow/.local/lib/python3.12/site-packages/airflow/example_dags/example_sensor_decorator.py
[2025-12-16T08:03:47.333+0000] {processor.py:925} INFO - DAG(s) 'example_sensor_decorator' retrieved from /home/airflow/.local/lib/python3.12/site-packages/airflow/example_dags/example_sensor_decorator.py
[2025-12-16T08:03:47.419+0000] {logging_mixin.py:190} INFO - [2025-12-16T08:03:47.418+0000] {dag.py:3239} INFO - Sync 1 DAGs
[2025-12-16T08:03:47.470+0000] {logging_mixin.py:190} INFO - [2025-12-16T08:03:47.469+0000] {dag.py:4180} INFO - Setting next_dagrun for example_sensor_decorator to None, run_after=None
[2025-12-16T08:03:47.606+0000] {processor.py:208} INFO - Processing /home/airflow/.local/lib/python3.12/site-packages/airflow/example_dags/example_sensor_decorator.py took 0.329 seconds
[2025-12-16T08:04:27.622+0000] {processor.py:186} INFO - Started process (PID=3444) to work on /home/airflow/.local/lib/python3.12/site-packages/airflow/example_dags/example_sensor_decorator.py
[2025-12-16T08:04:27.625+0000] {processor.py:914} INFO - Processing file /home/airflow/.local/lib/python3.12/site-packages/airflow/example_dags/example_sensor_decorator.py for tasks to queue
[2025-12-16T08:04:27.629+0000] {logging_mixin.py:190} INFO - [2025-12-16T08:04:27.628+0000] {dagbag.py:588} INFO - Filling up the DagBag from /home/airflow/.local/lib/python3.12/site-packages/airflow/example_dags/example_sensor_decorator.py
[2025-12-16T08:04:27.665+0000] {processor.py:925} INFO - DAG(s) 'example_sensor_decorator' retrieved from /home/airflow/.local/lib/python3.12/site-packages/airflow/example_dags/example_sensor_decorator.py
[2025-12-16T08:04:27.754+0000] {logging_mixin.py:190} INFO - [2025-12-16T08:04:27.752+0000] {dag.py:3239} INFO - Sync 1 DAGs
[2025-12-16T08:04:27.811+0000] {logging_mixin.py:190} INFO - [2025-12-16T08:04:27.810+0000] {dag.py:4180} INFO - Setting next_dagrun for example_sensor_decorator to None, run_after=None
[2025-12-16T08:04:27.871+0000] {processor.py:208} INFO - Processing /home/airflow/.local/lib/python3.12/site-packages/airflow/example_dags/example_sensor_decorator.py took 0.265 seconds
[2025-12-16T08:05:09.526+0000] {processor.py:186} INFO - Started process (PID=3525) to work on /home/airflow/.local/lib/python3.12/site-packages/airflow/example_dags/example_sensor_decorator.py
[2025-12-16T08:05:09.529+0000] {processor.py:914} INFO - Processing file /home/airflow/.local/lib/python3.12/site-packages/airflow/example_dags/example_sensor_decorator.py for tasks to queue
[2025-12-16T08:05:09.535+0000] {logging_mixin.py:190} INFO - [2025-12-16T08:05:09.534+0000] {dagbag.py:588} INFO - Filling up the DagBag from /home/airflow/.local/lib/python3.12/site-packages/airflow/example_dags/example_sensor_decorator.py
[2025-12-16T08:05:09.567+0000] {processor.py:925} INFO - DAG(s) 'example_sensor_decorator' retrieved from /home/airflow/.local/lib/python3.12/site-packages/airflow/example_dags/example_sensor_decorator.py
[2025-12-16T08:05:09.627+0000] {logging_mixin.py:190} INFO - [2025-12-16T08:05:09.626+0000] {dag.py:3239} INFO - Sync 1 DAGs
[2025-12-16T08:05:09.704+0000] {logging_mixin.py:190} INFO - [2025-12-16T08:05:09.703+0000] {dag.py:4180} INFO - Setting next_dagrun for example_sensor_decorator to None, run_after=None
[2025-12-16T08:05:09.781+0000] {processor.py:208} INFO - Processing /home/airflow/.local/lib/python3.12/site-packages/airflow/example_dags/example_sensor_decorator.py took 0.275 seconds
[2025-12-16T08:05:45.527+0000] {processor.py:186} INFO - Started process (PID=3598) to work on /home/airflow/.local/lib/python3.12/site-packages/airflow/example_dags/example_sensor_decorator.py
[2025-12-16T08:05:45.530+0000] {processor.py:914} INFO - Processing file /home/airflow/.local/lib/python3.12/site-packages/airflow/example_dags/example_sensor_decorator.py for tasks to queue
[2025-12-16T08:05:45.535+0000] {logging_mixin.py:190} INFO - [2025-12-16T08:05:45.532+0000] {dagbag.py:588} INFO - Filling up the DagBag from /home/airflow/.local/lib/python3.12/site-packages/airflow/example_dags/example_sensor_decorator.py
[2025-12-16T08:05:45.561+0000] {processor.py:925} INFO - DAG(s) 'example_sensor_decorator' retrieved from /home/airflow/.local/lib/python3.12/site-packages/airflow/example_dags/example_sensor_decorator.py
[2025-12-16T08:05:45.619+0000] {logging_mixin.py:190} INFO - [2025-12-16T08:05:45.619+0000] {dag.py:3239} INFO - Sync 1 DAGs
[2025-12-16T08:05:45.668+0000] {logging_mixin.py:190} INFO - [2025-12-16T08:05:45.667+0000] {dag.py:4180} INFO - Setting next_dagrun for example_sensor_decorator to None, run_after=None
[2025-12-16T08:05:45.750+0000] {processor.py:208} INFO - Processing /home/airflow/.local/lib/python3.12/site-packages/airflow/example_dags/example_sensor_decorator.py took 0.248 seconds
[2025-12-16T08:06:35.639+0000] {processor.py:186} INFO - Started process (PID=3673) to work on /home/airflow/.local/lib/python3.12/site-packages/airflow/example_dags/example_sensor_decorator.py
[2025-12-16T08:06:35.731+0000] {processor.py:914} INFO - Processing file /home/airflow/.local/lib/python3.12/site-packages/airflow/example_dags/example_sensor_decorator.py for tasks to queue
[2025-12-16T08:06:35.798+0000] {logging_mixin.py:190} INFO - [2025-12-16T08:06:35.796+0000] {dagbag.py:588} INFO - Filling up the DagBag from /home/airflow/.local/lib/python3.12/site-packages/airflow/example_dags/example_sensor_decorator.py
[2025-12-16T08:06:35.974+0000] {processor.py:925} INFO - DAG(s) 'example_sensor_decorator' retrieved from /home/airflow/.local/lib/python3.12/site-packages/airflow/example_dags/example_sensor_decorator.py
[2025-12-16T08:06:36.419+0000] {logging_mixin.py:190} INFO - [2025-12-16T08:06:36.419+0000] {dag.py:3239} INFO - Sync 1 DAGs
[2025-12-16T08:06:36.641+0000] {logging_mixin.py:190} INFO - [2025-12-16T08:06:36.640+0000] {dag.py:4180} INFO - Setting next_dagrun for example_sensor_decorator to None, run_after=None
[2025-12-16T08:06:36.927+0000] {processor.py:208} INFO - Processing /home/airflow/.local/lib/python3.12/site-packages/airflow/example_dags/example_sensor_decorator.py took 1.470 seconds
[2025-12-16T08:09:25.432+0000] {processor.py:186} INFO - Started process (PID=3778) to work on /home/airflow/.local/lib/python3.12/site-packages/airflow/example_dags/example_sensor_decorator.py
[2025-12-16T08:09:25.438+0000] {processor.py:914} INFO - Processing file /home/airflow/.local/lib/python3.12/site-packages/airflow/example_dags/example_sensor_decorator.py for tasks to queue
[2025-12-16T08:09:25.454+0000] {logging_mixin.py:190} INFO - [2025-12-16T08:09:25.453+0000] {dagbag.py:588} INFO - Filling up the DagBag from /home/airflow/.local/lib/python3.12/site-packages/airflow/example_dags/example_sensor_decorator.py
[2025-12-16T08:09:25.574+0000] {processor.py:925} INFO - DAG(s) 'example_sensor_decorator' retrieved from /home/airflow/.local/lib/python3.12/site-packages/airflow/example_dags/example_sensor_decorator.py
[2025-12-16T08:09:25.822+0000] {logging_mixin.py:190} INFO - [2025-12-16T08:09:25.821+0000] {dag.py:3239} INFO - Sync 1 DAGs
[2025-12-16T08:09:26.031+0000] {logging_mixin.py:190} INFO - [2025-12-16T08:09:26.030+0000] {dag.py:4180} INFO - Setting next_dagrun for example_sensor_decorator to None, run_after=None
[2025-12-16T08:09:27.410+0000] {processor.py:208} INFO - Processing /home/airflow/.local/lib/python3.12/site-packages/airflow/example_dags/example_sensor_decorator.py took 2.025 seconds
[2025-12-16T08:15:46.518+0000] {processor.py:186} INFO - Started process (PID=3883) to work on /home/airflow/.local/lib/python3.12/site-packages/airflow/example_dags/example_sensor_decorator.py
[2025-12-16T08:15:46.657+0000] {processor.py:914} INFO - Processing file /home/airflow/.local/lib/python3.12/site-packages/airflow/example_dags/example_sensor_decorator.py for tasks to queue
[2025-12-16T08:15:46.677+0000] {logging_mixin.py:190} INFO - [2025-12-16T08:15:46.676+0000] {dagbag.py:588} INFO - Filling up the DagBag from /home/airflow/.local/lib/python3.12/site-packages/airflow/example_dags/example_sensor_decorator.py
[2025-12-16T08:15:46.738+0000] {processor.py:925} INFO - DAG(s) 'example_sensor_decorator' retrieved from /home/airflow/.local/lib/python3.12/site-packages/airflow/example_dags/example_sensor_decorator.py
[2025-12-16T08:15:46.790+0000] {logging_mixin.py:190} INFO - [2025-12-16T08:15:46.789+0000] {dag.py:3239} INFO - Sync 1 DAGs
[2025-12-16T08:15:46.832+0000] {logging_mixin.py:190} INFO - [2025-12-16T08:15:46.832+0000] {dag.py:4180} INFO - Setting next_dagrun for example_sensor_decorator to None, run_after=None
[2025-12-16T08:15:48.173+0000] {processor.py:208} INFO - Processing /home/airflow/.local/lib/python3.12/site-packages/airflow/example_dags/example_sensor_decorator.py took 1.716 seconds
[2025-12-16T08:16:59.666+0000] {processor.py:186} INFO - Started process (PID=3962) to work on /home/airflow/.local/lib/python3.12/site-packages/airflow/example_dags/example_sensor_decorator.py
[2025-12-16T08:16:59.999+0000] {processor.py:914} INFO - Processing file /home/airflow/.local/lib/python3.12/site-packages/airflow/example_dags/example_sensor_decorator.py for tasks to queue
[2025-12-16T08:17:00.020+0000] {logging_mixin.py:190} INFO - [2025-12-16T08:17:00.018+0000] {dagbag.py:588} INFO - Filling up the DagBag from /home/airflow/.local/lib/python3.12/site-packages/airflow/example_dags/example_sensor_decorator.py
[2025-12-16T08:17:00.073+0000] {processor.py:925} INFO - DAG(s) 'example_sensor_decorator' retrieved from /home/airflow/.local/lib/python3.12/site-packages/airflow/example_dags/example_sensor_decorator.py
[2025-12-16T08:17:00.308+0000] {logging_mixin.py:190} INFO - [2025-12-16T08:17:00.306+0000] {dag.py:3239} INFO - Sync 1 DAGs
[2025-12-16T08:17:00.380+0000] {logging_mixin.py:190} INFO - [2025-12-16T08:17:00.379+0000] {dag.py:4180} INFO - Setting next_dagrun for example_sensor_decorator to None, run_after=None
[2025-12-16T08:17:00.476+0000] {processor.py:208} INFO - Processing /home/airflow/.local/lib/python3.12/site-packages/airflow/example_dags/example_sensor_decorator.py took 0.831 seconds
[2025-12-16T08:17:30.882+0000] {processor.py:186} INFO - Started process (PID=4033) to work on /home/airflow/.local/lib/python3.12/site-packages/airflow/example_dags/example_sensor_decorator.py
[2025-12-16T08:17:30.884+0000] {processor.py:914} INFO - Processing file /home/airflow/.local/lib/python3.12/site-packages/airflow/example_dags/example_sensor_decorator.py for tasks to queue
[2025-12-16T08:17:30.887+0000] {logging_mixin.py:190} INFO - [2025-12-16T08:17:30.887+0000] {dagbag.py:588} INFO - Filling up the DagBag from /home/airflow/.local/lib/python3.12/site-packages/airflow/example_dags/example_sensor_decorator.py
[2025-12-16T08:17:30.913+0000] {processor.py:925} INFO - DAG(s) 'example_sensor_decorator' retrieved from /home/airflow/.local/lib/python3.12/site-packages/airflow/example_dags/example_sensor_decorator.py
[2025-12-16T08:17:30.967+0000] {logging_mixin.py:190} INFO - [2025-12-16T08:17:30.966+0000] {dag.py:3239} INFO - Sync 1 DAGs
[2025-12-16T08:17:31.010+0000] {logging_mixin.py:190} INFO - [2025-12-16T08:17:31.010+0000] {dag.py:4180} INFO - Setting next_dagrun for example_sensor_decorator to None, run_after=None
[2025-12-16T08:17:31.066+0000] {processor.py:208} INFO - Processing /home/airflow/.local/lib/python3.12/site-packages/airflow/example_dags/example_sensor_decorator.py took 0.200 seconds
[2025-12-16T08:18:10.257+0000] {processor.py:186} INFO - Started process (PID=4113) to work on /home/airflow/.local/lib/python3.12/site-packages/airflow/example_dags/example_sensor_decorator.py
[2025-12-16T08:18:10.270+0000] {processor.py:914} INFO - Processing file /home/airflow/.local/lib/python3.12/site-packages/airflow/example_dags/example_sensor_decorator.py for tasks to queue
[2025-12-16T08:18:10.283+0000] {logging_mixin.py:190} INFO - [2025-12-16T08:18:10.282+0000] {dagbag.py:588} INFO - Filling up the DagBag from /home/airflow/.local/lib/python3.12/site-packages/airflow/example_dags/example_sensor_decorator.py
[2025-12-16T08:18:10.326+0000] {processor.py:925} INFO - DAG(s) 'example_sensor_decorator' retrieved from /home/airflow/.local/lib/python3.12/site-packages/airflow/example_dags/example_sensor_decorator.py
[2025-12-16T08:18:10.399+0000] {logging_mixin.py:190} INFO - [2025-12-16T08:18:10.398+0000] {dag.py:3239} INFO - Sync 1 DAGs
[2025-12-16T08:18:10.440+0000] {logging_mixin.py:190} INFO - [2025-12-16T08:18:10.439+0000] {dag.py:4180} INFO - Setting next_dagrun for example_sensor_decorator to None, run_after=None
[2025-12-16T08:18:10.499+0000] {processor.py:208} INFO - Processing /home/airflow/.local/lib/python3.12/site-packages/airflow/example_dags/example_sensor_decorator.py took 0.277 seconds
[2025-12-16T08:18:44.245+0000] {processor.py:186} INFO - Started process (PID=4184) to work on /home/airflow/.local/lib/python3.12/site-packages/airflow/example_dags/example_sensor_decorator.py
[2025-12-16T08:18:44.250+0000] {processor.py:914} INFO - Processing file /home/airflow/.local/lib/python3.12/site-packages/airflow/example_dags/example_sensor_decorator.py for tasks to queue
[2025-12-16T08:18:44.257+0000] {logging_mixin.py:190} INFO - [2025-12-16T08:18:44.255+0000] {dagbag.py:588} INFO - Filling up the DagBag from /home/airflow/.local/lib/python3.12/site-packages/airflow/example_dags/example_sensor_decorator.py
[2025-12-16T08:18:44.312+0000] {processor.py:925} INFO - DAG(s) 'example_sensor_decorator' retrieved from /home/airflow/.local/lib/python3.12/site-packages/airflow/example_dags/example_sensor_decorator.py
[2025-12-16T08:18:44.449+0000] {logging_mixin.py:190} INFO - [2025-12-16T08:18:44.448+0000] {dag.py:3239} INFO - Sync 1 DAGs
[2025-12-16T08:18:44.632+0000] {logging_mixin.py:190} INFO - [2025-12-16T08:18:44.631+0000] {dag.py:4180} INFO - Setting next_dagrun for example_sensor_decorator to None, run_after=None
[2025-12-16T08:18:44.763+0000] {processor.py:208} INFO - Processing /home/airflow/.local/lib/python3.12/site-packages/airflow/example_dags/example_sensor_decorator.py took 0.605 seconds
[2025-12-16T08:19:23.512+0000] {processor.py:186} INFO - Started process (PID=4254) to work on /home/airflow/.local/lib/python3.12/site-packages/airflow/example_dags/example_sensor_decorator.py
[2025-12-16T08:19:23.521+0000] {processor.py:914} INFO - Processing file /home/airflow/.local/lib/python3.12/site-packages/airflow/example_dags/example_sensor_decorator.py for tasks to queue
[2025-12-16T08:19:23.524+0000] {logging_mixin.py:190} INFO - [2025-12-16T08:19:23.523+0000] {dagbag.py:588} INFO - Filling up the DagBag from /home/airflow/.local/lib/python3.12/site-packages/airflow/example_dags/example_sensor_decorator.py
[2025-12-16T08:19:23.552+0000] {processor.py:925} INFO - DAG(s) 'example_sensor_decorator' retrieved from /home/airflow/.local/lib/python3.12/site-packages/airflow/example_dags/example_sensor_decorator.py
[2025-12-16T08:19:23.611+0000] {logging_mixin.py:190} INFO - [2025-12-16T08:19:23.610+0000] {dag.py:3239} INFO - Sync 1 DAGs
[2025-12-16T08:19:23.652+0000] {logging_mixin.py:190} INFO - [2025-12-16T08:19:23.652+0000] {dag.py:4180} INFO - Setting next_dagrun for example_sensor_decorator to None, run_after=None
[2025-12-16T08:19:23.734+0000] {processor.py:208} INFO - Processing /home/airflow/.local/lib/python3.12/site-packages/airflow/example_dags/example_sensor_decorator.py took 0.241 seconds
[2025-12-16T08:19:55.796+0000] {processor.py:186} INFO - Started process (PID=4326) to work on /home/airflow/.local/lib/python3.12/site-packages/airflow/example_dags/example_sensor_decorator.py
[2025-12-16T08:19:55.801+0000] {processor.py:914} INFO - Processing file /home/airflow/.local/lib/python3.12/site-packages/airflow/example_dags/example_sensor_decorator.py for tasks to queue
[2025-12-16T08:19:55.815+0000] {logging_mixin.py:190} INFO - [2025-12-16T08:19:55.811+0000] {dagbag.py:588} INFO - Filling up the DagBag from /home/airflow/.local/lib/python3.12/site-packages/airflow/example_dags/example_sensor_decorator.py
[2025-12-16T08:19:55.899+0000] {processor.py:925} INFO - DAG(s) 'example_sensor_decorator' retrieved from /home/airflow/.local/lib/python3.12/site-packages/airflow/example_dags/example_sensor_decorator.py
[2025-12-16T08:19:56.044+0000] {logging_mixin.py:190} INFO - [2025-12-16T08:19:56.043+0000] {dag.py:3239} INFO - Sync 1 DAGs
[2025-12-16T08:19:56.095+0000] {logging_mixin.py:190} INFO - [2025-12-16T08:19:56.094+0000] {dag.py:4180} INFO - Setting next_dagrun for example_sensor_decorator to None, run_after=None
[2025-12-16T08:19:56.162+0000] {processor.py:208} INFO - Processing /home/airflow/.local/lib/python3.12/site-packages/airflow/example_dags/example_sensor_decorator.py took 0.399 seconds
[2025-12-16T08:20:28.272+0000] {processor.py:186} INFO - Started process (PID=4398) to work on /home/airflow/.local/lib/python3.12/site-packages/airflow/example_dags/example_sensor_decorator.py
[2025-12-16T08:20:28.275+0000] {processor.py:914} INFO - Processing file /home/airflow/.local/lib/python3.12/site-packages/airflow/example_dags/example_sensor_decorator.py for tasks to queue
[2025-12-16T08:20:28.293+0000] {logging_mixin.py:190} INFO - [2025-12-16T08:20:28.292+0000] {dagbag.py:588} INFO - Filling up the DagBag from /home/airflow/.local/lib/python3.12/site-packages/airflow/example_dags/example_sensor_decorator.py
[2025-12-16T08:20:28.338+0000] {processor.py:925} INFO - DAG(s) 'example_sensor_decorator' retrieved from /home/airflow/.local/lib/python3.12/site-packages/airflow/example_dags/example_sensor_decorator.py
[2025-12-16T08:20:28.417+0000] {logging_mixin.py:190} INFO - [2025-12-16T08:20:28.417+0000] {dag.py:3239} INFO - Sync 1 DAGs
[2025-12-16T08:20:28.477+0000] {logging_mixin.py:190} INFO - [2025-12-16T08:20:28.477+0000] {dag.py:4180} INFO - Setting next_dagrun for example_sensor_decorator to None, run_after=None
[2025-12-16T08:20:28.538+0000] {processor.py:208} INFO - Processing /home/airflow/.local/lib/python3.12/site-packages/airflow/example_dags/example_sensor_decorator.py took 0.318 seconds
[2025-12-16T08:20:58.873+0000] {processor.py:186} INFO - Started process (PID=4469) to work on /home/airflow/.local/lib/python3.12/site-packages/airflow/example_dags/example_sensor_decorator.py
[2025-12-16T08:20:58.877+0000] {processor.py:914} INFO - Processing file /home/airflow/.local/lib/python3.12/site-packages/airflow/example_dags/example_sensor_decorator.py for tasks to queue
[2025-12-16T08:20:58.882+0000] {logging_mixin.py:190} INFO - [2025-12-16T08:20:58.880+0000] {dagbag.py:588} INFO - Filling up the DagBag from /home/airflow/.local/lib/python3.12/site-packages/airflow/example_dags/example_sensor_decorator.py
[2025-12-16T08:20:58.932+0000] {processor.py:925} INFO - DAG(s) 'example_sensor_decorator' retrieved from /home/airflow/.local/lib/python3.12/site-packages/airflow/example_dags/example_sensor_decorator.py
[2025-12-16T08:20:59.047+0000] {logging_mixin.py:190} INFO - [2025-12-16T08:20:59.047+0000] {dag.py:3239} INFO - Sync 1 DAGs
[2025-12-16T08:20:59.197+0000] {logging_mixin.py:190} INFO - [2025-12-16T08:20:59.196+0000] {dag.py:4180} INFO - Setting next_dagrun for example_sensor_decorator to None, run_after=None
[2025-12-16T08:20:59.369+0000] {processor.py:208} INFO - Processing /home/airflow/.local/lib/python3.12/site-packages/airflow/example_dags/example_sensor_decorator.py took 0.528 seconds
[2025-12-16T08:21:30.071+0000] {processor.py:186} INFO - Started process (PID=4541) to work on /home/airflow/.local/lib/python3.12/site-packages/airflow/example_dags/example_sensor_decorator.py
[2025-12-16T08:21:30.074+0000] {processor.py:914} INFO - Processing file /home/airflow/.local/lib/python3.12/site-packages/airflow/example_dags/example_sensor_decorator.py for tasks to queue
[2025-12-16T08:21:30.077+0000] {logging_mixin.py:190} INFO - [2025-12-16T08:21:30.077+0000] {dagbag.py:588} INFO - Filling up the DagBag from /home/airflow/.local/lib/python3.12/site-packages/airflow/example_dags/example_sensor_decorator.py
[2025-12-16T08:21:30.100+0000] {processor.py:925} INFO - DAG(s) 'example_sensor_decorator' retrieved from /home/airflow/.local/lib/python3.12/site-packages/airflow/example_dags/example_sensor_decorator.py
[2025-12-16T08:21:30.163+0000] {logging_mixin.py:190} INFO - [2025-12-16T08:21:30.162+0000] {dag.py:3239} INFO - Sync 1 DAGs
[2025-12-16T08:21:30.199+0000] {logging_mixin.py:190} INFO - [2025-12-16T08:21:30.199+0000] {dag.py:4180} INFO - Setting next_dagrun for example_sensor_decorator to None, run_after=None
[2025-12-16T08:21:30.241+0000] {processor.py:208} INFO - Processing /home/airflow/.local/lib/python3.12/site-packages/airflow/example_dags/example_sensor_decorator.py took 0.185 seconds
[2025-12-16T08:22:06.783+0000] {processor.py:186} INFO - Started process (PID=4608) to work on /home/airflow/.local/lib/python3.12/site-packages/airflow/example_dags/example_sensor_decorator.py
[2025-12-16T08:22:06.794+0000] {processor.py:914} INFO - Processing file /home/airflow/.local/lib/python3.12/site-packages/airflow/example_dags/example_sensor_decorator.py for tasks to queue
[2025-12-16T08:22:06.798+0000] {logging_mixin.py:190} INFO - [2025-12-16T08:22:06.797+0000] {dagbag.py:588} INFO - Filling up the DagBag from /home/airflow/.local/lib/python3.12/site-packages/airflow/example_dags/example_sensor_decorator.py
[2025-12-16T08:22:06.843+0000] {processor.py:925} INFO - DAG(s) 'example_sensor_decorator' retrieved from /home/airflow/.local/lib/python3.12/site-packages/airflow/example_dags/example_sensor_decorator.py
[2025-12-16T08:22:06.949+0000] {logging_mixin.py:190} INFO - [2025-12-16T08:22:06.948+0000] {dag.py:3239} INFO - Sync 1 DAGs
[2025-12-16T08:22:07.229+0000] {logging_mixin.py:190} INFO - [2025-12-16T08:22:07.228+0000] {dag.py:4180} INFO - Setting next_dagrun for example_sensor_decorator to None, run_after=None
[2025-12-16T08:22:07.504+0000] {processor.py:208} INFO - Processing /home/airflow/.local/lib/python3.12/site-packages/airflow/example_dags/example_sensor_decorator.py took 0.763 seconds
[2025-12-16T08:22:41.243+0000] {processor.py:186} INFO - Started process (PID=4685) to work on /home/airflow/.local/lib/python3.12/site-packages/airflow/example_dags/example_sensor_decorator.py
[2025-12-16T08:22:41.247+0000] {processor.py:914} INFO - Processing file /home/airflow/.local/lib/python3.12/site-packages/airflow/example_dags/example_sensor_decorator.py for tasks to queue
[2025-12-16T08:22:41.251+0000] {logging_mixin.py:190} INFO - [2025-12-16T08:22:41.250+0000] {dagbag.py:588} INFO - Filling up the DagBag from /home/airflow/.local/lib/python3.12/site-packages/airflow/example_dags/example_sensor_decorator.py
[2025-12-16T08:22:41.305+0000] {processor.py:925} INFO - DAG(s) 'example_sensor_decorator' retrieved from /home/airflow/.local/lib/python3.12/site-packages/airflow/example_dags/example_sensor_decorator.py
[2025-12-16T08:22:41.381+0000] {logging_mixin.py:190} INFO - [2025-12-16T08:22:41.381+0000] {dag.py:3239} INFO - Sync 1 DAGs
[2025-12-16T08:22:41.425+0000] {logging_mixin.py:190} INFO - [2025-12-16T08:22:41.425+0000] {dag.py:4180} INFO - Setting next_dagrun for example_sensor_decorator to None, run_after=None
[2025-12-16T08:22:41.476+0000] {processor.py:208} INFO - Processing /home/airflow/.local/lib/python3.12/site-packages/airflow/example_dags/example_sensor_decorator.py took 0.250 seconds
[2025-12-16T08:23:16.496+0000] {processor.py:186} INFO - Started process (PID=4757) to work on /home/airflow/.local/lib/python3.12/site-packages/airflow/example_dags/example_sensor_decorator.py
[2025-12-16T08:23:16.511+0000] {processor.py:914} INFO - Processing file /home/airflow/.local/lib/python3.12/site-packages/airflow/example_dags/example_sensor_decorator.py for tasks to queue
[2025-12-16T08:23:16.515+0000] {logging_mixin.py:190} INFO - [2025-12-16T08:23:16.514+0000] {dagbag.py:588} INFO - Filling up the DagBag from /home/airflow/.local/lib/python3.12/site-packages/airflow/example_dags/example_sensor_decorator.py
[2025-12-16T08:23:16.620+0000] {processor.py:925} INFO - DAG(s) 'example_sensor_decorator' retrieved from /home/airflow/.local/lib/python3.12/site-packages/airflow/example_dags/example_sensor_decorator.py
[2025-12-16T08:23:16.704+0000] {logging_mixin.py:190} INFO - [2025-12-16T08:23:16.703+0000] {dag.py:3239} INFO - Sync 1 DAGs
[2025-12-16T08:23:16.763+0000] {logging_mixin.py:190} INFO - [2025-12-16T08:23:16.763+0000] {dag.py:4180} INFO - Setting next_dagrun for example_sensor_decorator to None, run_after=None
[2025-12-16T08:23:16.833+0000] {processor.py:208} INFO - Processing /home/airflow/.local/lib/python3.12/site-packages/airflow/example_dags/example_sensor_decorator.py took 0.396 seconds
[2025-12-16T08:23:48.807+0000] {processor.py:186} INFO - Started process (PID=4830) to work on /home/airflow/.local/lib/python3.12/site-packages/airflow/example_dags/example_sensor_decorator.py
[2025-12-16T08:23:48.810+0000] {processor.py:914} INFO - Processing file /home/airflow/.local/lib/python3.12/site-packages/airflow/example_dags/example_sensor_decorator.py for tasks to queue
[2025-12-16T08:23:48.814+0000] {logging_mixin.py:190} INFO - [2025-12-16T08:23:48.813+0000] {dagbag.py:588} INFO - Filling up the DagBag from /home/airflow/.local/lib/python3.12/site-packages/airflow/example_dags/example_sensor_decorator.py
[2025-12-16T08:23:48.850+0000] {processor.py:925} INFO - DAG(s) 'example_sensor_decorator' retrieved from /home/airflow/.local/lib/python3.12/site-packages/airflow/example_dags/example_sensor_decorator.py
[2025-12-16T08:23:48.934+0000] {logging_mixin.py:190} INFO - [2025-12-16T08:23:48.934+0000] {dag.py:3239} INFO - Sync 1 DAGs
[2025-12-16T08:23:49.015+0000] {logging_mixin.py:190} INFO - [2025-12-16T08:23:49.015+0000] {dag.py:4180} INFO - Setting next_dagrun for example_sensor_decorator to None, run_after=None
[2025-12-16T08:23:49.076+0000] {processor.py:208} INFO - Processing /home/airflow/.local/lib/python3.12/site-packages/airflow/example_dags/example_sensor_decorator.py took 0.292 seconds
[2025-12-16T08:24:19.669+0000] {processor.py:186} INFO - Started process (PID=4902) to work on /home/airflow/.local/lib/python3.12/site-packages/airflow/example_dags/example_sensor_decorator.py
[2025-12-16T08:24:19.673+0000] {processor.py:914} INFO - Processing file /home/airflow/.local/lib/python3.12/site-packages/airflow/example_dags/example_sensor_decorator.py for tasks to queue
[2025-12-16T08:24:19.678+0000] {logging_mixin.py:190} INFO - [2025-12-16T08:24:19.677+0000] {dagbag.py:588} INFO - Filling up the DagBag from /home/airflow/.local/lib/python3.12/site-packages/airflow/example_dags/example_sensor_decorator.py
[2025-12-16T08:24:19.717+0000] {processor.py:925} INFO - DAG(s) 'example_sensor_decorator' retrieved from /home/airflow/.local/lib/python3.12/site-packages/airflow/example_dags/example_sensor_decorator.py
[2025-12-16T08:24:19.773+0000] {logging_mixin.py:190} INFO - [2025-12-16T08:24:19.772+0000] {dag.py:3239} INFO - Sync 1 DAGs
[2025-12-16T08:24:19.818+0000] {logging_mixin.py:190} INFO - [2025-12-16T08:24:19.818+0000] {dag.py:4180} INFO - Setting next_dagrun for example_sensor_decorator to None, run_after=None
[2025-12-16T08:24:19.895+0000] {processor.py:208} INFO - Processing /home/airflow/.local/lib/python3.12/site-packages/airflow/example_dags/example_sensor_decorator.py took 0.246 seconds
[2025-12-16T08:24:51.469+0000] {processor.py:186} INFO - Started process (PID=4974) to work on /home/airflow/.local/lib/python3.12/site-packages/airflow/example_dags/example_sensor_decorator.py
[2025-12-16T08:24:51.471+0000] {processor.py:914} INFO - Processing file /home/airflow/.local/lib/python3.12/site-packages/airflow/example_dags/example_sensor_decorator.py for tasks to queue
[2025-12-16T08:24:51.475+0000] {logging_mixin.py:190} INFO - [2025-12-16T08:24:51.474+0000] {dagbag.py:588} INFO - Filling up the DagBag from /home/airflow/.local/lib/python3.12/site-packages/airflow/example_dags/example_sensor_decorator.py
[2025-12-16T08:24:51.498+0000] {processor.py:925} INFO - DAG(s) 'example_sensor_decorator' retrieved from /home/airflow/.local/lib/python3.12/site-packages/airflow/example_dags/example_sensor_decorator.py
[2025-12-16T08:24:51.561+0000] {logging_mixin.py:190} INFO - [2025-12-16T08:24:51.560+0000] {dag.py:3239} INFO - Sync 1 DAGs
[2025-12-16T08:24:51.624+0000] {logging_mixin.py:190} INFO - [2025-12-16T08:24:51.623+0000] {dag.py:4180} INFO - Setting next_dagrun for example_sensor_decorator to None, run_after=None
[2025-12-16T08:24:51.670+0000] {processor.py:208} INFO - Processing /home/airflow/.local/lib/python3.12/site-packages/airflow/example_dags/example_sensor_decorator.py took 0.227 seconds
[2025-12-16T08:25:26.823+0000] {processor.py:186} INFO - Started process (PID=5048) to work on /home/airflow/.local/lib/python3.12/site-packages/airflow/example_dags/example_sensor_decorator.py
[2025-12-16T08:25:26.826+0000] {processor.py:914} INFO - Processing file /home/airflow/.local/lib/python3.12/site-packages/airflow/example_dags/example_sensor_decorator.py for tasks to queue
[2025-12-16T08:25:26.829+0000] {logging_mixin.py:190} INFO - [2025-12-16T08:25:26.828+0000] {dagbag.py:588} INFO - Filling up the DagBag from /home/airflow/.local/lib/python3.12/site-packages/airflow/example_dags/example_sensor_decorator.py
[2025-12-16T08:25:26.878+0000] {processor.py:925} INFO - DAG(s) 'example_sensor_decorator' retrieved from /home/airflow/.local/lib/python3.12/site-packages/airflow/example_dags/example_sensor_decorator.py
[2025-12-16T08:25:26.984+0000] {logging_mixin.py:190} INFO - [2025-12-16T08:25:26.983+0000] {dag.py:3239} INFO - Sync 1 DAGs
[2025-12-16T08:25:27.026+0000] {logging_mixin.py:190} INFO - [2025-12-16T08:25:27.025+0000] {dag.py:4180} INFO - Setting next_dagrun for example_sensor_decorator to None, run_after=None
[2025-12-16T08:25:27.073+0000] {processor.py:208} INFO - Processing /home/airflow/.local/lib/python3.12/site-packages/airflow/example_dags/example_sensor_decorator.py took 0.265 seconds
[2025-12-16T08:26:02.039+0000] {processor.py:186} INFO - Started process (PID=5115) to work on /home/airflow/.local/lib/python3.12/site-packages/airflow/example_dags/example_sensor_decorator.py
[2025-12-16T08:26:02.042+0000] {processor.py:914} INFO - Processing file /home/airflow/.local/lib/python3.12/site-packages/airflow/example_dags/example_sensor_decorator.py for tasks to queue
[2025-12-16T08:26:02.046+0000] {logging_mixin.py:190} INFO - [2025-12-16T08:26:02.045+0000] {dagbag.py:588} INFO - Filling up the DagBag from /home/airflow/.local/lib/python3.12/site-packages/airflow/example_dags/example_sensor_decorator.py
[2025-12-16T08:26:02.074+0000] {processor.py:925} INFO - DAG(s) 'example_sensor_decorator' retrieved from /home/airflow/.local/lib/python3.12/site-packages/airflow/example_dags/example_sensor_decorator.py
[2025-12-16T08:26:02.135+0000] {logging_mixin.py:190} INFO - [2025-12-16T08:26:02.134+0000] {dag.py:3239} INFO - Sync 1 DAGs
[2025-12-16T08:26:02.189+0000] {logging_mixin.py:190} INFO - [2025-12-16T08:26:02.189+0000] {dag.py:4180} INFO - Setting next_dagrun for example_sensor_decorator to None, run_after=None
[2025-12-16T08:26:02.248+0000] {processor.py:208} INFO - Processing /home/airflow/.local/lib/python3.12/site-packages/airflow/example_dags/example_sensor_decorator.py took 0.238 seconds
[2025-12-16T08:26:41.612+0000] {processor.py:186} INFO - Started process (PID=5189) to work on /home/airflow/.local/lib/python3.12/site-packages/airflow/example_dags/example_sensor_decorator.py
[2025-12-16T08:26:41.615+0000] {processor.py:914} INFO - Processing file /home/airflow/.local/lib/python3.12/site-packages/airflow/example_dags/example_sensor_decorator.py for tasks to queue
[2025-12-16T08:26:41.620+0000] {logging_mixin.py:190} INFO - [2025-12-16T08:26:41.619+0000] {dagbag.py:588} INFO - Filling up the DagBag from /home/airflow/.local/lib/python3.12/site-packages/airflow/example_dags/example_sensor_decorator.py
[2025-12-16T08:26:41.677+0000] {processor.py:925} INFO - DAG(s) 'example_sensor_decorator' retrieved from /home/airflow/.local/lib/python3.12/site-packages/airflow/example_dags/example_sensor_decorator.py
[2025-12-16T08:26:41.760+0000] {logging_mixin.py:190} INFO - [2025-12-16T08:26:41.760+0000] {dag.py:3239} INFO - Sync 1 DAGs
[2025-12-16T08:26:41.831+0000] {logging_mixin.py:190} INFO - [2025-12-16T08:26:41.830+0000] {dag.py:4180} INFO - Setting next_dagrun for example_sensor_decorator to None, run_after=None
[2025-12-16T08:26:41.895+0000] {processor.py:208} INFO - Processing /home/airflow/.local/lib/python3.12/site-packages/airflow/example_dags/example_sensor_decorator.py took 0.312 seconds
[2025-12-16T08:27:17.185+0000] {processor.py:186} INFO - Started process (PID=5267) to work on /home/airflow/.local/lib/python3.12/site-packages/airflow/example_dags/example_sensor_decorator.py
[2025-12-16T08:27:17.199+0000] {processor.py:914} INFO - Processing file /home/airflow/.local/lib/python3.12/site-packages/airflow/example_dags/example_sensor_decorator.py for tasks to queue
[2025-12-16T08:27:17.210+0000] {logging_mixin.py:190} INFO - [2025-12-16T08:27:17.208+0000] {dagbag.py:588} INFO - Filling up the DagBag from /home/airflow/.local/lib/python3.12/site-packages/airflow/example_dags/example_sensor_decorator.py
[2025-12-16T08:27:17.279+0000] {processor.py:925} INFO - DAG(s) 'example_sensor_decorator' retrieved from /home/airflow/.local/lib/python3.12/site-packages/airflow/example_dags/example_sensor_decorator.py
[2025-12-16T08:27:17.806+0000] {logging_mixin.py:190} INFO - [2025-12-16T08:27:17.805+0000] {dag.py:3239} INFO - Sync 1 DAGs
[2025-12-16T08:27:18.012+0000] {logging_mixin.py:190} INFO - [2025-12-16T08:27:18.009+0000] {dag.py:4180} INFO - Setting next_dagrun for example_sensor_decorator to None, run_after=None
[2025-12-16T08:27:18.241+0000] {processor.py:208} INFO - Processing /home/airflow/.local/lib/python3.12/site-packages/airflow/example_dags/example_sensor_decorator.py took 1.100 seconds
[2025-12-16T08:28:17.235+0000] {processor.py:186} INFO - Started process (PID=5338) to work on /home/airflow/.local/lib/python3.12/site-packages/airflow/example_dags/example_sensor_decorator.py
[2025-12-16T08:28:17.238+0000] {processor.py:914} INFO - Processing file /home/airflow/.local/lib/python3.12/site-packages/airflow/example_dags/example_sensor_decorator.py for tasks to queue
[2025-12-16T08:28:17.244+0000] {logging_mixin.py:190} INFO - [2025-12-16T08:28:17.243+0000] {dagbag.py:588} INFO - Filling up the DagBag from /home/airflow/.local/lib/python3.12/site-packages/airflow/example_dags/example_sensor_decorator.py
[2025-12-16T08:28:17.277+0000] {processor.py:925} INFO - DAG(s) 'example_sensor_decorator' retrieved from /home/airflow/.local/lib/python3.12/site-packages/airflow/example_dags/example_sensor_decorator.py
[2025-12-16T08:28:17.343+0000] {logging_mixin.py:190} INFO - [2025-12-16T08:28:17.342+0000] {dag.py:3239} INFO - Sync 1 DAGs
[2025-12-16T08:28:17.399+0000] {logging_mixin.py:190} INFO - [2025-12-16T08:28:17.397+0000] {dag.py:4180} INFO - Setting next_dagrun for example_sensor_decorator to None, run_after=None
[2025-12-16T08:28:17.506+0000] {processor.py:208} INFO - Processing /home/airflow/.local/lib/python3.12/site-packages/airflow/example_dags/example_sensor_decorator.py took 0.295 seconds
