[2025-12-16T07:16:41.570+0000] {processor.py:186} INFO - Started process (PID=107) to work on /home/airflow/.local/lib/python3.12/site-packages/airflow/example_dags/example_python_decorator.py
[2025-12-16T07:16:41.582+0000] {processor.py:914} INFO - Processing file /home/airflow/.local/lib/python3.12/site-packages/airflow/example_dags/example_python_decorator.py for tasks to queue
[2025-12-16T07:16:41.636+0000] {logging_mixin.py:190} INFO - [2025-12-16T07:16:41.631+0000] {dagbag.py:588} INFO - Filling up the DagBag from /home/airflow/.local/lib/python3.12/site-packages/airflow/example_dags/example_python_decorator.py
[2025-12-16T07:16:41.854+0000] {processor.py:925} INFO - DAG(s) 'example_python_decorator' retrieved from /home/airflow/.local/lib/python3.12/site-packages/airflow/example_dags/example_python_decorator.py
[2025-12-16T07:16:43.206+0000] {logging_mixin.py:190} INFO - [2025-12-16T07:16:43.199+0000] {override.py:1930} INFO - Created Permission View: can read on DAG:example_python_decorator
[2025-12-16T07:16:43.445+0000] {logging_mixin.py:190} INFO - [2025-12-16T07:16:43.444+0000] {override.py:1930} INFO - Created Permission View: can delete on DAG:example_python_decorator
[2025-12-16T07:16:43.503+0000] {logging_mixin.py:190} INFO - [2025-12-16T07:16:43.502+0000] {override.py:1930} INFO - Created Permission View: can edit on DAG:example_python_decorator
[2025-12-16T07:16:43.545+0000] {logging_mixin.py:190} INFO - [2025-12-16T07:16:43.545+0000] {override.py:1930} INFO - Created Permission View: can read on DAG Run:example_python_decorator
[2025-12-16T07:16:43.586+0000] {logging_mixin.py:190} INFO - [2025-12-16T07:16:43.585+0000] {override.py:1930} INFO - Created Permission View: can delete on DAG Run:example_python_decorator
[2025-12-16T07:16:43.619+0000] {logging_mixin.py:190} INFO - [2025-12-16T07:16:43.619+0000] {override.py:1930} INFO - Created Permission View: can create on DAG Run:example_python_decorator
[2025-12-16T07:16:43.672+0000] {logging_mixin.py:190} INFO - [2025-12-16T07:16:43.671+0000] {override.py:1930} INFO - Created Permission View: menu access on DAG Run:example_python_decorator
[2025-12-16T07:16:43.675+0000] {logging_mixin.py:190} INFO - [2025-12-16T07:16:43.674+0000] {dag.py:3239} INFO - Sync 1 DAGs
[2025-12-16T07:16:44.089+0000] {logging_mixin.py:190} INFO - [2025-12-16T07:16:44.089+0000] {dag.py:3262} INFO - Creating ORM DAG for example_python_decorator
[2025-12-16T07:16:44.160+0000] {logging_mixin.py:190} INFO - [2025-12-16T07:16:44.159+0000] {dag.py:4180} INFO - Setting next_dagrun for example_python_decorator to None, run_after=None
[2025-12-16T07:16:44.701+0000] {processor.py:208} INFO - Processing /home/airflow/.local/lib/python3.12/site-packages/airflow/example_dags/example_python_decorator.py took 3.189 seconds
[2025-12-16T07:18:12.177+0000] {processor.py:186} INFO - Started process (PID=189) to work on /home/airflow/.local/lib/python3.12/site-packages/airflow/example_dags/example_python_decorator.py
[2025-12-16T07:18:12.181+0000] {processor.py:914} INFO - Processing file /home/airflow/.local/lib/python3.12/site-packages/airflow/example_dags/example_python_decorator.py for tasks to queue
[2025-12-16T07:18:12.197+0000] {logging_mixin.py:190} INFO - [2025-12-16T07:18:12.196+0000] {dagbag.py:588} INFO - Filling up the DagBag from /home/airflow/.local/lib/python3.12/site-packages/airflow/example_dags/example_python_decorator.py
[2025-12-16T07:18:12.328+0000] {processor.py:925} INFO - DAG(s) 'example_python_decorator' retrieved from /home/airflow/.local/lib/python3.12/site-packages/airflow/example_dags/example_python_decorator.py
[2025-12-16T07:18:12.484+0000] {logging_mixin.py:190} INFO - [2025-12-16T07:18:12.483+0000] {dag.py:3239} INFO - Sync 1 DAGs
[2025-12-16T07:18:12.566+0000] {logging_mixin.py:190} INFO - [2025-12-16T07:18:12.563+0000] {dag.py:4180} INFO - Setting next_dagrun for example_python_decorator to None, run_after=None
[2025-12-16T07:18:12.677+0000] {processor.py:208} INFO - Processing /home/airflow/.local/lib/python3.12/site-packages/airflow/example_dags/example_python_decorator.py took 0.524 seconds
[2025-12-16T07:18:50.738+0000] {processor.py:186} INFO - Started process (PID=261) to work on /home/airflow/.local/lib/python3.12/site-packages/airflow/example_dags/example_python_decorator.py
[2025-12-16T07:18:50.758+0000] {processor.py:914} INFO - Processing file /home/airflow/.local/lib/python3.12/site-packages/airflow/example_dags/example_python_decorator.py for tasks to queue
[2025-12-16T07:18:50.774+0000] {logging_mixin.py:190} INFO - [2025-12-16T07:18:50.773+0000] {dagbag.py:588} INFO - Filling up the DagBag from /home/airflow/.local/lib/python3.12/site-packages/airflow/example_dags/example_python_decorator.py
[2025-12-16T07:18:51.180+0000] {processor.py:925} INFO - DAG(s) 'example_python_decorator' retrieved from /home/airflow/.local/lib/python3.12/site-packages/airflow/example_dags/example_python_decorator.py
[2025-12-16T07:18:51.517+0000] {logging_mixin.py:190} INFO - [2025-12-16T07:18:51.507+0000] {dag.py:3239} INFO - Sync 1 DAGs
[2025-12-16T07:18:52.134+0000] {logging_mixin.py:190} INFO - [2025-12-16T07:18:52.133+0000] {dag.py:4180} INFO - Setting next_dagrun for example_python_decorator to None, run_after=None
[2025-12-16T07:18:52.208+0000] {processor.py:208} INFO - Processing /home/airflow/.local/lib/python3.12/site-packages/airflow/example_dags/example_python_decorator.py took 1.496 seconds
[2025-12-16T07:19:22.506+0000] {processor.py:186} INFO - Started process (PID=332) to work on /home/airflow/.local/lib/python3.12/site-packages/airflow/example_dags/example_python_decorator.py
[2025-12-16T07:19:22.509+0000] {processor.py:914} INFO - Processing file /home/airflow/.local/lib/python3.12/site-packages/airflow/example_dags/example_python_decorator.py for tasks to queue
[2025-12-16T07:19:22.518+0000] {logging_mixin.py:190} INFO - [2025-12-16T07:19:22.517+0000] {dagbag.py:588} INFO - Filling up the DagBag from /home/airflow/.local/lib/python3.12/site-packages/airflow/example_dags/example_python_decorator.py
[2025-12-16T07:19:22.611+0000] {processor.py:925} INFO - DAG(s) 'example_python_decorator' retrieved from /home/airflow/.local/lib/python3.12/site-packages/airflow/example_dags/example_python_decorator.py
[2025-12-16T07:19:22.721+0000] {logging_mixin.py:190} INFO - [2025-12-16T07:19:22.720+0000] {dag.py:3239} INFO - Sync 1 DAGs
[2025-12-16T07:19:22.812+0000] {logging_mixin.py:190} INFO - [2025-12-16T07:19:22.812+0000] {dag.py:4180} INFO - Setting next_dagrun for example_python_decorator to None, run_after=None
[2025-12-16T07:19:23.189+0000] {processor.py:208} INFO - Processing /home/airflow/.local/lib/python3.12/site-packages/airflow/example_dags/example_python_decorator.py took 0.706 seconds
[2025-12-16T07:20:04.507+0000] {processor.py:186} INFO - Started process (PID=405) to work on /home/airflow/.local/lib/python3.12/site-packages/airflow/example_dags/example_python_decorator.py
[2025-12-16T07:20:04.510+0000] {processor.py:914} INFO - Processing file /home/airflow/.local/lib/python3.12/site-packages/airflow/example_dags/example_python_decorator.py for tasks to queue
[2025-12-16T07:20:04.521+0000] {logging_mixin.py:190} INFO - [2025-12-16T07:20:04.520+0000] {dagbag.py:588} INFO - Filling up the DagBag from /home/airflow/.local/lib/python3.12/site-packages/airflow/example_dags/example_python_decorator.py
[2025-12-16T07:20:04.585+0000] {processor.py:925} INFO - DAG(s) 'example_python_decorator' retrieved from /home/airflow/.local/lib/python3.12/site-packages/airflow/example_dags/example_python_decorator.py
[2025-12-16T07:20:04.732+0000] {logging_mixin.py:190} INFO - [2025-12-16T07:20:04.726+0000] {dag.py:3239} INFO - Sync 1 DAGs
[2025-12-16T07:20:04.894+0000] {logging_mixin.py:190} INFO - [2025-12-16T07:20:04.893+0000] {dag.py:4180} INFO - Setting next_dagrun for example_python_decorator to None, run_after=None
[2025-12-16T07:20:05.035+0000] {processor.py:208} INFO - Processing /home/airflow/.local/lib/python3.12/site-packages/airflow/example_dags/example_python_decorator.py took 0.559 seconds
[2025-12-16T07:20:35.538+0000] {processor.py:186} INFO - Started process (PID=475) to work on /home/airflow/.local/lib/python3.12/site-packages/airflow/example_dags/example_python_decorator.py
[2025-12-16T07:20:35.553+0000] {processor.py:914} INFO - Processing file /home/airflow/.local/lib/python3.12/site-packages/airflow/example_dags/example_python_decorator.py for tasks to queue
[2025-12-16T07:20:35.571+0000] {logging_mixin.py:190} INFO - [2025-12-16T07:20:35.568+0000] {dagbag.py:588} INFO - Filling up the DagBag from /home/airflow/.local/lib/python3.12/site-packages/airflow/example_dags/example_python_decorator.py
[2025-12-16T07:20:35.673+0000] {processor.py:925} INFO - DAG(s) 'example_python_decorator' retrieved from /home/airflow/.local/lib/python3.12/site-packages/airflow/example_dags/example_python_decorator.py
[2025-12-16T07:20:35.772+0000] {logging_mixin.py:190} INFO - [2025-12-16T07:20:35.771+0000] {dag.py:3239} INFO - Sync 1 DAGs
[2025-12-16T07:20:35.850+0000] {logging_mixin.py:190} INFO - [2025-12-16T07:20:35.850+0000] {dag.py:4180} INFO - Setting next_dagrun for example_python_decorator to None, run_after=None
[2025-12-16T07:20:35.910+0000] {processor.py:208} INFO - Processing /home/airflow/.local/lib/python3.12/site-packages/airflow/example_dags/example_python_decorator.py took 0.426 seconds
[2025-12-16T07:21:06.185+0000] {processor.py:186} INFO - Started process (PID=547) to work on /home/airflow/.local/lib/python3.12/site-packages/airflow/example_dags/example_python_decorator.py
[2025-12-16T07:21:06.190+0000] {processor.py:914} INFO - Processing file /home/airflow/.local/lib/python3.12/site-packages/airflow/example_dags/example_python_decorator.py for tasks to queue
[2025-12-16T07:21:06.196+0000] {logging_mixin.py:190} INFO - [2025-12-16T07:21:06.195+0000] {dagbag.py:588} INFO - Filling up the DagBag from /home/airflow/.local/lib/python3.12/site-packages/airflow/example_dags/example_python_decorator.py
[2025-12-16T07:21:06.232+0000] {processor.py:925} INFO - DAG(s) 'example_python_decorator' retrieved from /home/airflow/.local/lib/python3.12/site-packages/airflow/example_dags/example_python_decorator.py
[2025-12-16T07:21:06.285+0000] {logging_mixin.py:190} INFO - [2025-12-16T07:21:06.285+0000] {dag.py:3239} INFO - Sync 1 DAGs
[2025-12-16T07:21:06.333+0000] {logging_mixin.py:190} INFO - [2025-12-16T07:21:06.333+0000] {dag.py:4180} INFO - Setting next_dagrun for example_python_decorator to None, run_after=None
[2025-12-16T07:21:06.390+0000] {processor.py:208} INFO - Processing /home/airflow/.local/lib/python3.12/site-packages/airflow/example_dags/example_python_decorator.py took 0.220 seconds
[2025-12-16T07:21:41.271+0000] {processor.py:186} INFO - Started process (PID=625) to work on /home/airflow/.local/lib/python3.12/site-packages/airflow/example_dags/example_python_decorator.py
[2025-12-16T07:21:41.275+0000] {processor.py:914} INFO - Processing file /home/airflow/.local/lib/python3.12/site-packages/airflow/example_dags/example_python_decorator.py for tasks to queue
[2025-12-16T07:21:41.282+0000] {logging_mixin.py:190} INFO - [2025-12-16T07:21:41.281+0000] {dagbag.py:588} INFO - Filling up the DagBag from /home/airflow/.local/lib/python3.12/site-packages/airflow/example_dags/example_python_decorator.py
[2025-12-16T07:21:41.329+0000] {processor.py:925} INFO - DAG(s) 'example_python_decorator' retrieved from /home/airflow/.local/lib/python3.12/site-packages/airflow/example_dags/example_python_decorator.py
[2025-12-16T07:21:41.399+0000] {logging_mixin.py:190} INFO - [2025-12-16T07:21:41.399+0000] {dag.py:3239} INFO - Sync 1 DAGs
[2025-12-16T07:21:41.435+0000] {logging_mixin.py:190} INFO - [2025-12-16T07:21:41.435+0000] {dag.py:4180} INFO - Setting next_dagrun for example_python_decorator to None, run_after=None
[2025-12-16T07:21:41.488+0000] {processor.py:208} INFO - Processing /home/airflow/.local/lib/python3.12/site-packages/airflow/example_dags/example_python_decorator.py took 0.233 seconds
[2025-12-16T07:22:12.566+0000] {processor.py:186} INFO - Started process (PID=686) to work on /home/airflow/.local/lib/python3.12/site-packages/airflow/example_dags/example_python_decorator.py
[2025-12-16T07:22:12.569+0000] {processor.py:914} INFO - Processing file /home/airflow/.local/lib/python3.12/site-packages/airflow/example_dags/example_python_decorator.py for tasks to queue
[2025-12-16T07:22:12.581+0000] {logging_mixin.py:190} INFO - [2025-12-16T07:22:12.580+0000] {dagbag.py:588} INFO - Filling up the DagBag from /home/airflow/.local/lib/python3.12/site-packages/airflow/example_dags/example_python_decorator.py
[2025-12-16T07:22:12.634+0000] {processor.py:925} INFO - DAG(s) 'example_python_decorator' retrieved from /home/airflow/.local/lib/python3.12/site-packages/airflow/example_dags/example_python_decorator.py
[2025-12-16T07:22:12.698+0000] {logging_mixin.py:190} INFO - [2025-12-16T07:22:12.698+0000] {dag.py:3239} INFO - Sync 1 DAGs
[2025-12-16T07:22:12.762+0000] {logging_mixin.py:190} INFO - [2025-12-16T07:22:12.762+0000] {dag.py:4180} INFO - Setting next_dagrun for example_python_decorator to None, run_after=None
[2025-12-16T07:22:12.844+0000] {processor.py:208} INFO - Processing /home/airflow/.local/lib/python3.12/site-packages/airflow/example_dags/example_python_decorator.py took 0.307 seconds
[2025-12-16T07:22:44.758+0000] {processor.py:186} INFO - Started process (PID=752) to work on /home/airflow/.local/lib/python3.12/site-packages/airflow/example_dags/example_python_decorator.py
[2025-12-16T07:22:44.765+0000] {processor.py:914} INFO - Processing file /home/airflow/.local/lib/python3.12/site-packages/airflow/example_dags/example_python_decorator.py for tasks to queue
[2025-12-16T07:22:44.772+0000] {logging_mixin.py:190} INFO - [2025-12-16T07:22:44.771+0000] {dagbag.py:588} INFO - Filling up the DagBag from /home/airflow/.local/lib/python3.12/site-packages/airflow/example_dags/example_python_decorator.py
[2025-12-16T07:22:44.863+0000] {processor.py:925} INFO - DAG(s) 'example_python_decorator' retrieved from /home/airflow/.local/lib/python3.12/site-packages/airflow/example_dags/example_python_decorator.py
[2025-12-16T07:22:44.957+0000] {logging_mixin.py:190} INFO - [2025-12-16T07:22:44.957+0000] {dag.py:3239} INFO - Sync 1 DAGs
[2025-12-16T07:22:45.073+0000] {logging_mixin.py:190} INFO - [2025-12-16T07:22:45.073+0000] {dag.py:4180} INFO - Setting next_dagrun for example_python_decorator to None, run_after=None
[2025-12-16T07:22:45.142+0000] {processor.py:208} INFO - Processing /home/airflow/.local/lib/python3.12/site-packages/airflow/example_dags/example_python_decorator.py took 0.402 seconds
[2025-12-16T07:23:18.978+0000] {processor.py:186} INFO - Started process (PID=824) to work on /home/airflow/.local/lib/python3.12/site-packages/airflow/example_dags/example_python_decorator.py
[2025-12-16T07:23:18.981+0000] {processor.py:914} INFO - Processing file /home/airflow/.local/lib/python3.12/site-packages/airflow/example_dags/example_python_decorator.py for tasks to queue
[2025-12-16T07:23:18.988+0000] {logging_mixin.py:190} INFO - [2025-12-16T07:23:18.987+0000] {dagbag.py:588} INFO - Filling up the DagBag from /home/airflow/.local/lib/python3.12/site-packages/airflow/example_dags/example_python_decorator.py
[2025-12-16T07:23:19.055+0000] {processor.py:925} INFO - DAG(s) 'example_python_decorator' retrieved from /home/airflow/.local/lib/python3.12/site-packages/airflow/example_dags/example_python_decorator.py
[2025-12-16T07:23:19.147+0000] {logging_mixin.py:190} INFO - [2025-12-16T07:23:19.147+0000] {dag.py:3239} INFO - Sync 1 DAGs
[2025-12-16T07:23:19.243+0000] {logging_mixin.py:190} INFO - [2025-12-16T07:23:19.243+0000] {dag.py:4180} INFO - Setting next_dagrun for example_python_decorator to None, run_after=None
[2025-12-16T07:23:19.330+0000] {processor.py:208} INFO - Processing /home/airflow/.local/lib/python3.12/site-packages/airflow/example_dags/example_python_decorator.py took 0.397 seconds
[2025-12-16T07:23:49.776+0000] {processor.py:186} INFO - Started process (PID=894) to work on /home/airflow/.local/lib/python3.12/site-packages/airflow/example_dags/example_python_decorator.py
[2025-12-16T07:23:49.778+0000] {processor.py:914} INFO - Processing file /home/airflow/.local/lib/python3.12/site-packages/airflow/example_dags/example_python_decorator.py for tasks to queue
[2025-12-16T07:23:49.785+0000] {logging_mixin.py:190} INFO - [2025-12-16T07:23:49.784+0000] {dagbag.py:588} INFO - Filling up the DagBag from /home/airflow/.local/lib/python3.12/site-packages/airflow/example_dags/example_python_decorator.py
[2025-12-16T07:23:49.828+0000] {processor.py:925} INFO - DAG(s) 'example_python_decorator' retrieved from /home/airflow/.local/lib/python3.12/site-packages/airflow/example_dags/example_python_decorator.py
[2025-12-16T07:23:49.886+0000] {logging_mixin.py:190} INFO - [2025-12-16T07:23:49.886+0000] {dag.py:3239} INFO - Sync 1 DAGs
[2025-12-16T07:23:49.933+0000] {logging_mixin.py:190} INFO - [2025-12-16T07:23:49.932+0000] {dag.py:4180} INFO - Setting next_dagrun for example_python_decorator to None, run_after=None
[2025-12-16T07:23:49.983+0000] {processor.py:208} INFO - Processing /home/airflow/.local/lib/python3.12/site-packages/airflow/example_dags/example_python_decorator.py took 0.222 seconds
[2025-12-16T07:25:33.965+0000] {processor.py:186} INFO - Started process (PID=950) to work on /home/airflow/.local/lib/python3.12/site-packages/airflow/example_dags/example_python_decorator.py
[2025-12-16T07:25:33.969+0000] {processor.py:914} INFO - Processing file /home/airflow/.local/lib/python3.12/site-packages/airflow/example_dags/example_python_decorator.py for tasks to queue
[2025-12-16T07:25:33.982+0000] {logging_mixin.py:190} INFO - [2025-12-16T07:25:33.974+0000] {dagbag.py:588} INFO - Filling up the DagBag from /home/airflow/.local/lib/python3.12/site-packages/airflow/example_dags/example_python_decorator.py
[2025-12-16T07:25:34.168+0000] {processor.py:925} INFO - DAG(s) 'example_python_decorator' retrieved from /home/airflow/.local/lib/python3.12/site-packages/airflow/example_dags/example_python_decorator.py
[2025-12-16T07:25:34.970+0000] {logging_mixin.py:190} INFO - [2025-12-16T07:25:34.947+0000] {dag.py:3239} INFO - Sync 1 DAGs
[2025-12-16T07:25:35.183+0000] {logging_mixin.py:190} INFO - [2025-12-16T07:25:35.182+0000] {dag.py:4180} INFO - Setting next_dagrun for example_python_decorator to None, run_after=None
[2025-12-16T07:25:35.339+0000] {processor.py:208} INFO - Processing /home/airflow/.local/lib/python3.12/site-packages/airflow/example_dags/example_python_decorator.py took 1.457 seconds
[2025-12-16T07:27:56.120+0000] {processor.py:186} INFO - Started process (PID=1010) to work on /home/airflow/.local/lib/python3.12/site-packages/airflow/example_dags/example_python_decorator.py
[2025-12-16T07:27:56.123+0000] {processor.py:914} INFO - Processing file /home/airflow/.local/lib/python3.12/site-packages/airflow/example_dags/example_python_decorator.py for tasks to queue
[2025-12-16T07:27:56.127+0000] {logging_mixin.py:190} INFO - [2025-12-16T07:27:56.126+0000] {dagbag.py:588} INFO - Filling up the DagBag from /home/airflow/.local/lib/python3.12/site-packages/airflow/example_dags/example_python_decorator.py
[2025-12-16T07:27:56.179+0000] {processor.py:925} INFO - DAG(s) 'example_python_decorator' retrieved from /home/airflow/.local/lib/python3.12/site-packages/airflow/example_dags/example_python_decorator.py
[2025-12-16T07:27:56.251+0000] {logging_mixin.py:190} INFO - [2025-12-16T07:27:56.251+0000] {dag.py:3239} INFO - Sync 1 DAGs
[2025-12-16T07:27:56.293+0000] {logging_mixin.py:190} INFO - [2025-12-16T07:27:56.293+0000] {dag.py:4180} INFO - Setting next_dagrun for example_python_decorator to None, run_after=None
[2025-12-16T07:27:56.354+0000] {processor.py:208} INFO - Processing /home/airflow/.local/lib/python3.12/site-packages/airflow/example_dags/example_python_decorator.py took 0.253 seconds
[2025-12-16T07:28:39.575+0000] {processor.py:186} INFO - Started process (PID=1089) to work on /home/airflow/.local/lib/python3.12/site-packages/airflow/example_dags/example_python_decorator.py
[2025-12-16T07:28:39.579+0000] {processor.py:914} INFO - Processing file /home/airflow/.local/lib/python3.12/site-packages/airflow/example_dags/example_python_decorator.py for tasks to queue
[2025-12-16T07:28:39.583+0000] {logging_mixin.py:190} INFO - [2025-12-16T07:28:39.582+0000] {dagbag.py:588} INFO - Filling up the DagBag from /home/airflow/.local/lib/python3.12/site-packages/airflow/example_dags/example_python_decorator.py
[2025-12-16T07:28:39.632+0000] {processor.py:925} INFO - DAG(s) 'example_python_decorator' retrieved from /home/airflow/.local/lib/python3.12/site-packages/airflow/example_dags/example_python_decorator.py
[2025-12-16T07:28:39.765+0000] {logging_mixin.py:190} INFO - [2025-12-16T07:28:39.764+0000] {dag.py:3239} INFO - Sync 1 DAGs
[2025-12-16T07:28:39.808+0000] {logging_mixin.py:190} INFO - [2025-12-16T07:28:39.808+0000] {dag.py:4180} INFO - Setting next_dagrun for example_python_decorator to None, run_after=None
[2025-12-16T07:28:39.866+0000] {processor.py:208} INFO - Processing /home/airflow/.local/lib/python3.12/site-packages/airflow/example_dags/example_python_decorator.py took 0.310 seconds
[2025-12-16T07:30:19.673+0000] {processor.py:186} INFO - Started process (PID=1173) to work on /home/airflow/.local/lib/python3.12/site-packages/airflow/example_dags/example_python_decorator.py
[2025-12-16T07:30:19.706+0000] {processor.py:914} INFO - Processing file /home/airflow/.local/lib/python3.12/site-packages/airflow/example_dags/example_python_decorator.py for tasks to queue
[2025-12-16T07:30:19.725+0000] {logging_mixin.py:190} INFO - [2025-12-16T07:30:19.723+0000] {dagbag.py:588} INFO - Filling up the DagBag from /home/airflow/.local/lib/python3.12/site-packages/airflow/example_dags/example_python_decorator.py
[2025-12-16T07:30:19.941+0000] {processor.py:925} INFO - DAG(s) 'example_python_decorator' retrieved from /home/airflow/.local/lib/python3.12/site-packages/airflow/example_dags/example_python_decorator.py
[2025-12-16T07:30:20.076+0000] {logging_mixin.py:190} INFO - [2025-12-16T07:30:20.074+0000] {dag.py:3239} INFO - Sync 1 DAGs
[2025-12-16T07:30:20.182+0000] {logging_mixin.py:190} INFO - [2025-12-16T07:30:20.182+0000] {dag.py:4180} INFO - Setting next_dagrun for example_python_decorator to None, run_after=None
[2025-12-16T07:30:20.271+0000] {processor.py:208} INFO - Processing /home/airflow/.local/lib/python3.12/site-packages/airflow/example_dags/example_python_decorator.py took 0.797 seconds
[2025-12-16T07:32:23.459+0000] {processor.py:186} INFO - Started process (PID=1240) to work on /home/airflow/.local/lib/python3.12/site-packages/airflow/example_dags/example_python_decorator.py
[2025-12-16T07:32:23.463+0000] {processor.py:914} INFO - Processing file /home/airflow/.local/lib/python3.12/site-packages/airflow/example_dags/example_python_decorator.py for tasks to queue
[2025-12-16T07:32:23.467+0000] {logging_mixin.py:190} INFO - [2025-12-16T07:32:23.466+0000] {dagbag.py:588} INFO - Filling up the DagBag from /home/airflow/.local/lib/python3.12/site-packages/airflow/example_dags/example_python_decorator.py
[2025-12-16T07:32:23.551+0000] {processor.py:925} INFO - DAG(s) 'example_python_decorator' retrieved from /home/airflow/.local/lib/python3.12/site-packages/airflow/example_dags/example_python_decorator.py
[2025-12-16T07:32:24.094+0000] {logging_mixin.py:190} INFO - [2025-12-16T07:32:24.093+0000] {dag.py:3239} INFO - Sync 1 DAGs
[2025-12-16T07:32:24.164+0000] {logging_mixin.py:190} INFO - [2025-12-16T07:32:24.163+0000] {dag.py:4180} INFO - Setting next_dagrun for example_python_decorator to None, run_after=None
[2025-12-16T07:32:24.245+0000] {processor.py:208} INFO - Processing /home/airflow/.local/lib/python3.12/site-packages/airflow/example_dags/example_python_decorator.py took 0.809 seconds
[2025-12-16T07:33:01.380+0000] {processor.py:186} INFO - Started process (PID=1311) to work on /home/airflow/.local/lib/python3.12/site-packages/airflow/example_dags/example_python_decorator.py
[2025-12-16T07:33:01.387+0000] {processor.py:914} INFO - Processing file /home/airflow/.local/lib/python3.12/site-packages/airflow/example_dags/example_python_decorator.py for tasks to queue
[2025-12-16T07:33:01.392+0000] {logging_mixin.py:190} INFO - [2025-12-16T07:33:01.391+0000] {dagbag.py:588} INFO - Filling up the DagBag from /home/airflow/.local/lib/python3.12/site-packages/airflow/example_dags/example_python_decorator.py
[2025-12-16T07:33:01.513+0000] {processor.py:925} INFO - DAG(s) 'example_python_decorator' retrieved from /home/airflow/.local/lib/python3.12/site-packages/airflow/example_dags/example_python_decorator.py
[2025-12-16T07:33:01.656+0000] {logging_mixin.py:190} INFO - [2025-12-16T07:33:01.655+0000] {dag.py:3239} INFO - Sync 1 DAGs
[2025-12-16T07:33:01.699+0000] {logging_mixin.py:190} INFO - [2025-12-16T07:33:01.699+0000] {dag.py:4180} INFO - Setting next_dagrun for example_python_decorator to None, run_after=None
[2025-12-16T07:33:01.865+0000] {processor.py:208} INFO - Processing /home/airflow/.local/lib/python3.12/site-packages/airflow/example_dags/example_python_decorator.py took 0.522 seconds
[2025-12-16T07:33:32.645+0000] {processor.py:186} INFO - Started process (PID=1382) to work on /home/airflow/.local/lib/python3.12/site-packages/airflow/example_dags/example_python_decorator.py
[2025-12-16T07:33:32.647+0000] {processor.py:914} INFO - Processing file /home/airflow/.local/lib/python3.12/site-packages/airflow/example_dags/example_python_decorator.py for tasks to queue
[2025-12-16T07:33:32.651+0000] {logging_mixin.py:190} INFO - [2025-12-16T07:33:32.650+0000] {dagbag.py:588} INFO - Filling up the DagBag from /home/airflow/.local/lib/python3.12/site-packages/airflow/example_dags/example_python_decorator.py
[2025-12-16T07:33:32.693+0000] {processor.py:925} INFO - DAG(s) 'example_python_decorator' retrieved from /home/airflow/.local/lib/python3.12/site-packages/airflow/example_dags/example_python_decorator.py
[2025-12-16T07:33:32.744+0000] {logging_mixin.py:190} INFO - [2025-12-16T07:33:32.743+0000] {dag.py:3239} INFO - Sync 1 DAGs
[2025-12-16T07:33:32.786+0000] {logging_mixin.py:190} INFO - [2025-12-16T07:33:32.786+0000] {dag.py:4180} INFO - Setting next_dagrun for example_python_decorator to None, run_after=None
[2025-12-16T07:33:32.832+0000] {processor.py:208} INFO - Processing /home/airflow/.local/lib/python3.12/site-packages/airflow/example_dags/example_python_decorator.py took 0.204 seconds
[2025-12-16T07:34:03.662+0000] {processor.py:186} INFO - Started process (PID=1454) to work on /home/airflow/.local/lib/python3.12/site-packages/airflow/example_dags/example_python_decorator.py
[2025-12-16T07:34:03.666+0000] {processor.py:914} INFO - Processing file /home/airflow/.local/lib/python3.12/site-packages/airflow/example_dags/example_python_decorator.py for tasks to queue
[2025-12-16T07:34:03.670+0000] {logging_mixin.py:190} INFO - [2025-12-16T07:34:03.669+0000] {dagbag.py:588} INFO - Filling up the DagBag from /home/airflow/.local/lib/python3.12/site-packages/airflow/example_dags/example_python_decorator.py
[2025-12-16T07:34:03.782+0000] {processor.py:925} INFO - DAG(s) 'example_python_decorator' retrieved from /home/airflow/.local/lib/python3.12/site-packages/airflow/example_dags/example_python_decorator.py
[2025-12-16T07:34:03.897+0000] {logging_mixin.py:190} INFO - [2025-12-16T07:34:03.897+0000] {dag.py:3239} INFO - Sync 1 DAGs
[2025-12-16T07:34:03.980+0000] {logging_mixin.py:190} INFO - [2025-12-16T07:34:03.980+0000] {dag.py:4180} INFO - Setting next_dagrun for example_python_decorator to None, run_after=None
[2025-12-16T07:34:04.065+0000] {processor.py:208} INFO - Processing /home/airflow/.local/lib/python3.12/site-packages/airflow/example_dags/example_python_decorator.py took 0.430 seconds
[2025-12-16T07:34:37.244+0000] {processor.py:186} INFO - Started process (PID=1527) to work on /home/airflow/.local/lib/python3.12/site-packages/airflow/example_dags/example_python_decorator.py
[2025-12-16T07:34:37.247+0000] {processor.py:914} INFO - Processing file /home/airflow/.local/lib/python3.12/site-packages/airflow/example_dags/example_python_decorator.py for tasks to queue
[2025-12-16T07:34:37.250+0000] {logging_mixin.py:190} INFO - [2025-12-16T07:34:37.249+0000] {dagbag.py:588} INFO - Filling up the DagBag from /home/airflow/.local/lib/python3.12/site-packages/airflow/example_dags/example_python_decorator.py
[2025-12-16T07:34:37.292+0000] {processor.py:925} INFO - DAG(s) 'example_python_decorator' retrieved from /home/airflow/.local/lib/python3.12/site-packages/airflow/example_dags/example_python_decorator.py
[2025-12-16T07:34:37.361+0000] {logging_mixin.py:190} INFO - [2025-12-16T07:34:37.360+0000] {dag.py:3239} INFO - Sync 1 DAGs
[2025-12-16T07:34:37.405+0000] {logging_mixin.py:190} INFO - [2025-12-16T07:34:37.405+0000] {dag.py:4180} INFO - Setting next_dagrun for example_python_decorator to None, run_after=None
[2025-12-16T07:34:37.452+0000] {processor.py:208} INFO - Processing /home/airflow/.local/lib/python3.12/site-packages/airflow/example_dags/example_python_decorator.py took 0.224 seconds
[2025-12-16T07:35:16.649+0000] {processor.py:186} INFO - Started process (PID=1596) to work on /home/airflow/.local/lib/python3.12/site-packages/airflow/example_dags/example_python_decorator.py
[2025-12-16T07:35:16.653+0000] {processor.py:914} INFO - Processing file /home/airflow/.local/lib/python3.12/site-packages/airflow/example_dags/example_python_decorator.py for tasks to queue
[2025-12-16T07:35:16.659+0000] {logging_mixin.py:190} INFO - [2025-12-16T07:35:16.656+0000] {dagbag.py:588} INFO - Filling up the DagBag from /home/airflow/.local/lib/python3.12/site-packages/airflow/example_dags/example_python_decorator.py
[2025-12-16T07:35:16.799+0000] {processor.py:925} INFO - DAG(s) 'example_python_decorator' retrieved from /home/airflow/.local/lib/python3.12/site-packages/airflow/example_dags/example_python_decorator.py
[2025-12-16T07:35:16.945+0000] {logging_mixin.py:190} INFO - [2025-12-16T07:35:16.944+0000] {dag.py:3239} INFO - Sync 1 DAGs
[2025-12-16T07:35:17.057+0000] {logging_mixin.py:190} INFO - [2025-12-16T07:35:17.056+0000] {dag.py:4180} INFO - Setting next_dagrun for example_python_decorator to None, run_after=None
[2025-12-16T07:35:17.134+0000] {processor.py:208} INFO - Processing /home/airflow/.local/lib/python3.12/site-packages/airflow/example_dags/example_python_decorator.py took 0.535 seconds
[2025-12-16T07:35:47.862+0000] {processor.py:186} INFO - Started process (PID=1668) to work on /home/airflow/.local/lib/python3.12/site-packages/airflow/example_dags/example_python_decorator.py
[2025-12-16T07:35:47.872+0000] {processor.py:914} INFO - Processing file /home/airflow/.local/lib/python3.12/site-packages/airflow/example_dags/example_python_decorator.py for tasks to queue
[2025-12-16T07:35:47.876+0000] {logging_mixin.py:190} INFO - [2025-12-16T07:35:47.875+0000] {dagbag.py:588} INFO - Filling up the DagBag from /home/airflow/.local/lib/python3.12/site-packages/airflow/example_dags/example_python_decorator.py
[2025-12-16T07:35:48.008+0000] {processor.py:925} INFO - DAG(s) 'example_python_decorator' retrieved from /home/airflow/.local/lib/python3.12/site-packages/airflow/example_dags/example_python_decorator.py
[2025-12-16T07:35:48.121+0000] {logging_mixin.py:190} INFO - [2025-12-16T07:35:48.120+0000] {dag.py:3239} INFO - Sync 1 DAGs
[2025-12-16T07:35:48.178+0000] {logging_mixin.py:190} INFO - [2025-12-16T07:35:48.177+0000] {dag.py:4180} INFO - Setting next_dagrun for example_python_decorator to None, run_after=None
[2025-12-16T07:35:48.264+0000] {processor.py:208} INFO - Processing /home/airflow/.local/lib/python3.12/site-packages/airflow/example_dags/example_python_decorator.py took 0.472 seconds
[2025-12-16T07:36:30.758+0000] {processor.py:186} INFO - Started process (PID=1739) to work on /home/airflow/.local/lib/python3.12/site-packages/airflow/example_dags/example_python_decorator.py
[2025-12-16T07:36:30.767+0000] {processor.py:914} INFO - Processing file /home/airflow/.local/lib/python3.12/site-packages/airflow/example_dags/example_python_decorator.py for tasks to queue
[2025-12-16T07:36:30.773+0000] {logging_mixin.py:190} INFO - [2025-12-16T07:36:30.772+0000] {dagbag.py:588} INFO - Filling up the DagBag from /home/airflow/.local/lib/python3.12/site-packages/airflow/example_dags/example_python_decorator.py
[2025-12-16T07:36:30.827+0000] {processor.py:925} INFO - DAG(s) 'example_python_decorator' retrieved from /home/airflow/.local/lib/python3.12/site-packages/airflow/example_dags/example_python_decorator.py
[2025-12-16T07:36:30.923+0000] {logging_mixin.py:190} INFO - [2025-12-16T07:36:30.923+0000] {dag.py:3239} INFO - Sync 1 DAGs
[2025-12-16T07:36:30.987+0000] {logging_mixin.py:190} INFO - [2025-12-16T07:36:30.986+0000] {dag.py:4180} INFO - Setting next_dagrun for example_python_decorator to None, run_after=None
[2025-12-16T07:36:31.086+0000] {processor.py:208} INFO - Processing /home/airflow/.local/lib/python3.12/site-packages/airflow/example_dags/example_python_decorator.py took 0.352 seconds
[2025-12-16T07:37:02.695+0000] {processor.py:186} INFO - Started process (PID=1811) to work on /home/airflow/.local/lib/python3.12/site-packages/airflow/example_dags/example_python_decorator.py
[2025-12-16T07:37:02.701+0000] {processor.py:914} INFO - Processing file /home/airflow/.local/lib/python3.12/site-packages/airflow/example_dags/example_python_decorator.py for tasks to queue
[2025-12-16T07:37:02.707+0000] {logging_mixin.py:190} INFO - [2025-12-16T07:37:02.706+0000] {dagbag.py:588} INFO - Filling up the DagBag from /home/airflow/.local/lib/python3.12/site-packages/airflow/example_dags/example_python_decorator.py
[2025-12-16T07:37:02.791+0000] {processor.py:925} INFO - DAG(s) 'example_python_decorator' retrieved from /home/airflow/.local/lib/python3.12/site-packages/airflow/example_dags/example_python_decorator.py
[2025-12-16T07:37:03.052+0000] {logging_mixin.py:190} INFO - [2025-12-16T07:37:03.051+0000] {dag.py:3239} INFO - Sync 1 DAGs
[2025-12-16T07:37:03.176+0000] {logging_mixin.py:190} INFO - [2025-12-16T07:37:03.175+0000] {dag.py:4180} INFO - Setting next_dagrun for example_python_decorator to None, run_after=None
[2025-12-16T07:37:03.552+0000] {processor.py:208} INFO - Processing /home/airflow/.local/lib/python3.12/site-packages/airflow/example_dags/example_python_decorator.py took 0.896 seconds
[2025-12-16T07:37:34.395+0000] {processor.py:186} INFO - Started process (PID=1884) to work on /home/airflow/.local/lib/python3.12/site-packages/airflow/example_dags/example_python_decorator.py
[2025-12-16T07:37:34.398+0000] {processor.py:914} INFO - Processing file /home/airflow/.local/lib/python3.12/site-packages/airflow/example_dags/example_python_decorator.py for tasks to queue
[2025-12-16T07:37:34.402+0000] {logging_mixin.py:190} INFO - [2025-12-16T07:37:34.401+0000] {dagbag.py:588} INFO - Filling up the DagBag from /home/airflow/.local/lib/python3.12/site-packages/airflow/example_dags/example_python_decorator.py
[2025-12-16T07:37:34.446+0000] {processor.py:925} INFO - DAG(s) 'example_python_decorator' retrieved from /home/airflow/.local/lib/python3.12/site-packages/airflow/example_dags/example_python_decorator.py
[2025-12-16T07:37:34.511+0000] {logging_mixin.py:190} INFO - [2025-12-16T07:37:34.510+0000] {dag.py:3239} INFO - Sync 1 DAGs
[2025-12-16T07:37:34.568+0000] {logging_mixin.py:190} INFO - [2025-12-16T07:37:34.567+0000] {dag.py:4180} INFO - Setting next_dagrun for example_python_decorator to None, run_after=None
[2025-12-16T07:37:34.625+0000] {processor.py:208} INFO - Processing /home/airflow/.local/lib/python3.12/site-packages/airflow/example_dags/example_python_decorator.py took 0.248 seconds
[2025-12-16T07:38:10.995+0000] {processor.py:186} INFO - Started process (PID=1961) to work on /home/airflow/.local/lib/python3.12/site-packages/airflow/example_dags/example_python_decorator.py
[2025-12-16T07:38:11.008+0000] {processor.py:914} INFO - Processing file /home/airflow/.local/lib/python3.12/site-packages/airflow/example_dags/example_python_decorator.py for tasks to queue
[2025-12-16T07:38:11.023+0000] {logging_mixin.py:190} INFO - [2025-12-16T07:38:11.022+0000] {dagbag.py:588} INFO - Filling up the DagBag from /home/airflow/.local/lib/python3.12/site-packages/airflow/example_dags/example_python_decorator.py
[2025-12-16T07:38:11.100+0000] {processor.py:925} INFO - DAG(s) 'example_python_decorator' retrieved from /home/airflow/.local/lib/python3.12/site-packages/airflow/example_dags/example_python_decorator.py
[2025-12-16T07:38:11.182+0000] {logging_mixin.py:190} INFO - [2025-12-16T07:38:11.181+0000] {dag.py:3239} INFO - Sync 1 DAGs
[2025-12-16T07:38:11.270+0000] {logging_mixin.py:190} INFO - [2025-12-16T07:38:11.269+0000] {dag.py:4180} INFO - Setting next_dagrun for example_python_decorator to None, run_after=None
[2025-12-16T07:38:11.316+0000] {processor.py:208} INFO - Processing /home/airflow/.local/lib/python3.12/site-packages/airflow/example_dags/example_python_decorator.py took 0.374 seconds
[2025-12-16T07:38:47.756+0000] {processor.py:186} INFO - Started process (PID=2025) to work on /home/airflow/.local/lib/python3.12/site-packages/airflow/example_dags/example_python_decorator.py
[2025-12-16T07:38:47.759+0000] {processor.py:914} INFO - Processing file /home/airflow/.local/lib/python3.12/site-packages/airflow/example_dags/example_python_decorator.py for tasks to queue
[2025-12-16T07:38:47.767+0000] {logging_mixin.py:190} INFO - [2025-12-16T07:38:47.765+0000] {dagbag.py:588} INFO - Filling up the DagBag from /home/airflow/.local/lib/python3.12/site-packages/airflow/example_dags/example_python_decorator.py
[2025-12-16T07:38:47.818+0000] {processor.py:925} INFO - DAG(s) 'example_python_decorator' retrieved from /home/airflow/.local/lib/python3.12/site-packages/airflow/example_dags/example_python_decorator.py
[2025-12-16T07:38:47.896+0000] {logging_mixin.py:190} INFO - [2025-12-16T07:38:47.896+0000] {dag.py:3239} INFO - Sync 1 DAGs
[2025-12-16T07:38:47.956+0000] {logging_mixin.py:190} INFO - [2025-12-16T07:38:47.955+0000] {dag.py:4180} INFO - Setting next_dagrun for example_python_decorator to None, run_after=None
[2025-12-16T07:38:48.023+0000] {processor.py:208} INFO - Processing /home/airflow/.local/lib/python3.12/site-packages/airflow/example_dags/example_python_decorator.py took 0.286 seconds
[2025-12-16T07:51:18.433+0000] {processor.py:186} INFO - Started process (PID=2115) to work on /home/airflow/.local/lib/python3.12/site-packages/airflow/example_dags/example_python_decorator.py
[2025-12-16T07:51:18.436+0000] {processor.py:914} INFO - Processing file /home/airflow/.local/lib/python3.12/site-packages/airflow/example_dags/example_python_decorator.py for tasks to queue
[2025-12-16T07:51:18.488+0000] {logging_mixin.py:190} INFO - [2025-12-16T07:51:18.487+0000] {dagbag.py:588} INFO - Filling up the DagBag from /home/airflow/.local/lib/python3.12/site-packages/airflow/example_dags/example_python_decorator.py
[2025-12-16T07:51:18.934+0000] {processor.py:925} INFO - DAG(s) 'example_python_decorator' retrieved from /home/airflow/.local/lib/python3.12/site-packages/airflow/example_dags/example_python_decorator.py
[2025-12-16T07:51:19.199+0000] {logging_mixin.py:190} INFO - [2025-12-16T07:51:19.198+0000] {dag.py:3239} INFO - Sync 1 DAGs
[2025-12-16T07:51:19.478+0000] {logging_mixin.py:190} INFO - [2025-12-16T07:51:19.466+0000] {dag.py:4180} INFO - Setting next_dagrun for example_python_decorator to None, run_after=None
[2025-12-16T07:51:20.110+0000] {processor.py:208} INFO - Processing /home/airflow/.local/lib/python3.12/site-packages/airflow/example_dags/example_python_decorator.py took 1.827 seconds
[2025-12-16T07:52:42.881+0000] {processor.py:186} INFO - Started process (PID=2194) to work on /home/airflow/.local/lib/python3.12/site-packages/airflow/example_dags/example_python_decorator.py
[2025-12-16T07:52:42.890+0000] {processor.py:914} INFO - Processing file /home/airflow/.local/lib/python3.12/site-packages/airflow/example_dags/example_python_decorator.py for tasks to queue
[2025-12-16T07:52:42.896+0000] {logging_mixin.py:190} INFO - [2025-12-16T07:52:42.895+0000] {dagbag.py:588} INFO - Filling up the DagBag from /home/airflow/.local/lib/python3.12/site-packages/airflow/example_dags/example_python_decorator.py
[2025-12-16T07:52:43.000+0000] {processor.py:925} INFO - DAG(s) 'example_python_decorator' retrieved from /home/airflow/.local/lib/python3.12/site-packages/airflow/example_dags/example_python_decorator.py
[2025-12-16T07:52:43.193+0000] {logging_mixin.py:190} INFO - [2025-12-16T07:52:43.193+0000] {dag.py:3239} INFO - Sync 1 DAGs
[2025-12-16T07:52:43.432+0000] {logging_mixin.py:190} INFO - [2025-12-16T07:52:43.431+0000] {dag.py:4180} INFO - Setting next_dagrun for example_python_decorator to None, run_after=None
[2025-12-16T07:52:43.624+0000] {processor.py:208} INFO - Processing /home/airflow/.local/lib/python3.12/site-packages/airflow/example_dags/example_python_decorator.py took 0.787 seconds
[2025-12-16T07:53:45.441+0000] {processor.py:186} INFO - Started process (PID=2276) to work on /home/airflow/.local/lib/python3.12/site-packages/airflow/example_dags/example_python_decorator.py
[2025-12-16T07:53:45.458+0000] {processor.py:914} INFO - Processing file /home/airflow/.local/lib/python3.12/site-packages/airflow/example_dags/example_python_decorator.py for tasks to queue
[2025-12-16T07:53:45.462+0000] {logging_mixin.py:190} INFO - [2025-12-16T07:53:45.461+0000] {dagbag.py:588} INFO - Filling up the DagBag from /home/airflow/.local/lib/python3.12/site-packages/airflow/example_dags/example_python_decorator.py
[2025-12-16T07:53:45.549+0000] {processor.py:925} INFO - DAG(s) 'example_python_decorator' retrieved from /home/airflow/.local/lib/python3.12/site-packages/airflow/example_dags/example_python_decorator.py
[2025-12-16T07:53:45.650+0000] {logging_mixin.py:190} INFO - [2025-12-16T07:53:45.649+0000] {dag.py:3239} INFO - Sync 1 DAGs
[2025-12-16T07:53:45.729+0000] {logging_mixin.py:190} INFO - [2025-12-16T07:53:45.729+0000] {dag.py:4180} INFO - Setting next_dagrun for example_python_decorator to None, run_after=None
[2025-12-16T07:53:45.852+0000] {processor.py:208} INFO - Processing /home/airflow/.local/lib/python3.12/site-packages/airflow/example_dags/example_python_decorator.py took 0.430 seconds
[2025-12-16T07:54:47.991+0000] {processor.py:186} INFO - Started process (PID=2355) to work on /home/airflow/.local/lib/python3.12/site-packages/airflow/example_dags/example_python_decorator.py
[2025-12-16T07:54:48.005+0000] {processor.py:914} INFO - Processing file /home/airflow/.local/lib/python3.12/site-packages/airflow/example_dags/example_python_decorator.py for tasks to queue
[2025-12-16T07:54:48.023+0000] {logging_mixin.py:190} INFO - [2025-12-16T07:54:48.021+0000] {dagbag.py:588} INFO - Filling up the DagBag from /home/airflow/.local/lib/python3.12/site-packages/airflow/example_dags/example_python_decorator.py
[2025-12-16T07:54:48.333+0000] {processor.py:925} INFO - DAG(s) 'example_python_decorator' retrieved from /home/airflow/.local/lib/python3.12/site-packages/airflow/example_dags/example_python_decorator.py
[2025-12-16T07:54:48.526+0000] {logging_mixin.py:190} INFO - [2025-12-16T07:54:48.525+0000] {dag.py:3239} INFO - Sync 1 DAGs
[2025-12-16T07:54:48.807+0000] {logging_mixin.py:190} INFO - [2025-12-16T07:54:48.806+0000] {dag.py:4180} INFO - Setting next_dagrun for example_python_decorator to None, run_after=None
[2025-12-16T07:54:49.194+0000] {processor.py:208} INFO - Processing /home/airflow/.local/lib/python3.12/site-packages/airflow/example_dags/example_python_decorator.py took 1.302 seconds
[2025-12-16T07:55:31.801+0000] {processor.py:186} INFO - Started process (PID=2425) to work on /home/airflow/.local/lib/python3.12/site-packages/airflow/example_dags/example_python_decorator.py
[2025-12-16T07:55:31.824+0000] {processor.py:914} INFO - Processing file /home/airflow/.local/lib/python3.12/site-packages/airflow/example_dags/example_python_decorator.py for tasks to queue
[2025-12-16T07:55:31.828+0000] {logging_mixin.py:190} INFO - [2025-12-16T07:55:31.827+0000] {dagbag.py:588} INFO - Filling up the DagBag from /home/airflow/.local/lib/python3.12/site-packages/airflow/example_dags/example_python_decorator.py
[2025-12-16T07:55:31.955+0000] {processor.py:925} INFO - DAG(s) 'example_python_decorator' retrieved from /home/airflow/.local/lib/python3.12/site-packages/airflow/example_dags/example_python_decorator.py
[2025-12-16T07:55:32.187+0000] {logging_mixin.py:190} INFO - [2025-12-16T07:55:32.187+0000] {dag.py:3239} INFO - Sync 1 DAGs
[2025-12-16T07:55:32.287+0000] {logging_mixin.py:190} INFO - [2025-12-16T07:55:32.286+0000] {dag.py:4180} INFO - Setting next_dagrun for example_python_decorator to None, run_after=None
[2025-12-16T07:55:32.416+0000] {processor.py:208} INFO - Processing /home/airflow/.local/lib/python3.12/site-packages/airflow/example_dags/example_python_decorator.py took 0.724 seconds
[2025-12-16T07:56:11.574+0000] {processor.py:186} INFO - Started process (PID=2498) to work on /home/airflow/.local/lib/python3.12/site-packages/airflow/example_dags/example_python_decorator.py
[2025-12-16T07:56:11.587+0000] {processor.py:914} INFO - Processing file /home/airflow/.local/lib/python3.12/site-packages/airflow/example_dags/example_python_decorator.py for tasks to queue
[2025-12-16T07:56:11.601+0000] {logging_mixin.py:190} INFO - [2025-12-16T07:56:11.599+0000] {dagbag.py:588} INFO - Filling up the DagBag from /home/airflow/.local/lib/python3.12/site-packages/airflow/example_dags/example_python_decorator.py
[2025-12-16T07:56:11.786+0000] {processor.py:925} INFO - DAG(s) 'example_python_decorator' retrieved from /home/airflow/.local/lib/python3.12/site-packages/airflow/example_dags/example_python_decorator.py
[2025-12-16T07:56:11.919+0000] {logging_mixin.py:190} INFO - [2025-12-16T07:56:11.918+0000] {dag.py:3239} INFO - Sync 1 DAGs
[2025-12-16T07:56:12.100+0000] {logging_mixin.py:190} INFO - [2025-12-16T07:56:12.099+0000] {dag.py:4180} INFO - Setting next_dagrun for example_python_decorator to None, run_after=None
[2025-12-16T07:56:12.272+0000] {processor.py:208} INFO - Processing /home/airflow/.local/lib/python3.12/site-packages/airflow/example_dags/example_python_decorator.py took 0.751 seconds
[2025-12-16T07:56:44.622+0000] {processor.py:186} INFO - Started process (PID=2570) to work on /home/airflow/.local/lib/python3.12/site-packages/airflow/example_dags/example_python_decorator.py
[2025-12-16T07:56:44.649+0000] {processor.py:914} INFO - Processing file /home/airflow/.local/lib/python3.12/site-packages/airflow/example_dags/example_python_decorator.py for tasks to queue
[2025-12-16T07:56:44.663+0000] {logging_mixin.py:190} INFO - [2025-12-16T07:56:44.659+0000] {dagbag.py:588} INFO - Filling up the DagBag from /home/airflow/.local/lib/python3.12/site-packages/airflow/example_dags/example_python_decorator.py
[2025-12-16T07:56:44.856+0000] {processor.py:925} INFO - DAG(s) 'example_python_decorator' retrieved from /home/airflow/.local/lib/python3.12/site-packages/airflow/example_dags/example_python_decorator.py
[2025-12-16T07:56:45.177+0000] {logging_mixin.py:190} INFO - [2025-12-16T07:56:45.170+0000] {dag.py:3239} INFO - Sync 1 DAGs
[2025-12-16T07:56:45.326+0000] {logging_mixin.py:190} INFO - [2025-12-16T07:56:45.325+0000] {dag.py:4180} INFO - Setting next_dagrun for example_python_decorator to None, run_after=None
[2025-12-16T07:56:45.437+0000] {processor.py:208} INFO - Processing /home/airflow/.local/lib/python3.12/site-packages/airflow/example_dags/example_python_decorator.py took 0.924 seconds
[2025-12-16T07:57:17.790+0000] {processor.py:186} INFO - Started process (PID=2641) to work on /home/airflow/.local/lib/python3.12/site-packages/airflow/example_dags/example_python_decorator.py
[2025-12-16T07:57:17.794+0000] {processor.py:914} INFO - Processing file /home/airflow/.local/lib/python3.12/site-packages/airflow/example_dags/example_python_decorator.py for tasks to queue
[2025-12-16T07:57:17.809+0000] {logging_mixin.py:190} INFO - [2025-12-16T07:57:17.808+0000] {dagbag.py:588} INFO - Filling up the DagBag from /home/airflow/.local/lib/python3.12/site-packages/airflow/example_dags/example_python_decorator.py
[2025-12-16T07:57:17.910+0000] {processor.py:925} INFO - DAG(s) 'example_python_decorator' retrieved from /home/airflow/.local/lib/python3.12/site-packages/airflow/example_dags/example_python_decorator.py
[2025-12-16T07:57:18.075+0000] {logging_mixin.py:190} INFO - [2025-12-16T07:57:18.075+0000] {dag.py:3239} INFO - Sync 1 DAGs
[2025-12-16T07:57:18.183+0000] {logging_mixin.py:190} INFO - [2025-12-16T07:57:18.182+0000] {dag.py:4180} INFO - Setting next_dagrun for example_python_decorator to None, run_after=None
[2025-12-16T07:57:18.273+0000] {processor.py:208} INFO - Processing /home/airflow/.local/lib/python3.12/site-packages/airflow/example_dags/example_python_decorator.py took 0.534 seconds
[2025-12-16T07:57:58.517+0000] {processor.py:186} INFO - Started process (PID=2712) to work on /home/airflow/.local/lib/python3.12/site-packages/airflow/example_dags/example_python_decorator.py
[2025-12-16T07:57:58.528+0000] {processor.py:914} INFO - Processing file /home/airflow/.local/lib/python3.12/site-packages/airflow/example_dags/example_python_decorator.py for tasks to queue
[2025-12-16T07:57:58.537+0000] {logging_mixin.py:190} INFO - [2025-12-16T07:57:58.533+0000] {dagbag.py:588} INFO - Filling up the DagBag from /home/airflow/.local/lib/python3.12/site-packages/airflow/example_dags/example_python_decorator.py
[2025-12-16T07:57:58.834+0000] {processor.py:925} INFO - DAG(s) 'example_python_decorator' retrieved from /home/airflow/.local/lib/python3.12/site-packages/airflow/example_dags/example_python_decorator.py
[2025-12-16T07:57:58.952+0000] {logging_mixin.py:190} INFO - [2025-12-16T07:57:58.951+0000] {dag.py:3239} INFO - Sync 1 DAGs
[2025-12-16T07:57:59.045+0000] {logging_mixin.py:190} INFO - [2025-12-16T07:57:59.044+0000] {dag.py:4180} INFO - Setting next_dagrun for example_python_decorator to None, run_after=None
[2025-12-16T07:57:59.137+0000] {processor.py:208} INFO - Processing /home/airflow/.local/lib/python3.12/site-packages/airflow/example_dags/example_python_decorator.py took 0.682 seconds
[2025-12-16T07:58:35.100+0000] {processor.py:186} INFO - Started process (PID=2789) to work on /home/airflow/.local/lib/python3.12/site-packages/airflow/example_dags/example_python_decorator.py
[2025-12-16T07:58:35.116+0000] {processor.py:914} INFO - Processing file /home/airflow/.local/lib/python3.12/site-packages/airflow/example_dags/example_python_decorator.py for tasks to queue
[2025-12-16T07:58:35.145+0000] {logging_mixin.py:190} INFO - [2025-12-16T07:58:35.144+0000] {dagbag.py:588} INFO - Filling up the DagBag from /home/airflow/.local/lib/python3.12/site-packages/airflow/example_dags/example_python_decorator.py
[2025-12-16T07:58:35.294+0000] {processor.py:925} INFO - DAG(s) 'example_python_decorator' retrieved from /home/airflow/.local/lib/python3.12/site-packages/airflow/example_dags/example_python_decorator.py
[2025-12-16T07:58:35.395+0000] {logging_mixin.py:190} INFO - [2025-12-16T07:58:35.395+0000] {dag.py:3239} INFO - Sync 1 DAGs
[2025-12-16T07:58:35.465+0000] {logging_mixin.py:190} INFO - [2025-12-16T07:58:35.464+0000] {dag.py:4180} INFO - Setting next_dagrun for example_python_decorator to None, run_after=None
[2025-12-16T07:58:35.538+0000] {processor.py:208} INFO - Processing /home/airflow/.local/lib/python3.12/site-packages/airflow/example_dags/example_python_decorator.py took 0.466 seconds
[2025-12-16T07:59:14.232+0000] {processor.py:186} INFO - Started process (PID=2854) to work on /home/airflow/.local/lib/python3.12/site-packages/airflow/example_dags/example_python_decorator.py
[2025-12-16T07:59:14.266+0000] {processor.py:914} INFO - Processing file /home/airflow/.local/lib/python3.12/site-packages/airflow/example_dags/example_python_decorator.py for tasks to queue
[2025-12-16T07:59:14.271+0000] {logging_mixin.py:190} INFO - [2025-12-16T07:59:14.269+0000] {dagbag.py:588} INFO - Filling up the DagBag from /home/airflow/.local/lib/python3.12/site-packages/airflow/example_dags/example_python_decorator.py
[2025-12-16T07:59:14.372+0000] {processor.py:925} INFO - DAG(s) 'example_python_decorator' retrieved from /home/airflow/.local/lib/python3.12/site-packages/airflow/example_dags/example_python_decorator.py
[2025-12-16T07:59:14.654+0000] {logging_mixin.py:190} INFO - [2025-12-16T07:59:14.653+0000] {dag.py:3239} INFO - Sync 1 DAGs
[2025-12-16T07:59:14.934+0000] {logging_mixin.py:190} INFO - [2025-12-16T07:59:14.934+0000] {dag.py:4180} INFO - Setting next_dagrun for example_python_decorator to None, run_after=None
[2025-12-16T07:59:15.328+0000] {processor.py:208} INFO - Processing /home/airflow/.local/lib/python3.12/site-packages/airflow/example_dags/example_python_decorator.py took 1.137 seconds
[2025-12-16T07:59:55.761+0000] {processor.py:186} INFO - Started process (PID=2912) to work on /home/airflow/.local/lib/python3.12/site-packages/airflow/example_dags/example_python_decorator.py
[2025-12-16T07:59:55.769+0000] {processor.py:914} INFO - Processing file /home/airflow/.local/lib/python3.12/site-packages/airflow/example_dags/example_python_decorator.py for tasks to queue
[2025-12-16T07:59:55.773+0000] {logging_mixin.py:190} INFO - [2025-12-16T07:59:55.772+0000] {dagbag.py:588} INFO - Filling up the DagBag from /home/airflow/.local/lib/python3.12/site-packages/airflow/example_dags/example_python_decorator.py
[2025-12-16T07:59:55.863+0000] {processor.py:925} INFO - DAG(s) 'example_python_decorator' retrieved from /home/airflow/.local/lib/python3.12/site-packages/airflow/example_dags/example_python_decorator.py
[2025-12-16T07:59:55.977+0000] {logging_mixin.py:190} INFO - [2025-12-16T07:59:55.977+0000] {dag.py:3239} INFO - Sync 1 DAGs
[2025-12-16T07:59:56.061+0000] {logging_mixin.py:190} INFO - [2025-12-16T07:59:56.060+0000] {dag.py:4180} INFO - Setting next_dagrun for example_python_decorator to None, run_after=None
[2025-12-16T07:59:56.183+0000] {processor.py:208} INFO - Processing /home/airflow/.local/lib/python3.12/site-packages/airflow/example_dags/example_python_decorator.py took 0.450 seconds
[2025-12-16T08:00:33.391+0000] {processor.py:186} INFO - Started process (PID=2981) to work on /home/airflow/.local/lib/python3.12/site-packages/airflow/example_dags/example_python_decorator.py
[2025-12-16T08:00:33.395+0000] {processor.py:914} INFO - Processing file /home/airflow/.local/lib/python3.12/site-packages/airflow/example_dags/example_python_decorator.py for tasks to queue
[2025-12-16T08:00:33.398+0000] {logging_mixin.py:190} INFO - [2025-12-16T08:00:33.397+0000] {dagbag.py:588} INFO - Filling up the DagBag from /home/airflow/.local/lib/python3.12/site-packages/airflow/example_dags/example_python_decorator.py
[2025-12-16T08:00:33.450+0000] {processor.py:925} INFO - DAG(s) 'example_python_decorator' retrieved from /home/airflow/.local/lib/python3.12/site-packages/airflow/example_dags/example_python_decorator.py
[2025-12-16T08:00:33.505+0000] {logging_mixin.py:190} INFO - [2025-12-16T08:00:33.505+0000] {dag.py:3239} INFO - Sync 1 DAGs
[2025-12-16T08:00:33.551+0000] {logging_mixin.py:190} INFO - [2025-12-16T08:00:33.550+0000] {dag.py:4180} INFO - Setting next_dagrun for example_python_decorator to None, run_after=None
[2025-12-16T08:00:33.595+0000] {processor.py:208} INFO - Processing /home/airflow/.local/lib/python3.12/site-packages/airflow/example_dags/example_python_decorator.py took 0.221 seconds
[2025-12-16T08:01:06.971+0000] {processor.py:186} INFO - Started process (PID=3051) to work on /home/airflow/.local/lib/python3.12/site-packages/airflow/example_dags/example_python_decorator.py
[2025-12-16T08:01:06.975+0000] {processor.py:914} INFO - Processing file /home/airflow/.local/lib/python3.12/site-packages/airflow/example_dags/example_python_decorator.py for tasks to queue
[2025-12-16T08:01:06.982+0000] {logging_mixin.py:190} INFO - [2025-12-16T08:01:06.980+0000] {dagbag.py:588} INFO - Filling up the DagBag from /home/airflow/.local/lib/python3.12/site-packages/airflow/example_dags/example_python_decorator.py
[2025-12-16T08:01:07.043+0000] {processor.py:925} INFO - DAG(s) 'example_python_decorator' retrieved from /home/airflow/.local/lib/python3.12/site-packages/airflow/example_dags/example_python_decorator.py
[2025-12-16T08:01:07.115+0000] {logging_mixin.py:190} INFO - [2025-12-16T08:01:07.114+0000] {dag.py:3239} INFO - Sync 1 DAGs
[2025-12-16T08:01:07.174+0000] {logging_mixin.py:190} INFO - [2025-12-16T08:01:07.173+0000] {dag.py:4180} INFO - Setting next_dagrun for example_python_decorator to None, run_after=None
[2025-12-16T08:01:07.232+0000] {processor.py:208} INFO - Processing /home/airflow/.local/lib/python3.12/site-packages/airflow/example_dags/example_python_decorator.py took 0.293 seconds
[2025-12-16T08:01:49.846+0000] {processor.py:186} INFO - Started process (PID=3130) to work on /home/airflow/.local/lib/python3.12/site-packages/airflow/example_dags/example_python_decorator.py
[2025-12-16T08:01:49.849+0000] {processor.py:914} INFO - Processing file /home/airflow/.local/lib/python3.12/site-packages/airflow/example_dags/example_python_decorator.py for tasks to queue
[2025-12-16T08:01:49.853+0000] {logging_mixin.py:190} INFO - [2025-12-16T08:01:49.852+0000] {dagbag.py:588} INFO - Filling up the DagBag from /home/airflow/.local/lib/python3.12/site-packages/airflow/example_dags/example_python_decorator.py
[2025-12-16T08:01:49.914+0000] {processor.py:925} INFO - DAG(s) 'example_python_decorator' retrieved from /home/airflow/.local/lib/python3.12/site-packages/airflow/example_dags/example_python_decorator.py
[2025-12-16T08:01:49.983+0000] {logging_mixin.py:190} INFO - [2025-12-16T08:01:49.983+0000] {dag.py:3239} INFO - Sync 1 DAGs
[2025-12-16T08:01:50.053+0000] {logging_mixin.py:190} INFO - [2025-12-16T08:01:50.052+0000] {dag.py:4180} INFO - Setting next_dagrun for example_python_decorator to None, run_after=None
[2025-12-16T08:01:50.106+0000] {processor.py:208} INFO - Processing /home/airflow/.local/lib/python3.12/site-packages/airflow/example_dags/example_python_decorator.py took 0.295 seconds
[2025-12-16T08:02:26.655+0000] {processor.py:186} INFO - Started process (PID=3203) to work on /home/airflow/.local/lib/python3.12/site-packages/airflow/example_dags/example_python_decorator.py
[2025-12-16T08:02:26.660+0000] {processor.py:914} INFO - Processing file /home/airflow/.local/lib/python3.12/site-packages/airflow/example_dags/example_python_decorator.py for tasks to queue
[2025-12-16T08:02:26.678+0000] {logging_mixin.py:190} INFO - [2025-12-16T08:02:26.672+0000] {dagbag.py:588} INFO - Filling up the DagBag from /home/airflow/.local/lib/python3.12/site-packages/airflow/example_dags/example_python_decorator.py
[2025-12-16T08:02:26.762+0000] {processor.py:925} INFO - DAG(s) 'example_python_decorator' retrieved from /home/airflow/.local/lib/python3.12/site-packages/airflow/example_dags/example_python_decorator.py
[2025-12-16T08:02:26.848+0000] {logging_mixin.py:190} INFO - [2025-12-16T08:02:26.847+0000] {dag.py:3239} INFO - Sync 1 DAGs
[2025-12-16T08:02:26.933+0000] {logging_mixin.py:190} INFO - [2025-12-16T08:02:26.933+0000] {dag.py:4180} INFO - Setting next_dagrun for example_python_decorator to None, run_after=None
[2025-12-16T08:02:26.996+0000] {processor.py:208} INFO - Processing /home/airflow/.local/lib/python3.12/site-packages/airflow/example_dags/example_python_decorator.py took 0.370 seconds
[2025-12-16T08:03:00.660+0000] {processor.py:186} INFO - Started process (PID=3267) to work on /home/airflow/.local/lib/python3.12/site-packages/airflow/example_dags/example_python_decorator.py
[2025-12-16T08:03:00.666+0000] {processor.py:914} INFO - Processing file /home/airflow/.local/lib/python3.12/site-packages/airflow/example_dags/example_python_decorator.py for tasks to queue
[2025-12-16T08:03:00.671+0000] {logging_mixin.py:190} INFO - [2025-12-16T08:03:00.670+0000] {dagbag.py:588} INFO - Filling up the DagBag from /home/airflow/.local/lib/python3.12/site-packages/airflow/example_dags/example_python_decorator.py
[2025-12-16T08:03:00.750+0000] {processor.py:925} INFO - DAG(s) 'example_python_decorator' retrieved from /home/airflow/.local/lib/python3.12/site-packages/airflow/example_dags/example_python_decorator.py
[2025-12-16T08:03:00.863+0000] {logging_mixin.py:190} INFO - [2025-12-16T08:03:00.862+0000] {dag.py:3239} INFO - Sync 1 DAGs
[2025-12-16T08:03:00.944+0000] {logging_mixin.py:190} INFO - [2025-12-16T08:03:00.944+0000] {dag.py:4180} INFO - Setting next_dagrun for example_python_decorator to None, run_after=None
[2025-12-16T08:03:01.030+0000] {processor.py:208} INFO - Processing /home/airflow/.local/lib/python3.12/site-packages/airflow/example_dags/example_python_decorator.py took 0.392 seconds
[2025-12-16T08:03:33.488+0000] {processor.py:186} INFO - Started process (PID=3339) to work on /home/airflow/.local/lib/python3.12/site-packages/airflow/example_dags/example_python_decorator.py
[2025-12-16T08:03:33.494+0000] {processor.py:914} INFO - Processing file /home/airflow/.local/lib/python3.12/site-packages/airflow/example_dags/example_python_decorator.py for tasks to queue
[2025-12-16T08:03:33.553+0000] {logging_mixin.py:190} INFO - [2025-12-16T08:03:33.549+0000] {dagbag.py:588} INFO - Filling up the DagBag from /home/airflow/.local/lib/python3.12/site-packages/airflow/example_dags/example_python_decorator.py
[2025-12-16T08:03:33.680+0000] {processor.py:925} INFO - DAG(s) 'example_python_decorator' retrieved from /home/airflow/.local/lib/python3.12/site-packages/airflow/example_dags/example_python_decorator.py
[2025-12-16T08:03:33.817+0000] {logging_mixin.py:190} INFO - [2025-12-16T08:03:33.816+0000] {dag.py:3239} INFO - Sync 1 DAGs
[2025-12-16T08:03:33.924+0000] {logging_mixin.py:190} INFO - [2025-12-16T08:03:33.923+0000] {dag.py:4180} INFO - Setting next_dagrun for example_python_decorator to None, run_after=None
[2025-12-16T08:03:34.038+0000] {processor.py:208} INFO - Processing /home/airflow/.local/lib/python3.12/site-packages/airflow/example_dags/example_python_decorator.py took 0.605 seconds
[2025-12-16T08:04:04.398+0000] {processor.py:186} INFO - Started process (PID=3410) to work on /home/airflow/.local/lib/python3.12/site-packages/airflow/example_dags/example_python_decorator.py
[2025-12-16T08:04:04.423+0000] {processor.py:914} INFO - Processing file /home/airflow/.local/lib/python3.12/site-packages/airflow/example_dags/example_python_decorator.py for tasks to queue
[2025-12-16T08:04:04.439+0000] {logging_mixin.py:190} INFO - [2025-12-16T08:04:04.437+0000] {dagbag.py:588} INFO - Filling up the DagBag from /home/airflow/.local/lib/python3.12/site-packages/airflow/example_dags/example_python_decorator.py
[2025-12-16T08:04:04.576+0000] {processor.py:925} INFO - DAG(s) 'example_python_decorator' retrieved from /home/airflow/.local/lib/python3.12/site-packages/airflow/example_dags/example_python_decorator.py
[2025-12-16T08:04:04.791+0000] {logging_mixin.py:190} INFO - [2025-12-16T08:04:04.790+0000] {dag.py:3239} INFO - Sync 1 DAGs
[2025-12-16T08:04:04.946+0000] {logging_mixin.py:190} INFO - [2025-12-16T08:04:04.946+0000] {dag.py:4180} INFO - Setting next_dagrun for example_python_decorator to None, run_after=None
[2025-12-16T08:04:05.126+0000] {processor.py:208} INFO - Processing /home/airflow/.local/lib/python3.12/site-packages/airflow/example_dags/example_python_decorator.py took 0.772 seconds
[2025-12-16T08:04:42.714+0000] {processor.py:186} INFO - Started process (PID=3483) to work on /home/airflow/.local/lib/python3.12/site-packages/airflow/example_dags/example_python_decorator.py
[2025-12-16T08:04:42.718+0000] {processor.py:914} INFO - Processing file /home/airflow/.local/lib/python3.12/site-packages/airflow/example_dags/example_python_decorator.py for tasks to queue
[2025-12-16T08:04:42.727+0000] {logging_mixin.py:190} INFO - [2025-12-16T08:04:42.724+0000] {dagbag.py:588} INFO - Filling up the DagBag from /home/airflow/.local/lib/python3.12/site-packages/airflow/example_dags/example_python_decorator.py
[2025-12-16T08:04:42.811+0000] {processor.py:925} INFO - DAG(s) 'example_python_decorator' retrieved from /home/airflow/.local/lib/python3.12/site-packages/airflow/example_dags/example_python_decorator.py
[2025-12-16T08:04:42.926+0000] {logging_mixin.py:190} INFO - [2025-12-16T08:04:42.925+0000] {dag.py:3239} INFO - Sync 1 DAGs
[2025-12-16T08:04:43.081+0000] {logging_mixin.py:190} INFO - [2025-12-16T08:04:43.080+0000] {dag.py:4180} INFO - Setting next_dagrun for example_python_decorator to None, run_after=None
[2025-12-16T08:04:43.220+0000] {processor.py:208} INFO - Processing /home/airflow/.local/lib/python3.12/site-packages/airflow/example_dags/example_python_decorator.py took 0.539 seconds
[2025-12-16T08:05:14.966+0000] {processor.py:186} INFO - Started process (PID=3546) to work on /home/airflow/.local/lib/python3.12/site-packages/airflow/example_dags/example_python_decorator.py
[2025-12-16T08:05:14.972+0000] {processor.py:914} INFO - Processing file /home/airflow/.local/lib/python3.12/site-packages/airflow/example_dags/example_python_decorator.py for tasks to queue
[2025-12-16T08:05:14.976+0000] {logging_mixin.py:190} INFO - [2025-12-16T08:05:14.975+0000] {dagbag.py:588} INFO - Filling up the DagBag from /home/airflow/.local/lib/python3.12/site-packages/airflow/example_dags/example_python_decorator.py
[2025-12-16T08:05:15.105+0000] {processor.py:925} INFO - DAG(s) 'example_python_decorator' retrieved from /home/airflow/.local/lib/python3.12/site-packages/airflow/example_dags/example_python_decorator.py
[2025-12-16T08:05:15.184+0000] {logging_mixin.py:190} INFO - [2025-12-16T08:05:15.183+0000] {dag.py:3239} INFO - Sync 1 DAGs
[2025-12-16T08:05:15.236+0000] {logging_mixin.py:190} INFO - [2025-12-16T08:05:15.236+0000] {dag.py:4180} INFO - Setting next_dagrun for example_python_decorator to None, run_after=None
[2025-12-16T08:05:15.295+0000] {processor.py:208} INFO - Processing /home/airflow/.local/lib/python3.12/site-packages/airflow/example_dags/example_python_decorator.py took 0.363 seconds
[2025-12-16T08:05:52.959+0000] {processor.py:186} INFO - Started process (PID=3624) to work on /home/airflow/.local/lib/python3.12/site-packages/airflow/example_dags/example_python_decorator.py
[2025-12-16T08:05:52.971+0000] {processor.py:914} INFO - Processing file /home/airflow/.local/lib/python3.12/site-packages/airflow/example_dags/example_python_decorator.py for tasks to queue
[2025-12-16T08:05:52.979+0000] {logging_mixin.py:190} INFO - [2025-12-16T08:05:52.975+0000] {dagbag.py:588} INFO - Filling up the DagBag from /home/airflow/.local/lib/python3.12/site-packages/airflow/example_dags/example_python_decorator.py
[2025-12-16T08:05:53.034+0000] {processor.py:925} INFO - DAG(s) 'example_python_decorator' retrieved from /home/airflow/.local/lib/python3.12/site-packages/airflow/example_dags/example_python_decorator.py
[2025-12-16T08:05:53.103+0000] {logging_mixin.py:190} INFO - [2025-12-16T08:05:53.102+0000] {dag.py:3239} INFO - Sync 1 DAGs
[2025-12-16T08:05:53.165+0000] {logging_mixin.py:190} INFO - [2025-12-16T08:05:53.164+0000] {dag.py:4180} INFO - Setting next_dagrun for example_python_decorator to None, run_after=None
[2025-12-16T08:05:53.829+0000] {processor.py:208} INFO - Processing /home/airflow/.local/lib/python3.12/site-packages/airflow/example_dags/example_python_decorator.py took 0.941 seconds
[2025-12-16T08:06:47.640+0000] {processor.py:186} INFO - Started process (PID=3687) to work on /home/airflow/.local/lib/python3.12/site-packages/airflow/example_dags/example_python_decorator.py
[2025-12-16T08:06:47.644+0000] {processor.py:914} INFO - Processing file /home/airflow/.local/lib/python3.12/site-packages/airflow/example_dags/example_python_decorator.py for tasks to queue
[2025-12-16T08:06:47.653+0000] {logging_mixin.py:190} INFO - [2025-12-16T08:06:47.652+0000] {dagbag.py:588} INFO - Filling up the DagBag from /home/airflow/.local/lib/python3.12/site-packages/airflow/example_dags/example_python_decorator.py
[2025-12-16T08:06:47.799+0000] {processor.py:925} INFO - DAG(s) 'example_python_decorator' retrieved from /home/airflow/.local/lib/python3.12/site-packages/airflow/example_dags/example_python_decorator.py
[2025-12-16T08:06:47.983+0000] {logging_mixin.py:190} INFO - [2025-12-16T08:06:47.982+0000] {dag.py:3239} INFO - Sync 1 DAGs
[2025-12-16T08:06:48.289+0000] {logging_mixin.py:190} INFO - [2025-12-16T08:06:48.288+0000] {dag.py:4180} INFO - Setting next_dagrun for example_python_decorator to None, run_after=None
[2025-12-16T08:06:50.790+0000] {processor.py:208} INFO - Processing /home/airflow/.local/lib/python3.12/site-packages/airflow/example_dags/example_python_decorator.py took 3.319 seconds
[2025-12-16T08:09:09.021+0000] {processor.py:186} INFO - Started process (PID=3753) to work on /home/airflow/.local/lib/python3.12/site-packages/airflow/example_dags/example_python_decorator.py
[2025-12-16T08:09:09.039+0000] {processor.py:914} INFO - Processing file /home/airflow/.local/lib/python3.12/site-packages/airflow/example_dags/example_python_decorator.py for tasks to queue
[2025-12-16T08:09:09.050+0000] {logging_mixin.py:190} INFO - [2025-12-16T08:09:09.048+0000] {dagbag.py:588} INFO - Filling up the DagBag from /home/airflow/.local/lib/python3.12/site-packages/airflow/example_dags/example_python_decorator.py
[2025-12-16T08:09:09.167+0000] {processor.py:925} INFO - DAG(s) 'example_python_decorator' retrieved from /home/airflow/.local/lib/python3.12/site-packages/airflow/example_dags/example_python_decorator.py
[2025-12-16T08:09:09.359+0000] {logging_mixin.py:190} INFO - [2025-12-16T08:09:09.346+0000] {dag.py:3239} INFO - Sync 1 DAGs
[2025-12-16T08:09:09.510+0000] {logging_mixin.py:190} INFO - [2025-12-16T08:09:09.508+0000] {dag.py:4180} INFO - Setting next_dagrun for example_python_decorator to None, run_after=None
[2025-12-16T08:09:09.675+0000] {processor.py:208} INFO - Processing /home/airflow/.local/lib/python3.12/site-packages/airflow/example_dags/example_python_decorator.py took 0.712 seconds
[2025-12-16T08:15:13.760+0000] {processor.py:186} INFO - Started process (PID=3859) to work on /home/airflow/.local/lib/python3.12/site-packages/airflow/example_dags/example_python_decorator.py
[2025-12-16T08:15:13.777+0000] {processor.py:914} INFO - Processing file /home/airflow/.local/lib/python3.12/site-packages/airflow/example_dags/example_python_decorator.py for tasks to queue
[2025-12-16T08:15:13.795+0000] {logging_mixin.py:190} INFO - [2025-12-16T08:15:13.794+0000] {dagbag.py:588} INFO - Filling up the DagBag from /home/airflow/.local/lib/python3.12/site-packages/airflow/example_dags/example_python_decorator.py
[2025-12-16T08:15:14.268+0000] {processor.py:925} INFO - DAG(s) 'example_python_decorator' retrieved from /home/airflow/.local/lib/python3.12/site-packages/airflow/example_dags/example_python_decorator.py
[2025-12-16T08:15:14.452+0000] {logging_mixin.py:190} INFO - [2025-12-16T08:15:14.452+0000] {dag.py:3239} INFO - Sync 1 DAGs
[2025-12-16T08:15:14.575+0000] {logging_mixin.py:190} INFO - [2025-12-16T08:15:14.574+0000] {dag.py:4180} INFO - Setting next_dagrun for example_python_decorator to None, run_after=None
[2025-12-16T08:15:14.714+0000] {processor.py:208} INFO - Processing /home/airflow/.local/lib/python3.12/site-packages/airflow/example_dags/example_python_decorator.py took 1.131 seconds
[2025-12-16T08:16:39.320+0000] {processor.py:186} INFO - Started process (PID=3937) to work on /home/airflow/.local/lib/python3.12/site-packages/airflow/example_dags/example_python_decorator.py
[2025-12-16T08:16:39.392+0000] {processor.py:914} INFO - Processing file /home/airflow/.local/lib/python3.12/site-packages/airflow/example_dags/example_python_decorator.py for tasks to queue
[2025-12-16T08:16:39.412+0000] {logging_mixin.py:190} INFO - [2025-12-16T08:16:39.410+0000] {dagbag.py:588} INFO - Filling up the DagBag from /home/airflow/.local/lib/python3.12/site-packages/airflow/example_dags/example_python_decorator.py
[2025-12-16T08:16:40.155+0000] {processor.py:925} INFO - DAG(s) 'example_python_decorator' retrieved from /home/airflow/.local/lib/python3.12/site-packages/airflow/example_dags/example_python_decorator.py
[2025-12-16T08:16:40.732+0000] {logging_mixin.py:190} INFO - [2025-12-16T08:16:40.731+0000] {dag.py:3239} INFO - Sync 1 DAGs
[2025-12-16T08:16:41.023+0000] {logging_mixin.py:190} INFO - [2025-12-16T08:16:41.022+0000] {dag.py:4180} INFO - Setting next_dagrun for example_python_decorator to None, run_after=None
[2025-12-16T08:16:41.366+0000] {processor.py:208} INFO - Processing /home/airflow/.local/lib/python3.12/site-packages/airflow/example_dags/example_python_decorator.py took 2.178 seconds
[2025-12-16T08:17:19.923+0000] {processor.py:186} INFO - Started process (PID=4009) to work on /home/airflow/.local/lib/python3.12/site-packages/airflow/example_dags/example_python_decorator.py
[2025-12-16T08:17:19.929+0000] {processor.py:914} INFO - Processing file /home/airflow/.local/lib/python3.12/site-packages/airflow/example_dags/example_python_decorator.py for tasks to queue
[2025-12-16T08:17:19.940+0000] {logging_mixin.py:190} INFO - [2025-12-16T08:17:19.932+0000] {dagbag.py:588} INFO - Filling up the DagBag from /home/airflow/.local/lib/python3.12/site-packages/airflow/example_dags/example_python_decorator.py
[2025-12-16T08:17:20.015+0000] {processor.py:925} INFO - DAG(s) 'example_python_decorator' retrieved from /home/airflow/.local/lib/python3.12/site-packages/airflow/example_dags/example_python_decorator.py
[2025-12-16T08:17:20.114+0000] {logging_mixin.py:190} INFO - [2025-12-16T08:17:20.113+0000] {dag.py:3239} INFO - Sync 1 DAGs
[2025-12-16T08:17:20.168+0000] {logging_mixin.py:190} INFO - [2025-12-16T08:17:20.167+0000] {dag.py:4180} INFO - Setting next_dagrun for example_python_decorator to None, run_after=None
[2025-12-16T08:17:20.258+0000] {processor.py:208} INFO - Processing /home/airflow/.local/lib/python3.12/site-packages/airflow/example_dags/example_python_decorator.py took 0.372 seconds
[2025-12-16T08:17:56.692+0000] {processor.py:186} INFO - Started process (PID=4081) to work on /home/airflow/.local/lib/python3.12/site-packages/airflow/example_dags/example_python_decorator.py
[2025-12-16T08:17:56.716+0000] {processor.py:914} INFO - Processing file /home/airflow/.local/lib/python3.12/site-packages/airflow/example_dags/example_python_decorator.py for tasks to queue
[2025-12-16T08:17:56.734+0000] {logging_mixin.py:190} INFO - [2025-12-16T08:17:56.732+0000] {dagbag.py:588} INFO - Filling up the DagBag from /home/airflow/.local/lib/python3.12/site-packages/airflow/example_dags/example_python_decorator.py
[2025-12-16T08:17:56.836+0000] {processor.py:925} INFO - DAG(s) 'example_python_decorator' retrieved from /home/airflow/.local/lib/python3.12/site-packages/airflow/example_dags/example_python_decorator.py
[2025-12-16T08:17:57.011+0000] {logging_mixin.py:190} INFO - [2025-12-16T08:17:57.010+0000] {dag.py:3239} INFO - Sync 1 DAGs
[2025-12-16T08:17:57.115+0000] {logging_mixin.py:190} INFO - [2025-12-16T08:17:57.114+0000] {dag.py:4180} INFO - Setting next_dagrun for example_python_decorator to None, run_after=None
[2025-12-16T08:17:57.243+0000] {processor.py:208} INFO - Processing /home/airflow/.local/lib/python3.12/site-packages/airflow/example_dags/example_python_decorator.py took 0.607 seconds
[2025-12-16T08:18:32.209+0000] {processor.py:186} INFO - Started process (PID=4154) to work on /home/airflow/.local/lib/python3.12/site-packages/airflow/example_dags/example_python_decorator.py
[2025-12-16T08:18:32.228+0000] {processor.py:914} INFO - Processing file /home/airflow/.local/lib/python3.12/site-packages/airflow/example_dags/example_python_decorator.py for tasks to queue
[2025-12-16T08:18:32.248+0000] {logging_mixin.py:190} INFO - [2025-12-16T08:18:32.246+0000] {dagbag.py:588} INFO - Filling up the DagBag from /home/airflow/.local/lib/python3.12/site-packages/airflow/example_dags/example_python_decorator.py
[2025-12-16T08:18:32.534+0000] {processor.py:925} INFO - DAG(s) 'example_python_decorator' retrieved from /home/airflow/.local/lib/python3.12/site-packages/airflow/example_dags/example_python_decorator.py
[2025-12-16T08:18:33.211+0000] {logging_mixin.py:190} INFO - [2025-12-16T08:18:33.210+0000] {dag.py:3239} INFO - Sync 1 DAGs
[2025-12-16T08:18:33.346+0000] {logging_mixin.py:190} INFO - [2025-12-16T08:18:33.345+0000] {dag.py:4180} INFO - Setting next_dagrun for example_python_decorator to None, run_after=None
[2025-12-16T08:18:33.510+0000] {processor.py:208} INFO - Processing /home/airflow/.local/lib/python3.12/site-packages/airflow/example_dags/example_python_decorator.py took 1.385 seconds
[2025-12-16T08:19:10.346+0000] {processor.py:186} INFO - Started process (PID=4230) to work on /home/airflow/.local/lib/python3.12/site-packages/airflow/example_dags/example_python_decorator.py
[2025-12-16T08:19:10.352+0000] {processor.py:914} INFO - Processing file /home/airflow/.local/lib/python3.12/site-packages/airflow/example_dags/example_python_decorator.py for tasks to queue
[2025-12-16T08:19:10.356+0000] {logging_mixin.py:190} INFO - [2025-12-16T08:19:10.355+0000] {dagbag.py:588} INFO - Filling up the DagBag from /home/airflow/.local/lib/python3.12/site-packages/airflow/example_dags/example_python_decorator.py
[2025-12-16T08:19:10.444+0000] {processor.py:925} INFO - DAG(s) 'example_python_decorator' retrieved from /home/airflow/.local/lib/python3.12/site-packages/airflow/example_dags/example_python_decorator.py
[2025-12-16T08:19:10.539+0000] {logging_mixin.py:190} INFO - [2025-12-16T08:19:10.539+0000] {dag.py:3239} INFO - Sync 1 DAGs
[2025-12-16T08:19:10.641+0000] {logging_mixin.py:190} INFO - [2025-12-16T08:19:10.641+0000] {dag.py:4180} INFO - Setting next_dagrun for example_python_decorator to None, run_after=None
[2025-12-16T08:19:10.718+0000] {processor.py:208} INFO - Processing /home/airflow/.local/lib/python3.12/site-packages/airflow/example_dags/example_python_decorator.py took 0.398 seconds
[2025-12-16T08:19:41.083+0000] {processor.py:186} INFO - Started process (PID=4302) to work on /home/airflow/.local/lib/python3.12/site-packages/airflow/example_dags/example_python_decorator.py
[2025-12-16T08:19:41.086+0000] {processor.py:914} INFO - Processing file /home/airflow/.local/lib/python3.12/site-packages/airflow/example_dags/example_python_decorator.py for tasks to queue
[2025-12-16T08:19:41.110+0000] {logging_mixin.py:190} INFO - [2025-12-16T08:19:41.109+0000] {dagbag.py:588} INFO - Filling up the DagBag from /home/airflow/.local/lib/python3.12/site-packages/airflow/example_dags/example_python_decorator.py
[2025-12-16T08:19:41.178+0000] {processor.py:925} INFO - DAG(s) 'example_python_decorator' retrieved from /home/airflow/.local/lib/python3.12/site-packages/airflow/example_dags/example_python_decorator.py
[2025-12-16T08:19:41.289+0000] {logging_mixin.py:190} INFO - [2025-12-16T08:19:41.287+0000] {dag.py:3239} INFO - Sync 1 DAGs
[2025-12-16T08:19:41.364+0000] {logging_mixin.py:190} INFO - [2025-12-16T08:19:41.363+0000] {dag.py:4180} INFO - Setting next_dagrun for example_python_decorator to None, run_after=None
[2025-12-16T08:19:41.478+0000] {processor.py:208} INFO - Processing /home/airflow/.local/lib/python3.12/site-packages/airflow/example_dags/example_python_decorator.py took 0.421 seconds
[2025-12-16T08:20:12.644+0000] {processor.py:186} INFO - Started process (PID=4374) to work on /home/airflow/.local/lib/python3.12/site-packages/airflow/example_dags/example_python_decorator.py
[2025-12-16T08:20:12.647+0000] {processor.py:914} INFO - Processing file /home/airflow/.local/lib/python3.12/site-packages/airflow/example_dags/example_python_decorator.py for tasks to queue
[2025-12-16T08:20:12.650+0000] {logging_mixin.py:190} INFO - [2025-12-16T08:20:12.649+0000] {dagbag.py:588} INFO - Filling up the DagBag from /home/airflow/.local/lib/python3.12/site-packages/airflow/example_dags/example_python_decorator.py
[2025-12-16T08:20:12.696+0000] {processor.py:925} INFO - DAG(s) 'example_python_decorator' retrieved from /home/airflow/.local/lib/python3.12/site-packages/airflow/example_dags/example_python_decorator.py
[2025-12-16T08:20:12.780+0000] {logging_mixin.py:190} INFO - [2025-12-16T08:20:12.779+0000] {dag.py:3239} INFO - Sync 1 DAGs
[2025-12-16T08:20:12.822+0000] {logging_mixin.py:190} INFO - [2025-12-16T08:20:12.822+0000] {dag.py:4180} INFO - Setting next_dagrun for example_python_decorator to None, run_after=None
[2025-12-16T08:20:12.879+0000] {processor.py:208} INFO - Processing /home/airflow/.local/lib/python3.12/site-packages/airflow/example_dags/example_python_decorator.py took 0.251 seconds
[2025-12-16T08:20:44.453+0000] {processor.py:186} INFO - Started process (PID=4445) to work on /home/airflow/.local/lib/python3.12/site-packages/airflow/example_dags/example_python_decorator.py
[2025-12-16T08:20:44.460+0000] {processor.py:914} INFO - Processing file /home/airflow/.local/lib/python3.12/site-packages/airflow/example_dags/example_python_decorator.py for tasks to queue
[2025-12-16T08:20:44.470+0000] {logging_mixin.py:190} INFO - [2025-12-16T08:20:44.466+0000] {dagbag.py:588} INFO - Filling up the DagBag from /home/airflow/.local/lib/python3.12/site-packages/airflow/example_dags/example_python_decorator.py
[2025-12-16T08:20:44.528+0000] {processor.py:925} INFO - DAG(s) 'example_python_decorator' retrieved from /home/airflow/.local/lib/python3.12/site-packages/airflow/example_dags/example_python_decorator.py
[2025-12-16T08:20:44.607+0000] {logging_mixin.py:190} INFO - [2025-12-16T08:20:44.606+0000] {dag.py:3239} INFO - Sync 1 DAGs
[2025-12-16T08:20:44.650+0000] {logging_mixin.py:190} INFO - [2025-12-16T08:20:44.650+0000] {dag.py:4180} INFO - Setting next_dagrun for example_python_decorator to None, run_after=None
[2025-12-16T08:20:44.708+0000] {processor.py:208} INFO - Processing /home/airflow/.local/lib/python3.12/site-packages/airflow/example_dags/example_python_decorator.py took 0.282 seconds
[2025-12-16T08:21:17.837+0000] {processor.py:186} INFO - Started process (PID=4517) to work on /home/airflow/.local/lib/python3.12/site-packages/airflow/example_dags/example_python_decorator.py
[2025-12-16T08:21:17.839+0000] {processor.py:914} INFO - Processing file /home/airflow/.local/lib/python3.12/site-packages/airflow/example_dags/example_python_decorator.py for tasks to queue
[2025-12-16T08:21:17.843+0000] {logging_mixin.py:190} INFO - [2025-12-16T08:21:17.842+0000] {dagbag.py:588} INFO - Filling up the DagBag from /home/airflow/.local/lib/python3.12/site-packages/airflow/example_dags/example_python_decorator.py
[2025-12-16T08:21:17.887+0000] {processor.py:925} INFO - DAG(s) 'example_python_decorator' retrieved from /home/airflow/.local/lib/python3.12/site-packages/airflow/example_dags/example_python_decorator.py
[2025-12-16T08:21:17.944+0000] {logging_mixin.py:190} INFO - [2025-12-16T08:21:17.942+0000] {dag.py:3239} INFO - Sync 1 DAGs
[2025-12-16T08:21:17.985+0000] {logging_mixin.py:190} INFO - [2025-12-16T08:21:17.981+0000] {dag.py:4180} INFO - Setting next_dagrun for example_python_decorator to None, run_after=None
[2025-12-16T08:21:18.039+0000] {processor.py:208} INFO - Processing /home/airflow/.local/lib/python3.12/site-packages/airflow/example_dags/example_python_decorator.py took 0.217 seconds
[2025-12-16T08:21:54.653+0000] {processor.py:186} INFO - Started process (PID=4580) to work on /home/airflow/.local/lib/python3.12/site-packages/airflow/example_dags/example_python_decorator.py
[2025-12-16T08:21:54.660+0000] {processor.py:914} INFO - Processing file /home/airflow/.local/lib/python3.12/site-packages/airflow/example_dags/example_python_decorator.py for tasks to queue
[2025-12-16T08:21:54.672+0000] {logging_mixin.py:190} INFO - [2025-12-16T08:21:54.670+0000] {dagbag.py:588} INFO - Filling up the DagBag from /home/airflow/.local/lib/python3.12/site-packages/airflow/example_dags/example_python_decorator.py
[2025-12-16T08:21:54.831+0000] {processor.py:925} INFO - DAG(s) 'example_python_decorator' retrieved from /home/airflow/.local/lib/python3.12/site-packages/airflow/example_dags/example_python_decorator.py
[2025-12-16T08:21:54.983+0000] {logging_mixin.py:190} INFO - [2025-12-16T08:21:54.982+0000] {dag.py:3239} INFO - Sync 1 DAGs
[2025-12-16T08:21:55.058+0000] {logging_mixin.py:190} INFO - [2025-12-16T08:21:55.057+0000] {dag.py:4180} INFO - Setting next_dagrun for example_python_decorator to None, run_after=None
[2025-12-16T08:21:55.200+0000] {processor.py:208} INFO - Processing /home/airflow/.local/lib/python3.12/site-packages/airflow/example_dags/example_python_decorator.py took 0.702 seconds
[2025-12-16T08:22:27.336+0000] {processor.py:186} INFO - Started process (PID=4651) to work on /home/airflow/.local/lib/python3.12/site-packages/airflow/example_dags/example_python_decorator.py
[2025-12-16T08:22:27.343+0000] {processor.py:914} INFO - Processing file /home/airflow/.local/lib/python3.12/site-packages/airflow/example_dags/example_python_decorator.py for tasks to queue
[2025-12-16T08:22:27.348+0000] {logging_mixin.py:190} INFO - [2025-12-16T08:22:27.347+0000] {dagbag.py:588} INFO - Filling up the DagBag from /home/airflow/.local/lib/python3.12/site-packages/airflow/example_dags/example_python_decorator.py
[2025-12-16T08:22:27.473+0000] {processor.py:925} INFO - DAG(s) 'example_python_decorator' retrieved from /home/airflow/.local/lib/python3.12/site-packages/airflow/example_dags/example_python_decorator.py
[2025-12-16T08:22:27.601+0000] {logging_mixin.py:190} INFO - [2025-12-16T08:22:27.599+0000] {dag.py:3239} INFO - Sync 1 DAGs
[2025-12-16T08:22:27.673+0000] {logging_mixin.py:190} INFO - [2025-12-16T08:22:27.673+0000] {dag.py:4180} INFO - Setting next_dagrun for example_python_decorator to None, run_after=None
[2025-12-16T08:22:27.759+0000] {processor.py:208} INFO - Processing /home/airflow/.local/lib/python3.12/site-packages/airflow/example_dags/example_python_decorator.py took 0.452 seconds
[2025-12-16T08:22:58.047+0000] {processor.py:186} INFO - Started process (PID=4723) to work on /home/airflow/.local/lib/python3.12/site-packages/airflow/example_dags/example_python_decorator.py
[2025-12-16T08:22:58.051+0000] {processor.py:914} INFO - Processing file /home/airflow/.local/lib/python3.12/site-packages/airflow/example_dags/example_python_decorator.py for tasks to queue
[2025-12-16T08:22:58.055+0000] {logging_mixin.py:190} INFO - [2025-12-16T08:22:58.054+0000] {dagbag.py:588} INFO - Filling up the DagBag from /home/airflow/.local/lib/python3.12/site-packages/airflow/example_dags/example_python_decorator.py
[2025-12-16T08:22:58.121+0000] {processor.py:925} INFO - DAG(s) 'example_python_decorator' retrieved from /home/airflow/.local/lib/python3.12/site-packages/airflow/example_dags/example_python_decorator.py
[2025-12-16T08:22:58.207+0000] {logging_mixin.py:190} INFO - [2025-12-16T08:22:58.207+0000] {dag.py:3239} INFO - Sync 1 DAGs
[2025-12-16T08:22:58.275+0000] {logging_mixin.py:190} INFO - [2025-12-16T08:22:58.274+0000] {dag.py:4180} INFO - Setting next_dagrun for example_python_decorator to None, run_after=None
[2025-12-16T08:22:58.394+0000] {processor.py:208} INFO - Processing /home/airflow/.local/lib/python3.12/site-packages/airflow/example_dags/example_python_decorator.py took 0.358 seconds
[2025-12-16T08:23:32.421+0000] {processor.py:186} INFO - Started process (PID=4794) to work on /home/airflow/.local/lib/python3.12/site-packages/airflow/example_dags/example_python_decorator.py
[2025-12-16T08:23:32.425+0000] {processor.py:914} INFO - Processing file /home/airflow/.local/lib/python3.12/site-packages/airflow/example_dags/example_python_decorator.py for tasks to queue
[2025-12-16T08:23:32.428+0000] {logging_mixin.py:190} INFO - [2025-12-16T08:23:32.427+0000] {dagbag.py:588} INFO - Filling up the DagBag from /home/airflow/.local/lib/python3.12/site-packages/airflow/example_dags/example_python_decorator.py
[2025-12-16T08:23:32.480+0000] {processor.py:925} INFO - DAG(s) 'example_python_decorator' retrieved from /home/airflow/.local/lib/python3.12/site-packages/airflow/example_dags/example_python_decorator.py
[2025-12-16T08:23:32.537+0000] {logging_mixin.py:190} INFO - [2025-12-16T08:23:32.537+0000] {dag.py:3239} INFO - Sync 1 DAGs
[2025-12-16T08:23:32.577+0000] {logging_mixin.py:190} INFO - [2025-12-16T08:23:32.577+0000] {dag.py:4180} INFO - Setting next_dagrun for example_python_decorator to None, run_after=None
[2025-12-16T08:23:32.643+0000] {processor.py:208} INFO - Processing /home/airflow/.local/lib/python3.12/site-packages/airflow/example_dags/example_python_decorator.py took 0.240 seconds
[2025-12-16T08:24:05.463+0000] {processor.py:186} INFO - Started process (PID=4866) to work on /home/airflow/.local/lib/python3.12/site-packages/airflow/example_dags/example_python_decorator.py
[2025-12-16T08:24:05.466+0000] {processor.py:914} INFO - Processing file /home/airflow/.local/lib/python3.12/site-packages/airflow/example_dags/example_python_decorator.py for tasks to queue
[2025-12-16T08:24:05.469+0000] {logging_mixin.py:190} INFO - [2025-12-16T08:24:05.468+0000] {dagbag.py:588} INFO - Filling up the DagBag from /home/airflow/.local/lib/python3.12/site-packages/airflow/example_dags/example_python_decorator.py
[2025-12-16T08:24:05.519+0000] {processor.py:925} INFO - DAG(s) 'example_python_decorator' retrieved from /home/airflow/.local/lib/python3.12/site-packages/airflow/example_dags/example_python_decorator.py
[2025-12-16T08:24:05.603+0000] {logging_mixin.py:190} INFO - [2025-12-16T08:24:05.602+0000] {dag.py:3239} INFO - Sync 1 DAGs
[2025-12-16T08:24:05.640+0000] {logging_mixin.py:190} INFO - [2025-12-16T08:24:05.640+0000] {dag.py:4180} INFO - Setting next_dagrun for example_python_decorator to None, run_after=None
[2025-12-16T08:24:05.691+0000] {processor.py:208} INFO - Processing /home/airflow/.local/lib/python3.12/site-packages/airflow/example_dags/example_python_decorator.py took 0.243 seconds
[2025-12-16T08:24:39.074+0000] {processor.py:186} INFO - Started process (PID=4937) to work on /home/airflow/.local/lib/python3.12/site-packages/airflow/example_dags/example_python_decorator.py
[2025-12-16T08:24:39.077+0000] {processor.py:914} INFO - Processing file /home/airflow/.local/lib/python3.12/site-packages/airflow/example_dags/example_python_decorator.py for tasks to queue
[2025-12-16T08:24:39.081+0000] {logging_mixin.py:190} INFO - [2025-12-16T08:24:39.080+0000] {dagbag.py:588} INFO - Filling up the DagBag from /home/airflow/.local/lib/python3.12/site-packages/airflow/example_dags/example_python_decorator.py
[2025-12-16T08:24:39.154+0000] {processor.py:925} INFO - DAG(s) 'example_python_decorator' retrieved from /home/airflow/.local/lib/python3.12/site-packages/airflow/example_dags/example_python_decorator.py
[2025-12-16T08:24:39.247+0000] {logging_mixin.py:190} INFO - [2025-12-16T08:24:39.246+0000] {dag.py:3239} INFO - Sync 1 DAGs
[2025-12-16T08:24:39.298+0000] {logging_mixin.py:190} INFO - [2025-12-16T08:24:39.297+0000] {dag.py:4180} INFO - Setting next_dagrun for example_python_decorator to None, run_after=None
[2025-12-16T08:24:39.388+0000] {processor.py:208} INFO - Processing /home/airflow/.local/lib/python3.12/site-packages/airflow/example_dags/example_python_decorator.py took 0.374 seconds
[2025-12-16T08:25:15.182+0000] {processor.py:186} INFO - Started process (PID=5016) to work on /home/airflow/.local/lib/python3.12/site-packages/airflow/example_dags/example_python_decorator.py
[2025-12-16T08:25:15.186+0000] {processor.py:914} INFO - Processing file /home/airflow/.local/lib/python3.12/site-packages/airflow/example_dags/example_python_decorator.py for tasks to queue
[2025-12-16T08:25:15.193+0000] {logging_mixin.py:190} INFO - [2025-12-16T08:25:15.192+0000] {dagbag.py:588} INFO - Filling up the DagBag from /home/airflow/.local/lib/python3.12/site-packages/airflow/example_dags/example_python_decorator.py
[2025-12-16T08:25:15.235+0000] {processor.py:925} INFO - DAG(s) 'example_python_decorator' retrieved from /home/airflow/.local/lib/python3.12/site-packages/airflow/example_dags/example_python_decorator.py
[2025-12-16T08:25:15.309+0000] {logging_mixin.py:190} INFO - [2025-12-16T08:25:15.308+0000] {dag.py:3239} INFO - Sync 1 DAGs
[2025-12-16T08:25:15.362+0000] {logging_mixin.py:190} INFO - [2025-12-16T08:25:15.362+0000] {dag.py:4180} INFO - Setting next_dagrun for example_python_decorator to None, run_after=None
[2025-12-16T08:25:15.438+0000] {processor.py:208} INFO - Processing /home/airflow/.local/lib/python3.12/site-packages/airflow/example_dags/example_python_decorator.py took 0.281 seconds
[2025-12-16T08:25:46.771+0000] {processor.py:186} INFO - Started process (PID=5087) to work on /home/airflow/.local/lib/python3.12/site-packages/airflow/example_dags/example_python_decorator.py
[2025-12-16T08:25:46.774+0000] {processor.py:914} INFO - Processing file /home/airflow/.local/lib/python3.12/site-packages/airflow/example_dags/example_python_decorator.py for tasks to queue
[2025-12-16T08:25:46.779+0000] {logging_mixin.py:190} INFO - [2025-12-16T08:25:46.777+0000] {dagbag.py:588} INFO - Filling up the DagBag from /home/airflow/.local/lib/python3.12/site-packages/airflow/example_dags/example_python_decorator.py
[2025-12-16T08:25:46.833+0000] {processor.py:925} INFO - DAG(s) 'example_python_decorator' retrieved from /home/airflow/.local/lib/python3.12/site-packages/airflow/example_dags/example_python_decorator.py
[2025-12-16T08:25:47.057+0000] {logging_mixin.py:190} INFO - [2025-12-16T08:25:47.056+0000] {dag.py:3239} INFO - Sync 1 DAGs
[2025-12-16T08:25:47.122+0000] {logging_mixin.py:190} INFO - [2025-12-16T08:25:47.121+0000] {dag.py:4180} INFO - Setting next_dagrun for example_python_decorator to None, run_after=None
[2025-12-16T08:25:47.176+0000] {processor.py:208} INFO - Processing /home/airflow/.local/lib/python3.12/site-packages/airflow/example_dags/example_python_decorator.py took 0.430 seconds
[2025-12-16T08:26:18.901+0000] {processor.py:186} INFO - Started process (PID=5159) to work on /home/airflow/.local/lib/python3.12/site-packages/airflow/example_dags/example_python_decorator.py
[2025-12-16T08:26:18.906+0000] {processor.py:914} INFO - Processing file /home/airflow/.local/lib/python3.12/site-packages/airflow/example_dags/example_python_decorator.py for tasks to queue
[2025-12-16T08:26:18.910+0000] {logging_mixin.py:190} INFO - [2025-12-16T08:26:18.909+0000] {dagbag.py:588} INFO - Filling up the DagBag from /home/airflow/.local/lib/python3.12/site-packages/airflow/example_dags/example_python_decorator.py
[2025-12-16T08:26:18.956+0000] {processor.py:925} INFO - DAG(s) 'example_python_decorator' retrieved from /home/airflow/.local/lib/python3.12/site-packages/airflow/example_dags/example_python_decorator.py
[2025-12-16T08:26:19.056+0000] {logging_mixin.py:190} INFO - [2025-12-16T08:26:19.055+0000] {dag.py:3239} INFO - Sync 1 DAGs
[2025-12-16T08:26:19.145+0000] {logging_mixin.py:190} INFO - [2025-12-16T08:26:19.144+0000] {dag.py:4180} INFO - Setting next_dagrun for example_python_decorator to None, run_after=None
[2025-12-16T08:26:19.247+0000] {processor.py:208} INFO - Processing /home/airflow/.local/lib/python3.12/site-packages/airflow/example_dags/example_python_decorator.py took 0.363 seconds
[2025-12-16T08:26:53.656+0000] {processor.py:186} INFO - Started process (PID=5230) to work on /home/airflow/.local/lib/python3.12/site-packages/airflow/example_dags/example_python_decorator.py
[2025-12-16T08:26:53.659+0000] {processor.py:914} INFO - Processing file /home/airflow/.local/lib/python3.12/site-packages/airflow/example_dags/example_python_decorator.py for tasks to queue
[2025-12-16T08:26:53.663+0000] {logging_mixin.py:190} INFO - [2025-12-16T08:26:53.662+0000] {dagbag.py:588} INFO - Filling up the DagBag from /home/airflow/.local/lib/python3.12/site-packages/airflow/example_dags/example_python_decorator.py
[2025-12-16T08:26:53.734+0000] {processor.py:925} INFO - DAG(s) 'example_python_decorator' retrieved from /home/airflow/.local/lib/python3.12/site-packages/airflow/example_dags/example_python_decorator.py
[2025-12-16T08:26:53.811+0000] {logging_mixin.py:190} INFO - [2025-12-16T08:26:53.811+0000] {dag.py:3239} INFO - Sync 1 DAGs
[2025-12-16T08:26:53.861+0000] {logging_mixin.py:190} INFO - [2025-12-16T08:26:53.861+0000] {dag.py:4180} INFO - Setting next_dagrun for example_python_decorator to None, run_after=None
[2025-12-16T08:26:53.928+0000] {processor.py:208} INFO - Processing /home/airflow/.local/lib/python3.12/site-packages/airflow/example_dags/example_python_decorator.py took 0.301 seconds
[2025-12-16T08:27:42.463+0000] {processor.py:186} INFO - Started process (PID=5288) to work on /home/airflow/.local/lib/python3.12/site-packages/airflow/example_dags/example_python_decorator.py
[2025-12-16T08:27:42.465+0000] {processor.py:914} INFO - Processing file /home/airflow/.local/lib/python3.12/site-packages/airflow/example_dags/example_python_decorator.py for tasks to queue
[2025-12-16T08:27:42.470+0000] {logging_mixin.py:190} INFO - [2025-12-16T08:27:42.469+0000] {dagbag.py:588} INFO - Filling up the DagBag from /home/airflow/.local/lib/python3.12/site-packages/airflow/example_dags/example_python_decorator.py
[2025-12-16T08:27:42.519+0000] {processor.py:925} INFO - DAG(s) 'example_python_decorator' retrieved from /home/airflow/.local/lib/python3.12/site-packages/airflow/example_dags/example_python_decorator.py
[2025-12-16T08:27:42.574+0000] {logging_mixin.py:190} INFO - [2025-12-16T08:27:42.573+0000] {dag.py:3239} INFO - Sync 1 DAGs
[2025-12-16T08:27:42.620+0000] {logging_mixin.py:190} INFO - [2025-12-16T08:27:42.620+0000] {dag.py:4180} INFO - Setting next_dagrun for example_python_decorator to None, run_after=None
[2025-12-16T08:27:42.758+0000] {processor.py:208} INFO - Processing /home/airflow/.local/lib/python3.12/site-packages/airflow/example_dags/example_python_decorator.py took 0.312 seconds
[2025-12-16T08:28:24.366+0000] {processor.py:186} INFO - Started process (PID=5364) to work on /home/airflow/.local/lib/python3.12/site-packages/airflow/example_dags/example_python_decorator.py
[2025-12-16T08:28:24.369+0000] {processor.py:914} INFO - Processing file /home/airflow/.local/lib/python3.12/site-packages/airflow/example_dags/example_python_decorator.py for tasks to queue
[2025-12-16T08:28:24.390+0000] {logging_mixin.py:190} INFO - [2025-12-16T08:28:24.389+0000] {dagbag.py:588} INFO - Filling up the DagBag from /home/airflow/.local/lib/python3.12/site-packages/airflow/example_dags/example_python_decorator.py
[2025-12-16T08:28:24.503+0000] {processor.py:925} INFO - DAG(s) 'example_python_decorator' retrieved from /home/airflow/.local/lib/python3.12/site-packages/airflow/example_dags/example_python_decorator.py
[2025-12-16T08:28:24.811+0000] {logging_mixin.py:190} INFO - [2025-12-16T08:28:24.810+0000] {dag.py:3239} INFO - Sync 1 DAGs
[2025-12-16T08:28:25.215+0000] {logging_mixin.py:190} INFO - [2025-12-16T08:28:25.215+0000] {dag.py:4180} INFO - Setting next_dagrun for example_python_decorator to None, run_after=None
[2025-12-16T08:28:25.420+0000] {processor.py:208} INFO - Processing /home/airflow/.local/lib/python3.12/site-packages/airflow/example_dags/example_python_decorator.py took 1.086 seconds
