[2025-12-16T07:17:09.992+0000] {processor.py:186} INFO - Started process (PID=123) to work on /home/airflow/.local/lib/python3.12/site-packages/airflow/example_dags/example_complex.py
[2025-12-16T07:17:10.009+0000] {processor.py:914} INFO - Processing file /home/airflow/.local/lib/python3.12/site-packages/airflow/example_dags/example_complex.py for tasks to queue
[2025-12-16T07:17:10.097+0000] {logging_mixin.py:190} INFO - [2025-12-16T07:17:10.088+0000] {dagbag.py:588} INFO - Filling up the DagBag from /home/airflow/.local/lib/python3.12/site-packages/airflow/example_dags/example_complex.py
[2025-12-16T07:17:10.423+0000] {processor.py:925} INFO - DAG(s) 'example_complex' retrieved from /home/airflow/.local/lib/python3.12/site-packages/airflow/example_dags/example_complex.py
[2025-12-16T07:17:12.131+0000] {logging_mixin.py:190} INFO - [2025-12-16T07:17:12.114+0000] {override.py:1930} INFO - Created Permission View: can read on DAG:example_complex
[2025-12-16T07:17:12.247+0000] {logging_mixin.py:190} INFO - [2025-12-16T07:17:12.246+0000] {override.py:1930} INFO - Created Permission View: can delete on DAG:example_complex
[2025-12-16T07:17:12.312+0000] {logging_mixin.py:190} INFO - [2025-12-16T07:17:12.311+0000] {override.py:1930} INFO - Created Permission View: can edit on DAG:example_complex
[2025-12-16T07:17:12.411+0000] {logging_mixin.py:190} INFO - [2025-12-16T07:17:12.410+0000] {override.py:1930} INFO - Created Permission View: can read on DAG Run:example_complex
[2025-12-16T07:17:12.455+0000] {logging_mixin.py:190} INFO - [2025-12-16T07:17:12.455+0000] {override.py:1930} INFO - Created Permission View: can delete on DAG Run:example_complex
[2025-12-16T07:17:12.508+0000] {logging_mixin.py:190} INFO - [2025-12-16T07:17:12.508+0000] {override.py:1930} INFO - Created Permission View: can create on DAG Run:example_complex
[2025-12-16T07:17:12.586+0000] {logging_mixin.py:190} INFO - [2025-12-16T07:17:12.585+0000] {override.py:1930} INFO - Created Permission View: menu access on DAG Run:example_complex
[2025-12-16T07:17:12.597+0000] {logging_mixin.py:190} INFO - [2025-12-16T07:17:12.597+0000] {dag.py:3239} INFO - Sync 1 DAGs
[2025-12-16T07:17:13.295+0000] {logging_mixin.py:190} INFO - [2025-12-16T07:17:13.294+0000] {dag.py:3262} INFO - Creating ORM DAG for example_complex
[2025-12-16T07:17:13.299+0000] {logging_mixin.py:190} INFO - [2025-12-16T07:17:13.298+0000] {dag.py:4180} INFO - Setting next_dagrun for example_complex to None, run_after=None
[2025-12-16T07:17:13.580+0000] {processor.py:208} INFO - Processing /home/airflow/.local/lib/python3.12/site-packages/airflow/example_dags/example_complex.py took 3.740 seconds
[2025-12-16T07:18:18.220+0000] {processor.py:186} INFO - Started process (PID=199) to work on /home/airflow/.local/lib/python3.12/site-packages/airflow/example_dags/example_complex.py
[2025-12-16T07:18:18.225+0000] {processor.py:914} INFO - Processing file /home/airflow/.local/lib/python3.12/site-packages/airflow/example_dags/example_complex.py for tasks to queue
[2025-12-16T07:18:18.231+0000] {logging_mixin.py:190} INFO - [2025-12-16T07:18:18.230+0000] {dagbag.py:588} INFO - Filling up the DagBag from /home/airflow/.local/lib/python3.12/site-packages/airflow/example_dags/example_complex.py
[2025-12-16T07:18:18.264+0000] {processor.py:925} INFO - DAG(s) 'example_complex' retrieved from /home/airflow/.local/lib/python3.12/site-packages/airflow/example_dags/example_complex.py
[2025-12-16T07:18:18.343+0000] {logging_mixin.py:190} INFO - [2025-12-16T07:18:18.342+0000] {dag.py:3239} INFO - Sync 1 DAGs
[2025-12-16T07:18:18.389+0000] {logging_mixin.py:190} INFO - [2025-12-16T07:18:18.388+0000] {dag.py:4180} INFO - Setting next_dagrun for example_complex to None, run_after=None
[2025-12-16T07:18:18.458+0000] {processor.py:208} INFO - Processing /home/airflow/.local/lib/python3.12/site-packages/airflow/example_dags/example_complex.py took 0.297 seconds
[2025-12-16T07:18:58.225+0000] {processor.py:186} INFO - Started process (PID=271) to work on /home/airflow/.local/lib/python3.12/site-packages/airflow/example_dags/example_complex.py
[2025-12-16T07:18:58.238+0000] {processor.py:914} INFO - Processing file /home/airflow/.local/lib/python3.12/site-packages/airflow/example_dags/example_complex.py for tasks to queue
[2025-12-16T07:18:58.260+0000] {logging_mixin.py:190} INFO - [2025-12-16T07:18:58.260+0000] {dagbag.py:588} INFO - Filling up the DagBag from /home/airflow/.local/lib/python3.12/site-packages/airflow/example_dags/example_complex.py
[2025-12-16T07:18:58.415+0000] {processor.py:925} INFO - DAG(s) 'example_complex' retrieved from /home/airflow/.local/lib/python3.12/site-packages/airflow/example_dags/example_complex.py
[2025-12-16T07:18:58.732+0000] {logging_mixin.py:190} INFO - [2025-12-16T07:18:58.731+0000] {dag.py:3239} INFO - Sync 1 DAGs
[2025-12-16T07:18:58.875+0000] {logging_mixin.py:190} INFO - [2025-12-16T07:18:58.874+0000] {dag.py:4180} INFO - Setting next_dagrun for example_complex to None, run_after=None
[2025-12-16T07:18:58.990+0000] {processor.py:208} INFO - Processing /home/airflow/.local/lib/python3.12/site-packages/airflow/example_dags/example_complex.py took 0.802 seconds
[2025-12-16T07:19:30.199+0000] {processor.py:186} INFO - Started process (PID=343) to work on /home/airflow/.local/lib/python3.12/site-packages/airflow/example_dags/example_complex.py
[2025-12-16T07:19:30.203+0000] {processor.py:914} INFO - Processing file /home/airflow/.local/lib/python3.12/site-packages/airflow/example_dags/example_complex.py for tasks to queue
[2025-12-16T07:19:30.209+0000] {logging_mixin.py:190} INFO - [2025-12-16T07:19:30.208+0000] {dagbag.py:588} INFO - Filling up the DagBag from /home/airflow/.local/lib/python3.12/site-packages/airflow/example_dags/example_complex.py
[2025-12-16T07:19:30.244+0000] {processor.py:925} INFO - DAG(s) 'example_complex' retrieved from /home/airflow/.local/lib/python3.12/site-packages/airflow/example_dags/example_complex.py
[2025-12-16T07:19:30.338+0000] {logging_mixin.py:190} INFO - [2025-12-16T07:19:30.338+0000] {dag.py:3239} INFO - Sync 1 DAGs
[2025-12-16T07:19:30.444+0000] {logging_mixin.py:190} INFO - [2025-12-16T07:19:30.433+0000] {dag.py:4180} INFO - Setting next_dagrun for example_complex to None, run_after=None
[2025-12-16T07:19:30.519+0000] {processor.py:208} INFO - Processing /home/airflow/.local/lib/python3.12/site-packages/airflow/example_dags/example_complex.py took 0.339 seconds
[2025-12-16T07:20:10.531+0000] {processor.py:186} INFO - Started process (PID=420) to work on /home/airflow/.local/lib/python3.12/site-packages/airflow/example_dags/example_complex.py
[2025-12-16T07:20:10.535+0000] {processor.py:914} INFO - Processing file /home/airflow/.local/lib/python3.12/site-packages/airflow/example_dags/example_complex.py for tasks to queue
[2025-12-16T07:20:10.545+0000] {logging_mixin.py:190} INFO - [2025-12-16T07:20:10.544+0000] {dagbag.py:588} INFO - Filling up the DagBag from /home/airflow/.local/lib/python3.12/site-packages/airflow/example_dags/example_complex.py
[2025-12-16T07:20:10.705+0000] {processor.py:925} INFO - DAG(s) 'example_complex' retrieved from /home/airflow/.local/lib/python3.12/site-packages/airflow/example_dags/example_complex.py
[2025-12-16T07:20:10.927+0000] {logging_mixin.py:190} INFO - [2025-12-16T07:20:10.926+0000] {dag.py:3239} INFO - Sync 1 DAGs
[2025-12-16T07:20:11.093+0000] {logging_mixin.py:190} INFO - [2025-12-16T07:20:11.089+0000] {dag.py:4180} INFO - Setting next_dagrun for example_complex to None, run_after=None
[2025-12-16T07:20:11.268+0000] {processor.py:208} INFO - Processing /home/airflow/.local/lib/python3.12/site-packages/airflow/example_dags/example_complex.py took 0.764 seconds
[2025-12-16T07:20:44.042+0000] {processor.py:186} INFO - Started process (PID=492) to work on /home/airflow/.local/lib/python3.12/site-packages/airflow/example_dags/example_complex.py
[2025-12-16T07:20:44.045+0000] {processor.py:914} INFO - Processing file /home/airflow/.local/lib/python3.12/site-packages/airflow/example_dags/example_complex.py for tasks to queue
[2025-12-16T07:20:44.057+0000] {logging_mixin.py:190} INFO - [2025-12-16T07:20:44.056+0000] {dagbag.py:588} INFO - Filling up the DagBag from /home/airflow/.local/lib/python3.12/site-packages/airflow/example_dags/example_complex.py
[2025-12-16T07:20:44.093+0000] {processor.py:925} INFO - DAG(s) 'example_complex' retrieved from /home/airflow/.local/lib/python3.12/site-packages/airflow/example_dags/example_complex.py
[2025-12-16T07:20:44.188+0000] {logging_mixin.py:190} INFO - [2025-12-16T07:20:44.188+0000] {dag.py:3239} INFO - Sync 1 DAGs
[2025-12-16T07:20:44.245+0000] {logging_mixin.py:190} INFO - [2025-12-16T07:20:44.245+0000] {dag.py:4180} INFO - Setting next_dagrun for example_complex to None, run_after=None
[2025-12-16T07:20:44.327+0000] {processor.py:208} INFO - Processing /home/airflow/.local/lib/python3.12/site-packages/airflow/example_dags/example_complex.py took 0.311 seconds
[2025-12-16T07:21:14.524+0000] {processor.py:186} INFO - Started process (PID=563) to work on /home/airflow/.local/lib/python3.12/site-packages/airflow/example_dags/example_complex.py
[2025-12-16T07:21:14.527+0000] {processor.py:914} INFO - Processing file /home/airflow/.local/lib/python3.12/site-packages/airflow/example_dags/example_complex.py for tasks to queue
[2025-12-16T07:21:14.535+0000] {logging_mixin.py:190} INFO - [2025-12-16T07:21:14.534+0000] {dagbag.py:588} INFO - Filling up the DagBag from /home/airflow/.local/lib/python3.12/site-packages/airflow/example_dags/example_complex.py
[2025-12-16T07:21:14.596+0000] {processor.py:925} INFO - DAG(s) 'example_complex' retrieved from /home/airflow/.local/lib/python3.12/site-packages/airflow/example_dags/example_complex.py
[2025-12-16T07:21:14.745+0000] {logging_mixin.py:190} INFO - [2025-12-16T07:21:14.745+0000] {dag.py:3239} INFO - Sync 1 DAGs
[2025-12-16T07:21:14.789+0000] {logging_mixin.py:190} INFO - [2025-12-16T07:21:14.788+0000] {dag.py:4180} INFO - Setting next_dagrun for example_complex to None, run_after=None
[2025-12-16T07:21:14.843+0000] {processor.py:208} INFO - Processing /home/airflow/.local/lib/python3.12/site-packages/airflow/example_dags/example_complex.py took 0.334 seconds
[2025-12-16T07:21:44.960+0000] {processor.py:186} INFO - Started process (PID=634) to work on /home/airflow/.local/lib/python3.12/site-packages/airflow/example_dags/example_complex.py
[2025-12-16T07:21:44.963+0000] {processor.py:914} INFO - Processing file /home/airflow/.local/lib/python3.12/site-packages/airflow/example_dags/example_complex.py for tasks to queue
[2025-12-16T07:21:44.969+0000] {logging_mixin.py:190} INFO - [2025-12-16T07:21:44.968+0000] {dagbag.py:588} INFO - Filling up the DagBag from /home/airflow/.local/lib/python3.12/site-packages/airflow/example_dags/example_complex.py
[2025-12-16T07:21:45.015+0000] {processor.py:925} INFO - DAG(s) 'example_complex' retrieved from /home/airflow/.local/lib/python3.12/site-packages/airflow/example_dags/example_complex.py
[2025-12-16T07:21:45.084+0000] {logging_mixin.py:190} INFO - [2025-12-16T07:21:45.083+0000] {dag.py:3239} INFO - Sync 1 DAGs
[2025-12-16T07:21:45.121+0000] {logging_mixin.py:190} INFO - [2025-12-16T07:21:45.120+0000] {dag.py:4180} INFO - Setting next_dagrun for example_complex to None, run_after=None
[2025-12-16T07:21:45.168+0000] {processor.py:208} INFO - Processing /home/airflow/.local/lib/python3.12/site-packages/airflow/example_dags/example_complex.py took 0.224 seconds
[2025-12-16T07:22:17.503+0000] {processor.py:186} INFO - Started process (PID=705) to work on /home/airflow/.local/lib/python3.12/site-packages/airflow/example_dags/example_complex.py
[2025-12-16T07:22:17.506+0000] {processor.py:914} INFO - Processing file /home/airflow/.local/lib/python3.12/site-packages/airflow/example_dags/example_complex.py for tasks to queue
[2025-12-16T07:22:17.513+0000] {logging_mixin.py:190} INFO - [2025-12-16T07:22:17.512+0000] {dagbag.py:588} INFO - Filling up the DagBag from /home/airflow/.local/lib/python3.12/site-packages/airflow/example_dags/example_complex.py
[2025-12-16T07:22:17.546+0000] {processor.py:925} INFO - DAG(s) 'example_complex' retrieved from /home/airflow/.local/lib/python3.12/site-packages/airflow/example_dags/example_complex.py
[2025-12-16T07:22:17.667+0000] {logging_mixin.py:190} INFO - [2025-12-16T07:22:17.666+0000] {dag.py:3239} INFO - Sync 1 DAGs
[2025-12-16T07:22:17.721+0000] {logging_mixin.py:190} INFO - [2025-12-16T07:22:17.720+0000] {dag.py:4180} INFO - Setting next_dagrun for example_complex to None, run_after=None
[2025-12-16T07:22:17.767+0000] {processor.py:208} INFO - Processing /home/airflow/.local/lib/python3.12/site-packages/airflow/example_dags/example_complex.py took 0.282 seconds
[2025-12-16T07:22:51.247+0000] {processor.py:186} INFO - Started process (PID=773) to work on /home/airflow/.local/lib/python3.12/site-packages/airflow/example_dags/example_complex.py
[2025-12-16T07:22:51.251+0000] {processor.py:914} INFO - Processing file /home/airflow/.local/lib/python3.12/site-packages/airflow/example_dags/example_complex.py for tasks to queue
[2025-12-16T07:22:51.259+0000] {logging_mixin.py:190} INFO - [2025-12-16T07:22:51.258+0000] {dagbag.py:588} INFO - Filling up the DagBag from /home/airflow/.local/lib/python3.12/site-packages/airflow/example_dags/example_complex.py
[2025-12-16T07:22:51.307+0000] {processor.py:925} INFO - DAG(s) 'example_complex' retrieved from /home/airflow/.local/lib/python3.12/site-packages/airflow/example_dags/example_complex.py
[2025-12-16T07:22:51.447+0000] {logging_mixin.py:190} INFO - [2025-12-16T07:22:51.446+0000] {dag.py:3239} INFO - Sync 1 DAGs
[2025-12-16T07:22:51.531+0000] {logging_mixin.py:190} INFO - [2025-12-16T07:22:51.530+0000] {dag.py:4180} INFO - Setting next_dagrun for example_complex to None, run_after=None
[2025-12-16T07:22:51.589+0000] {processor.py:208} INFO - Processing /home/airflow/.local/lib/python3.12/site-packages/airflow/example_dags/example_complex.py took 0.363 seconds
[2025-12-16T07:23:24.829+0000] {processor.py:186} INFO - Started process (PID=839) to work on /home/airflow/.local/lib/python3.12/site-packages/airflow/example_dags/example_complex.py
[2025-12-16T07:23:24.833+0000] {processor.py:914} INFO - Processing file /home/airflow/.local/lib/python3.12/site-packages/airflow/example_dags/example_complex.py for tasks to queue
[2025-12-16T07:23:24.841+0000] {logging_mixin.py:190} INFO - [2025-12-16T07:23:24.840+0000] {dagbag.py:588} INFO - Filling up the DagBag from /home/airflow/.local/lib/python3.12/site-packages/airflow/example_dags/example_complex.py
[2025-12-16T07:23:24.891+0000] {processor.py:925} INFO - DAG(s) 'example_complex' retrieved from /home/airflow/.local/lib/python3.12/site-packages/airflow/example_dags/example_complex.py
[2025-12-16T07:23:25.099+0000] {logging_mixin.py:190} INFO - [2025-12-16T07:23:25.098+0000] {dag.py:3239} INFO - Sync 1 DAGs
[2025-12-16T07:23:25.228+0000] {logging_mixin.py:190} INFO - [2025-12-16T07:23:25.227+0000] {dag.py:4180} INFO - Setting next_dagrun for example_complex to None, run_after=None
[2025-12-16T07:23:25.314+0000] {processor.py:208} INFO - Processing /home/airflow/.local/lib/python3.12/site-packages/airflow/example_dags/example_complex.py took 0.511 seconds
[2025-12-16T07:24:54.411+0000] {processor.py:186} INFO - Started process (PID=920) to work on /home/airflow/.local/lib/python3.12/site-packages/airflow/example_dags/example_complex.py
[2025-12-16T07:24:54.435+0000] {processor.py:914} INFO - Processing file /home/airflow/.local/lib/python3.12/site-packages/airflow/example_dags/example_complex.py for tasks to queue
[2025-12-16T07:24:54.511+0000] {logging_mixin.py:190} INFO - [2025-12-16T07:24:54.463+0000] {dagbag.py:588} INFO - Filling up the DagBag from /home/airflow/.local/lib/python3.12/site-packages/airflow/example_dags/example_complex.py
[2025-12-16T07:24:55.012+0000] {processor.py:925} INFO - DAG(s) 'example_complex' retrieved from /home/airflow/.local/lib/python3.12/site-packages/airflow/example_dags/example_complex.py
[2025-12-16T07:24:56.165+0000] {logging_mixin.py:190} INFO - [2025-12-16T07:24:56.150+0000] {dag.py:3239} INFO - Sync 1 DAGs
[2025-12-16T07:24:56.314+0000] {logging_mixin.py:190} INFO - [2025-12-16T07:24:56.313+0000] {dag.py:4180} INFO - Setting next_dagrun for example_complex to None, run_after=None
[2025-12-16T07:24:56.479+0000] {processor.py:208} INFO - Processing /home/airflow/.local/lib/python3.12/site-packages/airflow/example_dags/example_complex.py took 2.300 seconds
[2025-12-16T07:28:00.460+0000] {processor.py:186} INFO - Started process (PID=1020) to work on /home/airflow/.local/lib/python3.12/site-packages/airflow/example_dags/example_complex.py
[2025-12-16T07:28:00.464+0000] {processor.py:914} INFO - Processing file /home/airflow/.local/lib/python3.12/site-packages/airflow/example_dags/example_complex.py for tasks to queue
[2025-12-16T07:28:00.471+0000] {logging_mixin.py:190} INFO - [2025-12-16T07:28:00.469+0000] {dagbag.py:588} INFO - Filling up the DagBag from /home/airflow/.local/lib/python3.12/site-packages/airflow/example_dags/example_complex.py
[2025-12-16T07:28:00.517+0000] {processor.py:925} INFO - DAG(s) 'example_complex' retrieved from /home/airflow/.local/lib/python3.12/site-packages/airflow/example_dags/example_complex.py
[2025-12-16T07:28:00.645+0000] {logging_mixin.py:190} INFO - [2025-12-16T07:28:00.643+0000] {dag.py:3239} INFO - Sync 1 DAGs
[2025-12-16T07:28:00.692+0000] {logging_mixin.py:190} INFO - [2025-12-16T07:28:00.692+0000] {dag.py:4180} INFO - Setting next_dagrun for example_complex to None, run_after=None
[2025-12-16T07:28:00.761+0000] {processor.py:208} INFO - Processing /home/airflow/.local/lib/python3.12/site-packages/airflow/example_dags/example_complex.py took 0.322 seconds
[2025-12-16T07:28:45.891+0000] {processor.py:186} INFO - Started process (PID=1099) to work on /home/airflow/.local/lib/python3.12/site-packages/airflow/example_dags/example_complex.py
[2025-12-16T07:28:45.894+0000] {processor.py:914} INFO - Processing file /home/airflow/.local/lib/python3.12/site-packages/airflow/example_dags/example_complex.py for tasks to queue
[2025-12-16T07:28:45.901+0000] {logging_mixin.py:190} INFO - [2025-12-16T07:28:45.898+0000] {dagbag.py:588} INFO - Filling up the DagBag from /home/airflow/.local/lib/python3.12/site-packages/airflow/example_dags/example_complex.py
[2025-12-16T07:28:45.938+0000] {processor.py:925} INFO - DAG(s) 'example_complex' retrieved from /home/airflow/.local/lib/python3.12/site-packages/airflow/example_dags/example_complex.py
[2025-12-16T07:28:46.034+0000] {logging_mixin.py:190} INFO - [2025-12-16T07:28:46.033+0000] {dag.py:3239} INFO - Sync 1 DAGs
[2025-12-16T07:28:46.085+0000] {logging_mixin.py:190} INFO - [2025-12-16T07:28:46.085+0000] {dag.py:4180} INFO - Setting next_dagrun for example_complex to None, run_after=None
[2025-12-16T07:28:46.141+0000] {processor.py:208} INFO - Processing /home/airflow/.local/lib/python3.12/site-packages/airflow/example_dags/example_complex.py took 0.269 seconds
[2025-12-16T07:31:02.578+0000] {processor.py:186} INFO - Started process (PID=1183) to work on /home/airflow/.local/lib/python3.12/site-packages/airflow/example_dags/example_complex.py
[2025-12-16T07:31:02.592+0000] {processor.py:914} INFO - Processing file /home/airflow/.local/lib/python3.12/site-packages/airflow/example_dags/example_complex.py for tasks to queue
[2025-12-16T07:31:02.599+0000] {logging_mixin.py:190} INFO - [2025-12-16T07:31:02.597+0000] {dagbag.py:588} INFO - Filling up the DagBag from /home/airflow/.local/lib/python3.12/site-packages/airflow/example_dags/example_complex.py
[2025-12-16T07:31:02.923+0000] {processor.py:925} INFO - DAG(s) 'example_complex' retrieved from /home/airflow/.local/lib/python3.12/site-packages/airflow/example_dags/example_complex.py
[2025-12-16T07:31:04.047+0000] {logging_mixin.py:190} INFO - [2025-12-16T07:31:04.008+0000] {dag.py:3239} INFO - Sync 1 DAGs
[2025-12-16T07:31:04.567+0000] {logging_mixin.py:190} INFO - [2025-12-16T07:31:04.567+0000] {dag.py:4180} INFO - Setting next_dagrun for example_complex to None, run_after=None
[2025-12-16T07:31:04.913+0000] {processor.py:208} INFO - Processing /home/airflow/.local/lib/python3.12/site-packages/airflow/example_dags/example_complex.py took 2.467 seconds
[2025-12-16T07:32:42.627+0000] {processor.py:186} INFO - Started process (PID=1268) to work on /home/airflow/.local/lib/python3.12/site-packages/airflow/example_dags/example_complex.py
[2025-12-16T07:32:42.633+0000] {processor.py:914} INFO - Processing file /home/airflow/.local/lib/python3.12/site-packages/airflow/example_dags/example_complex.py for tasks to queue
[2025-12-16T07:32:42.640+0000] {logging_mixin.py:190} INFO - [2025-12-16T07:32:42.639+0000] {dagbag.py:588} INFO - Filling up the DagBag from /home/airflow/.local/lib/python3.12/site-packages/airflow/example_dags/example_complex.py
[2025-12-16T07:32:42.691+0000] {processor.py:925} INFO - DAG(s) 'example_complex' retrieved from /home/airflow/.local/lib/python3.12/site-packages/airflow/example_dags/example_complex.py
[2025-12-16T07:32:42.859+0000] {logging_mixin.py:190} INFO - [2025-12-16T07:32:42.858+0000] {dag.py:3239} INFO - Sync 1 DAGs
[2025-12-16T07:32:42.935+0000] {logging_mixin.py:190} INFO - [2025-12-16T07:32:42.935+0000] {dag.py:4180} INFO - Setting next_dagrun for example_complex to None, run_after=None
[2025-12-16T07:32:43.058+0000] {processor.py:208} INFO - Processing /home/airflow/.local/lib/python3.12/site-packages/airflow/example_dags/example_complex.py took 0.462 seconds
[2025-12-16T07:33:15.415+0000] {processor.py:186} INFO - Started process (PID=1338) to work on /home/airflow/.local/lib/python3.12/site-packages/airflow/example_dags/example_complex.py
[2025-12-16T07:33:15.423+0000] {processor.py:914} INFO - Processing file /home/airflow/.local/lib/python3.12/site-packages/airflow/example_dags/example_complex.py for tasks to queue
[2025-12-16T07:33:15.443+0000] {logging_mixin.py:190} INFO - [2025-12-16T07:33:15.442+0000] {dagbag.py:588} INFO - Filling up the DagBag from /home/airflow/.local/lib/python3.12/site-packages/airflow/example_dags/example_complex.py
[2025-12-16T07:33:15.532+0000] {processor.py:925} INFO - DAG(s) 'example_complex' retrieved from /home/airflow/.local/lib/python3.12/site-packages/airflow/example_dags/example_complex.py
[2025-12-16T07:33:15.707+0000] {logging_mixin.py:190} INFO - [2025-12-16T07:33:15.699+0000] {dag.py:3239} INFO - Sync 1 DAGs
[2025-12-16T07:33:15.801+0000] {logging_mixin.py:190} INFO - [2025-12-16T07:33:15.798+0000] {dag.py:4180} INFO - Setting next_dagrun for example_complex to None, run_after=None
[2025-12-16T07:33:15.909+0000] {processor.py:208} INFO - Processing /home/airflow/.local/lib/python3.12/site-packages/airflow/example_dags/example_complex.py took 0.539 seconds
[2025-12-16T07:33:47.266+0000] {processor.py:186} INFO - Started process (PID=1408) to work on /home/airflow/.local/lib/python3.12/site-packages/airflow/example_dags/example_complex.py
[2025-12-16T07:33:47.270+0000] {processor.py:914} INFO - Processing file /home/airflow/.local/lib/python3.12/site-packages/airflow/example_dags/example_complex.py for tasks to queue
[2025-12-16T07:33:47.275+0000] {logging_mixin.py:190} INFO - [2025-12-16T07:33:47.274+0000] {dagbag.py:588} INFO - Filling up the DagBag from /home/airflow/.local/lib/python3.12/site-packages/airflow/example_dags/example_complex.py
[2025-12-16T07:33:47.376+0000] {processor.py:925} INFO - DAG(s) 'example_complex' retrieved from /home/airflow/.local/lib/python3.12/site-packages/airflow/example_dags/example_complex.py
[2025-12-16T07:33:47.665+0000] {logging_mixin.py:190} INFO - [2025-12-16T07:33:47.664+0000] {dag.py:3239} INFO - Sync 1 DAGs
[2025-12-16T07:33:47.741+0000] {logging_mixin.py:190} INFO - [2025-12-16T07:33:47.740+0000] {dag.py:4180} INFO - Setting next_dagrun for example_complex to None, run_after=None
[2025-12-16T07:33:47.916+0000] {processor.py:208} INFO - Processing /home/airflow/.local/lib/python3.12/site-packages/airflow/example_dags/example_complex.py took 0.707 seconds
[2025-12-16T07:34:18.665+0000] {processor.py:186} INFO - Started process (PID=1480) to work on /home/airflow/.local/lib/python3.12/site-packages/airflow/example_dags/example_complex.py
[2025-12-16T07:34:18.672+0000] {processor.py:914} INFO - Processing file /home/airflow/.local/lib/python3.12/site-packages/airflow/example_dags/example_complex.py for tasks to queue
[2025-12-16T07:34:18.679+0000] {logging_mixin.py:190} INFO - [2025-12-16T07:34:18.676+0000] {dagbag.py:588} INFO - Filling up the DagBag from /home/airflow/.local/lib/python3.12/site-packages/airflow/example_dags/example_complex.py
[2025-12-16T07:34:18.759+0000] {processor.py:925} INFO - DAG(s) 'example_complex' retrieved from /home/airflow/.local/lib/python3.12/site-packages/airflow/example_dags/example_complex.py
[2025-12-16T07:34:18.929+0000] {logging_mixin.py:190} INFO - [2025-12-16T07:34:18.928+0000] {dag.py:3239} INFO - Sync 1 DAGs
[2025-12-16T07:34:19.015+0000] {logging_mixin.py:190} INFO - [2025-12-16T07:34:19.015+0000] {dag.py:4180} INFO - Setting next_dagrun for example_complex to None, run_after=None
[2025-12-16T07:34:19.110+0000] {processor.py:208} INFO - Processing /home/airflow/.local/lib/python3.12/site-packages/airflow/example_dags/example_complex.py took 0.520 seconds
[2025-12-16T07:34:49.910+0000] {processor.py:186} INFO - Started process (PID=1553) to work on /home/airflow/.local/lib/python3.12/site-packages/airflow/example_dags/example_complex.py
[2025-12-16T07:34:49.914+0000] {processor.py:914} INFO - Processing file /home/airflow/.local/lib/python3.12/site-packages/airflow/example_dags/example_complex.py for tasks to queue
[2025-12-16T07:34:49.918+0000] {logging_mixin.py:190} INFO - [2025-12-16T07:34:49.917+0000] {dagbag.py:588} INFO - Filling up the DagBag from /home/airflow/.local/lib/python3.12/site-packages/airflow/example_dags/example_complex.py
[2025-12-16T07:34:49.966+0000] {processor.py:925} INFO - DAG(s) 'example_complex' retrieved from /home/airflow/.local/lib/python3.12/site-packages/airflow/example_dags/example_complex.py
[2025-12-16T07:34:50.056+0000] {logging_mixin.py:190} INFO - [2025-12-16T07:34:50.055+0000] {dag.py:3239} INFO - Sync 1 DAGs
[2025-12-16T07:34:50.098+0000] {logging_mixin.py:190} INFO - [2025-12-16T07:34:50.098+0000] {dag.py:4180} INFO - Setting next_dagrun for example_complex to None, run_after=None
[2025-12-16T07:34:50.204+0000] {processor.py:208} INFO - Processing /home/airflow/.local/lib/python3.12/site-packages/airflow/example_dags/example_complex.py took 0.311 seconds
[2025-12-16T07:35:29.672+0000] {processor.py:186} INFO - Started process (PID=1633) to work on /home/airflow/.local/lib/python3.12/site-packages/airflow/example_dags/example_complex.py
[2025-12-16T07:35:29.676+0000] {processor.py:914} INFO - Processing file /home/airflow/.local/lib/python3.12/site-packages/airflow/example_dags/example_complex.py for tasks to queue
[2025-12-16T07:35:29.682+0000] {logging_mixin.py:190} INFO - [2025-12-16T07:35:29.681+0000] {dagbag.py:588} INFO - Filling up the DagBag from /home/airflow/.local/lib/python3.12/site-packages/airflow/example_dags/example_complex.py
[2025-12-16T07:35:29.743+0000] {processor.py:925} INFO - DAG(s) 'example_complex' retrieved from /home/airflow/.local/lib/python3.12/site-packages/airflow/example_dags/example_complex.py
[2025-12-16T07:35:29.841+0000] {logging_mixin.py:190} INFO - [2025-12-16T07:35:29.841+0000] {dag.py:3239} INFO - Sync 1 DAGs
[2025-12-16T07:35:29.892+0000] {logging_mixin.py:190} INFO - [2025-12-16T07:35:29.891+0000] {dag.py:4180} INFO - Setting next_dagrun for example_complex to None, run_after=None
[2025-12-16T07:35:29.947+0000] {processor.py:208} INFO - Processing /home/airflow/.local/lib/python3.12/site-packages/airflow/example_dags/example_complex.py took 0.299 seconds
[2025-12-16T07:36:14.220+0000] {processor.py:186} INFO - Started process (PID=1699) to work on /home/airflow/.local/lib/python3.12/site-packages/airflow/example_dags/example_complex.py
[2025-12-16T07:36:14.223+0000] {processor.py:914} INFO - Processing file /home/airflow/.local/lib/python3.12/site-packages/airflow/example_dags/example_complex.py for tasks to queue
[2025-12-16T07:36:14.227+0000] {logging_mixin.py:190} INFO - [2025-12-16T07:36:14.226+0000] {dagbag.py:588} INFO - Filling up the DagBag from /home/airflow/.local/lib/python3.12/site-packages/airflow/example_dags/example_complex.py
[2025-12-16T07:36:14.265+0000] {processor.py:925} INFO - DAG(s) 'example_complex' retrieved from /home/airflow/.local/lib/python3.12/site-packages/airflow/example_dags/example_complex.py
[2025-12-16T07:36:14.354+0000] {logging_mixin.py:190} INFO - [2025-12-16T07:36:14.353+0000] {dag.py:3239} INFO - Sync 1 DAGs
[2025-12-16T07:36:14.393+0000] {logging_mixin.py:190} INFO - [2025-12-16T07:36:14.392+0000] {dag.py:4180} INFO - Setting next_dagrun for example_complex to None, run_after=None
[2025-12-16T07:36:14.439+0000] {processor.py:208} INFO - Processing /home/airflow/.local/lib/python3.12/site-packages/airflow/example_dags/example_complex.py took 0.235 seconds
[2025-12-16T07:36:47.241+0000] {processor.py:186} INFO - Started process (PID=1770) to work on /home/airflow/.local/lib/python3.12/site-packages/airflow/example_dags/example_complex.py
[2025-12-16T07:36:47.243+0000] {processor.py:914} INFO - Processing file /home/airflow/.local/lib/python3.12/site-packages/airflow/example_dags/example_complex.py for tasks to queue
[2025-12-16T07:36:47.247+0000] {logging_mixin.py:190} INFO - [2025-12-16T07:36:47.246+0000] {dagbag.py:588} INFO - Filling up the DagBag from /home/airflow/.local/lib/python3.12/site-packages/airflow/example_dags/example_complex.py
[2025-12-16T07:36:47.291+0000] {processor.py:925} INFO - DAG(s) 'example_complex' retrieved from /home/airflow/.local/lib/python3.12/site-packages/airflow/example_dags/example_complex.py
[2025-12-16T07:36:47.455+0000] {logging_mixin.py:190} INFO - [2025-12-16T07:36:47.454+0000] {dag.py:3239} INFO - Sync 1 DAGs
[2025-12-16T07:36:47.611+0000] {logging_mixin.py:190} INFO - [2025-12-16T07:36:47.611+0000] {dag.py:4180} INFO - Setting next_dagrun for example_complex to None, run_after=None
[2025-12-16T07:36:47.691+0000] {processor.py:208} INFO - Processing /home/airflow/.local/lib/python3.12/site-packages/airflow/example_dags/example_complex.py took 0.468 seconds
[2025-12-16T07:37:21.185+0000] {processor.py:186} INFO - Started process (PID=1841) to work on /home/airflow/.local/lib/python3.12/site-packages/airflow/example_dags/example_complex.py
[2025-12-16T07:37:21.194+0000] {processor.py:914} INFO - Processing file /home/airflow/.local/lib/python3.12/site-packages/airflow/example_dags/example_complex.py for tasks to queue
[2025-12-16T07:37:21.200+0000] {logging_mixin.py:190} INFO - [2025-12-16T07:37:21.198+0000] {dagbag.py:588} INFO - Filling up the DagBag from /home/airflow/.local/lib/python3.12/site-packages/airflow/example_dags/example_complex.py
[2025-12-16T07:37:21.242+0000] {processor.py:925} INFO - DAG(s) 'example_complex' retrieved from /home/airflow/.local/lib/python3.12/site-packages/airflow/example_dags/example_complex.py
[2025-12-16T07:37:21.365+0000] {logging_mixin.py:190} INFO - [2025-12-16T07:37:21.364+0000] {dag.py:3239} INFO - Sync 1 DAGs
[2025-12-16T07:37:21.439+0000] {logging_mixin.py:190} INFO - [2025-12-16T07:37:21.438+0000] {dag.py:4180} INFO - Setting next_dagrun for example_complex to None, run_after=None
[2025-12-16T07:37:21.524+0000] {processor.py:208} INFO - Processing /home/airflow/.local/lib/python3.12/site-packages/airflow/example_dags/example_complex.py took 0.374 seconds
[2025-12-16T07:37:56.543+0000] {processor.py:186} INFO - Started process (PID=1913) to work on /home/airflow/.local/lib/python3.12/site-packages/airflow/example_dags/example_complex.py
[2025-12-16T07:37:56.546+0000] {processor.py:914} INFO - Processing file /home/airflow/.local/lib/python3.12/site-packages/airflow/example_dags/example_complex.py for tasks to queue
[2025-12-16T07:37:56.550+0000] {logging_mixin.py:190} INFO - [2025-12-16T07:37:56.549+0000] {dagbag.py:588} INFO - Filling up the DagBag from /home/airflow/.local/lib/python3.12/site-packages/airflow/example_dags/example_complex.py
[2025-12-16T07:37:56.584+0000] {processor.py:925} INFO - DAG(s) 'example_complex' retrieved from /home/airflow/.local/lib/python3.12/site-packages/airflow/example_dags/example_complex.py
[2025-12-16T07:37:56.665+0000] {logging_mixin.py:190} INFO - [2025-12-16T07:37:56.665+0000] {dag.py:3239} INFO - Sync 1 DAGs
[2025-12-16T07:37:56.704+0000] {logging_mixin.py:190} INFO - [2025-12-16T07:37:56.703+0000] {dag.py:4180} INFO - Setting next_dagrun for example_complex to None, run_after=None
[2025-12-16T07:37:56.751+0000] {processor.py:208} INFO - Processing /home/airflow/.local/lib/python3.12/site-packages/airflow/example_dags/example_complex.py took 0.232 seconds
[2025-12-16T07:38:28.256+0000] {processor.py:186} INFO - Started process (PID=1984) to work on /home/airflow/.local/lib/python3.12/site-packages/airflow/example_dags/example_complex.py
[2025-12-16T07:38:28.258+0000] {processor.py:914} INFO - Processing file /home/airflow/.local/lib/python3.12/site-packages/airflow/example_dags/example_complex.py for tasks to queue
[2025-12-16T07:38:28.264+0000] {logging_mixin.py:190} INFO - [2025-12-16T07:38:28.263+0000] {dagbag.py:588} INFO - Filling up the DagBag from /home/airflow/.local/lib/python3.12/site-packages/airflow/example_dags/example_complex.py
[2025-12-16T07:38:28.311+0000] {processor.py:925} INFO - DAG(s) 'example_complex' retrieved from /home/airflow/.local/lib/python3.12/site-packages/airflow/example_dags/example_complex.py
[2025-12-16T07:38:28.578+0000] {logging_mixin.py:190} INFO - [2025-12-16T07:38:28.576+0000] {dag.py:3239} INFO - Sync 1 DAGs
[2025-12-16T07:38:28.632+0000] {logging_mixin.py:190} INFO - [2025-12-16T07:38:28.631+0000] {dag.py:4180} INFO - Setting next_dagrun for example_complex to None, run_after=None
[2025-12-16T07:38:28.754+0000] {processor.py:208} INFO - Processing /home/airflow/.local/lib/python3.12/site-packages/airflow/example_dags/example_complex.py took 0.521 seconds
[2025-12-16T07:38:59.527+0000] {processor.py:186} INFO - Started process (PID=2055) to work on /home/airflow/.local/lib/python3.12/site-packages/airflow/example_dags/example_complex.py
[2025-12-16T07:38:59.530+0000] {processor.py:914} INFO - Processing file /home/airflow/.local/lib/python3.12/site-packages/airflow/example_dags/example_complex.py for tasks to queue
[2025-12-16T07:38:59.535+0000] {logging_mixin.py:190} INFO - [2025-12-16T07:38:59.534+0000] {dagbag.py:588} INFO - Filling up the DagBag from /home/airflow/.local/lib/python3.12/site-packages/airflow/example_dags/example_complex.py
[2025-12-16T07:38:59.571+0000] {processor.py:925} INFO - DAG(s) 'example_complex' retrieved from /home/airflow/.local/lib/python3.12/site-packages/airflow/example_dags/example_complex.py
[2025-12-16T07:38:59.634+0000] {logging_mixin.py:190} INFO - [2025-12-16T07:38:59.633+0000] {dag.py:3239} INFO - Sync 1 DAGs
[2025-12-16T07:38:59.674+0000] {logging_mixin.py:190} INFO - [2025-12-16T07:38:59.674+0000] {dag.py:4180} INFO - Setting next_dagrun for example_complex to None, run_after=None
[2025-12-16T07:38:59.815+0000] {processor.py:208} INFO - Processing /home/airflow/.local/lib/python3.12/site-packages/airflow/example_dags/example_complex.py took 0.305 seconds
[2025-12-16T07:51:46.418+0000] {processor.py:186} INFO - Started process (PID=2130) to work on /home/airflow/.local/lib/python3.12/site-packages/airflow/example_dags/example_complex.py
[2025-12-16T07:51:46.451+0000] {processor.py:914} INFO - Processing file /home/airflow/.local/lib/python3.12/site-packages/airflow/example_dags/example_complex.py for tasks to queue
[2025-12-16T07:51:46.473+0000] {logging_mixin.py:190} INFO - [2025-12-16T07:51:46.461+0000] {dagbag.py:588} INFO - Filling up the DagBag from /home/airflow/.local/lib/python3.12/site-packages/airflow/example_dags/example_complex.py
[2025-12-16T07:51:46.837+0000] {processor.py:925} INFO - DAG(s) 'example_complex' retrieved from /home/airflow/.local/lib/python3.12/site-packages/airflow/example_dags/example_complex.py
[2025-12-16T07:51:47.603+0000] {logging_mixin.py:190} INFO - [2025-12-16T07:51:47.603+0000] {dag.py:3239} INFO - Sync 1 DAGs
[2025-12-16T07:51:47.938+0000] {logging_mixin.py:190} INFO - [2025-12-16T07:51:47.937+0000] {dag.py:4180} INFO - Setting next_dagrun for example_complex to None, run_after=None
[2025-12-16T07:51:48.249+0000] {processor.py:208} INFO - Processing /home/airflow/.local/lib/python3.12/site-packages/airflow/example_dags/example_complex.py took 1.900 seconds
[2025-12-16T07:52:55.739+0000] {processor.py:186} INFO - Started process (PID=2209) to work on /home/airflow/.local/lib/python3.12/site-packages/airflow/example_dags/example_complex.py
[2025-12-16T07:52:55.746+0000] {processor.py:914} INFO - Processing file /home/airflow/.local/lib/python3.12/site-packages/airflow/example_dags/example_complex.py for tasks to queue
[2025-12-16T07:52:55.749+0000] {logging_mixin.py:190} INFO - [2025-12-16T07:52:55.748+0000] {dagbag.py:588} INFO - Filling up the DagBag from /home/airflow/.local/lib/python3.12/site-packages/airflow/example_dags/example_complex.py
[2025-12-16T07:52:55.814+0000] {processor.py:925} INFO - DAG(s) 'example_complex' retrieved from /home/airflow/.local/lib/python3.12/site-packages/airflow/example_dags/example_complex.py
[2025-12-16T07:52:56.093+0000] {logging_mixin.py:190} INFO - [2025-12-16T07:52:56.092+0000] {dag.py:3239} INFO - Sync 1 DAGs
[2025-12-16T07:52:56.257+0000] {logging_mixin.py:190} INFO - [2025-12-16T07:52:56.256+0000] {dag.py:4180} INFO - Setting next_dagrun for example_complex to None, run_after=None
[2025-12-16T07:52:56.374+0000] {processor.py:208} INFO - Processing /home/airflow/.local/lib/python3.12/site-packages/airflow/example_dags/example_complex.py took 0.713 seconds
[2025-12-16T07:53:53.198+0000] {processor.py:186} INFO - Started process (PID=2285) to work on /home/airflow/.local/lib/python3.12/site-packages/airflow/example_dags/example_complex.py
[2025-12-16T07:53:53.222+0000] {processor.py:914} INFO - Processing file /home/airflow/.local/lib/python3.12/site-packages/airflow/example_dags/example_complex.py for tasks to queue
[2025-12-16T07:53:53.228+0000] {logging_mixin.py:190} INFO - [2025-12-16T07:53:53.226+0000] {dagbag.py:588} INFO - Filling up the DagBag from /home/airflow/.local/lib/python3.12/site-packages/airflow/example_dags/example_complex.py
[2025-12-16T07:53:53.336+0000] {processor.py:925} INFO - DAG(s) 'example_complex' retrieved from /home/airflow/.local/lib/python3.12/site-packages/airflow/example_dags/example_complex.py
[2025-12-16T07:53:53.647+0000] {logging_mixin.py:190} INFO - [2025-12-16T07:53:53.647+0000] {dag.py:3239} INFO - Sync 1 DAGs
[2025-12-16T07:53:53.845+0000] {logging_mixin.py:190} INFO - [2025-12-16T07:53:53.825+0000] {dag.py:4180} INFO - Setting next_dagrun for example_complex to None, run_after=None
[2025-12-16T07:53:54.243+0000] {processor.py:208} INFO - Processing /home/airflow/.local/lib/python3.12/site-packages/airflow/example_dags/example_complex.py took 1.139 seconds
[2025-12-16T07:54:58.854+0000] {processor.py:186} INFO - Started process (PID=2364) to work on /home/airflow/.local/lib/python3.12/site-packages/airflow/example_dags/example_complex.py
[2025-12-16T07:54:58.858+0000] {processor.py:914} INFO - Processing file /home/airflow/.local/lib/python3.12/site-packages/airflow/example_dags/example_complex.py for tasks to queue
[2025-12-16T07:54:58.863+0000] {logging_mixin.py:190} INFO - [2025-12-16T07:54:58.861+0000] {dagbag.py:588} INFO - Filling up the DagBag from /home/airflow/.local/lib/python3.12/site-packages/airflow/example_dags/example_complex.py
[2025-12-16T07:54:58.925+0000] {processor.py:925} INFO - DAG(s) 'example_complex' retrieved from /home/airflow/.local/lib/python3.12/site-packages/airflow/example_dags/example_complex.py
[2025-12-16T07:54:59.233+0000] {logging_mixin.py:190} INFO - [2025-12-16T07:54:59.232+0000] {dag.py:3239} INFO - Sync 1 DAGs
[2025-12-16T07:54:59.444+0000] {logging_mixin.py:190} INFO - [2025-12-16T07:54:59.443+0000] {dag.py:4180} INFO - Setting next_dagrun for example_complex to None, run_after=None
[2025-12-16T07:54:59.673+0000] {processor.py:208} INFO - Processing /home/airflow/.local/lib/python3.12/site-packages/airflow/example_dags/example_complex.py took 0.875 seconds
[2025-12-16T07:55:39.767+0000] {processor.py:186} INFO - Started process (PID=2443) to work on /home/airflow/.local/lib/python3.12/site-packages/airflow/example_dags/example_complex.py
[2025-12-16T07:55:39.770+0000] {processor.py:914} INFO - Processing file /home/airflow/.local/lib/python3.12/site-packages/airflow/example_dags/example_complex.py for tasks to queue
[2025-12-16T07:55:39.775+0000] {logging_mixin.py:190} INFO - [2025-12-16T07:55:39.774+0000] {dagbag.py:588} INFO - Filling up the DagBag from /home/airflow/.local/lib/python3.12/site-packages/airflow/example_dags/example_complex.py
[2025-12-16T07:55:39.810+0000] {processor.py:925} INFO - DAG(s) 'example_complex' retrieved from /home/airflow/.local/lib/python3.12/site-packages/airflow/example_dags/example_complex.py
[2025-12-16T07:55:39.966+0000] {logging_mixin.py:190} INFO - [2025-12-16T07:55:39.966+0000] {dag.py:3239} INFO - Sync 1 DAGs
[2025-12-16T07:55:40.013+0000] {logging_mixin.py:190} INFO - [2025-12-16T07:55:40.013+0000] {dag.py:4180} INFO - Setting next_dagrun for example_complex to None, run_after=None
[2025-12-16T07:55:40.089+0000] {processor.py:208} INFO - Processing /home/airflow/.local/lib/python3.12/site-packages/airflow/example_dags/example_complex.py took 0.343 seconds
[2025-12-16T07:56:23.012+0000] {processor.py:186} INFO - Started process (PID=2518) to work on /home/airflow/.local/lib/python3.12/site-packages/airflow/example_dags/example_complex.py
[2025-12-16T07:56:23.015+0000] {processor.py:914} INFO - Processing file /home/airflow/.local/lib/python3.12/site-packages/airflow/example_dags/example_complex.py for tasks to queue
[2025-12-16T07:56:23.019+0000] {logging_mixin.py:190} INFO - [2025-12-16T07:56:23.018+0000] {dagbag.py:588} INFO - Filling up the DagBag from /home/airflow/.local/lib/python3.12/site-packages/airflow/example_dags/example_complex.py
[2025-12-16T07:56:23.061+0000] {processor.py:925} INFO - DAG(s) 'example_complex' retrieved from /home/airflow/.local/lib/python3.12/site-packages/airflow/example_dags/example_complex.py
[2025-12-16T07:56:23.188+0000] {logging_mixin.py:190} INFO - [2025-12-16T07:56:23.187+0000] {dag.py:3239} INFO - Sync 1 DAGs
[2025-12-16T07:56:23.256+0000] {logging_mixin.py:190} INFO - [2025-12-16T07:56:23.256+0000] {dag.py:4180} INFO - Setting next_dagrun for example_complex to None, run_after=None
[2025-12-16T07:56:23.330+0000] {processor.py:208} INFO - Processing /home/airflow/.local/lib/python3.12/site-packages/airflow/example_dags/example_complex.py took 0.340 seconds
[2025-12-16T07:56:57.297+0000] {processor.py:186} INFO - Started process (PID=2591) to work on /home/airflow/.local/lib/python3.12/site-packages/airflow/example_dags/example_complex.py
[2025-12-16T07:56:57.301+0000] {processor.py:914} INFO - Processing file /home/airflow/.local/lib/python3.12/site-packages/airflow/example_dags/example_complex.py for tasks to queue
[2025-12-16T07:56:57.315+0000] {logging_mixin.py:190} INFO - [2025-12-16T07:56:57.304+0000] {dagbag.py:588} INFO - Filling up the DagBag from /home/airflow/.local/lib/python3.12/site-packages/airflow/example_dags/example_complex.py
[2025-12-16T07:56:57.416+0000] {processor.py:925} INFO - DAG(s) 'example_complex' retrieved from /home/airflow/.local/lib/python3.12/site-packages/airflow/example_dags/example_complex.py
[2025-12-16T07:56:57.633+0000] {logging_mixin.py:190} INFO - [2025-12-16T07:56:57.624+0000] {dag.py:3239} INFO - Sync 1 DAGs
[2025-12-16T07:56:57.712+0000] {logging_mixin.py:190} INFO - [2025-12-16T07:56:57.709+0000] {dag.py:4180} INFO - Setting next_dagrun for example_complex to None, run_after=None
[2025-12-16T07:56:57.850+0000] {processor.py:208} INFO - Processing /home/airflow/.local/lib/python3.12/site-packages/airflow/example_dags/example_complex.py took 0.583 seconds
[2025-12-16T07:57:28.619+0000] {processor.py:186} INFO - Started process (PID=2661) to work on /home/airflow/.local/lib/python3.12/site-packages/airflow/example_dags/example_complex.py
[2025-12-16T07:57:28.633+0000] {processor.py:914} INFO - Processing file /home/airflow/.local/lib/python3.12/site-packages/airflow/example_dags/example_complex.py for tasks to queue
[2025-12-16T07:57:28.643+0000] {logging_mixin.py:190} INFO - [2025-12-16T07:57:28.640+0000] {dagbag.py:588} INFO - Filling up the DagBag from /home/airflow/.local/lib/python3.12/site-packages/airflow/example_dags/example_complex.py
[2025-12-16T07:57:28.809+0000] {processor.py:925} INFO - DAG(s) 'example_complex' retrieved from /home/airflow/.local/lib/python3.12/site-packages/airflow/example_dags/example_complex.py
[2025-12-16T07:57:29.109+0000] {logging_mixin.py:190} INFO - [2025-12-16T07:57:29.102+0000] {dag.py:3239} INFO - Sync 1 DAGs
[2025-12-16T07:57:29.258+0000] {logging_mixin.py:190} INFO - [2025-12-16T07:57:29.258+0000] {dag.py:4180} INFO - Setting next_dagrun for example_complex to None, run_after=None
[2025-12-16T07:57:29.397+0000] {processor.py:208} INFO - Processing /home/airflow/.local/lib/python3.12/site-packages/airflow/example_dags/example_complex.py took 0.836 seconds
[2025-12-16T07:58:09.045+0000] {processor.py:186} INFO - Started process (PID=2729) to work on /home/airflow/.local/lib/python3.12/site-packages/airflow/example_dags/example_complex.py
[2025-12-16T07:58:09.065+0000] {processor.py:914} INFO - Processing file /home/airflow/.local/lib/python3.12/site-packages/airflow/example_dags/example_complex.py for tasks to queue
[2025-12-16T07:58:09.084+0000] {logging_mixin.py:190} INFO - [2025-12-16T07:58:09.082+0000] {dagbag.py:588} INFO - Filling up the DagBag from /home/airflow/.local/lib/python3.12/site-packages/airflow/example_dags/example_complex.py
[2025-12-16T07:58:09.372+0000] {processor.py:925} INFO - DAG(s) 'example_complex' retrieved from /home/airflow/.local/lib/python3.12/site-packages/airflow/example_dags/example_complex.py
[2025-12-16T07:58:09.831+0000] {logging_mixin.py:190} INFO - [2025-12-16T07:58:09.830+0000] {dag.py:3239} INFO - Sync 1 DAGs
[2025-12-16T07:58:10.039+0000] {logging_mixin.py:190} INFO - [2025-12-16T07:58:10.038+0000] {dag.py:4180} INFO - Setting next_dagrun for example_complex to None, run_after=None
[2025-12-16T07:58:10.269+0000] {processor.py:208} INFO - Processing /home/airflow/.local/lib/python3.12/site-packages/airflow/example_dags/example_complex.py took 1.357 seconds
[2025-12-16T07:58:41.890+0000] {processor.py:186} INFO - Started process (PID=2801) to work on /home/airflow/.local/lib/python3.12/site-packages/airflow/example_dags/example_complex.py
[2025-12-16T07:58:41.922+0000] {processor.py:914} INFO - Processing file /home/airflow/.local/lib/python3.12/site-packages/airflow/example_dags/example_complex.py for tasks to queue
[2025-12-16T07:58:41.940+0000] {logging_mixin.py:190} INFO - [2025-12-16T07:58:41.939+0000] {dagbag.py:588} INFO - Filling up the DagBag from /home/airflow/.local/lib/python3.12/site-packages/airflow/example_dags/example_complex.py
[2025-12-16T07:58:42.218+0000] {processor.py:925} INFO - DAG(s) 'example_complex' retrieved from /home/airflow/.local/lib/python3.12/site-packages/airflow/example_dags/example_complex.py
[2025-12-16T07:58:42.488+0000] {logging_mixin.py:190} INFO - [2025-12-16T07:58:42.488+0000] {dag.py:3239} INFO - Sync 1 DAGs
[2025-12-16T07:58:42.687+0000] {logging_mixin.py:190} INFO - [2025-12-16T07:58:42.686+0000] {dag.py:4180} INFO - Setting next_dagrun for example_complex to None, run_after=None
[2025-12-16T07:58:42.895+0000] {processor.py:208} INFO - Processing /home/airflow/.local/lib/python3.12/site-packages/airflow/example_dags/example_complex.py took 1.064 seconds
[2025-12-16T07:59:25.826+0000] {processor.py:186} INFO - Started process (PID=2875) to work on /home/airflow/.local/lib/python3.12/site-packages/airflow/example_dags/example_complex.py
[2025-12-16T07:59:25.831+0000] {processor.py:914} INFO - Processing file /home/airflow/.local/lib/python3.12/site-packages/airflow/example_dags/example_complex.py for tasks to queue
[2025-12-16T07:59:25.836+0000] {logging_mixin.py:190} INFO - [2025-12-16T07:59:25.835+0000] {dagbag.py:588} INFO - Filling up the DagBag from /home/airflow/.local/lib/python3.12/site-packages/airflow/example_dags/example_complex.py
[2025-12-16T07:59:25.913+0000] {processor.py:925} INFO - DAG(s) 'example_complex' retrieved from /home/airflow/.local/lib/python3.12/site-packages/airflow/example_dags/example_complex.py
[2025-12-16T07:59:26.031+0000] {logging_mixin.py:190} INFO - [2025-12-16T07:59:26.030+0000] {dag.py:3239} INFO - Sync 1 DAGs
[2025-12-16T07:59:26.178+0000] {logging_mixin.py:190} INFO - [2025-12-16T07:59:26.178+0000] {dag.py:4180} INFO - Setting next_dagrun for example_complex to None, run_after=None
[2025-12-16T07:59:26.345+0000] {processor.py:208} INFO - Processing /home/airflow/.local/lib/python3.12/site-packages/airflow/example_dags/example_complex.py took 0.549 seconds
[2025-12-16T08:00:11.956+0000] {processor.py:186} INFO - Started process (PID=2947) to work on /home/airflow/.local/lib/python3.12/site-packages/airflow/example_dags/example_complex.py
[2025-12-16T08:00:11.960+0000] {processor.py:914} INFO - Processing file /home/airflow/.local/lib/python3.12/site-packages/airflow/example_dags/example_complex.py for tasks to queue
[2025-12-16T08:00:11.994+0000] {logging_mixin.py:190} INFO - [2025-12-16T08:00:11.982+0000] {dagbag.py:588} INFO - Filling up the DagBag from /home/airflow/.local/lib/python3.12/site-packages/airflow/example_dags/example_complex.py
[2025-12-16T08:00:12.102+0000] {processor.py:925} INFO - DAG(s) 'example_complex' retrieved from /home/airflow/.local/lib/python3.12/site-packages/airflow/example_dags/example_complex.py
[2025-12-16T08:00:12.229+0000] {logging_mixin.py:190} INFO - [2025-12-16T08:00:12.228+0000] {dag.py:3239} INFO - Sync 1 DAGs
[2025-12-16T08:00:12.332+0000] {logging_mixin.py:190} INFO - [2025-12-16T08:00:12.331+0000] {dag.py:4180} INFO - Setting next_dagrun for example_complex to None, run_after=None
[2025-12-16T08:00:12.427+0000] {processor.py:208} INFO - Processing /home/airflow/.local/lib/python3.12/site-packages/airflow/example_dags/example_complex.py took 0.514 seconds
[2025-12-16T08:00:50.711+0000] {processor.py:186} INFO - Started process (PID=3019) to work on /home/airflow/.local/lib/python3.12/site-packages/airflow/example_dags/example_complex.py
[2025-12-16T08:00:50.758+0000] {processor.py:914} INFO - Processing file /home/airflow/.local/lib/python3.12/site-packages/airflow/example_dags/example_complex.py for tasks to queue
[2025-12-16T08:00:50.768+0000] {logging_mixin.py:190} INFO - [2025-12-16T08:00:50.766+0000] {dagbag.py:588} INFO - Filling up the DagBag from /home/airflow/.local/lib/python3.12/site-packages/airflow/example_dags/example_complex.py
[2025-12-16T08:00:50.917+0000] {processor.py:925} INFO - DAG(s) 'example_complex' retrieved from /home/airflow/.local/lib/python3.12/site-packages/airflow/example_dags/example_complex.py
[2025-12-16T08:00:51.256+0000] {logging_mixin.py:190} INFO - [2025-12-16T08:00:51.256+0000] {dag.py:3239} INFO - Sync 1 DAGs
[2025-12-16T08:00:51.515+0000] {logging_mixin.py:190} INFO - [2025-12-16T08:00:51.510+0000] {dag.py:4180} INFO - Setting next_dagrun for example_complex to None, run_after=None
[2025-12-16T08:00:51.691+0000] {processor.py:208} INFO - Processing /home/airflow/.local/lib/python3.12/site-packages/airflow/example_dags/example_complex.py took 1.156 seconds
[2025-12-16T08:01:25.860+0000] {processor.py:186} INFO - Started process (PID=3091) to work on /home/airflow/.local/lib/python3.12/site-packages/airflow/example_dags/example_complex.py
[2025-12-16T08:01:25.873+0000] {processor.py:914} INFO - Processing file /home/airflow/.local/lib/python3.12/site-packages/airflow/example_dags/example_complex.py for tasks to queue
[2025-12-16T08:01:25.878+0000] {logging_mixin.py:190} INFO - [2025-12-16T08:01:25.877+0000] {dagbag.py:588} INFO - Filling up the DagBag from /home/airflow/.local/lib/python3.12/site-packages/airflow/example_dags/example_complex.py
[2025-12-16T08:01:25.996+0000] {processor.py:925} INFO - DAG(s) 'example_complex' retrieved from /home/airflow/.local/lib/python3.12/site-packages/airflow/example_dags/example_complex.py
[2025-12-16T08:01:26.254+0000] {logging_mixin.py:190} INFO - [2025-12-16T08:01:26.252+0000] {dag.py:3239} INFO - Sync 1 DAGs
[2025-12-16T08:01:26.410+0000] {logging_mixin.py:190} INFO - [2025-12-16T08:01:26.410+0000] {dag.py:4180} INFO - Setting next_dagrun for example_complex to None, run_after=None
[2025-12-16T08:01:26.663+0000] {processor.py:208} INFO - Processing /home/airflow/.local/lib/python3.12/site-packages/airflow/example_dags/example_complex.py took 0.881 seconds
[2025-12-16T08:02:01.453+0000] {processor.py:186} INFO - Started process (PID=3162) to work on /home/airflow/.local/lib/python3.12/site-packages/airflow/example_dags/example_complex.py
[2025-12-16T08:02:01.457+0000] {processor.py:914} INFO - Processing file /home/airflow/.local/lib/python3.12/site-packages/airflow/example_dags/example_complex.py for tasks to queue
[2025-12-16T08:02:01.463+0000] {logging_mixin.py:190} INFO - [2025-12-16T08:02:01.462+0000] {dagbag.py:588} INFO - Filling up the DagBag from /home/airflow/.local/lib/python3.12/site-packages/airflow/example_dags/example_complex.py
[2025-12-16T08:02:01.515+0000] {processor.py:925} INFO - DAG(s) 'example_complex' retrieved from /home/airflow/.local/lib/python3.12/site-packages/airflow/example_dags/example_complex.py
[2025-12-16T08:02:01.718+0000] {logging_mixin.py:190} INFO - [2025-12-16T08:02:01.717+0000] {dag.py:3239} INFO - Sync 1 DAGs
[2025-12-16T08:02:01.826+0000] {logging_mixin.py:190} INFO - [2025-12-16T08:02:01.825+0000] {dag.py:4180} INFO - Setting next_dagrun for example_complex to None, run_after=None
[2025-12-16T08:02:01.913+0000] {processor.py:208} INFO - Processing /home/airflow/.local/lib/python3.12/site-packages/airflow/example_dags/example_complex.py took 0.489 seconds
[2025-12-16T08:02:39.502+0000] {processor.py:186} INFO - Started process (PID=3230) to work on /home/airflow/.local/lib/python3.12/site-packages/airflow/example_dags/example_complex.py
[2025-12-16T08:02:39.509+0000] {processor.py:914} INFO - Processing file /home/airflow/.local/lib/python3.12/site-packages/airflow/example_dags/example_complex.py for tasks to queue
[2025-12-16T08:02:39.514+0000] {logging_mixin.py:190} INFO - [2025-12-16T08:02:39.513+0000] {dagbag.py:588} INFO - Filling up the DagBag from /home/airflow/.local/lib/python3.12/site-packages/airflow/example_dags/example_complex.py
[2025-12-16T08:02:39.608+0000] {processor.py:925} INFO - DAG(s) 'example_complex' retrieved from /home/airflow/.local/lib/python3.12/site-packages/airflow/example_dags/example_complex.py
[2025-12-16T08:02:39.796+0000] {logging_mixin.py:190} INFO - [2025-12-16T08:02:39.795+0000] {dag.py:3239} INFO - Sync 1 DAGs
[2025-12-16T08:02:39.959+0000] {logging_mixin.py:190} INFO - [2025-12-16T08:02:39.958+0000] {dag.py:4180} INFO - Setting next_dagrun for example_complex to None, run_after=None
[2025-12-16T08:02:40.097+0000] {processor.py:208} INFO - Processing /home/airflow/.local/lib/python3.12/site-packages/airflow/example_dags/example_complex.py took 0.620 seconds
[2025-12-16T08:03:12.320+0000] {processor.py:186} INFO - Started process (PID=3301) to work on /home/airflow/.local/lib/python3.12/site-packages/airflow/example_dags/example_complex.py
[2025-12-16T08:03:12.326+0000] {processor.py:914} INFO - Processing file /home/airflow/.local/lib/python3.12/site-packages/airflow/example_dags/example_complex.py for tasks to queue
[2025-12-16T08:03:12.335+0000] {logging_mixin.py:190} INFO - [2025-12-16T08:03:12.333+0000] {dagbag.py:588} INFO - Filling up the DagBag from /home/airflow/.local/lib/python3.12/site-packages/airflow/example_dags/example_complex.py
[2025-12-16T08:03:12.401+0000] {processor.py:925} INFO - DAG(s) 'example_complex' retrieved from /home/airflow/.local/lib/python3.12/site-packages/airflow/example_dags/example_complex.py
[2025-12-16T08:03:12.551+0000] {logging_mixin.py:190} INFO - [2025-12-16T08:03:12.550+0000] {dag.py:3239} INFO - Sync 1 DAGs
[2025-12-16T08:03:12.657+0000] {logging_mixin.py:190} INFO - [2025-12-16T08:03:12.656+0000] {dag.py:4180} INFO - Setting next_dagrun for example_complex to None, run_after=None
[2025-12-16T08:03:12.860+0000] {processor.py:208} INFO - Processing /home/airflow/.local/lib/python3.12/site-packages/airflow/example_dags/example_complex.py took 0.562 seconds
[2025-12-16T08:03:49.998+0000] {processor.py:186} INFO - Started process (PID=3379) to work on /home/airflow/.local/lib/python3.12/site-packages/airflow/example_dags/example_complex.py
[2025-12-16T08:03:50.018+0000] {processor.py:914} INFO - Processing file /home/airflow/.local/lib/python3.12/site-packages/airflow/example_dags/example_complex.py for tasks to queue
[2025-12-16T08:03:50.023+0000] {logging_mixin.py:190} INFO - [2025-12-16T08:03:50.022+0000] {dagbag.py:588} INFO - Filling up the DagBag from /home/airflow/.local/lib/python3.12/site-packages/airflow/example_dags/example_complex.py
[2025-12-16T08:03:50.122+0000] {processor.py:925} INFO - DAG(s) 'example_complex' retrieved from /home/airflow/.local/lib/python3.12/site-packages/airflow/example_dags/example_complex.py
[2025-12-16T08:03:50.224+0000] {logging_mixin.py:190} INFO - [2025-12-16T08:03:50.223+0000] {dag.py:3239} INFO - Sync 1 DAGs
[2025-12-16T08:03:50.291+0000] {logging_mixin.py:190} INFO - [2025-12-16T08:03:50.290+0000] {dag.py:4180} INFO - Setting next_dagrun for example_complex to None, run_after=None
[2025-12-16T08:03:50.355+0000] {processor.py:208} INFO - Processing /home/airflow/.local/lib/python3.12/site-packages/airflow/example_dags/example_complex.py took 0.428 seconds
[2025-12-16T08:04:25.120+0000] {processor.py:186} INFO - Started process (PID=3437) to work on /home/airflow/.local/lib/python3.12/site-packages/airflow/example_dags/example_complex.py
[2025-12-16T08:04:25.126+0000] {processor.py:914} INFO - Processing file /home/airflow/.local/lib/python3.12/site-packages/airflow/example_dags/example_complex.py for tasks to queue
[2025-12-16T08:04:25.131+0000] {logging_mixin.py:190} INFO - [2025-12-16T08:04:25.130+0000] {dagbag.py:588} INFO - Filling up the DagBag from /home/airflow/.local/lib/python3.12/site-packages/airflow/example_dags/example_complex.py
[2025-12-16T08:04:25.180+0000] {processor.py:925} INFO - DAG(s) 'example_complex' retrieved from /home/airflow/.local/lib/python3.12/site-packages/airflow/example_dags/example_complex.py
[2025-12-16T08:04:25.272+0000] {logging_mixin.py:190} INFO - [2025-12-16T08:04:25.271+0000] {dag.py:3239} INFO - Sync 1 DAGs
[2025-12-16T08:04:25.315+0000] {logging_mixin.py:190} INFO - [2025-12-16T08:04:25.315+0000] {dag.py:4180} INFO - Setting next_dagrun for example_complex to None, run_after=None
[2025-12-16T08:04:25.396+0000] {processor.py:208} INFO - Processing /home/airflow/.local/lib/python3.12/site-packages/airflow/example_dags/example_complex.py took 0.303 seconds
[2025-12-16T08:05:03.854+0000] {processor.py:186} INFO - Started process (PID=3505) to work on /home/airflow/.local/lib/python3.12/site-packages/airflow/example_dags/example_complex.py
[2025-12-16T08:05:03.861+0000] {processor.py:914} INFO - Processing file /home/airflow/.local/lib/python3.12/site-packages/airflow/example_dags/example_complex.py for tasks to queue
[2025-12-16T08:05:03.868+0000] {logging_mixin.py:190} INFO - [2025-12-16T08:05:03.867+0000] {dagbag.py:588} INFO - Filling up the DagBag from /home/airflow/.local/lib/python3.12/site-packages/airflow/example_dags/example_complex.py
[2025-12-16T08:05:03.923+0000] {processor.py:925} INFO - DAG(s) 'example_complex' retrieved from /home/airflow/.local/lib/python3.12/site-packages/airflow/example_dags/example_complex.py
[2025-12-16T08:05:04.077+0000] {logging_mixin.py:190} INFO - [2025-12-16T08:05:04.076+0000] {dag.py:3239} INFO - Sync 1 DAGs
[2025-12-16T08:05:04.201+0000] {logging_mixin.py:190} INFO - [2025-12-16T08:05:04.201+0000] {dag.py:4180} INFO - Setting next_dagrun for example_complex to None, run_after=None
[2025-12-16T08:05:04.314+0000] {processor.py:208} INFO - Processing /home/airflow/.local/lib/python3.12/site-packages/airflow/example_dags/example_complex.py took 0.495 seconds
[2025-12-16T08:05:38.723+0000] {processor.py:186} INFO - Started process (PID=3577) to work on /home/airflow/.local/lib/python3.12/site-packages/airflow/example_dags/example_complex.py
[2025-12-16T08:05:38.727+0000] {processor.py:914} INFO - Processing file /home/airflow/.local/lib/python3.12/site-packages/airflow/example_dags/example_complex.py for tasks to queue
[2025-12-16T08:05:38.732+0000] {logging_mixin.py:190} INFO - [2025-12-16T08:05:38.731+0000] {dagbag.py:588} INFO - Filling up the DagBag from /home/airflow/.local/lib/python3.12/site-packages/airflow/example_dags/example_complex.py
[2025-12-16T08:05:38.823+0000] {processor.py:925} INFO - DAG(s) 'example_complex' retrieved from /home/airflow/.local/lib/python3.12/site-packages/airflow/example_dags/example_complex.py
[2025-12-16T08:05:39.046+0000] {logging_mixin.py:190} INFO - [2025-12-16T08:05:39.046+0000] {dag.py:3239} INFO - Sync 1 DAGs
[2025-12-16T08:05:39.147+0000] {logging_mixin.py:190} INFO - [2025-12-16T08:05:39.146+0000] {dag.py:4180} INFO - Setting next_dagrun for example_complex to None, run_after=None
[2025-12-16T08:05:39.289+0000] {processor.py:208} INFO - Processing /home/airflow/.local/lib/python3.12/site-packages/airflow/example_dags/example_complex.py took 0.589 seconds
[2025-12-16T08:06:11.059+0000] {processor.py:186} INFO - Started process (PID=3648) to work on /home/airflow/.local/lib/python3.12/site-packages/airflow/example_dags/example_complex.py
[2025-12-16T08:06:11.082+0000] {processor.py:914} INFO - Processing file /home/airflow/.local/lib/python3.12/site-packages/airflow/example_dags/example_complex.py for tasks to queue
[2025-12-16T08:06:11.088+0000] {logging_mixin.py:190} INFO - [2025-12-16T08:06:11.087+0000] {dagbag.py:588} INFO - Filling up the DagBag from /home/airflow/.local/lib/python3.12/site-packages/airflow/example_dags/example_complex.py
[2025-12-16T08:06:11.256+0000] {processor.py:925} INFO - DAG(s) 'example_complex' retrieved from /home/airflow/.local/lib/python3.12/site-packages/airflow/example_dags/example_complex.py
[2025-12-16T08:06:11.725+0000] {logging_mixin.py:190} INFO - [2025-12-16T08:06:11.724+0000] {dag.py:3239} INFO - Sync 1 DAGs
[2025-12-16T08:06:11.973+0000] {logging_mixin.py:190} INFO - [2025-12-16T08:06:11.973+0000] {dag.py:4180} INFO - Setting next_dagrun for example_complex to None, run_after=None
[2025-12-16T08:06:12.150+0000] {processor.py:208} INFO - Processing /home/airflow/.local/lib/python3.12/site-packages/airflow/example_dags/example_complex.py took 1.136 seconds
[2025-12-16T08:09:17.083+0000] {processor.py:186} INFO - Started process (PID=3770) to work on /home/airflow/.local/lib/python3.12/site-packages/airflow/example_dags/example_complex.py
[2025-12-16T08:09:17.089+0000] {processor.py:914} INFO - Processing file /home/airflow/.local/lib/python3.12/site-packages/airflow/example_dags/example_complex.py for tasks to queue
[2025-12-16T08:09:17.096+0000] {logging_mixin.py:190} INFO - [2025-12-16T08:09:17.095+0000] {dagbag.py:588} INFO - Filling up the DagBag from /home/airflow/.local/lib/python3.12/site-packages/airflow/example_dags/example_complex.py
[2025-12-16T08:09:17.151+0000] {processor.py:925} INFO - DAG(s) 'example_complex' retrieved from /home/airflow/.local/lib/python3.12/site-packages/airflow/example_dags/example_complex.py
[2025-12-16T08:09:17.323+0000] {logging_mixin.py:190} INFO - [2025-12-16T08:09:17.322+0000] {dag.py:3239} INFO - Sync 1 DAGs
[2025-12-16T08:09:17.489+0000] {logging_mixin.py:190} INFO - [2025-12-16T08:09:17.488+0000] {dag.py:4180} INFO - Setting next_dagrun for example_complex to None, run_after=None
[2025-12-16T08:09:17.632+0000] {processor.py:208} INFO - Processing /home/airflow/.local/lib/python3.12/site-packages/airflow/example_dags/example_complex.py took 0.593 seconds
[2025-12-16T08:15:31.084+0000] {processor.py:186} INFO - Started process (PID=3875) to work on /home/airflow/.local/lib/python3.12/site-packages/airflow/example_dags/example_complex.py
[2025-12-16T08:15:31.093+0000] {processor.py:914} INFO - Processing file /home/airflow/.local/lib/python3.12/site-packages/airflow/example_dags/example_complex.py for tasks to queue
[2025-12-16T08:15:31.099+0000] {logging_mixin.py:190} INFO - [2025-12-16T08:15:31.097+0000] {dagbag.py:588} INFO - Filling up the DagBag from /home/airflow/.local/lib/python3.12/site-packages/airflow/example_dags/example_complex.py
[2025-12-16T08:15:31.244+0000] {processor.py:925} INFO - DAG(s) 'example_complex' retrieved from /home/airflow/.local/lib/python3.12/site-packages/airflow/example_dags/example_complex.py
[2025-12-16T08:15:31.629+0000] {logging_mixin.py:190} INFO - [2025-12-16T08:15:31.628+0000] {dag.py:3239} INFO - Sync 1 DAGs
[2025-12-16T08:15:31.828+0000] {logging_mixin.py:190} INFO - [2025-12-16T08:15:31.820+0000] {dag.py:4180} INFO - Setting next_dagrun for example_complex to None, run_after=None
[2025-12-16T08:15:32.176+0000] {processor.py:208} INFO - Processing /home/airflow/.local/lib/python3.12/site-packages/airflow/example_dags/example_complex.py took 1.127 seconds
[2025-12-16T08:16:51.014+0000] {processor.py:186} INFO - Started process (PID=3947) to work on /home/airflow/.local/lib/python3.12/site-packages/airflow/example_dags/example_complex.py
[2025-12-16T08:16:51.018+0000] {processor.py:914} INFO - Processing file /home/airflow/.local/lib/python3.12/site-packages/airflow/example_dags/example_complex.py for tasks to queue
[2025-12-16T08:16:51.024+0000] {logging_mixin.py:190} INFO - [2025-12-16T08:16:51.023+0000] {dagbag.py:588} INFO - Filling up the DagBag from /home/airflow/.local/lib/python3.12/site-packages/airflow/example_dags/example_complex.py
[2025-12-16T08:16:51.076+0000] {processor.py:925} INFO - DAG(s) 'example_complex' retrieved from /home/airflow/.local/lib/python3.12/site-packages/airflow/example_dags/example_complex.py
[2025-12-16T08:16:51.203+0000] {logging_mixin.py:190} INFO - [2025-12-16T08:16:51.203+0000] {dag.py:3239} INFO - Sync 1 DAGs
[2025-12-16T08:16:51.243+0000] {logging_mixin.py:190} INFO - [2025-12-16T08:16:51.243+0000] {dag.py:4180} INFO - Setting next_dagrun for example_complex to None, run_after=None
[2025-12-16T08:16:51.296+0000] {processor.py:208} INFO - Processing /home/airflow/.local/lib/python3.12/site-packages/airflow/example_dags/example_complex.py took 0.301 seconds
[2025-12-16T08:17:23.423+0000] {processor.py:186} INFO - Started process (PID=4019) to work on /home/airflow/.local/lib/python3.12/site-packages/airflow/example_dags/example_complex.py
[2025-12-16T08:17:23.427+0000] {processor.py:914} INFO - Processing file /home/airflow/.local/lib/python3.12/site-packages/airflow/example_dags/example_complex.py for tasks to queue
[2025-12-16T08:17:23.434+0000] {logging_mixin.py:190} INFO - [2025-12-16T08:17:23.433+0000] {dagbag.py:588} INFO - Filling up the DagBag from /home/airflow/.local/lib/python3.12/site-packages/airflow/example_dags/example_complex.py
[2025-12-16T08:17:23.493+0000] {processor.py:925} INFO - DAG(s) 'example_complex' retrieved from /home/airflow/.local/lib/python3.12/site-packages/airflow/example_dags/example_complex.py
[2025-12-16T08:17:23.582+0000] {logging_mixin.py:190} INFO - [2025-12-16T08:17:23.582+0000] {dag.py:3239} INFO - Sync 1 DAGs
[2025-12-16T08:17:23.680+0000] {logging_mixin.py:190} INFO - [2025-12-16T08:17:23.679+0000] {dag.py:4180} INFO - Setting next_dagrun for example_complex to None, run_after=None
[2025-12-16T08:17:23.816+0000] {processor.py:208} INFO - Processing /home/airflow/.local/lib/python3.12/site-packages/airflow/example_dags/example_complex.py took 0.435 seconds
[2025-12-16T08:18:03.081+0000] {processor.py:186} INFO - Started process (PID=4092) to work on /home/airflow/.local/lib/python3.12/site-packages/airflow/example_dags/example_complex.py
[2025-12-16T08:18:03.096+0000] {processor.py:914} INFO - Processing file /home/airflow/.local/lib/python3.12/site-packages/airflow/example_dags/example_complex.py for tasks to queue
[2025-12-16T08:18:03.113+0000] {logging_mixin.py:190} INFO - [2025-12-16T08:18:03.100+0000] {dagbag.py:588} INFO - Filling up the DagBag from /home/airflow/.local/lib/python3.12/site-packages/airflow/example_dags/example_complex.py
[2025-12-16T08:18:03.194+0000] {processor.py:925} INFO - DAG(s) 'example_complex' retrieved from /home/airflow/.local/lib/python3.12/site-packages/airflow/example_dags/example_complex.py
[2025-12-16T08:18:03.298+0000] {logging_mixin.py:190} INFO - [2025-12-16T08:18:03.298+0000] {dag.py:3239} INFO - Sync 1 DAGs
[2025-12-16T08:18:03.348+0000] {logging_mixin.py:190} INFO - [2025-12-16T08:18:03.348+0000] {dag.py:4180} INFO - Setting next_dagrun for example_complex to None, run_after=None
[2025-12-16T08:18:03.412+0000] {processor.py:208} INFO - Processing /home/airflow/.local/lib/python3.12/site-packages/airflow/example_dags/example_complex.py took 0.396 seconds
[2025-12-16T08:18:37.682+0000] {processor.py:186} INFO - Started process (PID=4170) to work on /home/airflow/.local/lib/python3.12/site-packages/airflow/example_dags/example_complex.py
[2025-12-16T08:18:37.686+0000] {processor.py:914} INFO - Processing file /home/airflow/.local/lib/python3.12/site-packages/airflow/example_dags/example_complex.py for tasks to queue
[2025-12-16T08:18:37.690+0000] {logging_mixin.py:190} INFO - [2025-12-16T08:18:37.689+0000] {dagbag.py:588} INFO - Filling up the DagBag from /home/airflow/.local/lib/python3.12/site-packages/airflow/example_dags/example_complex.py
[2025-12-16T08:18:37.742+0000] {processor.py:925} INFO - DAG(s) 'example_complex' retrieved from /home/airflow/.local/lib/python3.12/site-packages/airflow/example_dags/example_complex.py
[2025-12-16T08:18:37.884+0000] {logging_mixin.py:190} INFO - [2025-12-16T08:18:37.883+0000] {dag.py:3239} INFO - Sync 1 DAGs
[2025-12-16T08:18:37.958+0000] {logging_mixin.py:190} INFO - [2025-12-16T08:18:37.958+0000] {dag.py:4180} INFO - Setting next_dagrun for example_complex to None, run_after=None
[2025-12-16T08:18:38.023+0000] {processor.py:208} INFO - Processing /home/airflow/.local/lib/python3.12/site-packages/airflow/example_dags/example_complex.py took 0.362 seconds
[2025-12-16T08:19:17.459+0000] {processor.py:186} INFO - Started process (PID=4242) to work on /home/airflow/.local/lib/python3.12/site-packages/airflow/example_dags/example_complex.py
[2025-12-16T08:19:17.469+0000] {processor.py:914} INFO - Processing file /home/airflow/.local/lib/python3.12/site-packages/airflow/example_dags/example_complex.py for tasks to queue
[2025-12-16T08:19:17.481+0000] {logging_mixin.py:190} INFO - [2025-12-16T08:19:17.476+0000] {dagbag.py:588} INFO - Filling up the DagBag from /home/airflow/.local/lib/python3.12/site-packages/airflow/example_dags/example_complex.py
[2025-12-16T08:19:17.548+0000] {processor.py:925} INFO - DAG(s) 'example_complex' retrieved from /home/airflow/.local/lib/python3.12/site-packages/airflow/example_dags/example_complex.py
[2025-12-16T08:19:17.802+0000] {logging_mixin.py:190} INFO - [2025-12-16T08:19:17.801+0000] {dag.py:3239} INFO - Sync 1 DAGs
[2025-12-16T08:19:17.959+0000] {logging_mixin.py:190} INFO - [2025-12-16T08:19:17.959+0000] {dag.py:4180} INFO - Setting next_dagrun for example_complex to None, run_after=None
[2025-12-16T08:19:18.162+0000] {processor.py:208} INFO - Processing /home/airflow/.local/lib/python3.12/site-packages/airflow/example_dags/example_complex.py took 0.780 seconds
[2025-12-16T08:19:49.230+0000] {processor.py:186} INFO - Started process (PID=4313) to work on /home/airflow/.local/lib/python3.12/site-packages/airflow/example_dags/example_complex.py
[2025-12-16T08:19:49.252+0000] {processor.py:914} INFO - Processing file /home/airflow/.local/lib/python3.12/site-packages/airflow/example_dags/example_complex.py for tasks to queue
[2025-12-16T08:19:49.298+0000] {logging_mixin.py:190} INFO - [2025-12-16T08:19:49.296+0000] {dagbag.py:588} INFO - Filling up the DagBag from /home/airflow/.local/lib/python3.12/site-packages/airflow/example_dags/example_complex.py
[2025-12-16T08:19:49.493+0000] {processor.py:925} INFO - DAG(s) 'example_complex' retrieved from /home/airflow/.local/lib/python3.12/site-packages/airflow/example_dags/example_complex.py
[2025-12-16T08:19:49.975+0000] {logging_mixin.py:190} INFO - [2025-12-16T08:19:49.974+0000] {dag.py:3239} INFO - Sync 1 DAGs
[2025-12-16T08:19:50.225+0000] {logging_mixin.py:190} INFO - [2025-12-16T08:19:50.223+0000] {dag.py:4180} INFO - Setting next_dagrun for example_complex to None, run_after=None
[2025-12-16T08:19:50.413+0000] {processor.py:208} INFO - Processing /home/airflow/.local/lib/python3.12/site-packages/airflow/example_dags/example_complex.py took 1.289 seconds
[2025-12-16T08:20:21.402+0000] {processor.py:186} INFO - Started process (PID=4385) to work on /home/airflow/.local/lib/python3.12/site-packages/airflow/example_dags/example_complex.py
[2025-12-16T08:20:21.405+0000] {processor.py:914} INFO - Processing file /home/airflow/.local/lib/python3.12/site-packages/airflow/example_dags/example_complex.py for tasks to queue
[2025-12-16T08:20:21.409+0000] {logging_mixin.py:190} INFO - [2025-12-16T08:20:21.408+0000] {dagbag.py:588} INFO - Filling up the DagBag from /home/airflow/.local/lib/python3.12/site-packages/airflow/example_dags/example_complex.py
[2025-12-16T08:20:21.465+0000] {processor.py:925} INFO - DAG(s) 'example_complex' retrieved from /home/airflow/.local/lib/python3.12/site-packages/airflow/example_dags/example_complex.py
[2025-12-16T08:20:21.791+0000] {logging_mixin.py:190} INFO - [2025-12-16T08:20:21.791+0000] {dag.py:3239} INFO - Sync 1 DAGs
[2025-12-16T08:20:21.860+0000] {logging_mixin.py:190} INFO - [2025-12-16T08:20:21.859+0000] {dag.py:4180} INFO - Setting next_dagrun for example_complex to None, run_after=None
[2025-12-16T08:20:21.937+0000] {processor.py:208} INFO - Processing /home/airflow/.local/lib/python3.12/site-packages/airflow/example_dags/example_complex.py took 0.558 seconds
[2025-12-16T08:20:52.519+0000] {processor.py:186} INFO - Started process (PID=4456) to work on /home/airflow/.local/lib/python3.12/site-packages/airflow/example_dags/example_complex.py
[2025-12-16T08:20:52.522+0000] {processor.py:914} INFO - Processing file /home/airflow/.local/lib/python3.12/site-packages/airflow/example_dags/example_complex.py for tasks to queue
[2025-12-16T08:20:52.525+0000] {logging_mixin.py:190} INFO - [2025-12-16T08:20:52.525+0000] {dagbag.py:588} INFO - Filling up the DagBag from /home/airflow/.local/lib/python3.12/site-packages/airflow/example_dags/example_complex.py
[2025-12-16T08:20:52.555+0000] {processor.py:925} INFO - DAG(s) 'example_complex' retrieved from /home/airflow/.local/lib/python3.12/site-packages/airflow/example_dags/example_complex.py
[2025-12-16T08:20:52.621+0000] {logging_mixin.py:190} INFO - [2025-12-16T08:20:52.621+0000] {dag.py:3239} INFO - Sync 1 DAGs
[2025-12-16T08:20:52.657+0000] {logging_mixin.py:190} INFO - [2025-12-16T08:20:52.656+0000] {dag.py:4180} INFO - Setting next_dagrun for example_complex to None, run_after=None
[2025-12-16T08:20:52.715+0000] {processor.py:208} INFO - Processing /home/airflow/.local/lib/python3.12/site-packages/airflow/example_dags/example_complex.py took 0.210 seconds
[2025-12-16T08:21:23.635+0000] {processor.py:186} INFO - Started process (PID=4528) to work on /home/airflow/.local/lib/python3.12/site-packages/airflow/example_dags/example_complex.py
[2025-12-16T08:21:23.638+0000] {processor.py:914} INFO - Processing file /home/airflow/.local/lib/python3.12/site-packages/airflow/example_dags/example_complex.py for tasks to queue
[2025-12-16T08:21:23.642+0000] {logging_mixin.py:190} INFO - [2025-12-16T08:21:23.641+0000] {dagbag.py:588} INFO - Filling up the DagBag from /home/airflow/.local/lib/python3.12/site-packages/airflow/example_dags/example_complex.py
[2025-12-16T08:21:23.675+0000] {processor.py:925} INFO - DAG(s) 'example_complex' retrieved from /home/airflow/.local/lib/python3.12/site-packages/airflow/example_dags/example_complex.py
[2025-12-16T08:21:23.755+0000] {logging_mixin.py:190} INFO - [2025-12-16T08:21:23.754+0000] {dag.py:3239} INFO - Sync 1 DAGs
[2025-12-16T08:21:23.811+0000] {logging_mixin.py:190} INFO - [2025-12-16T08:21:23.811+0000] {dag.py:4180} INFO - Setting next_dagrun for example_complex to None, run_after=None
[2025-12-16T08:21:23.905+0000] {processor.py:208} INFO - Processing /home/airflow/.local/lib/python3.12/site-packages/airflow/example_dags/example_complex.py took 0.285 seconds
[2025-12-16T08:22:04.335+0000] {processor.py:186} INFO - Started process (PID=4600) to work on /home/airflow/.local/lib/python3.12/site-packages/airflow/example_dags/example_complex.py
[2025-12-16T08:22:04.341+0000] {processor.py:914} INFO - Processing file /home/airflow/.local/lib/python3.12/site-packages/airflow/example_dags/example_complex.py for tasks to queue
[2025-12-16T08:22:04.352+0000] {logging_mixin.py:190} INFO - [2025-12-16T08:22:04.350+0000] {dagbag.py:588} INFO - Filling up the DagBag from /home/airflow/.local/lib/python3.12/site-packages/airflow/example_dags/example_complex.py
[2025-12-16T08:22:04.467+0000] {processor.py:925} INFO - DAG(s) 'example_complex' retrieved from /home/airflow/.local/lib/python3.12/site-packages/airflow/example_dags/example_complex.py
[2025-12-16T08:22:04.729+0000] {logging_mixin.py:190} INFO - [2025-12-16T08:22:04.729+0000] {dag.py:3239} INFO - Sync 1 DAGs
[2025-12-16T08:22:04.826+0000] {logging_mixin.py:190} INFO - [2025-12-16T08:22:04.825+0000] {dag.py:4180} INFO - Setting next_dagrun for example_complex to None, run_after=None
[2025-12-16T08:22:05.000+0000] {processor.py:208} INFO - Processing /home/airflow/.local/lib/python3.12/site-packages/airflow/example_dags/example_complex.py took 0.708 seconds
[2025-12-16T08:22:35.329+0000] {processor.py:186} INFO - Started process (PID=4670) to work on /home/airflow/.local/lib/python3.12/site-packages/airflow/example_dags/example_complex.py
[2025-12-16T08:22:35.332+0000] {processor.py:914} INFO - Processing file /home/airflow/.local/lib/python3.12/site-packages/airflow/example_dags/example_complex.py for tasks to queue
[2025-12-16T08:22:35.338+0000] {logging_mixin.py:190} INFO - [2025-12-16T08:22:35.337+0000] {dagbag.py:588} INFO - Filling up the DagBag from /home/airflow/.local/lib/python3.12/site-packages/airflow/example_dags/example_complex.py
[2025-12-16T08:22:35.386+0000] {processor.py:925} INFO - DAG(s) 'example_complex' retrieved from /home/airflow/.local/lib/python3.12/site-packages/airflow/example_dags/example_complex.py
[2025-12-16T08:22:35.537+0000] {logging_mixin.py:190} INFO - [2025-12-16T08:22:35.535+0000] {dag.py:3239} INFO - Sync 1 DAGs
[2025-12-16T08:22:35.599+0000] {logging_mixin.py:190} INFO - [2025-12-16T08:22:35.598+0000] {dag.py:4180} INFO - Setting next_dagrun for example_complex to None, run_after=None
[2025-12-16T08:22:35.702+0000] {processor.py:208} INFO - Processing /home/airflow/.local/lib/python3.12/site-packages/airflow/example_dags/example_complex.py took 0.398 seconds
[2025-12-16T08:23:06.410+0000] {processor.py:186} INFO - Started process (PID=4741) to work on /home/airflow/.local/lib/python3.12/site-packages/airflow/example_dags/example_complex.py
[2025-12-16T08:23:06.413+0000] {processor.py:914} INFO - Processing file /home/airflow/.local/lib/python3.12/site-packages/airflow/example_dags/example_complex.py for tasks to queue
[2025-12-16T08:23:06.417+0000] {logging_mixin.py:190} INFO - [2025-12-16T08:23:06.416+0000] {dagbag.py:588} INFO - Filling up the DagBag from /home/airflow/.local/lib/python3.12/site-packages/airflow/example_dags/example_complex.py
[2025-12-16T08:23:06.463+0000] {processor.py:925} INFO - DAG(s) 'example_complex' retrieved from /home/airflow/.local/lib/python3.12/site-packages/airflow/example_dags/example_complex.py
[2025-12-16T08:23:06.604+0000] {logging_mixin.py:190} INFO - [2025-12-16T08:23:06.603+0000] {dag.py:3239} INFO - Sync 1 DAGs
[2025-12-16T08:23:06.671+0000] {logging_mixin.py:190} INFO - [2025-12-16T08:23:06.671+0000] {dag.py:4180} INFO - Setting next_dagrun for example_complex to None, run_after=None
[2025-12-16T08:23:06.803+0000] {processor.py:208} INFO - Processing /home/airflow/.local/lib/python3.12/site-packages/airflow/example_dags/example_complex.py took 0.424 seconds
[2025-12-16T08:23:37.291+0000] {processor.py:186} INFO - Started process (PID=4812) to work on /home/airflow/.local/lib/python3.12/site-packages/airflow/example_dags/example_complex.py
[2025-12-16T08:23:37.296+0000] {processor.py:914} INFO - Processing file /home/airflow/.local/lib/python3.12/site-packages/airflow/example_dags/example_complex.py for tasks to queue
[2025-12-16T08:23:37.299+0000] {logging_mixin.py:190} INFO - [2025-12-16T08:23:37.298+0000] {dagbag.py:588} INFO - Filling up the DagBag from /home/airflow/.local/lib/python3.12/site-packages/airflow/example_dags/example_complex.py
[2025-12-16T08:23:37.336+0000] {processor.py:925} INFO - DAG(s) 'example_complex' retrieved from /home/airflow/.local/lib/python3.12/site-packages/airflow/example_dags/example_complex.py
[2025-12-16T08:23:37.469+0000] {logging_mixin.py:190} INFO - [2025-12-16T08:23:37.469+0000] {dag.py:3239} INFO - Sync 1 DAGs
[2025-12-16T08:23:37.510+0000] {logging_mixin.py:190} INFO - [2025-12-16T08:23:37.510+0000] {dag.py:4180} INFO - Setting next_dagrun for example_complex to None, run_after=None
[2025-12-16T08:23:37.565+0000] {processor.py:208} INFO - Processing /home/airflow/.local/lib/python3.12/site-packages/airflow/example_dags/example_complex.py took 0.293 seconds
[2025-12-16T08:24:08.618+0000] {processor.py:186} INFO - Started process (PID=4884) to work on /home/airflow/.local/lib/python3.12/site-packages/airflow/example_dags/example_complex.py
[2025-12-16T08:24:08.621+0000] {processor.py:914} INFO - Processing file /home/airflow/.local/lib/python3.12/site-packages/airflow/example_dags/example_complex.py for tasks to queue
[2025-12-16T08:24:08.624+0000] {logging_mixin.py:190} INFO - [2025-12-16T08:24:08.623+0000] {dagbag.py:588} INFO - Filling up the DagBag from /home/airflow/.local/lib/python3.12/site-packages/airflow/example_dags/example_complex.py
[2025-12-16T08:24:08.669+0000] {processor.py:925} INFO - DAG(s) 'example_complex' retrieved from /home/airflow/.local/lib/python3.12/site-packages/airflow/example_dags/example_complex.py
[2025-12-16T08:24:08.748+0000] {logging_mixin.py:190} INFO - [2025-12-16T08:24:08.748+0000] {dag.py:3239} INFO - Sync 1 DAGs
[2025-12-16T08:24:08.785+0000] {logging_mixin.py:190} INFO - [2025-12-16T08:24:08.785+0000] {dag.py:4180} INFO - Setting next_dagrun for example_complex to None, run_after=None
[2025-12-16T08:24:08.828+0000] {processor.py:208} INFO - Processing /home/airflow/.local/lib/python3.12/site-packages/airflow/example_dags/example_complex.py took 0.229 seconds
[2025-12-16T08:24:41.388+0000] {processor.py:186} INFO - Started process (PID=4954) to work on /home/airflow/.local/lib/python3.12/site-packages/airflow/example_dags/example_complex.py
[2025-12-16T08:24:41.391+0000] {processor.py:914} INFO - Processing file /home/airflow/.local/lib/python3.12/site-packages/airflow/example_dags/example_complex.py for tasks to queue
[2025-12-16T08:24:41.394+0000] {logging_mixin.py:190} INFO - [2025-12-16T08:24:41.393+0000] {dagbag.py:588} INFO - Filling up the DagBag from /home/airflow/.local/lib/python3.12/site-packages/airflow/example_dags/example_complex.py
[2025-12-16T08:24:41.528+0000] {processor.py:925} INFO - DAG(s) 'example_complex' retrieved from /home/airflow/.local/lib/python3.12/site-packages/airflow/example_dags/example_complex.py
[2025-12-16T08:24:41.632+0000] {logging_mixin.py:190} INFO - [2025-12-16T08:24:41.631+0000] {dag.py:3239} INFO - Sync 1 DAGs
[2025-12-16T08:24:41.673+0000] {logging_mixin.py:190} INFO - [2025-12-16T08:24:41.673+0000] {dag.py:4180} INFO - Setting next_dagrun for example_complex to None, run_after=None
[2025-12-16T08:24:41.731+0000] {processor.py:208} INFO - Processing /home/airflow/.local/lib/python3.12/site-packages/airflow/example_dags/example_complex.py took 0.362 seconds
[2025-12-16T08:25:18.454+0000] {processor.py:186} INFO - Started process (PID=5024) to work on /home/airflow/.local/lib/python3.12/site-packages/airflow/example_dags/example_complex.py
[2025-12-16T08:25:18.460+0000] {processor.py:914} INFO - Processing file /home/airflow/.local/lib/python3.12/site-packages/airflow/example_dags/example_complex.py for tasks to queue
[2025-12-16T08:25:18.464+0000] {logging_mixin.py:190} INFO - [2025-12-16T08:25:18.463+0000] {dagbag.py:588} INFO - Filling up the DagBag from /home/airflow/.local/lib/python3.12/site-packages/airflow/example_dags/example_complex.py
[2025-12-16T08:25:18.518+0000] {processor.py:925} INFO - DAG(s) 'example_complex' retrieved from /home/airflow/.local/lib/python3.12/site-packages/airflow/example_dags/example_complex.py
[2025-12-16T08:25:18.712+0000] {logging_mixin.py:190} INFO - [2025-12-16T08:25:18.711+0000] {dag.py:3239} INFO - Sync 1 DAGs
[2025-12-16T08:25:18.923+0000] {logging_mixin.py:190} INFO - [2025-12-16T08:25:18.922+0000] {dag.py:4180} INFO - Setting next_dagrun for example_complex to None, run_after=None
[2025-12-16T08:25:19.160+0000] {processor.py:208} INFO - Processing /home/airflow/.local/lib/python3.12/site-packages/airflow/example_dags/example_complex.py took 0.737 seconds
[2025-12-16T08:25:50.082+0000] {processor.py:186} INFO - Started process (PID=5095) to work on /home/airflow/.local/lib/python3.12/site-packages/airflow/example_dags/example_complex.py
[2025-12-16T08:25:50.095+0000] {processor.py:914} INFO - Processing file /home/airflow/.local/lib/python3.12/site-packages/airflow/example_dags/example_complex.py for tasks to queue
[2025-12-16T08:25:50.111+0000] {logging_mixin.py:190} INFO - [2025-12-16T08:25:50.107+0000] {dagbag.py:588} INFO - Filling up the DagBag from /home/airflow/.local/lib/python3.12/site-packages/airflow/example_dags/example_complex.py
[2025-12-16T08:25:50.206+0000] {processor.py:925} INFO - DAG(s) 'example_complex' retrieved from /home/airflow/.local/lib/python3.12/site-packages/airflow/example_dags/example_complex.py
[2025-12-16T08:25:50.304+0000] {logging_mixin.py:190} INFO - [2025-12-16T08:25:50.304+0000] {dag.py:3239} INFO - Sync 1 DAGs
[2025-12-16T08:25:50.360+0000] {logging_mixin.py:190} INFO - [2025-12-16T08:25:50.359+0000] {dag.py:4180} INFO - Setting next_dagrun for example_complex to None, run_after=None
[2025-12-16T08:25:50.427+0000] {processor.py:208} INFO - Processing /home/airflow/.local/lib/python3.12/site-packages/airflow/example_dags/example_complex.py took 0.428 seconds
[2025-12-16T08:26:21.832+0000] {processor.py:186} INFO - Started process (PID=5167) to work on /home/airflow/.local/lib/python3.12/site-packages/airflow/example_dags/example_complex.py
[2025-12-16T08:26:21.841+0000] {processor.py:914} INFO - Processing file /home/airflow/.local/lib/python3.12/site-packages/airflow/example_dags/example_complex.py for tasks to queue
[2025-12-16T08:26:21.855+0000] {logging_mixin.py:190} INFO - [2025-12-16T08:26:21.853+0000] {dagbag.py:588} INFO - Filling up the DagBag from /home/airflow/.local/lib/python3.12/site-packages/airflow/example_dags/example_complex.py
[2025-12-16T08:26:22.044+0000] {processor.py:925} INFO - DAG(s) 'example_complex' retrieved from /home/airflow/.local/lib/python3.12/site-packages/airflow/example_dags/example_complex.py
[2025-12-16T08:26:22.319+0000] {logging_mixin.py:190} INFO - [2025-12-16T08:26:22.315+0000] {dag.py:3239} INFO - Sync 1 DAGs
[2025-12-16T08:26:22.454+0000] {logging_mixin.py:190} INFO - [2025-12-16T08:26:22.453+0000] {dag.py:4180} INFO - Setting next_dagrun for example_complex to None, run_after=None
[2025-12-16T08:26:22.699+0000] {processor.py:208} INFO - Processing /home/airflow/.local/lib/python3.12/site-packages/airflow/example_dags/example_complex.py took 0.948 seconds
[2025-12-16T08:26:56.593+0000] {processor.py:186} INFO - Started process (PID=5239) to work on /home/airflow/.local/lib/python3.12/site-packages/airflow/example_dags/example_complex.py
[2025-12-16T08:26:56.596+0000] {processor.py:914} INFO - Processing file /home/airflow/.local/lib/python3.12/site-packages/airflow/example_dags/example_complex.py for tasks to queue
[2025-12-16T08:26:56.599+0000] {logging_mixin.py:190} INFO - [2025-12-16T08:26:56.598+0000] {dagbag.py:588} INFO - Filling up the DagBag from /home/airflow/.local/lib/python3.12/site-packages/airflow/example_dags/example_complex.py
[2025-12-16T08:26:56.630+0000] {processor.py:925} INFO - DAG(s) 'example_complex' retrieved from /home/airflow/.local/lib/python3.12/site-packages/airflow/example_dags/example_complex.py
[2025-12-16T08:26:56.779+0000] {logging_mixin.py:190} INFO - [2025-12-16T08:26:56.778+0000] {dag.py:3239} INFO - Sync 1 DAGs
[2025-12-16T08:26:56.822+0000] {logging_mixin.py:190} INFO - [2025-12-16T08:26:56.821+0000] {dag.py:4180} INFO - Setting next_dagrun for example_complex to None, run_after=None
[2025-12-16T08:26:56.874+0000] {processor.py:208} INFO - Processing /home/airflow/.local/lib/python3.12/site-packages/airflow/example_dags/example_complex.py took 0.298 seconds
[2025-12-16T08:27:46.238+0000] {processor.py:186} INFO - Started process (PID=5296) to work on /home/airflow/.local/lib/python3.12/site-packages/airflow/example_dags/example_complex.py
[2025-12-16T08:27:46.242+0000] {processor.py:914} INFO - Processing file /home/airflow/.local/lib/python3.12/site-packages/airflow/example_dags/example_complex.py for tasks to queue
[2025-12-16T08:27:46.255+0000] {logging_mixin.py:190} INFO - [2025-12-16T08:27:46.254+0000] {dagbag.py:588} INFO - Filling up the DagBag from /home/airflow/.local/lib/python3.12/site-packages/airflow/example_dags/example_complex.py
[2025-12-16T08:27:46.344+0000] {processor.py:925} INFO - DAG(s) 'example_complex' retrieved from /home/airflow/.local/lib/python3.12/site-packages/airflow/example_dags/example_complex.py
[2025-12-16T08:27:46.523+0000] {logging_mixin.py:190} INFO - [2025-12-16T08:27:46.523+0000] {dag.py:3239} INFO - Sync 1 DAGs
[2025-12-16T08:27:46.640+0000] {logging_mixin.py:190} INFO - [2025-12-16T08:27:46.639+0000] {dag.py:4180} INFO - Setting next_dagrun for example_complex to None, run_after=None
[2025-12-16T08:27:46.742+0000] {processor.py:208} INFO - Processing /home/airflow/.local/lib/python3.12/site-packages/airflow/example_dags/example_complex.py took 0.549 seconds
[2025-12-16T08:28:29.372+0000] {processor.py:186} INFO - Started process (PID=5372) to work on /home/airflow/.local/lib/python3.12/site-packages/airflow/example_dags/example_complex.py
[2025-12-16T08:28:29.379+0000] {processor.py:914} INFO - Processing file /home/airflow/.local/lib/python3.12/site-packages/airflow/example_dags/example_complex.py for tasks to queue
[2025-12-16T08:28:29.384+0000] {logging_mixin.py:190} INFO - [2025-12-16T08:28:29.383+0000] {dagbag.py:588} INFO - Filling up the DagBag from /home/airflow/.local/lib/python3.12/site-packages/airflow/example_dags/example_complex.py
[2025-12-16T08:28:29.481+0000] {processor.py:925} INFO - DAG(s) 'example_complex' retrieved from /home/airflow/.local/lib/python3.12/site-packages/airflow/example_dags/example_complex.py
[2025-12-16T08:28:29.763+0000] {logging_mixin.py:190} INFO - [2025-12-16T08:28:29.762+0000] {dag.py:3239} INFO - Sync 1 DAGs
[2025-12-16T08:28:29.892+0000] {logging_mixin.py:190} INFO - [2025-12-16T08:28:29.892+0000] {dag.py:4180} INFO - Setting next_dagrun for example_complex to None, run_after=None
[2025-12-16T08:28:30.048+0000] {processor.py:208} INFO - Processing /home/airflow/.local/lib/python3.12/site-packages/airflow/example_dags/example_complex.py took 0.733 seconds
