[2025-12-16T07:17:13.770+0000] {processor.py:186} INFO - Started process (PID=124) to work on /home/airflow/.local/lib/python3.12/site-packages/airflow/example_dags/example_xcom.py
[2025-12-16T07:17:13.777+0000] {processor.py:914} INFO - Processing file /home/airflow/.local/lib/python3.12/site-packages/airflow/example_dags/example_xcom.py for tasks to queue
[2025-12-16T07:17:13.794+0000] {logging_mixin.py:190} INFO - [2025-12-16T07:17:13.783+0000] {dagbag.py:588} INFO - Filling up the DagBag from /home/airflow/.local/lib/python3.12/site-packages/airflow/example_dags/example_xcom.py
[2025-12-16T07:17:14.144+0000] {processor.py:925} INFO - DAG(s) 'example_xcom' retrieved from /home/airflow/.local/lib/python3.12/site-packages/airflow/example_dags/example_xcom.py
[2025-12-16T07:17:16.283+0000] {logging_mixin.py:190} INFO - [2025-12-16T07:17:16.281+0000] {override.py:1930} INFO - Created Permission View: can read on DAG:example_xcom
[2025-12-16T07:17:16.356+0000] {logging_mixin.py:190} INFO - [2025-12-16T07:17:16.356+0000] {override.py:1930} INFO - Created Permission View: can delete on DAG:example_xcom
[2025-12-16T07:17:16.399+0000] {logging_mixin.py:190} INFO - [2025-12-16T07:17:16.399+0000] {override.py:1930} INFO - Created Permission View: can edit on DAG:example_xcom
[2025-12-16T07:17:16.511+0000] {logging_mixin.py:190} INFO - [2025-12-16T07:17:16.471+0000] {override.py:1930} INFO - Created Permission View: can read on DAG Run:example_xcom
[2025-12-16T07:17:16.619+0000] {logging_mixin.py:190} INFO - [2025-12-16T07:17:16.616+0000] {override.py:1930} INFO - Created Permission View: can delete on DAG Run:example_xcom
[2025-12-16T07:17:16.785+0000] {logging_mixin.py:190} INFO - [2025-12-16T07:17:16.756+0000] {override.py:1930} INFO - Created Permission View: can create on DAG Run:example_xcom
[2025-12-16T07:17:17.022+0000] {logging_mixin.py:190} INFO - [2025-12-16T07:17:17.013+0000] {override.py:1930} INFO - Created Permission View: menu access on DAG Run:example_xcom
[2025-12-16T07:17:17.044+0000] {logging_mixin.py:190} INFO - [2025-12-16T07:17:17.041+0000] {dag.py:3239} INFO - Sync 1 DAGs
[2025-12-16T07:17:17.184+0000] {logging_mixin.py:190} INFO - [2025-12-16T07:17:17.184+0000] {dag.py:3262} INFO - Creating ORM DAG for example_xcom
[2025-12-16T07:17:17.395+0000] {logging_mixin.py:190} INFO - [2025-12-16T07:17:17.394+0000] {dag.py:4180} INFO - Setting next_dagrun for example_xcom to 2021-01-01 00:00:00+00:00, run_after=2021-01-01 00:00:00+00:00
[2025-12-16T07:17:18.013+0000] {processor.py:208} INFO - Processing /home/airflow/.local/lib/python3.12/site-packages/airflow/example_dags/example_xcom.py took 4.267 seconds
[2025-12-16T07:18:18.552+0000] {processor.py:186} INFO - Started process (PID=200) to work on /home/airflow/.local/lib/python3.12/site-packages/airflow/example_dags/example_xcom.py
[2025-12-16T07:18:18.556+0000] {processor.py:914} INFO - Processing file /home/airflow/.local/lib/python3.12/site-packages/airflow/example_dags/example_xcom.py for tasks to queue
[2025-12-16T07:18:18.564+0000] {logging_mixin.py:190} INFO - [2025-12-16T07:18:18.563+0000] {dagbag.py:588} INFO - Filling up the DagBag from /home/airflow/.local/lib/python3.12/site-packages/airflow/example_dags/example_xcom.py
[2025-12-16T07:18:18.595+0000] {processor.py:925} INFO - DAG(s) 'example_xcom' retrieved from /home/airflow/.local/lib/python3.12/site-packages/airflow/example_dags/example_xcom.py
[2025-12-16T07:18:18.702+0000] {logging_mixin.py:190} INFO - [2025-12-16T07:18:18.701+0000] {dag.py:3239} INFO - Sync 1 DAGs
[2025-12-16T07:18:18.819+0000] {logging_mixin.py:190} INFO - [2025-12-16T07:18:18.818+0000] {dag.py:4180} INFO - Setting next_dagrun for example_xcom to 2021-01-01 00:00:00+00:00, run_after=2021-01-01 00:00:00+00:00
[2025-12-16T07:18:18.899+0000] {processor.py:208} INFO - Processing /home/airflow/.local/lib/python3.12/site-packages/airflow/example_dags/example_xcom.py took 0.364 seconds
[2025-12-16T07:18:59.215+0000] {processor.py:186} INFO - Started process (PID=272) to work on /home/airflow/.local/lib/python3.12/site-packages/airflow/example_dags/example_xcom.py
[2025-12-16T07:18:59.219+0000] {processor.py:914} INFO - Processing file /home/airflow/.local/lib/python3.12/site-packages/airflow/example_dags/example_xcom.py for tasks to queue
[2025-12-16T07:18:59.230+0000] {logging_mixin.py:190} INFO - [2025-12-16T07:18:59.229+0000] {dagbag.py:588} INFO - Filling up the DagBag from /home/airflow/.local/lib/python3.12/site-packages/airflow/example_dags/example_xcom.py
[2025-12-16T07:18:59.286+0000] {processor.py:925} INFO - DAG(s) 'example_xcom' retrieved from /home/airflow/.local/lib/python3.12/site-packages/airflow/example_dags/example_xcom.py
[2025-12-16T07:18:59.389+0000] {logging_mixin.py:190} INFO - [2025-12-16T07:18:59.389+0000] {dag.py:3239} INFO - Sync 1 DAGs
[2025-12-16T07:18:59.568+0000] {logging_mixin.py:190} INFO - [2025-12-16T07:18:59.567+0000] {dag.py:4180} INFO - Setting next_dagrun for example_xcom to 2021-01-01 00:00:00+00:00, run_after=2021-01-01 00:00:00+00:00
[2025-12-16T07:18:59.661+0000] {processor.py:208} INFO - Processing /home/airflow/.local/lib/python3.12/site-packages/airflow/example_dags/example_xcom.py took 0.482 seconds
[2025-12-16T07:19:30.699+0000] {processor.py:186} INFO - Started process (PID=344) to work on /home/airflow/.local/lib/python3.12/site-packages/airflow/example_dags/example_xcom.py
[2025-12-16T07:19:30.702+0000] {processor.py:914} INFO - Processing file /home/airflow/.local/lib/python3.12/site-packages/airflow/example_dags/example_xcom.py for tasks to queue
[2025-12-16T07:19:30.711+0000] {logging_mixin.py:190} INFO - [2025-12-16T07:19:30.709+0000] {dagbag.py:588} INFO - Filling up the DagBag from /home/airflow/.local/lib/python3.12/site-packages/airflow/example_dags/example_xcom.py
[2025-12-16T07:19:30.748+0000] {processor.py:925} INFO - DAG(s) 'example_xcom' retrieved from /home/airflow/.local/lib/python3.12/site-packages/airflow/example_dags/example_xcom.py
[2025-12-16T07:19:30.847+0000] {logging_mixin.py:190} INFO - [2025-12-16T07:19:30.847+0000] {dag.py:3239} INFO - Sync 1 DAGs
[2025-12-16T07:19:31.005+0000] {logging_mixin.py:190} INFO - [2025-12-16T07:19:31.004+0000] {dag.py:4180} INFO - Setting next_dagrun for example_xcom to 2021-01-01 00:00:00+00:00, run_after=2021-01-01 00:00:00+00:00
[2025-12-16T07:19:31.093+0000] {processor.py:208} INFO - Processing /home/airflow/.local/lib/python3.12/site-packages/airflow/example_dags/example_xcom.py took 0.418 seconds
[2025-12-16T07:20:11.528+0000] {processor.py:186} INFO - Started process (PID=421) to work on /home/airflow/.local/lib/python3.12/site-packages/airflow/example_dags/example_xcom.py
[2025-12-16T07:20:11.532+0000] {processor.py:914} INFO - Processing file /home/airflow/.local/lib/python3.12/site-packages/airflow/example_dags/example_xcom.py for tasks to queue
[2025-12-16T07:20:11.544+0000] {logging_mixin.py:190} INFO - [2025-12-16T07:20:11.542+0000] {dagbag.py:588} INFO - Filling up the DagBag from /home/airflow/.local/lib/python3.12/site-packages/airflow/example_dags/example_xcom.py
[2025-12-16T07:20:11.592+0000] {processor.py:925} INFO - DAG(s) 'example_xcom' retrieved from /home/airflow/.local/lib/python3.12/site-packages/airflow/example_dags/example_xcom.py
[2025-12-16T07:20:11.709+0000] {logging_mixin.py:190} INFO - [2025-12-16T07:20:11.706+0000] {dag.py:3239} INFO - Sync 1 DAGs
[2025-12-16T07:20:11.955+0000] {logging_mixin.py:190} INFO - [2025-12-16T07:20:11.954+0000] {dag.py:4180} INFO - Setting next_dagrun for example_xcom to 2021-01-01 00:00:00+00:00, run_after=2021-01-01 00:00:00+00:00
[2025-12-16T07:20:12.043+0000] {processor.py:208} INFO - Processing /home/airflow/.local/lib/python3.12/site-packages/airflow/example_dags/example_xcom.py took 0.564 seconds
[2025-12-16T07:20:44.545+0000] {processor.py:186} INFO - Started process (PID=493) to work on /home/airflow/.local/lib/python3.12/site-packages/airflow/example_dags/example_xcom.py
[2025-12-16T07:20:44.548+0000] {processor.py:914} INFO - Processing file /home/airflow/.local/lib/python3.12/site-packages/airflow/example_dags/example_xcom.py for tasks to queue
[2025-12-16T07:20:44.555+0000] {logging_mixin.py:190} INFO - [2025-12-16T07:20:44.554+0000] {dagbag.py:588} INFO - Filling up the DagBag from /home/airflow/.local/lib/python3.12/site-packages/airflow/example_dags/example_xcom.py
[2025-12-16T07:20:44.588+0000] {processor.py:925} INFO - DAG(s) 'example_xcom' retrieved from /home/airflow/.local/lib/python3.12/site-packages/airflow/example_dags/example_xcom.py
[2025-12-16T07:20:44.663+0000] {logging_mixin.py:190} INFO - [2025-12-16T07:20:44.662+0000] {dag.py:3239} INFO - Sync 1 DAGs
[2025-12-16T07:20:44.791+0000] {logging_mixin.py:190} INFO - [2025-12-16T07:20:44.790+0000] {dag.py:4180} INFO - Setting next_dagrun for example_xcom to 2021-01-01 00:00:00+00:00, run_after=2021-01-01 00:00:00+00:00
[2025-12-16T07:20:44.871+0000] {processor.py:208} INFO - Processing /home/airflow/.local/lib/python3.12/site-packages/airflow/example_dags/example_xcom.py took 0.354 seconds
[2025-12-16T07:21:16.878+0000] {processor.py:186} INFO - Started process (PID=565) to work on /home/airflow/.local/lib/python3.12/site-packages/airflow/example_dags/example_xcom.py
[2025-12-16T07:21:16.882+0000] {processor.py:914} INFO - Processing file /home/airflow/.local/lib/python3.12/site-packages/airflow/example_dags/example_xcom.py for tasks to queue
[2025-12-16T07:21:16.895+0000] {logging_mixin.py:190} INFO - [2025-12-16T07:21:16.893+0000] {dagbag.py:588} INFO - Filling up the DagBag from /home/airflow/.local/lib/python3.12/site-packages/airflow/example_dags/example_xcom.py
[2025-12-16T07:21:16.950+0000] {processor.py:925} INFO - DAG(s) 'example_xcom' retrieved from /home/airflow/.local/lib/python3.12/site-packages/airflow/example_dags/example_xcom.py
[2025-12-16T07:21:17.038+0000] {logging_mixin.py:190} INFO - [2025-12-16T07:21:17.037+0000] {dag.py:3239} INFO - Sync 1 DAGs
[2025-12-16T07:21:17.113+0000] {logging_mixin.py:190} INFO - [2025-12-16T07:21:17.112+0000] {dag.py:4180} INFO - Setting next_dagrun for example_xcom to 2021-01-01 00:00:00+00:00, run_after=2021-01-01 00:00:00+00:00
[2025-12-16T07:21:17.164+0000] {processor.py:208} INFO - Processing /home/airflow/.local/lib/python3.12/site-packages/airflow/example_dags/example_xcom.py took 0.344 seconds
[2025-12-16T07:21:48.557+0000] {processor.py:186} INFO - Started process (PID=637) to work on /home/airflow/.local/lib/python3.12/site-packages/airflow/example_dags/example_xcom.py
[2025-12-16T07:21:48.559+0000] {processor.py:914} INFO - Processing file /home/airflow/.local/lib/python3.12/site-packages/airflow/example_dags/example_xcom.py for tasks to queue
[2025-12-16T07:21:48.569+0000] {logging_mixin.py:190} INFO - [2025-12-16T07:21:48.568+0000] {dagbag.py:588} INFO - Filling up the DagBag from /home/airflow/.local/lib/python3.12/site-packages/airflow/example_dags/example_xcom.py
[2025-12-16T07:21:48.598+0000] {processor.py:925} INFO - DAG(s) 'example_xcom' retrieved from /home/airflow/.local/lib/python3.12/site-packages/airflow/example_dags/example_xcom.py
[2025-12-16T07:21:48.680+0000] {logging_mixin.py:190} INFO - [2025-12-16T07:21:48.679+0000] {dag.py:3239} INFO - Sync 1 DAGs
[2025-12-16T07:21:48.783+0000] {logging_mixin.py:190} INFO - [2025-12-16T07:21:48.782+0000] {dag.py:4180} INFO - Setting next_dagrun for example_xcom to 2021-01-01 00:00:00+00:00, run_after=2021-01-01 00:00:00+00:00
[2025-12-16T07:21:48.861+0000] {processor.py:208} INFO - Processing /home/airflow/.local/lib/python3.12/site-packages/airflow/example_dags/example_xcom.py took 0.321 seconds
[2025-12-16T07:22:19.005+0000] {processor.py:186} INFO - Started process (PID=707) to work on /home/airflow/.local/lib/python3.12/site-packages/airflow/example_dags/example_xcom.py
[2025-12-16T07:22:19.008+0000] {processor.py:914} INFO - Processing file /home/airflow/.local/lib/python3.12/site-packages/airflow/example_dags/example_xcom.py for tasks to queue
[2025-12-16T07:22:19.014+0000] {logging_mixin.py:190} INFO - [2025-12-16T07:22:19.013+0000] {dagbag.py:588} INFO - Filling up the DagBag from /home/airflow/.local/lib/python3.12/site-packages/airflow/example_dags/example_xcom.py
[2025-12-16T07:22:19.039+0000] {processor.py:925} INFO - DAG(s) 'example_xcom' retrieved from /home/airflow/.local/lib/python3.12/site-packages/airflow/example_dags/example_xcom.py
[2025-12-16T07:22:19.095+0000] {logging_mixin.py:190} INFO - [2025-12-16T07:22:19.094+0000] {dag.py:3239} INFO - Sync 1 DAGs
[2025-12-16T07:22:19.158+0000] {logging_mixin.py:190} INFO - [2025-12-16T07:22:19.157+0000] {dag.py:4180} INFO - Setting next_dagrun for example_xcom to 2021-01-01 00:00:00+00:00, run_after=2021-01-01 00:00:00+00:00
[2025-12-16T07:22:19.241+0000] {processor.py:208} INFO - Processing /home/airflow/.local/lib/python3.12/site-packages/airflow/example_dags/example_xcom.py took 0.251 seconds
[2025-12-16T07:22:51.679+0000] {processor.py:186} INFO - Started process (PID=774) to work on /home/airflow/.local/lib/python3.12/site-packages/airflow/example_dags/example_xcom.py
[2025-12-16T07:22:51.682+0000] {processor.py:914} INFO - Processing file /home/airflow/.local/lib/python3.12/site-packages/airflow/example_dags/example_xcom.py for tasks to queue
[2025-12-16T07:22:51.688+0000] {logging_mixin.py:190} INFO - [2025-12-16T07:22:51.687+0000] {dagbag.py:588} INFO - Filling up the DagBag from /home/airflow/.local/lib/python3.12/site-packages/airflow/example_dags/example_xcom.py
[2025-12-16T07:22:51.722+0000] {processor.py:925} INFO - DAG(s) 'example_xcom' retrieved from /home/airflow/.local/lib/python3.12/site-packages/airflow/example_dags/example_xcom.py
[2025-12-16T07:22:51.781+0000] {logging_mixin.py:190} INFO - [2025-12-16T07:22:51.781+0000] {dag.py:3239} INFO - Sync 1 DAGs
[2025-12-16T07:22:51.841+0000] {logging_mixin.py:190} INFO - [2025-12-16T07:22:51.841+0000] {dag.py:4180} INFO - Setting next_dagrun for example_xcom to 2021-01-01 00:00:00+00:00, run_after=2021-01-01 00:00:00+00:00
[2025-12-16T07:22:51.887+0000] {processor.py:208} INFO - Processing /home/airflow/.local/lib/python3.12/site-packages/airflow/example_dags/example_xcom.py took 0.225 seconds
[2025-12-16T07:23:25.432+0000] {processor.py:186} INFO - Started process (PID=840) to work on /home/airflow/.local/lib/python3.12/site-packages/airflow/example_dags/example_xcom.py
[2025-12-16T07:23:25.435+0000] {processor.py:914} INFO - Processing file /home/airflow/.local/lib/python3.12/site-packages/airflow/example_dags/example_xcom.py for tasks to queue
[2025-12-16T07:23:25.445+0000] {logging_mixin.py:190} INFO - [2025-12-16T07:23:25.444+0000] {dagbag.py:588} INFO - Filling up the DagBag from /home/airflow/.local/lib/python3.12/site-packages/airflow/example_dags/example_xcom.py
[2025-12-16T07:23:25.483+0000] {processor.py:925} INFO - DAG(s) 'example_xcom' retrieved from /home/airflow/.local/lib/python3.12/site-packages/airflow/example_dags/example_xcom.py
[2025-12-16T07:23:25.628+0000] {logging_mixin.py:190} INFO - [2025-12-16T07:23:25.628+0000] {dag.py:3239} INFO - Sync 1 DAGs
[2025-12-16T07:23:25.732+0000] {logging_mixin.py:190} INFO - [2025-12-16T07:23:25.731+0000] {dag.py:4180} INFO - Setting next_dagrun for example_xcom to 2021-01-01 00:00:00+00:00, run_after=2021-01-01 00:00:00+00:00
[2025-12-16T07:23:25.789+0000] {processor.py:208} INFO - Processing /home/airflow/.local/lib/python3.12/site-packages/airflow/example_dags/example_xcom.py took 0.378 seconds
[2025-12-16T07:24:56.811+0000] {processor.py:186} INFO - Started process (PID=921) to work on /home/airflow/.local/lib/python3.12/site-packages/airflow/example_dags/example_xcom.py
[2025-12-16T07:24:56.826+0000] {processor.py:914} INFO - Processing file /home/airflow/.local/lib/python3.12/site-packages/airflow/example_dags/example_xcom.py for tasks to queue
[2025-12-16T07:24:56.878+0000] {logging_mixin.py:190} INFO - [2025-12-16T07:24:56.870+0000] {dagbag.py:588} INFO - Filling up the DagBag from /home/airflow/.local/lib/python3.12/site-packages/airflow/example_dags/example_xcom.py
[2025-12-16T07:24:57.219+0000] {processor.py:925} INFO - DAG(s) 'example_xcom' retrieved from /home/airflow/.local/lib/python3.12/site-packages/airflow/example_dags/example_xcom.py
[2025-12-16T07:24:58.953+0000] {logging_mixin.py:190} INFO - [2025-12-16T07:24:58.916+0000] {dag.py:3239} INFO - Sync 1 DAGs
[2025-12-16T07:24:59.224+0000] {logging_mixin.py:190} INFO - [2025-12-16T07:24:59.223+0000] {dag.py:4180} INFO - Setting next_dagrun for example_xcom to 2021-01-01 00:00:00+00:00, run_after=2021-01-01 00:00:00+00:00
[2025-12-16T07:24:59.588+0000] {processor.py:208} INFO - Processing /home/airflow/.local/lib/python3.12/site-packages/airflow/example_dags/example_xcom.py took 2.880 seconds
[2025-12-16T07:28:00.812+0000] {processor.py:186} INFO - Started process (PID=1021) to work on /home/airflow/.local/lib/python3.12/site-packages/airflow/example_dags/example_xcom.py
[2025-12-16T07:28:00.815+0000] {processor.py:914} INFO - Processing file /home/airflow/.local/lib/python3.12/site-packages/airflow/example_dags/example_xcom.py for tasks to queue
[2025-12-16T07:28:00.820+0000] {logging_mixin.py:190} INFO - [2025-12-16T07:28:00.818+0000] {dagbag.py:588} INFO - Filling up the DagBag from /home/airflow/.local/lib/python3.12/site-packages/airflow/example_dags/example_xcom.py
[2025-12-16T07:28:00.858+0000] {processor.py:925} INFO - DAG(s) 'example_xcom' retrieved from /home/airflow/.local/lib/python3.12/site-packages/airflow/example_dags/example_xcom.py
[2025-12-16T07:28:00.928+0000] {logging_mixin.py:190} INFO - [2025-12-16T07:28:00.927+0000] {dag.py:3239} INFO - Sync 1 DAGs
[2025-12-16T07:28:01.019+0000] {logging_mixin.py:190} INFO - [2025-12-16T07:28:01.019+0000] {dag.py:4180} INFO - Setting next_dagrun for example_xcom to 2021-01-01 00:00:00+00:00, run_after=2021-01-01 00:00:00+00:00
[2025-12-16T07:28:01.080+0000] {processor.py:208} INFO - Processing /home/airflow/.local/lib/python3.12/site-packages/airflow/example_dags/example_xcom.py took 0.287 seconds
[2025-12-16T07:28:46.239+0000] {processor.py:186} INFO - Started process (PID=1100) to work on /home/airflow/.local/lib/python3.12/site-packages/airflow/example_dags/example_xcom.py
[2025-12-16T07:28:46.242+0000] {processor.py:914} INFO - Processing file /home/airflow/.local/lib/python3.12/site-packages/airflow/example_dags/example_xcom.py for tasks to queue
[2025-12-16T07:28:46.246+0000] {logging_mixin.py:190} INFO - [2025-12-16T07:28:46.245+0000] {dagbag.py:588} INFO - Filling up the DagBag from /home/airflow/.local/lib/python3.12/site-packages/airflow/example_dags/example_xcom.py
[2025-12-16T07:28:46.280+0000] {processor.py:925} INFO - DAG(s) 'example_xcom' retrieved from /home/airflow/.local/lib/python3.12/site-packages/airflow/example_dags/example_xcom.py
[2025-12-16T07:28:46.363+0000] {logging_mixin.py:190} INFO - [2025-12-16T07:28:46.363+0000] {dag.py:3239} INFO - Sync 1 DAGs
[2025-12-16T07:28:46.446+0000] {logging_mixin.py:190} INFO - [2025-12-16T07:28:46.445+0000] {dag.py:4180} INFO - Setting next_dagrun for example_xcom to 2021-01-01 00:00:00+00:00, run_after=2021-01-01 00:00:00+00:00
[2025-12-16T07:28:46.507+0000] {processor.py:208} INFO - Processing /home/airflow/.local/lib/python3.12/site-packages/airflow/example_dags/example_xcom.py took 0.288 seconds
[2025-12-16T07:31:06.374+0000] {processor.py:186} INFO - Started process (PID=1191) to work on /home/airflow/.local/lib/python3.12/site-packages/airflow/example_dags/example_xcom.py
[2025-12-16T07:31:06.441+0000] {processor.py:914} INFO - Processing file /home/airflow/.local/lib/python3.12/site-packages/airflow/example_dags/example_xcom.py for tasks to queue
[2025-12-16T07:31:06.473+0000] {logging_mixin.py:190} INFO - [2025-12-16T07:31:06.457+0000] {dagbag.py:588} INFO - Filling up the DagBag from /home/airflow/.local/lib/python3.12/site-packages/airflow/example_dags/example_xcom.py
[2025-12-16T07:31:06.847+0000] {processor.py:925} INFO - DAG(s) 'example_xcom' retrieved from /home/airflow/.local/lib/python3.12/site-packages/airflow/example_dags/example_xcom.py
[2025-12-16T07:31:07.682+0000] {logging_mixin.py:190} INFO - [2025-12-16T07:31:07.669+0000] {dag.py:3239} INFO - Sync 1 DAGs
[2025-12-16T07:31:08.101+0000] {logging_mixin.py:190} INFO - [2025-12-16T07:31:08.100+0000] {dag.py:4180} INFO - Setting next_dagrun for example_xcom to 2021-01-01 00:00:00+00:00, run_after=2021-01-01 00:00:00+00:00
[2025-12-16T07:31:08.542+0000] {processor.py:208} INFO - Processing /home/airflow/.local/lib/python3.12/site-packages/airflow/example_dags/example_xcom.py took 2.411 seconds
[2025-12-16T07:32:43.232+0000] {processor.py:186} INFO - Started process (PID=1269) to work on /home/airflow/.local/lib/python3.12/site-packages/airflow/example_dags/example_xcom.py
[2025-12-16T07:32:43.236+0000] {processor.py:914} INFO - Processing file /home/airflow/.local/lib/python3.12/site-packages/airflow/example_dags/example_xcom.py for tasks to queue
[2025-12-16T07:32:43.240+0000] {logging_mixin.py:190} INFO - [2025-12-16T07:32:43.239+0000] {dagbag.py:588} INFO - Filling up the DagBag from /home/airflow/.local/lib/python3.12/site-packages/airflow/example_dags/example_xcom.py
[2025-12-16T07:32:43.328+0000] {processor.py:925} INFO - DAG(s) 'example_xcom' retrieved from /home/airflow/.local/lib/python3.12/site-packages/airflow/example_dags/example_xcom.py
[2025-12-16T07:32:43.433+0000] {logging_mixin.py:190} INFO - [2025-12-16T07:32:43.430+0000] {dag.py:3239} INFO - Sync 1 DAGs
[2025-12-16T07:32:43.561+0000] {logging_mixin.py:190} INFO - [2025-12-16T07:32:43.556+0000] {dag.py:4180} INFO - Setting next_dagrun for example_xcom to 2021-01-01 00:00:00+00:00, run_after=2021-01-01 00:00:00+00:00
[2025-12-16T07:32:43.693+0000] {processor.py:208} INFO - Processing /home/airflow/.local/lib/python3.12/site-packages/airflow/example_dags/example_xcom.py took 0.485 seconds
[2025-12-16T07:33:16.115+0000] {processor.py:186} INFO - Started process (PID=1339) to work on /home/airflow/.local/lib/python3.12/site-packages/airflow/example_dags/example_xcom.py
[2025-12-16T07:33:16.122+0000] {processor.py:914} INFO - Processing file /home/airflow/.local/lib/python3.12/site-packages/airflow/example_dags/example_xcom.py for tasks to queue
[2025-12-16T07:33:16.133+0000] {logging_mixin.py:190} INFO - [2025-12-16T07:33:16.129+0000] {dagbag.py:588} INFO - Filling up the DagBag from /home/airflow/.local/lib/python3.12/site-packages/airflow/example_dags/example_xcom.py
[2025-12-16T07:33:16.196+0000] {processor.py:925} INFO - DAG(s) 'example_xcom' retrieved from /home/airflow/.local/lib/python3.12/site-packages/airflow/example_dags/example_xcom.py
[2025-12-16T07:33:16.344+0000] {logging_mixin.py:190} INFO - [2025-12-16T07:33:16.344+0000] {dag.py:3239} INFO - Sync 1 DAGs
[2025-12-16T07:33:16.496+0000] {logging_mixin.py:190} INFO - [2025-12-16T07:33:16.495+0000] {dag.py:4180} INFO - Setting next_dagrun for example_xcom to 2021-01-01 00:00:00+00:00, run_after=2021-01-01 00:00:00+00:00
[2025-12-16T07:33:16.598+0000] {processor.py:208} INFO - Processing /home/airflow/.local/lib/python3.12/site-packages/airflow/example_dags/example_xcom.py took 0.548 seconds
[2025-12-16T07:33:48.166+0000] {processor.py:186} INFO - Started process (PID=1409) to work on /home/airflow/.local/lib/python3.12/site-packages/airflow/example_dags/example_xcom.py
[2025-12-16T07:33:48.169+0000] {processor.py:914} INFO - Processing file /home/airflow/.local/lib/python3.12/site-packages/airflow/example_dags/example_xcom.py for tasks to queue
[2025-12-16T07:33:48.179+0000] {logging_mixin.py:190} INFO - [2025-12-16T07:33:48.177+0000] {dagbag.py:588} INFO - Filling up the DagBag from /home/airflow/.local/lib/python3.12/site-packages/airflow/example_dags/example_xcom.py
[2025-12-16T07:33:48.226+0000] {processor.py:925} INFO - DAG(s) 'example_xcom' retrieved from /home/airflow/.local/lib/python3.12/site-packages/airflow/example_dags/example_xcom.py
[2025-12-16T07:33:48.323+0000] {logging_mixin.py:190} INFO - [2025-12-16T07:33:48.322+0000] {dag.py:3239} INFO - Sync 1 DAGs
[2025-12-16T07:33:48.416+0000] {logging_mixin.py:190} INFO - [2025-12-16T07:33:48.415+0000] {dag.py:4180} INFO - Setting next_dagrun for example_xcom to 2021-01-01 00:00:00+00:00, run_after=2021-01-01 00:00:00+00:00
[2025-12-16T07:33:48.497+0000] {processor.py:208} INFO - Processing /home/airflow/.local/lib/python3.12/site-packages/airflow/example_dags/example_xcom.py took 0.362 seconds
[2025-12-16T07:34:19.317+0000] {processor.py:186} INFO - Started process (PID=1482) to work on /home/airflow/.local/lib/python3.12/site-packages/airflow/example_dags/example_xcom.py
[2025-12-16T07:34:19.320+0000] {processor.py:914} INFO - Processing file /home/airflow/.local/lib/python3.12/site-packages/airflow/example_dags/example_xcom.py for tasks to queue
[2025-12-16T07:34:19.326+0000] {logging_mixin.py:190} INFO - [2025-12-16T07:34:19.324+0000] {dagbag.py:588} INFO - Filling up the DagBag from /home/airflow/.local/lib/python3.12/site-packages/airflow/example_dags/example_xcom.py
[2025-12-16T07:34:19.377+0000] {processor.py:925} INFO - DAG(s) 'example_xcom' retrieved from /home/airflow/.local/lib/python3.12/site-packages/airflow/example_dags/example_xcom.py
[2025-12-16T07:34:19.459+0000] {logging_mixin.py:190} INFO - [2025-12-16T07:34:19.458+0000] {dag.py:3239} INFO - Sync 1 DAGs
[2025-12-16T07:34:19.550+0000] {logging_mixin.py:190} INFO - [2025-12-16T07:34:19.549+0000] {dag.py:4180} INFO - Setting next_dagrun for example_xcom to 2021-01-01 00:00:00+00:00, run_after=2021-01-01 00:00:00+00:00
[2025-12-16T07:34:19.622+0000] {processor.py:208} INFO - Processing /home/airflow/.local/lib/python3.12/site-packages/airflow/example_dags/example_xcom.py took 0.341 seconds
[2025-12-16T07:34:50.061+0000] {processor.py:186} INFO - Started process (PID=1554) to work on /home/airflow/.local/lib/python3.12/site-packages/airflow/example_dags/example_xcom.py
[2025-12-16T07:34:50.066+0000] {processor.py:914} INFO - Processing file /home/airflow/.local/lib/python3.12/site-packages/airflow/example_dags/example_xcom.py for tasks to queue
[2025-12-16T07:34:50.069+0000] {logging_mixin.py:190} INFO - [2025-12-16T07:34:50.068+0000] {dagbag.py:588} INFO - Filling up the DagBag from /home/airflow/.local/lib/python3.12/site-packages/airflow/example_dags/example_xcom.py
[2025-12-16T07:34:50.101+0000] {processor.py:925} INFO - DAG(s) 'example_xcom' retrieved from /home/airflow/.local/lib/python3.12/site-packages/airflow/example_dags/example_xcom.py
[2025-12-16T07:34:50.152+0000] {logging_mixin.py:190} INFO - [2025-12-16T07:34:50.152+0000] {dag.py:3239} INFO - Sync 1 DAGs
[2025-12-16T07:34:50.216+0000] {logging_mixin.py:190} INFO - [2025-12-16T07:34:50.215+0000] {dag.py:4180} INFO - Setting next_dagrun for example_xcom to 2021-01-01 00:00:00+00:00, run_after=2021-01-01 00:00:00+00:00
[2025-12-16T07:34:50.316+0000] {processor.py:208} INFO - Processing /home/airflow/.local/lib/python3.12/site-packages/airflow/example_dags/example_xcom.py took 0.276 seconds
[2025-12-16T07:35:30.062+0000] {processor.py:186} INFO - Started process (PID=1634) to work on /home/airflow/.local/lib/python3.12/site-packages/airflow/example_dags/example_xcom.py
[2025-12-16T07:35:30.066+0000] {processor.py:914} INFO - Processing file /home/airflow/.local/lib/python3.12/site-packages/airflow/example_dags/example_xcom.py for tasks to queue
[2025-12-16T07:35:30.070+0000] {logging_mixin.py:190} INFO - [2025-12-16T07:35:30.069+0000] {dagbag.py:588} INFO - Filling up the DagBag from /home/airflow/.local/lib/python3.12/site-packages/airflow/example_dags/example_xcom.py
[2025-12-16T07:35:30.114+0000] {processor.py:925} INFO - DAG(s) 'example_xcom' retrieved from /home/airflow/.local/lib/python3.12/site-packages/airflow/example_dags/example_xcom.py
[2025-12-16T07:35:30.243+0000] {logging_mixin.py:190} INFO - [2025-12-16T07:35:30.242+0000] {dag.py:3239} INFO - Sync 1 DAGs
[2025-12-16T07:35:30.375+0000] {logging_mixin.py:190} INFO - [2025-12-16T07:35:30.371+0000] {dag.py:4180} INFO - Setting next_dagrun for example_xcom to 2021-01-01 00:00:00+00:00, run_after=2021-01-01 00:00:00+00:00
[2025-12-16T07:35:30.465+0000] {processor.py:208} INFO - Processing /home/airflow/.local/lib/python3.12/site-packages/airflow/example_dags/example_xcom.py took 0.427 seconds
[2025-12-16T07:36:14.519+0000] {processor.py:186} INFO - Started process (PID=1700) to work on /home/airflow/.local/lib/python3.12/site-packages/airflow/example_dags/example_xcom.py
[2025-12-16T07:36:14.522+0000] {processor.py:914} INFO - Processing file /home/airflow/.local/lib/python3.12/site-packages/airflow/example_dags/example_xcom.py for tasks to queue
[2025-12-16T07:36:14.526+0000] {logging_mixin.py:190} INFO - [2025-12-16T07:36:14.525+0000] {dagbag.py:588} INFO - Filling up the DagBag from /home/airflow/.local/lib/python3.12/site-packages/airflow/example_dags/example_xcom.py
[2025-12-16T07:36:14.554+0000] {processor.py:925} INFO - DAG(s) 'example_xcom' retrieved from /home/airflow/.local/lib/python3.12/site-packages/airflow/example_dags/example_xcom.py
[2025-12-16T07:36:14.613+0000] {logging_mixin.py:190} INFO - [2025-12-16T07:36:14.612+0000] {dag.py:3239} INFO - Sync 1 DAGs
[2025-12-16T07:36:14.686+0000] {logging_mixin.py:190} INFO - [2025-12-16T07:36:14.686+0000] {dag.py:4180} INFO - Setting next_dagrun for example_xcom to 2021-01-01 00:00:00+00:00, run_after=2021-01-01 00:00:00+00:00
[2025-12-16T07:36:14.738+0000] {processor.py:208} INFO - Processing /home/airflow/.local/lib/python3.12/site-packages/airflow/example_dags/example_xcom.py took 0.237 seconds
[2025-12-16T07:36:47.801+0000] {processor.py:186} INFO - Started process (PID=1771) to work on /home/airflow/.local/lib/python3.12/site-packages/airflow/example_dags/example_xcom.py
[2025-12-16T07:36:47.818+0000] {processor.py:914} INFO - Processing file /home/airflow/.local/lib/python3.12/site-packages/airflow/example_dags/example_xcom.py for tasks to queue
[2025-12-16T07:36:47.828+0000] {logging_mixin.py:190} INFO - [2025-12-16T07:36:47.823+0000] {dagbag.py:588} INFO - Filling up the DagBag from /home/airflow/.local/lib/python3.12/site-packages/airflow/example_dags/example_xcom.py
[2025-12-16T07:36:47.870+0000] {processor.py:925} INFO - DAG(s) 'example_xcom' retrieved from /home/airflow/.local/lib/python3.12/site-packages/airflow/example_dags/example_xcom.py
[2025-12-16T07:36:47.928+0000] {logging_mixin.py:190} INFO - [2025-12-16T07:36:47.927+0000] {dag.py:3239} INFO - Sync 1 DAGs
[2025-12-16T07:36:48.004+0000] {logging_mixin.py:190} INFO - [2025-12-16T07:36:48.003+0000] {dag.py:4180} INFO - Setting next_dagrun for example_xcom to 2021-01-01 00:00:00+00:00, run_after=2021-01-01 00:00:00+00:00
[2025-12-16T07:36:48.065+0000] {processor.py:208} INFO - Processing /home/airflow/.local/lib/python3.12/site-packages/airflow/example_dags/example_xcom.py took 0.286 seconds
[2025-12-16T07:37:21.706+0000] {processor.py:186} INFO - Started process (PID=1842) to work on /home/airflow/.local/lib/python3.12/site-packages/airflow/example_dags/example_xcom.py
[2025-12-16T07:37:21.709+0000] {processor.py:914} INFO - Processing file /home/airflow/.local/lib/python3.12/site-packages/airflow/example_dags/example_xcom.py for tasks to queue
[2025-12-16T07:37:21.713+0000] {logging_mixin.py:190} INFO - [2025-12-16T07:37:21.712+0000] {dagbag.py:588} INFO - Filling up the DagBag from /home/airflow/.local/lib/python3.12/site-packages/airflow/example_dags/example_xcom.py
[2025-12-16T07:37:21.771+0000] {processor.py:925} INFO - DAG(s) 'example_xcom' retrieved from /home/airflow/.local/lib/python3.12/site-packages/airflow/example_dags/example_xcom.py
[2025-12-16T07:37:21.841+0000] {logging_mixin.py:190} INFO - [2025-12-16T07:37:21.841+0000] {dag.py:3239} INFO - Sync 1 DAGs
[2025-12-16T07:37:22.000+0000] {logging_mixin.py:190} INFO - [2025-12-16T07:37:21.999+0000] {dag.py:4180} INFO - Setting next_dagrun for example_xcom to 2021-01-01 00:00:00+00:00, run_after=2021-01-01 00:00:00+00:00
[2025-12-16T07:37:22.060+0000] {processor.py:208} INFO - Processing /home/airflow/.local/lib/python3.12/site-packages/airflow/example_dags/example_xcom.py took 0.396 seconds
[2025-12-16T07:37:56.670+0000] {processor.py:186} INFO - Started process (PID=1914) to work on /home/airflow/.local/lib/python3.12/site-packages/airflow/example_dags/example_xcom.py
[2025-12-16T07:37:56.672+0000] {processor.py:914} INFO - Processing file /home/airflow/.local/lib/python3.12/site-packages/airflow/example_dags/example_xcom.py for tasks to queue
[2025-12-16T07:37:56.676+0000] {logging_mixin.py:190} INFO - [2025-12-16T07:37:56.675+0000] {dagbag.py:588} INFO - Filling up the DagBag from /home/airflow/.local/lib/python3.12/site-packages/airflow/example_dags/example_xcom.py
[2025-12-16T07:37:56.704+0000] {processor.py:925} INFO - DAG(s) 'example_xcom' retrieved from /home/airflow/.local/lib/python3.12/site-packages/airflow/example_dags/example_xcom.py
[2025-12-16T07:37:56.760+0000] {logging_mixin.py:190} INFO - [2025-12-16T07:37:56.760+0000] {dag.py:3239} INFO - Sync 1 DAGs
[2025-12-16T07:37:56.832+0000] {logging_mixin.py:190} INFO - [2025-12-16T07:37:56.831+0000] {dag.py:4180} INFO - Setting next_dagrun for example_xcom to 2021-01-01 00:00:00+00:00, run_after=2021-01-01 00:00:00+00:00
[2025-12-16T07:37:56.887+0000] {processor.py:208} INFO - Processing /home/airflow/.local/lib/python3.12/site-packages/airflow/example_dags/example_xcom.py took 0.233 seconds
[2025-12-16T07:38:29.006+0000] {processor.py:186} INFO - Started process (PID=1985) to work on /home/airflow/.local/lib/python3.12/site-packages/airflow/example_dags/example_xcom.py
[2025-12-16T07:38:29.014+0000] {processor.py:914} INFO - Processing file /home/airflow/.local/lib/python3.12/site-packages/airflow/example_dags/example_xcom.py for tasks to queue
[2025-12-16T07:38:29.022+0000] {logging_mixin.py:190} INFO - [2025-12-16T07:38:29.020+0000] {dagbag.py:588} INFO - Filling up the DagBag from /home/airflow/.local/lib/python3.12/site-packages/airflow/example_dags/example_xcom.py
[2025-12-16T07:38:29.132+0000] {processor.py:925} INFO - DAG(s) 'example_xcom' retrieved from /home/airflow/.local/lib/python3.12/site-packages/airflow/example_dags/example_xcom.py
[2025-12-16T07:38:29.985+0000] {logging_mixin.py:190} INFO - [2025-12-16T07:38:29.941+0000] {dag.py:3239} INFO - Sync 1 DAGs
[2025-12-16T07:38:30.145+0000] {logging_mixin.py:190} INFO - [2025-12-16T07:38:30.144+0000] {dag.py:4180} INFO - Setting next_dagrun for example_xcom to 2021-01-01 00:00:00+00:00, run_after=2021-01-01 00:00:00+00:00
[2025-12-16T07:38:30.383+0000] {processor.py:208} INFO - Processing /home/airflow/.local/lib/python3.12/site-packages/airflow/example_dags/example_xcom.py took 1.429 seconds
[2025-12-16T07:39:00.708+0000] {processor.py:186} INFO - Started process (PID=2056) to work on /home/airflow/.local/lib/python3.12/site-packages/airflow/example_dags/example_xcom.py
[2025-12-16T07:39:00.714+0000] {processor.py:914} INFO - Processing file /home/airflow/.local/lib/python3.12/site-packages/airflow/example_dags/example_xcom.py for tasks to queue
[2025-12-16T07:39:00.718+0000] {logging_mixin.py:190} INFO - [2025-12-16T07:39:00.717+0000] {dagbag.py:588} INFO - Filling up the DagBag from /home/airflow/.local/lib/python3.12/site-packages/airflow/example_dags/example_xcom.py
[2025-12-16T07:39:00.774+0000] {processor.py:925} INFO - DAG(s) 'example_xcom' retrieved from /home/airflow/.local/lib/python3.12/site-packages/airflow/example_dags/example_xcom.py
[2025-12-16T07:39:00.871+0000] {logging_mixin.py:190} INFO - [2025-12-16T07:39:00.871+0000] {dag.py:3239} INFO - Sync 1 DAGs
[2025-12-16T07:39:00.987+0000] {logging_mixin.py:190} INFO - [2025-12-16T07:39:00.979+0000] {dag.py:4180} INFO - Setting next_dagrun for example_xcom to 2021-01-01 00:00:00+00:00, run_after=2021-01-01 00:00:00+00:00
[2025-12-16T07:39:01.122+0000] {processor.py:208} INFO - Processing /home/airflow/.local/lib/python3.12/site-packages/airflow/example_dags/example_xcom.py took 0.452 seconds
[2025-12-16T07:51:48.776+0000] {processor.py:186} INFO - Started process (PID=2131) to work on /home/airflow/.local/lib/python3.12/site-packages/airflow/example_dags/example_xcom.py
[2025-12-16T07:51:48.822+0000] {processor.py:914} INFO - Processing file /home/airflow/.local/lib/python3.12/site-packages/airflow/example_dags/example_xcom.py for tasks to queue
[2025-12-16T07:51:48.873+0000] {logging_mixin.py:190} INFO - [2025-12-16T07:51:48.871+0000] {dagbag.py:588} INFO - Filling up the DagBag from /home/airflow/.local/lib/python3.12/site-packages/airflow/example_dags/example_xcom.py
[2025-12-16T07:51:49.048+0000] {processor.py:925} INFO - DAG(s) 'example_xcom' retrieved from /home/airflow/.local/lib/python3.12/site-packages/airflow/example_dags/example_xcom.py
[2025-12-16T07:51:49.808+0000] {logging_mixin.py:190} INFO - [2025-12-16T07:51:49.807+0000] {dag.py:3239} INFO - Sync 1 DAGs
[2025-12-16T07:51:50.341+0000] {logging_mixin.py:190} INFO - [2025-12-16T07:51:50.328+0000] {dag.py:4180} INFO - Setting next_dagrun for example_xcom to 2021-01-01 00:00:00+00:00, run_after=2021-01-01 00:00:00+00:00
[2025-12-16T07:51:50.710+0000] {processor.py:208} INFO - Processing /home/airflow/.local/lib/python3.12/site-packages/airflow/example_dags/example_xcom.py took 2.030 seconds
[2025-12-16T07:52:56.198+0000] {processor.py:186} INFO - Started process (PID=2210) to work on /home/airflow/.local/lib/python3.12/site-packages/airflow/example_dags/example_xcom.py
[2025-12-16T07:52:56.212+0000] {processor.py:914} INFO - Processing file /home/airflow/.local/lib/python3.12/site-packages/airflow/example_dags/example_xcom.py for tasks to queue
[2025-12-16T07:52:56.228+0000] {logging_mixin.py:190} INFO - [2025-12-16T07:52:56.224+0000] {dagbag.py:588} INFO - Filling up the DagBag from /home/airflow/.local/lib/python3.12/site-packages/airflow/example_dags/example_xcom.py
[2025-12-16T07:52:56.283+0000] {processor.py:925} INFO - DAG(s) 'example_xcom' retrieved from /home/airflow/.local/lib/python3.12/site-packages/airflow/example_dags/example_xcom.py
[2025-12-16T07:52:56.435+0000] {logging_mixin.py:190} INFO - [2025-12-16T07:52:56.432+0000] {dag.py:3239} INFO - Sync 1 DAGs
[2025-12-16T07:52:56.819+0000] {logging_mixin.py:190} INFO - [2025-12-16T07:52:56.818+0000] {dag.py:4180} INFO - Setting next_dagrun for example_xcom to 2021-01-01 00:00:00+00:00, run_after=2021-01-01 00:00:00+00:00
[2025-12-16T07:52:56.969+0000] {processor.py:208} INFO - Processing /home/airflow/.local/lib/python3.12/site-packages/airflow/example_dags/example_xcom.py took 0.865 seconds
[2025-12-16T07:53:53.325+0000] {processor.py:186} INFO - Started process (PID=2286) to work on /home/airflow/.local/lib/python3.12/site-packages/airflow/example_dags/example_xcom.py
[2025-12-16T07:53:53.336+0000] {processor.py:914} INFO - Processing file /home/airflow/.local/lib/python3.12/site-packages/airflow/example_dags/example_xcom.py for tasks to queue
[2025-12-16T07:53:53.346+0000] {logging_mixin.py:190} INFO - [2025-12-16T07:53:53.344+0000] {dagbag.py:588} INFO - Filling up the DagBag from /home/airflow/.local/lib/python3.12/site-packages/airflow/example_dags/example_xcom.py
[2025-12-16T07:53:53.472+0000] {processor.py:925} INFO - DAG(s) 'example_xcom' retrieved from /home/airflow/.local/lib/python3.12/site-packages/airflow/example_dags/example_xcom.py
[2025-12-16T07:53:53.812+0000] {logging_mixin.py:190} INFO - [2025-12-16T07:53:53.811+0000] {dag.py:3239} INFO - Sync 1 DAGs
[2025-12-16T07:53:54.329+0000] {logging_mixin.py:190} INFO - [2025-12-16T07:53:54.329+0000] {dag.py:4180} INFO - Setting next_dagrun for example_xcom to 2021-01-01 00:00:00+00:00, run_after=2021-01-01 00:00:00+00:00
[2025-12-16T07:53:54.735+0000] {processor.py:208} INFO - Processing /home/airflow/.local/lib/python3.12/site-packages/airflow/example_dags/example_xcom.py took 1.470 seconds
[2025-12-16T07:54:59.374+0000] {processor.py:186} INFO - Started process (PID=2371) to work on /home/airflow/.local/lib/python3.12/site-packages/airflow/example_dags/example_xcom.py
[2025-12-16T07:54:59.383+0000] {processor.py:914} INFO - Processing file /home/airflow/.local/lib/python3.12/site-packages/airflow/example_dags/example_xcom.py for tasks to queue
[2025-12-16T07:54:59.398+0000] {logging_mixin.py:190} INFO - [2025-12-16T07:54:59.397+0000] {dagbag.py:588} INFO - Filling up the DagBag from /home/airflow/.local/lib/python3.12/site-packages/airflow/example_dags/example_xcom.py
[2025-12-16T07:54:59.551+0000] {processor.py:925} INFO - DAG(s) 'example_xcom' retrieved from /home/airflow/.local/lib/python3.12/site-packages/airflow/example_dags/example_xcom.py
[2025-12-16T07:54:59.752+0000] {logging_mixin.py:190} INFO - [2025-12-16T07:54:59.743+0000] {dag.py:3239} INFO - Sync 1 DAGs
[2025-12-16T07:54:59.931+0000] {logging_mixin.py:190} INFO - [2025-12-16T07:54:59.926+0000] {dag.py:4180} INFO - Setting next_dagrun for example_xcom to 2021-01-01 00:00:00+00:00, run_after=2021-01-01 00:00:00+00:00
[2025-12-16T07:55:00.078+0000] {processor.py:208} INFO - Processing /home/airflow/.local/lib/python3.12/site-packages/airflow/example_dags/example_xcom.py took 0.807 seconds
[2025-12-16T07:55:39.977+0000] {processor.py:186} INFO - Started process (PID=2444) to work on /home/airflow/.local/lib/python3.12/site-packages/airflow/example_dags/example_xcom.py
[2025-12-16T07:55:39.980+0000] {processor.py:914} INFO - Processing file /home/airflow/.local/lib/python3.12/site-packages/airflow/example_dags/example_xcom.py for tasks to queue
[2025-12-16T07:55:39.984+0000] {logging_mixin.py:190} INFO - [2025-12-16T07:55:39.983+0000] {dagbag.py:588} INFO - Filling up the DagBag from /home/airflow/.local/lib/python3.12/site-packages/airflow/example_dags/example_xcom.py
[2025-12-16T07:55:40.019+0000] {processor.py:925} INFO - DAG(s) 'example_xcom' retrieved from /home/airflow/.local/lib/python3.12/site-packages/airflow/example_dags/example_xcom.py
[2025-12-16T07:55:40.108+0000] {logging_mixin.py:190} INFO - [2025-12-16T07:55:40.108+0000] {dag.py:3239} INFO - Sync 1 DAGs
[2025-12-16T07:55:40.247+0000] {logging_mixin.py:190} INFO - [2025-12-16T07:55:40.247+0000] {dag.py:4180} INFO - Setting next_dagrun for example_xcom to 2021-01-01 00:00:00+00:00, run_after=2021-01-01 00:00:00+00:00
[2025-12-16T07:55:40.326+0000] {processor.py:208} INFO - Processing /home/airflow/.local/lib/python3.12/site-packages/airflow/example_dags/example_xcom.py took 0.375 seconds
[2025-12-16T07:56:23.321+0000] {processor.py:186} INFO - Started process (PID=2519) to work on /home/airflow/.local/lib/python3.12/site-packages/airflow/example_dags/example_xcom.py
[2025-12-16T07:56:23.324+0000] {processor.py:914} INFO - Processing file /home/airflow/.local/lib/python3.12/site-packages/airflow/example_dags/example_xcom.py for tasks to queue
[2025-12-16T07:56:23.329+0000] {logging_mixin.py:190} INFO - [2025-12-16T07:56:23.327+0000] {dagbag.py:588} INFO - Filling up the DagBag from /home/airflow/.local/lib/python3.12/site-packages/airflow/example_dags/example_xcom.py
[2025-12-16T07:56:23.361+0000] {processor.py:925} INFO - DAG(s) 'example_xcom' retrieved from /home/airflow/.local/lib/python3.12/site-packages/airflow/example_dags/example_xcom.py
[2025-12-16T07:56:23.426+0000] {logging_mixin.py:190} INFO - [2025-12-16T07:56:23.425+0000] {dag.py:3239} INFO - Sync 1 DAGs
[2025-12-16T07:56:23.535+0000] {logging_mixin.py:190} INFO - [2025-12-16T07:56:23.535+0000] {dag.py:4180} INFO - Setting next_dagrun for example_xcom to 2021-01-01 00:00:00+00:00, run_after=2021-01-01 00:00:00+00:00
[2025-12-16T07:56:23.660+0000] {processor.py:208} INFO - Processing /home/airflow/.local/lib/python3.12/site-packages/airflow/example_dags/example_xcom.py took 0.363 seconds
[2025-12-16T07:56:58.025+0000] {processor.py:186} INFO - Started process (PID=2592) to work on /home/airflow/.local/lib/python3.12/site-packages/airflow/example_dags/example_xcom.py
[2025-12-16T07:56:58.032+0000] {processor.py:914} INFO - Processing file /home/airflow/.local/lib/python3.12/site-packages/airflow/example_dags/example_xcom.py for tasks to queue
[2025-12-16T07:56:58.036+0000] {logging_mixin.py:190} INFO - [2025-12-16T07:56:58.035+0000] {dagbag.py:588} INFO - Filling up the DagBag from /home/airflow/.local/lib/python3.12/site-packages/airflow/example_dags/example_xcom.py
[2025-12-16T07:56:58.101+0000] {processor.py:925} INFO - DAG(s) 'example_xcom' retrieved from /home/airflow/.local/lib/python3.12/site-packages/airflow/example_dags/example_xcom.py
[2025-12-16T07:56:58.472+0000] {logging_mixin.py:190} INFO - [2025-12-16T07:56:58.472+0000] {dag.py:3239} INFO - Sync 1 DAGs
[2025-12-16T07:56:58.688+0000] {logging_mixin.py:190} INFO - [2025-12-16T07:56:58.685+0000] {dag.py:4180} INFO - Setting next_dagrun for example_xcom to 2021-01-01 00:00:00+00:00, run_after=2021-01-01 00:00:00+00:00
[2025-12-16T07:56:58.830+0000] {processor.py:208} INFO - Processing /home/airflow/.local/lib/python3.12/site-packages/airflow/example_dags/example_xcom.py took 0.838 seconds
[2025-12-16T07:57:35.647+0000] {processor.py:186} INFO - Started process (PID=2669) to work on /home/airflow/.local/lib/python3.12/site-packages/airflow/example_dags/example_xcom.py
[2025-12-16T07:57:35.669+0000] {processor.py:914} INFO - Processing file /home/airflow/.local/lib/python3.12/site-packages/airflow/example_dags/example_xcom.py for tasks to queue
[2025-12-16T07:57:35.741+0000] {logging_mixin.py:190} INFO - [2025-12-16T07:57:35.728+0000] {dagbag.py:588} INFO - Filling up the DagBag from /home/airflow/.local/lib/python3.12/site-packages/airflow/example_dags/example_xcom.py
[2025-12-16T07:57:35.940+0000] {processor.py:925} INFO - DAG(s) 'example_xcom' retrieved from /home/airflow/.local/lib/python3.12/site-packages/airflow/example_dags/example_xcom.py
[2025-12-16T07:57:36.277+0000] {logging_mixin.py:190} INFO - [2025-12-16T07:57:36.276+0000] {dag.py:3239} INFO - Sync 1 DAGs
[2025-12-16T07:57:36.512+0000] {logging_mixin.py:190} INFO - [2025-12-16T07:57:36.492+0000] {dag.py:4180} INFO - Setting next_dagrun for example_xcom to 2021-01-01 00:00:00+00:00, run_after=2021-01-01 00:00:00+00:00
[2025-12-16T07:57:36.632+0000] {processor.py:208} INFO - Processing /home/airflow/.local/lib/python3.12/site-packages/airflow/example_dags/example_xcom.py took 1.170 seconds
[2025-12-16T07:58:19.957+0000] {processor.py:186} INFO - Started process (PID=2744) to work on /home/airflow/.local/lib/python3.12/site-packages/airflow/example_dags/example_xcom.py
[2025-12-16T07:58:19.960+0000] {processor.py:914} INFO - Processing file /home/airflow/.local/lib/python3.12/site-packages/airflow/example_dags/example_xcom.py for tasks to queue
[2025-12-16T07:58:19.966+0000] {logging_mixin.py:190} INFO - [2025-12-16T07:58:19.965+0000] {dagbag.py:588} INFO - Filling up the DagBag from /home/airflow/.local/lib/python3.12/site-packages/airflow/example_dags/example_xcom.py
[2025-12-16T07:58:20.041+0000] {processor.py:925} INFO - DAG(s) 'example_xcom' retrieved from /home/airflow/.local/lib/python3.12/site-packages/airflow/example_dags/example_xcom.py
[2025-12-16T07:58:20.125+0000] {logging_mixin.py:190} INFO - [2025-12-16T07:58:20.124+0000] {dag.py:3239} INFO - Sync 1 DAGs
[2025-12-16T07:58:20.229+0000] {logging_mixin.py:190} INFO - [2025-12-16T07:58:20.228+0000] {dag.py:4180} INFO - Setting next_dagrun for example_xcom to 2021-01-01 00:00:00+00:00, run_after=2021-01-01 00:00:00+00:00
[2025-12-16T07:58:20.293+0000] {processor.py:208} INFO - Processing /home/airflow/.local/lib/python3.12/site-packages/airflow/example_dags/example_xcom.py took 0.358 seconds
[2025-12-16T07:58:52.657+0000] {processor.py:186} INFO - Started process (PID=2815) to work on /home/airflow/.local/lib/python3.12/site-packages/airflow/example_dags/example_xcom.py
[2025-12-16T07:58:52.675+0000] {processor.py:914} INFO - Processing file /home/airflow/.local/lib/python3.12/site-packages/airflow/example_dags/example_xcom.py for tasks to queue
[2025-12-16T07:58:52.698+0000] {logging_mixin.py:190} INFO - [2025-12-16T07:58:52.696+0000] {dagbag.py:588} INFO - Filling up the DagBag from /home/airflow/.local/lib/python3.12/site-packages/airflow/example_dags/example_xcom.py
[2025-12-16T07:58:52.928+0000] {processor.py:925} INFO - DAG(s) 'example_xcom' retrieved from /home/airflow/.local/lib/python3.12/site-packages/airflow/example_dags/example_xcom.py
[2025-12-16T07:58:53.408+0000] {logging_mixin.py:190} INFO - [2025-12-16T07:58:53.407+0000] {dag.py:3239} INFO - Sync 1 DAGs
[2025-12-16T07:58:53.833+0000] {logging_mixin.py:190} INFO - [2025-12-16T07:58:53.832+0000] {dag.py:4180} INFO - Setting next_dagrun for example_xcom to 2021-01-01 00:00:00+00:00, run_after=2021-01-01 00:00:00+00:00
[2025-12-16T07:58:54.034+0000] {processor.py:208} INFO - Processing /home/airflow/.local/lib/python3.12/site-packages/airflow/example_dags/example_xcom.py took 1.432 seconds
[2025-12-16T07:59:49.074+0000] {processor.py:186} INFO - Started process (PID=2897) to work on /home/airflow/.local/lib/python3.12/site-packages/airflow/example_dags/example_xcom.py
[2025-12-16T07:59:49.078+0000] {processor.py:914} INFO - Processing file /home/airflow/.local/lib/python3.12/site-packages/airflow/example_dags/example_xcom.py for tasks to queue
[2025-12-16T07:59:49.082+0000] {logging_mixin.py:190} INFO - [2025-12-16T07:59:49.081+0000] {dagbag.py:588} INFO - Filling up the DagBag from /home/airflow/.local/lib/python3.12/site-packages/airflow/example_dags/example_xcom.py
[2025-12-16T07:59:49.125+0000] {processor.py:925} INFO - DAG(s) 'example_xcom' retrieved from /home/airflow/.local/lib/python3.12/site-packages/airflow/example_dags/example_xcom.py
[2025-12-16T07:59:49.246+0000] {logging_mixin.py:190} INFO - [2025-12-16T07:59:49.235+0000] {dag.py:3239} INFO - Sync 1 DAGs
[2025-12-16T07:59:49.530+0000] {logging_mixin.py:190} INFO - [2025-12-16T07:59:49.529+0000] {dag.py:4180} INFO - Setting next_dagrun for example_xcom to 2021-01-01 00:00:00+00:00, run_after=2021-01-01 00:00:00+00:00
[2025-12-16T07:59:49.753+0000] {processor.py:208} INFO - Processing /home/airflow/.local/lib/python3.12/site-packages/airflow/example_dags/example_xcom.py took 0.705 seconds
[2025-12-16T08:00:27.433+0000] {processor.py:186} INFO - Started process (PID=2969) to work on /home/airflow/.local/lib/python3.12/site-packages/airflow/example_dags/example_xcom.py
[2025-12-16T08:00:27.435+0000] {processor.py:914} INFO - Processing file /home/airflow/.local/lib/python3.12/site-packages/airflow/example_dags/example_xcom.py for tasks to queue
[2025-12-16T08:00:27.438+0000] {logging_mixin.py:190} INFO - [2025-12-16T08:00:27.438+0000] {dagbag.py:588} INFO - Filling up the DagBag from /home/airflow/.local/lib/python3.12/site-packages/airflow/example_dags/example_xcom.py
[2025-12-16T08:00:27.494+0000] {processor.py:925} INFO - DAG(s) 'example_xcom' retrieved from /home/airflow/.local/lib/python3.12/site-packages/airflow/example_dags/example_xcom.py
[2025-12-16T08:00:27.568+0000] {logging_mixin.py:190} INFO - [2025-12-16T08:00:27.568+0000] {dag.py:3239} INFO - Sync 1 DAGs
[2025-12-16T08:00:27.653+0000] {logging_mixin.py:190} INFO - [2025-12-16T08:00:27.652+0000] {dag.py:4180} INFO - Setting next_dagrun for example_xcom to 2021-01-01 00:00:00+00:00, run_after=2021-01-01 00:00:00+00:00
[2025-12-16T08:00:27.805+0000] {processor.py:208} INFO - Processing /home/airflow/.local/lib/python3.12/site-packages/airflow/example_dags/example_xcom.py took 0.389 seconds
[2025-12-16T08:01:02.397+0000] {processor.py:186} INFO - Started process (PID=3035) to work on /home/airflow/.local/lib/python3.12/site-packages/airflow/example_dags/example_xcom.py
[2025-12-16T08:01:02.400+0000] {processor.py:914} INFO - Processing file /home/airflow/.local/lib/python3.12/site-packages/airflow/example_dags/example_xcom.py for tasks to queue
[2025-12-16T08:01:02.411+0000] {logging_mixin.py:190} INFO - [2025-12-16T08:01:02.409+0000] {dagbag.py:588} INFO - Filling up the DagBag from /home/airflow/.local/lib/python3.12/site-packages/airflow/example_dags/example_xcom.py
[2025-12-16T08:01:02.463+0000] {processor.py:925} INFO - DAG(s) 'example_xcom' retrieved from /home/airflow/.local/lib/python3.12/site-packages/airflow/example_dags/example_xcom.py
[2025-12-16T08:01:02.541+0000] {logging_mixin.py:190} INFO - [2025-12-16T08:01:02.541+0000] {dag.py:3239} INFO - Sync 1 DAGs
[2025-12-16T08:01:02.643+0000] {logging_mixin.py:190} INFO - [2025-12-16T08:01:02.643+0000] {dag.py:4180} INFO - Setting next_dagrun for example_xcom to 2021-01-01 00:00:00+00:00, run_after=2021-01-01 00:00:00+00:00
[2025-12-16T08:01:02.729+0000] {processor.py:208} INFO - Processing /home/airflow/.local/lib/python3.12/site-packages/airflow/example_dags/example_xcom.py took 0.362 seconds
[2025-12-16T08:01:47.444+0000] {processor.py:186} INFO - Started process (PID=3122) to work on /home/airflow/.local/lib/python3.12/site-packages/airflow/example_dags/example_xcom.py
[2025-12-16T08:01:47.446+0000] {processor.py:914} INFO - Processing file /home/airflow/.local/lib/python3.12/site-packages/airflow/example_dags/example_xcom.py for tasks to queue
[2025-12-16T08:01:47.450+0000] {logging_mixin.py:190} INFO - [2025-12-16T08:01:47.449+0000] {dagbag.py:588} INFO - Filling up the DagBag from /home/airflow/.local/lib/python3.12/site-packages/airflow/example_dags/example_xcom.py
[2025-12-16T08:01:47.492+0000] {processor.py:925} INFO - DAG(s) 'example_xcom' retrieved from /home/airflow/.local/lib/python3.12/site-packages/airflow/example_dags/example_xcom.py
[2025-12-16T08:01:47.552+0000] {logging_mixin.py:190} INFO - [2025-12-16T08:01:47.551+0000] {dag.py:3239} INFO - Sync 1 DAGs
[2025-12-16T08:01:47.634+0000] {logging_mixin.py:190} INFO - [2025-12-16T08:01:47.633+0000] {dag.py:4180} INFO - Setting next_dagrun for example_xcom to 2021-01-01 00:00:00+00:00, run_after=2021-01-01 00:00:00+00:00
[2025-12-16T08:01:47.706+0000] {processor.py:208} INFO - Processing /home/airflow/.local/lib/python3.12/site-packages/airflow/example_dags/example_xcom.py took 0.279 seconds
[2025-12-16T08:02:23.291+0000] {processor.py:186} INFO - Started process (PID=3197) to work on /home/airflow/.local/lib/python3.12/site-packages/airflow/example_dags/example_xcom.py
[2025-12-16T08:02:23.300+0000] {processor.py:914} INFO - Processing file /home/airflow/.local/lib/python3.12/site-packages/airflow/example_dags/example_xcom.py for tasks to queue
[2025-12-16T08:02:23.305+0000] {logging_mixin.py:190} INFO - [2025-12-16T08:02:23.304+0000] {dagbag.py:588} INFO - Filling up the DagBag from /home/airflow/.local/lib/python3.12/site-packages/airflow/example_dags/example_xcom.py
[2025-12-16T08:02:23.389+0000] {processor.py:925} INFO - DAG(s) 'example_xcom' retrieved from /home/airflow/.local/lib/python3.12/site-packages/airflow/example_dags/example_xcom.py
[2025-12-16T08:02:23.458+0000] {logging_mixin.py:190} INFO - [2025-12-16T08:02:23.458+0000] {dag.py:3239} INFO - Sync 1 DAGs
[2025-12-16T08:02:23.539+0000] {logging_mixin.py:190} INFO - [2025-12-16T08:02:23.539+0000] {dag.py:4180} INFO - Setting next_dagrun for example_xcom to 2021-01-01 00:00:00+00:00, run_after=2021-01-01 00:00:00+00:00
[2025-12-16T08:02:23.626+0000] {processor.py:208} INFO - Processing /home/airflow/.local/lib/python3.12/site-packages/airflow/example_dags/example_xcom.py took 0.389 seconds
[2025-12-16T08:03:03.589+0000] {processor.py:186} INFO - Started process (PID=3272) to work on /home/airflow/.local/lib/python3.12/site-packages/airflow/example_dags/example_xcom.py
[2025-12-16T08:03:03.593+0000] {processor.py:914} INFO - Processing file /home/airflow/.local/lib/python3.12/site-packages/airflow/example_dags/example_xcom.py for tasks to queue
[2025-12-16T08:03:03.597+0000] {logging_mixin.py:190} INFO - [2025-12-16T08:03:03.596+0000] {dagbag.py:588} INFO - Filling up the DagBag from /home/airflow/.local/lib/python3.12/site-packages/airflow/example_dags/example_xcom.py
[2025-12-16T08:03:03.644+0000] {processor.py:925} INFO - DAG(s) 'example_xcom' retrieved from /home/airflow/.local/lib/python3.12/site-packages/airflow/example_dags/example_xcom.py
[2025-12-16T08:03:03.716+0000] {logging_mixin.py:190} INFO - [2025-12-16T08:03:03.715+0000] {dag.py:3239} INFO - Sync 1 DAGs
[2025-12-16T08:03:03.809+0000] {logging_mixin.py:190} INFO - [2025-12-16T08:03:03.808+0000] {dag.py:4180} INFO - Setting next_dagrun for example_xcom to 2021-01-01 00:00:00+00:00, run_after=2021-01-01 00:00:00+00:00
[2025-12-16T08:03:03.874+0000] {processor.py:208} INFO - Processing /home/airflow/.local/lib/python3.12/site-packages/airflow/example_dags/example_xcom.py took 0.305 seconds
[2025-12-16T08:03:41.429+0000] {processor.py:186} INFO - Started process (PID=3345) to work on /home/airflow/.local/lib/python3.12/site-packages/airflow/example_dags/example_xcom.py
[2025-12-16T08:03:41.443+0000] {processor.py:914} INFO - Processing file /home/airflow/.local/lib/python3.12/site-packages/airflow/example_dags/example_xcom.py for tasks to queue
[2025-12-16T08:03:41.451+0000] {logging_mixin.py:190} INFO - [2025-12-16T08:03:41.449+0000] {dagbag.py:588} INFO - Filling up the DagBag from /home/airflow/.local/lib/python3.12/site-packages/airflow/example_dags/example_xcom.py
[2025-12-16T08:03:41.500+0000] {processor.py:925} INFO - DAG(s) 'example_xcom' retrieved from /home/airflow/.local/lib/python3.12/site-packages/airflow/example_dags/example_xcom.py
[2025-12-16T08:03:41.596+0000] {logging_mixin.py:190} INFO - [2025-12-16T08:03:41.595+0000] {dag.py:3239} INFO - Sync 1 DAGs
[2025-12-16T08:03:41.694+0000] {logging_mixin.py:190} INFO - [2025-12-16T08:03:41.693+0000] {dag.py:4180} INFO - Setting next_dagrun for example_xcom to 2021-01-01 00:00:00+00:00, run_after=2021-01-01 00:00:00+00:00
[2025-12-16T08:03:41.763+0000] {processor.py:208} INFO - Processing /home/airflow/.local/lib/python3.12/site-packages/airflow/example_dags/example_xcom.py took 0.380 seconds
[2025-12-16T08:04:23.342+0000] {processor.py:186} INFO - Started process (PID=3432) to work on /home/airflow/.local/lib/python3.12/site-packages/airflow/example_dags/example_xcom.py
[2025-12-16T08:04:23.349+0000] {processor.py:914} INFO - Processing file /home/airflow/.local/lib/python3.12/site-packages/airflow/example_dags/example_xcom.py for tasks to queue
[2025-12-16T08:04:23.353+0000] {logging_mixin.py:190} INFO - [2025-12-16T08:04:23.352+0000] {dagbag.py:588} INFO - Filling up the DagBag from /home/airflow/.local/lib/python3.12/site-packages/airflow/example_dags/example_xcom.py
[2025-12-16T08:04:23.437+0000] {processor.py:925} INFO - DAG(s) 'example_xcom' retrieved from /home/airflow/.local/lib/python3.12/site-packages/airflow/example_dags/example_xcom.py
[2025-12-16T08:04:23.523+0000] {logging_mixin.py:190} INFO - [2025-12-16T08:04:23.523+0000] {dag.py:3239} INFO - Sync 1 DAGs
[2025-12-16T08:04:23.604+0000] {logging_mixin.py:190} INFO - [2025-12-16T08:04:23.603+0000] {dag.py:4180} INFO - Setting next_dagrun for example_xcom to 2021-01-01 00:00:00+00:00, run_after=2021-01-01 00:00:00+00:00
[2025-12-16T08:04:23.674+0000] {processor.py:208} INFO - Processing /home/airflow/.local/lib/python3.12/site-packages/airflow/example_dags/example_xcom.py took 0.350 seconds
[2025-12-16T08:05:04.280+0000] {processor.py:186} INFO - Started process (PID=3506) to work on /home/airflow/.local/lib/python3.12/site-packages/airflow/example_dags/example_xcom.py
[2025-12-16T08:05:04.285+0000] {processor.py:914} INFO - Processing file /home/airflow/.local/lib/python3.12/site-packages/airflow/example_dags/example_xcom.py for tasks to queue
[2025-12-16T08:05:04.290+0000] {logging_mixin.py:190} INFO - [2025-12-16T08:05:04.289+0000] {dagbag.py:588} INFO - Filling up the DagBag from /home/airflow/.local/lib/python3.12/site-packages/airflow/example_dags/example_xcom.py
[2025-12-16T08:05:04.383+0000] {processor.py:925} INFO - DAG(s) 'example_xcom' retrieved from /home/airflow/.local/lib/python3.12/site-packages/airflow/example_dags/example_xcom.py
[2025-12-16T08:05:04.502+0000] {logging_mixin.py:190} INFO - [2025-12-16T08:05:04.501+0000] {dag.py:3239} INFO - Sync 1 DAGs
[2025-12-16T08:05:04.620+0000] {logging_mixin.py:190} INFO - [2025-12-16T08:05:04.619+0000] {dag.py:4180} INFO - Setting next_dagrun for example_xcom to 2021-01-01 00:00:00+00:00, run_after=2021-01-01 00:00:00+00:00
[2025-12-16T08:05:04.869+0000] {processor.py:208} INFO - Processing /home/airflow/.local/lib/python3.12/site-packages/airflow/example_dags/example_xcom.py took 0.618 seconds
[2025-12-16T08:05:43.054+0000] {processor.py:186} INFO - Started process (PID=3587) to work on /home/airflow/.local/lib/python3.12/site-packages/airflow/example_dags/example_xcom.py
[2025-12-16T08:05:43.063+0000] {processor.py:914} INFO - Processing file /home/airflow/.local/lib/python3.12/site-packages/airflow/example_dags/example_xcom.py for tasks to queue
[2025-12-16T08:05:43.074+0000] {logging_mixin.py:190} INFO - [2025-12-16T08:05:43.072+0000] {dagbag.py:588} INFO - Filling up the DagBag from /home/airflow/.local/lib/python3.12/site-packages/airflow/example_dags/example_xcom.py
[2025-12-16T08:05:43.132+0000] {processor.py:925} INFO - DAG(s) 'example_xcom' retrieved from /home/airflow/.local/lib/python3.12/site-packages/airflow/example_dags/example_xcom.py
[2025-12-16T08:05:43.247+0000] {logging_mixin.py:190} INFO - [2025-12-16T08:05:43.246+0000] {dag.py:3239} INFO - Sync 1 DAGs
[2025-12-16T08:05:43.340+0000] {logging_mixin.py:190} INFO - [2025-12-16T08:05:43.339+0000] {dag.py:4180} INFO - Setting next_dagrun for example_xcom to 2021-01-01 00:00:00+00:00, run_after=2021-01-01 00:00:00+00:00
[2025-12-16T08:05:43.403+0000] {processor.py:208} INFO - Processing /home/airflow/.local/lib/python3.12/site-packages/airflow/example_dags/example_xcom.py took 0.386 seconds
[2025-12-16T08:06:26.305+0000] {processor.py:186} INFO - Started process (PID=3666) to work on /home/airflow/.local/lib/python3.12/site-packages/airflow/example_dags/example_xcom.py
[2025-12-16T08:06:26.324+0000] {processor.py:914} INFO - Processing file /home/airflow/.local/lib/python3.12/site-packages/airflow/example_dags/example_xcom.py for tasks to queue
[2025-12-16T08:06:26.343+0000] {logging_mixin.py:190} INFO - [2025-12-16T08:06:26.342+0000] {dagbag.py:588} INFO - Filling up the DagBag from /home/airflow/.local/lib/python3.12/site-packages/airflow/example_dags/example_xcom.py
[2025-12-16T08:06:26.503+0000] {processor.py:925} INFO - DAG(s) 'example_xcom' retrieved from /home/airflow/.local/lib/python3.12/site-packages/airflow/example_dags/example_xcom.py
[2025-12-16T08:06:27.000+0000] {logging_mixin.py:190} INFO - [2025-12-16T08:06:26.999+0000] {dag.py:3239} INFO - Sync 1 DAGs
[2025-12-16T08:06:27.271+0000] {logging_mixin.py:190} INFO - [2025-12-16T08:06:27.270+0000] {dag.py:4180} INFO - Setting next_dagrun for example_xcom to 2021-01-01 00:00:00+00:00, run_after=2021-01-01 00:00:00+00:00
[2025-12-16T08:06:27.444+0000] {processor.py:208} INFO - Processing /home/airflow/.local/lib/python3.12/site-packages/airflow/example_dags/example_xcom.py took 1.223 seconds
[2025-12-16T08:09:17.946+0000] {processor.py:186} INFO - Started process (PID=3771) to work on /home/airflow/.local/lib/python3.12/site-packages/airflow/example_dags/example_xcom.py
[2025-12-16T08:09:17.952+0000] {processor.py:914} INFO - Processing file /home/airflow/.local/lib/python3.12/site-packages/airflow/example_dags/example_xcom.py for tasks to queue
[2025-12-16T08:09:17.965+0000] {logging_mixin.py:190} INFO - [2025-12-16T08:09:17.964+0000] {dagbag.py:588} INFO - Filling up the DagBag from /home/airflow/.local/lib/python3.12/site-packages/airflow/example_dags/example_xcom.py
[2025-12-16T08:09:18.125+0000] {processor.py:925} INFO - DAG(s) 'example_xcom' retrieved from /home/airflow/.local/lib/python3.12/site-packages/airflow/example_dags/example_xcom.py
[2025-12-16T08:09:18.355+0000] {logging_mixin.py:190} INFO - [2025-12-16T08:09:18.326+0000] {dag.py:3239} INFO - Sync 1 DAGs
[2025-12-16T08:09:18.610+0000] {logging_mixin.py:190} INFO - [2025-12-16T08:09:18.609+0000] {dag.py:4180} INFO - Setting next_dagrun for example_xcom to 2021-01-01 00:00:00+00:00, run_after=2021-01-01 00:00:00+00:00
[2025-12-16T08:09:19.624+0000] {processor.py:208} INFO - Processing /home/airflow/.local/lib/python3.12/site-packages/airflow/example_dags/example_xcom.py took 1.750 seconds
[2025-12-16T08:15:37.012+0000] {processor.py:186} INFO - Started process (PID=3876) to work on /home/airflow/.local/lib/python3.12/site-packages/airflow/example_dags/example_xcom.py
[2025-12-16T08:15:37.068+0000] {processor.py:914} INFO - Processing file /home/airflow/.local/lib/python3.12/site-packages/airflow/example_dags/example_xcom.py for tasks to queue
[2025-12-16T08:15:37.074+0000] {logging_mixin.py:190} INFO - [2025-12-16T08:15:37.072+0000] {dagbag.py:588} INFO - Filling up the DagBag from /home/airflow/.local/lib/python3.12/site-packages/airflow/example_dags/example_xcom.py
[2025-12-16T08:15:37.270+0000] {processor.py:925} INFO - DAG(s) 'example_xcom' retrieved from /home/airflow/.local/lib/python3.12/site-packages/airflow/example_dags/example_xcom.py
[2025-12-16T08:15:37.732+0000] {logging_mixin.py:190} INFO - [2025-12-16T08:15:37.732+0000] {dag.py:3239} INFO - Sync 1 DAGs
[2025-12-16T08:15:38.010+0000] {logging_mixin.py:190} INFO - [2025-12-16T08:15:38.010+0000] {dag.py:4180} INFO - Setting next_dagrun for example_xcom to 2021-01-01 00:00:00+00:00, run_after=2021-01-01 00:00:00+00:00
[2025-12-16T08:15:40.284+0000] {processor.py:208} INFO - Processing /home/airflow/.local/lib/python3.12/site-packages/airflow/example_dags/example_xcom.py took 3.398 seconds
[2025-12-16T08:16:51.416+0000] {processor.py:186} INFO - Started process (PID=3948) to work on /home/airflow/.local/lib/python3.12/site-packages/airflow/example_dags/example_xcom.py
[2025-12-16T08:16:51.420+0000] {processor.py:914} INFO - Processing file /home/airflow/.local/lib/python3.12/site-packages/airflow/example_dags/example_xcom.py for tasks to queue
[2025-12-16T08:16:51.424+0000] {logging_mixin.py:190} INFO - [2025-12-16T08:16:51.423+0000] {dagbag.py:588} INFO - Filling up the DagBag from /home/airflow/.local/lib/python3.12/site-packages/airflow/example_dags/example_xcom.py
[2025-12-16T08:16:51.459+0000] {processor.py:925} INFO - DAG(s) 'example_xcom' retrieved from /home/airflow/.local/lib/python3.12/site-packages/airflow/example_dags/example_xcom.py
[2025-12-16T08:16:51.597+0000] {logging_mixin.py:190} INFO - [2025-12-16T08:16:51.596+0000] {dag.py:3239} INFO - Sync 1 DAGs
[2025-12-16T08:16:51.770+0000] {logging_mixin.py:190} INFO - [2025-12-16T08:16:51.770+0000] {dag.py:4180} INFO - Setting next_dagrun for example_xcom to 2021-01-01 00:00:00+00:00, run_after=2021-01-01 00:00:00+00:00
[2025-12-16T08:16:51.825+0000] {processor.py:208} INFO - Processing /home/airflow/.local/lib/python3.12/site-packages/airflow/example_dags/example_xcom.py took 0.431 seconds
[2025-12-16T08:17:24.099+0000] {processor.py:186} INFO - Started process (PID=4020) to work on /home/airflow/.local/lib/python3.12/site-packages/airflow/example_dags/example_xcom.py
[2025-12-16T08:17:24.102+0000] {processor.py:914} INFO - Processing file /home/airflow/.local/lib/python3.12/site-packages/airflow/example_dags/example_xcom.py for tasks to queue
[2025-12-16T08:17:24.107+0000] {logging_mixin.py:190} INFO - [2025-12-16T08:17:24.106+0000] {dagbag.py:588} INFO - Filling up the DagBag from /home/airflow/.local/lib/python3.12/site-packages/airflow/example_dags/example_xcom.py
[2025-12-16T08:17:24.159+0000] {processor.py:925} INFO - DAG(s) 'example_xcom' retrieved from /home/airflow/.local/lib/python3.12/site-packages/airflow/example_dags/example_xcom.py
[2025-12-16T08:17:24.285+0000] {logging_mixin.py:190} INFO - [2025-12-16T08:17:24.284+0000] {dag.py:3239} INFO - Sync 1 DAGs
[2025-12-16T08:17:24.406+0000] {logging_mixin.py:190} INFO - [2025-12-16T08:17:24.406+0000] {dag.py:4180} INFO - Setting next_dagrun for example_xcom to 2021-01-01 00:00:00+00:00, run_after=2021-01-01 00:00:00+00:00
[2025-12-16T08:17:24.457+0000] {processor.py:208} INFO - Processing /home/airflow/.local/lib/python3.12/site-packages/airflow/example_dags/example_xcom.py took 0.390 seconds
[2025-12-16T08:18:03.530+0000] {processor.py:186} INFO - Started process (PID=4093) to work on /home/airflow/.local/lib/python3.12/site-packages/airflow/example_dags/example_xcom.py
[2025-12-16T08:18:03.533+0000] {processor.py:914} INFO - Processing file /home/airflow/.local/lib/python3.12/site-packages/airflow/example_dags/example_xcom.py for tasks to queue
[2025-12-16T08:18:03.538+0000] {logging_mixin.py:190} INFO - [2025-12-16T08:18:03.536+0000] {dagbag.py:588} INFO - Filling up the DagBag from /home/airflow/.local/lib/python3.12/site-packages/airflow/example_dags/example_xcom.py
[2025-12-16T08:18:03.574+0000] {processor.py:925} INFO - DAG(s) 'example_xcom' retrieved from /home/airflow/.local/lib/python3.12/site-packages/airflow/example_dags/example_xcom.py
[2025-12-16T08:18:03.827+0000] {logging_mixin.py:190} INFO - [2025-12-16T08:18:03.815+0000] {dag.py:3239} INFO - Sync 1 DAGs
[2025-12-16T08:18:04.387+0000] {logging_mixin.py:190} INFO - [2025-12-16T08:18:04.382+0000] {dag.py:4180} INFO - Setting next_dagrun for example_xcom to 2021-01-01 00:00:00+00:00, run_after=2021-01-01 00:00:00+00:00
[2025-12-16T08:18:04.542+0000] {processor.py:208} INFO - Processing /home/airflow/.local/lib/python3.12/site-packages/airflow/example_dags/example_xcom.py took 1.031 seconds
[2025-12-16T08:18:38.134+0000] {processor.py:186} INFO - Started process (PID=4171) to work on /home/airflow/.local/lib/python3.12/site-packages/airflow/example_dags/example_xcom.py
[2025-12-16T08:18:38.137+0000] {processor.py:914} INFO - Processing file /home/airflow/.local/lib/python3.12/site-packages/airflow/example_dags/example_xcom.py for tasks to queue
[2025-12-16T08:18:38.141+0000] {logging_mixin.py:190} INFO - [2025-12-16T08:18:38.140+0000] {dagbag.py:588} INFO - Filling up the DagBag from /home/airflow/.local/lib/python3.12/site-packages/airflow/example_dags/example_xcom.py
[2025-12-16T08:18:38.173+0000] {processor.py:925} INFO - DAG(s) 'example_xcom' retrieved from /home/airflow/.local/lib/python3.12/site-packages/airflow/example_dags/example_xcom.py
[2025-12-16T08:18:38.235+0000] {logging_mixin.py:190} INFO - [2025-12-16T08:18:38.234+0000] {dag.py:3239} INFO - Sync 1 DAGs
[2025-12-16T08:18:38.320+0000] {logging_mixin.py:190} INFO - [2025-12-16T08:18:38.319+0000] {dag.py:4180} INFO - Setting next_dagrun for example_xcom to 2021-01-01 00:00:00+00:00, run_after=2021-01-01 00:00:00+00:00
[2025-12-16T08:18:38.402+0000] {processor.py:208} INFO - Processing /home/airflow/.local/lib/python3.12/site-packages/airflow/example_dags/example_xcom.py took 0.288 seconds
[2025-12-16T08:19:18.859+0000] {processor.py:186} INFO - Started process (PID=4243) to work on /home/airflow/.local/lib/python3.12/site-packages/airflow/example_dags/example_xcom.py
[2025-12-16T08:19:18.886+0000] {processor.py:914} INFO - Processing file /home/airflow/.local/lib/python3.12/site-packages/airflow/example_dags/example_xcom.py for tasks to queue
[2025-12-16T08:19:18.891+0000] {logging_mixin.py:190} INFO - [2025-12-16T08:19:18.889+0000] {dagbag.py:588} INFO - Filling up the DagBag from /home/airflow/.local/lib/python3.12/site-packages/airflow/example_dags/example_xcom.py
[2025-12-16T08:19:18.988+0000] {processor.py:925} INFO - DAG(s) 'example_xcom' retrieved from /home/airflow/.local/lib/python3.12/site-packages/airflow/example_dags/example_xcom.py
[2025-12-16T08:19:19.122+0000] {logging_mixin.py:190} INFO - [2025-12-16T08:19:19.121+0000] {dag.py:3239} INFO - Sync 1 DAGs
[2025-12-16T08:19:19.295+0000] {logging_mixin.py:190} INFO - [2025-12-16T08:19:19.295+0000] {dag.py:4180} INFO - Setting next_dagrun for example_xcom to 2021-01-01 00:00:00+00:00, run_after=2021-01-01 00:00:00+00:00
[2025-12-16T08:19:19.422+0000] {processor.py:208} INFO - Processing /home/airflow/.local/lib/python3.12/site-packages/airflow/example_dags/example_xcom.py took 0.633 seconds
[2025-12-16T08:19:51.271+0000] {processor.py:186} INFO - Started process (PID=4315) to work on /home/airflow/.local/lib/python3.12/site-packages/airflow/example_dags/example_xcom.py
[2025-12-16T08:19:51.276+0000] {processor.py:914} INFO - Processing file /home/airflow/.local/lib/python3.12/site-packages/airflow/example_dags/example_xcom.py for tasks to queue
[2025-12-16T08:19:51.281+0000] {logging_mixin.py:190} INFO - [2025-12-16T08:19:51.280+0000] {dagbag.py:588} INFO - Filling up the DagBag from /home/airflow/.local/lib/python3.12/site-packages/airflow/example_dags/example_xcom.py
[2025-12-16T08:19:51.319+0000] {processor.py:925} INFO - DAG(s) 'example_xcom' retrieved from /home/airflow/.local/lib/python3.12/site-packages/airflow/example_dags/example_xcom.py
[2025-12-16T08:19:51.380+0000] {logging_mixin.py:190} INFO - [2025-12-16T08:19:51.379+0000] {dag.py:3239} INFO - Sync 1 DAGs
[2025-12-16T08:19:51.445+0000] {logging_mixin.py:190} INFO - [2025-12-16T08:19:51.445+0000] {dag.py:4180} INFO - Setting next_dagrun for example_xcom to 2021-01-01 00:00:00+00:00, run_after=2021-01-01 00:00:00+00:00
[2025-12-16T08:19:51.503+0000] {processor.py:208} INFO - Processing /home/airflow/.local/lib/python3.12/site-packages/airflow/example_dags/example_xcom.py took 0.254 seconds
[2025-12-16T08:20:22.160+0000] {processor.py:186} INFO - Started process (PID=4386) to work on /home/airflow/.local/lib/python3.12/site-packages/airflow/example_dags/example_xcom.py
[2025-12-16T08:20:22.170+0000] {processor.py:914} INFO - Processing file /home/airflow/.local/lib/python3.12/site-packages/airflow/example_dags/example_xcom.py for tasks to queue
[2025-12-16T08:20:22.174+0000] {logging_mixin.py:190} INFO - [2025-12-16T08:20:22.173+0000] {dagbag.py:588} INFO - Filling up the DagBag from /home/airflow/.local/lib/python3.12/site-packages/airflow/example_dags/example_xcom.py
[2025-12-16T08:20:22.212+0000] {processor.py:925} INFO - DAG(s) 'example_xcom' retrieved from /home/airflow/.local/lib/python3.12/site-packages/airflow/example_dags/example_xcom.py
[2025-12-16T08:20:22.284+0000] {logging_mixin.py:190} INFO - [2025-12-16T08:20:22.283+0000] {dag.py:3239} INFO - Sync 1 DAGs
[2025-12-16T08:20:22.357+0000] {logging_mixin.py:190} INFO - [2025-12-16T08:20:22.356+0000] {dag.py:4180} INFO - Setting next_dagrun for example_xcom to 2021-01-01 00:00:00+00:00, run_after=2021-01-01 00:00:00+00:00
[2025-12-16T08:20:22.421+0000] {processor.py:208} INFO - Processing /home/airflow/.local/lib/python3.12/site-packages/airflow/example_dags/example_xcom.py took 0.286 seconds
[2025-12-16T08:20:52.826+0000] {processor.py:186} INFO - Started process (PID=4457) to work on /home/airflow/.local/lib/python3.12/site-packages/airflow/example_dags/example_xcom.py
[2025-12-16T08:20:52.829+0000] {processor.py:914} INFO - Processing file /home/airflow/.local/lib/python3.12/site-packages/airflow/example_dags/example_xcom.py for tasks to queue
[2025-12-16T08:20:52.832+0000] {logging_mixin.py:190} INFO - [2025-12-16T08:20:52.831+0000] {dagbag.py:588} INFO - Filling up the DagBag from /home/airflow/.local/lib/python3.12/site-packages/airflow/example_dags/example_xcom.py
[2025-12-16T08:20:52.858+0000] {processor.py:925} INFO - DAG(s) 'example_xcom' retrieved from /home/airflow/.local/lib/python3.12/site-packages/airflow/example_dags/example_xcom.py
[2025-12-16T08:20:52.908+0000] {logging_mixin.py:190} INFO - [2025-12-16T08:20:52.908+0000] {dag.py:3239} INFO - Sync 1 DAGs
[2025-12-16T08:20:52.969+0000] {logging_mixin.py:190} INFO - [2025-12-16T08:20:52.968+0000] {dag.py:4180} INFO - Setting next_dagrun for example_xcom to 2021-01-01 00:00:00+00:00, run_after=2021-01-01 00:00:00+00:00
[2025-12-16T08:20:53.015+0000] {processor.py:208} INFO - Processing /home/airflow/.local/lib/python3.12/site-packages/airflow/example_dags/example_xcom.py took 0.204 seconds
[2025-12-16T08:21:23.638+0000] {processor.py:186} INFO - Started process (PID=4529) to work on /home/airflow/.local/lib/python3.12/site-packages/airflow/example_dags/example_xcom.py
[2025-12-16T08:21:23.641+0000] {processor.py:914} INFO - Processing file /home/airflow/.local/lib/python3.12/site-packages/airflow/example_dags/example_xcom.py for tasks to queue
[2025-12-16T08:21:23.645+0000] {logging_mixin.py:190} INFO - [2025-12-16T08:21:23.644+0000] {dagbag.py:588} INFO - Filling up the DagBag from /home/airflow/.local/lib/python3.12/site-packages/airflow/example_dags/example_xcom.py
[2025-12-16T08:21:23.671+0000] {processor.py:925} INFO - DAG(s) 'example_xcom' retrieved from /home/airflow/.local/lib/python3.12/site-packages/airflow/example_dags/example_xcom.py
[2025-12-16T08:21:23.729+0000] {logging_mixin.py:190} INFO - [2025-12-16T08:21:23.729+0000] {dag.py:3239} INFO - Sync 1 DAGs
[2025-12-16T08:21:23.800+0000] {logging_mixin.py:190} INFO - [2025-12-16T08:21:23.799+0000] {dag.py:4180} INFO - Setting next_dagrun for example_xcom to 2021-01-01 00:00:00+00:00, run_after=2021-01-01 00:00:00+00:00
[2025-12-16T08:21:23.905+0000] {processor.py:208} INFO - Processing /home/airflow/.local/lib/python3.12/site-packages/airflow/example_dags/example_xcom.py took 0.283 seconds
[2025-12-16T08:22:05.148+0000] {processor.py:186} INFO - Started process (PID=4601) to work on /home/airflow/.local/lib/python3.12/site-packages/airflow/example_dags/example_xcom.py
[2025-12-16T08:22:05.152+0000] {processor.py:914} INFO - Processing file /home/airflow/.local/lib/python3.12/site-packages/airflow/example_dags/example_xcom.py for tasks to queue
[2025-12-16T08:22:05.157+0000] {logging_mixin.py:190} INFO - [2025-12-16T08:22:05.156+0000] {dagbag.py:588} INFO - Filling up the DagBag from /home/airflow/.local/lib/python3.12/site-packages/airflow/example_dags/example_xcom.py
[2025-12-16T08:22:05.210+0000] {processor.py:925} INFO - DAG(s) 'example_xcom' retrieved from /home/airflow/.local/lib/python3.12/site-packages/airflow/example_dags/example_xcom.py
[2025-12-16T08:22:05.316+0000] {logging_mixin.py:190} INFO - [2025-12-16T08:22:05.316+0000] {dag.py:3239} INFO - Sync 1 DAGs
[2025-12-16T08:22:05.386+0000] {logging_mixin.py:190} INFO - [2025-12-16T08:22:05.385+0000] {dag.py:4180} INFO - Setting next_dagrun for example_xcom to 2021-01-01 00:00:00+00:00, run_after=2021-01-01 00:00:00+00:00
[2025-12-16T08:22:05.451+0000] {processor.py:208} INFO - Processing /home/airflow/.local/lib/python3.12/site-packages/airflow/example_dags/example_xcom.py took 0.322 seconds
[2025-12-16T08:22:38.096+0000] {processor.py:186} INFO - Started process (PID=4672) to work on /home/airflow/.local/lib/python3.12/site-packages/airflow/example_dags/example_xcom.py
[2025-12-16T08:22:38.099+0000] {processor.py:914} INFO - Processing file /home/airflow/.local/lib/python3.12/site-packages/airflow/example_dags/example_xcom.py for tasks to queue
[2025-12-16T08:22:38.103+0000] {logging_mixin.py:190} INFO - [2025-12-16T08:22:38.102+0000] {dagbag.py:588} INFO - Filling up the DagBag from /home/airflow/.local/lib/python3.12/site-packages/airflow/example_dags/example_xcom.py
[2025-12-16T08:22:38.145+0000] {processor.py:925} INFO - DAG(s) 'example_xcom' retrieved from /home/airflow/.local/lib/python3.12/site-packages/airflow/example_dags/example_xcom.py
[2025-12-16T08:22:38.237+0000] {logging_mixin.py:190} INFO - [2025-12-16T08:22:38.236+0000] {dag.py:3239} INFO - Sync 1 DAGs
[2025-12-16T08:22:38.382+0000] {logging_mixin.py:190} INFO - [2025-12-16T08:22:38.381+0000] {dag.py:4180} INFO - Setting next_dagrun for example_xcom to 2021-01-01 00:00:00+00:00, run_after=2021-01-01 00:00:00+00:00
[2025-12-16T08:22:38.499+0000] {processor.py:208} INFO - Processing /home/airflow/.local/lib/python3.12/site-packages/airflow/example_dags/example_xcom.py took 0.458 seconds
[2025-12-16T08:23:11.356+0000] {processor.py:186} INFO - Started process (PID=4749) to work on /home/airflow/.local/lib/python3.12/site-packages/airflow/example_dags/example_xcom.py
[2025-12-16T08:23:11.439+0000] {processor.py:914} INFO - Processing file /home/airflow/.local/lib/python3.12/site-packages/airflow/example_dags/example_xcom.py for tasks to queue
[2025-12-16T08:23:11.449+0000] {logging_mixin.py:190} INFO - [2025-12-16T08:23:11.448+0000] {dagbag.py:588} INFO - Filling up the DagBag from /home/airflow/.local/lib/python3.12/site-packages/airflow/example_dags/example_xcom.py
[2025-12-16T08:23:11.512+0000] {processor.py:925} INFO - DAG(s) 'example_xcom' retrieved from /home/airflow/.local/lib/python3.12/site-packages/airflow/example_dags/example_xcom.py
[2025-12-16T08:23:11.664+0000] {logging_mixin.py:190} INFO - [2025-12-16T08:23:11.663+0000] {dag.py:3239} INFO - Sync 1 DAGs
[2025-12-16T08:23:11.834+0000] {logging_mixin.py:190} INFO - [2025-12-16T08:23:11.834+0000] {dag.py:4180} INFO - Setting next_dagrun for example_xcom to 2021-01-01 00:00:00+00:00, run_after=2021-01-01 00:00:00+00:00
[2025-12-16T08:23:12.074+0000] {processor.py:208} INFO - Processing /home/airflow/.local/lib/python3.12/site-packages/airflow/example_dags/example_xcom.py took 0.789 seconds
[2025-12-16T08:23:42.628+0000] {processor.py:186} INFO - Started process (PID=4820) to work on /home/airflow/.local/lib/python3.12/site-packages/airflow/example_dags/example_xcom.py
[2025-12-16T08:23:42.632+0000] {processor.py:914} INFO - Processing file /home/airflow/.local/lib/python3.12/site-packages/airflow/example_dags/example_xcom.py for tasks to queue
[2025-12-16T08:23:42.637+0000] {logging_mixin.py:190} INFO - [2025-12-16T08:23:42.636+0000] {dagbag.py:588} INFO - Filling up the DagBag from /home/airflow/.local/lib/python3.12/site-packages/airflow/example_dags/example_xcom.py
[2025-12-16T08:23:42.673+0000] {processor.py:925} INFO - DAG(s) 'example_xcom' retrieved from /home/airflow/.local/lib/python3.12/site-packages/airflow/example_dags/example_xcom.py
[2025-12-16T08:23:42.739+0000] {logging_mixin.py:190} INFO - [2025-12-16T08:23:42.738+0000] {dag.py:3239} INFO - Sync 1 DAGs
[2025-12-16T08:23:43.003+0000] {logging_mixin.py:190} INFO - [2025-12-16T08:23:42.998+0000] {dag.py:4180} INFO - Setting next_dagrun for example_xcom to 2021-01-01 00:00:00+00:00, run_after=2021-01-01 00:00:00+00:00
[2025-12-16T08:23:43.112+0000] {processor.py:208} INFO - Processing /home/airflow/.local/lib/python3.12/site-packages/airflow/example_dags/example_xcom.py took 0.514 seconds
[2025-12-16T08:24:15.077+0000] {processor.py:186} INFO - Started process (PID=4893) to work on /home/airflow/.local/lib/python3.12/site-packages/airflow/example_dags/example_xcom.py
[2025-12-16T08:24:15.081+0000] {processor.py:914} INFO - Processing file /home/airflow/.local/lib/python3.12/site-packages/airflow/example_dags/example_xcom.py for tasks to queue
[2025-12-16T08:24:15.087+0000] {logging_mixin.py:190} INFO - [2025-12-16T08:24:15.085+0000] {dagbag.py:588} INFO - Filling up the DagBag from /home/airflow/.local/lib/python3.12/site-packages/airflow/example_dags/example_xcom.py
[2025-12-16T08:24:15.147+0000] {processor.py:925} INFO - DAG(s) 'example_xcom' retrieved from /home/airflow/.local/lib/python3.12/site-packages/airflow/example_dags/example_xcom.py
[2025-12-16T08:24:15.241+0000] {logging_mixin.py:190} INFO - [2025-12-16T08:24:15.241+0000] {dag.py:3239} INFO - Sync 1 DAGs
[2025-12-16T08:24:15.315+0000] {logging_mixin.py:190} INFO - [2025-12-16T08:24:15.314+0000] {dag.py:4180} INFO - Setting next_dagrun for example_xcom to 2021-01-01 00:00:00+00:00, run_after=2021-01-01 00:00:00+00:00
[2025-12-16T08:24:15.377+0000] {processor.py:208} INFO - Processing /home/airflow/.local/lib/python3.12/site-packages/airflow/example_dags/example_xcom.py took 0.323 seconds
[2025-12-16T08:24:45.963+0000] {processor.py:186} INFO - Started process (PID=4964) to work on /home/airflow/.local/lib/python3.12/site-packages/airflow/example_dags/example_xcom.py
[2025-12-16T08:24:45.966+0000] {processor.py:914} INFO - Processing file /home/airflow/.local/lib/python3.12/site-packages/airflow/example_dags/example_xcom.py for tasks to queue
[2025-12-16T08:24:45.971+0000] {logging_mixin.py:190} INFO - [2025-12-16T08:24:45.970+0000] {dagbag.py:588} INFO - Filling up the DagBag from /home/airflow/.local/lib/python3.12/site-packages/airflow/example_dags/example_xcom.py
[2025-12-16T08:24:46.002+0000] {processor.py:925} INFO - DAG(s) 'example_xcom' retrieved from /home/airflow/.local/lib/python3.12/site-packages/airflow/example_dags/example_xcom.py
[2025-12-16T08:24:46.056+0000] {logging_mixin.py:190} INFO - [2025-12-16T08:24:46.055+0000] {dag.py:3239} INFO - Sync 1 DAGs
[2025-12-16T08:24:46.126+0000] {logging_mixin.py:190} INFO - [2025-12-16T08:24:46.126+0000] {dag.py:4180} INFO - Setting next_dagrun for example_xcom to 2021-01-01 00:00:00+00:00, run_after=2021-01-01 00:00:00+00:00
[2025-12-16T08:24:46.170+0000] {processor.py:208} INFO - Processing /home/airflow/.local/lib/python3.12/site-packages/airflow/example_dags/example_xcom.py took 0.232 seconds
[2025-12-16T08:25:24.060+0000] {processor.py:186} INFO - Started process (PID=5035) to work on /home/airflow/.local/lib/python3.12/site-packages/airflow/example_dags/example_xcom.py
[2025-12-16T08:25:24.063+0000] {processor.py:914} INFO - Processing file /home/airflow/.local/lib/python3.12/site-packages/airflow/example_dags/example_xcom.py for tasks to queue
[2025-12-16T08:25:24.066+0000] {logging_mixin.py:190} INFO - [2025-12-16T08:25:24.065+0000] {dagbag.py:588} INFO - Filling up the DagBag from /home/airflow/.local/lib/python3.12/site-packages/airflow/example_dags/example_xcom.py
[2025-12-16T08:25:24.096+0000] {processor.py:925} INFO - DAG(s) 'example_xcom' retrieved from /home/airflow/.local/lib/python3.12/site-packages/airflow/example_dags/example_xcom.py
[2025-12-16T08:25:24.153+0000] {logging_mixin.py:190} INFO - [2025-12-16T08:25:24.153+0000] {dag.py:3239} INFO - Sync 1 DAGs
[2025-12-16T08:25:24.217+0000] {logging_mixin.py:190} INFO - [2025-12-16T08:25:24.216+0000] {dag.py:4180} INFO - Setting next_dagrun for example_xcom to 2021-01-01 00:00:00+00:00, run_after=2021-01-01 00:00:00+00:00
[2025-12-16T08:25:24.290+0000] {processor.py:208} INFO - Processing /home/airflow/.local/lib/python3.12/site-packages/airflow/example_dags/example_xcom.py took 0.245 seconds
[2025-12-16T08:25:58.856+0000] {processor.py:186} INFO - Started process (PID=5106) to work on /home/airflow/.local/lib/python3.12/site-packages/airflow/example_dags/example_xcom.py
[2025-12-16T08:25:58.860+0000] {processor.py:914} INFO - Processing file /home/airflow/.local/lib/python3.12/site-packages/airflow/example_dags/example_xcom.py for tasks to queue
[2025-12-16T08:25:58.863+0000] {logging_mixin.py:190} INFO - [2025-12-16T08:25:58.862+0000] {dagbag.py:588} INFO - Filling up the DagBag from /home/airflow/.local/lib/python3.12/site-packages/airflow/example_dags/example_xcom.py
[2025-12-16T08:25:58.896+0000] {processor.py:925} INFO - DAG(s) 'example_xcom' retrieved from /home/airflow/.local/lib/python3.12/site-packages/airflow/example_dags/example_xcom.py
[2025-12-16T08:25:58.961+0000] {logging_mixin.py:190} INFO - [2025-12-16T08:25:58.960+0000] {dag.py:3239} INFO - Sync 1 DAGs
[2025-12-16T08:25:59.042+0000] {logging_mixin.py:190} INFO - [2025-12-16T08:25:59.041+0000] {dag.py:4180} INFO - Setting next_dagrun for example_xcom to 2021-01-01 00:00:00+00:00, run_after=2021-01-01 00:00:00+00:00
[2025-12-16T08:25:59.158+0000] {processor.py:208} INFO - Processing /home/airflow/.local/lib/python3.12/site-packages/airflow/example_dags/example_xcom.py took 0.317 seconds
[2025-12-16T08:26:34.922+0000] {processor.py:186} INFO - Started process (PID=5178) to work on /home/airflow/.local/lib/python3.12/site-packages/airflow/example_dags/example_xcom.py
[2025-12-16T08:26:34.931+0000] {processor.py:914} INFO - Processing file /home/airflow/.local/lib/python3.12/site-packages/airflow/example_dags/example_xcom.py for tasks to queue
[2025-12-16T08:26:34.935+0000] {logging_mixin.py:190} INFO - [2025-12-16T08:26:34.934+0000] {dagbag.py:588} INFO - Filling up the DagBag from /home/airflow/.local/lib/python3.12/site-packages/airflow/example_dags/example_xcom.py
[2025-12-16T08:26:34.970+0000] {processor.py:925} INFO - DAG(s) 'example_xcom' retrieved from /home/airflow/.local/lib/python3.12/site-packages/airflow/example_dags/example_xcom.py
[2025-12-16T08:26:35.057+0000] {logging_mixin.py:190} INFO - [2025-12-16T08:26:35.057+0000] {dag.py:3239} INFO - Sync 1 DAGs
[2025-12-16T08:26:35.147+0000] {logging_mixin.py:190} INFO - [2025-12-16T08:26:35.146+0000] {dag.py:4180} INFO - Setting next_dagrun for example_xcom to 2021-01-01 00:00:00+00:00, run_after=2021-01-01 00:00:00+00:00
[2025-12-16T08:26:35.231+0000] {processor.py:208} INFO - Processing /home/airflow/.local/lib/python3.12/site-packages/airflow/example_dags/example_xcom.py took 0.343 seconds
[2025-12-16T08:27:05.507+0000] {processor.py:186} INFO - Started process (PID=5248) to work on /home/airflow/.local/lib/python3.12/site-packages/airflow/example_dags/example_xcom.py
[2025-12-16T08:27:05.510+0000] {processor.py:914} INFO - Processing file /home/airflow/.local/lib/python3.12/site-packages/airflow/example_dags/example_xcom.py for tasks to queue
[2025-12-16T08:27:05.514+0000] {logging_mixin.py:190} INFO - [2025-12-16T08:27:05.513+0000] {dagbag.py:588} INFO - Filling up the DagBag from /home/airflow/.local/lib/python3.12/site-packages/airflow/example_dags/example_xcom.py
[2025-12-16T08:27:05.544+0000] {processor.py:925} INFO - DAG(s) 'example_xcom' retrieved from /home/airflow/.local/lib/python3.12/site-packages/airflow/example_dags/example_xcom.py
[2025-12-16T08:27:05.617+0000] {logging_mixin.py:190} INFO - [2025-12-16T08:27:05.616+0000] {dag.py:3239} INFO - Sync 1 DAGs
[2025-12-16T08:27:05.743+0000] {logging_mixin.py:190} INFO - [2025-12-16T08:27:05.743+0000] {dag.py:4180} INFO - Setting next_dagrun for example_xcom to 2021-01-01 00:00:00+00:00, run_after=2021-01-01 00:00:00+00:00
[2025-12-16T08:27:05.806+0000] {processor.py:208} INFO - Processing /home/airflow/.local/lib/python3.12/site-packages/airflow/example_dags/example_xcom.py took 0.323 seconds
[2025-12-16T08:28:13.856+0000] {processor.py:186} INFO - Started process (PID=5331) to work on /home/airflow/.local/lib/python3.12/site-packages/airflow/example_dags/example_xcom.py
[2025-12-16T08:28:13.860+0000] {processor.py:914} INFO - Processing file /home/airflow/.local/lib/python3.12/site-packages/airflow/example_dags/example_xcom.py for tasks to queue
[2025-12-16T08:28:13.864+0000] {logging_mixin.py:190} INFO - [2025-12-16T08:28:13.863+0000] {dagbag.py:588} INFO - Filling up the DagBag from /home/airflow/.local/lib/python3.12/site-packages/airflow/example_dags/example_xcom.py
[2025-12-16T08:28:13.912+0000] {processor.py:925} INFO - DAG(s) 'example_xcom' retrieved from /home/airflow/.local/lib/python3.12/site-packages/airflow/example_dags/example_xcom.py
[2025-12-16T08:28:13.990+0000] {logging_mixin.py:190} INFO - [2025-12-16T08:28:13.989+0000] {dag.py:3239} INFO - Sync 1 DAGs
[2025-12-16T08:28:14.128+0000] {logging_mixin.py:190} INFO - [2025-12-16T08:28:14.127+0000] {dag.py:4180} INFO - Setting next_dagrun for example_xcom to 2021-01-01 00:00:00+00:00, run_after=2021-01-01 00:00:00+00:00
[2025-12-16T08:28:14.222+0000] {processor.py:208} INFO - Processing /home/airflow/.local/lib/python3.12/site-packages/airflow/example_dags/example_xcom.py took 0.390 seconds
