[2025-12-16T07:16:29.723+0000] {processor.py:186} INFO - Started process (PID=95) to work on /home/airflow/.local/lib/python3.12/site-packages/airflow/example_dags/tutorial_dag.py
[2025-12-16T07:16:29.736+0000] {processor.py:914} INFO - Processing file /home/airflow/.local/lib/python3.12/site-packages/airflow/example_dags/tutorial_dag.py for tasks to queue
[2025-12-16T07:16:29.761+0000] {logging_mixin.py:190} INFO - [2025-12-16T07:16:29.754+0000] {dagbag.py:588} INFO - Filling up the DagBag from /home/airflow/.local/lib/python3.12/site-packages/airflow/example_dags/tutorial_dag.py
[2025-12-16T07:16:29.831+0000] {processor.py:925} INFO - DAG(s) 'tutorial_dag' retrieved from /home/airflow/.local/lib/python3.12/site-packages/airflow/example_dags/tutorial_dag.py
[2025-12-16T07:16:31.276+0000] {logging_mixin.py:190} INFO - [2025-12-16T07:16:31.275+0000] {override.py:1930} INFO - Created Permission View: can read on DAG:tutorial_dag
[2025-12-16T07:16:31.401+0000] {logging_mixin.py:190} INFO - [2025-12-16T07:16:31.400+0000] {override.py:1930} INFO - Created Permission View: can delete on DAG:tutorial_dag
[2025-12-16T07:16:31.450+0000] {logging_mixin.py:190} INFO - [2025-12-16T07:16:31.449+0000] {override.py:1930} INFO - Created Permission View: can edit on DAG:tutorial_dag
[2025-12-16T07:16:31.573+0000] {logging_mixin.py:190} INFO - [2025-12-16T07:16:31.571+0000] {override.py:1930} INFO - Created Permission View: can read on DAG Run:tutorial_dag
[2025-12-16T07:16:31.652+0000] {logging_mixin.py:190} INFO - [2025-12-16T07:16:31.652+0000] {override.py:1930} INFO - Created Permission View: can delete on DAG Run:tutorial_dag
[2025-12-16T07:16:31.690+0000] {logging_mixin.py:190} INFO - [2025-12-16T07:16:31.687+0000] {override.py:1930} INFO - Created Permission View: can create on DAG Run:tutorial_dag
[2025-12-16T07:16:31.721+0000] {logging_mixin.py:190} INFO - [2025-12-16T07:16:31.720+0000] {override.py:1930} INFO - Created Permission View: menu access on DAG Run:tutorial_dag
[2025-12-16T07:16:31.725+0000] {logging_mixin.py:190} INFO - [2025-12-16T07:16:31.725+0000] {dag.py:3239} INFO - Sync 1 DAGs
[2025-12-16T07:16:31.797+0000] {logging_mixin.py:190} INFO - [2025-12-16T07:16:31.787+0000] {dag.py:3262} INFO - Creating ORM DAG for tutorial_dag
[2025-12-16T07:16:31.801+0000] {logging_mixin.py:190} INFO - [2025-12-16T07:16:31.800+0000] {dag.py:4180} INFO - Setting next_dagrun for tutorial_dag to None, run_after=None
[2025-12-16T07:16:31.878+0000] {processor.py:208} INFO - Processing /home/airflow/.local/lib/python3.12/site-packages/airflow/example_dags/tutorial_dag.py took 2.253 seconds
[2025-12-16T07:18:09.861+0000] {processor.py:186} INFO - Started process (PID=182) to work on /home/airflow/.local/lib/python3.12/site-packages/airflow/example_dags/tutorial_dag.py
[2025-12-16T07:18:09.865+0000] {processor.py:914} INFO - Processing file /home/airflow/.local/lib/python3.12/site-packages/airflow/example_dags/tutorial_dag.py for tasks to queue
[2025-12-16T07:18:09.875+0000] {logging_mixin.py:190} INFO - [2025-12-16T07:18:09.873+0000] {dagbag.py:588} INFO - Filling up the DagBag from /home/airflow/.local/lib/python3.12/site-packages/airflow/example_dags/tutorial_dag.py
[2025-12-16T07:18:09.905+0000] {processor.py:925} INFO - DAG(s) 'tutorial_dag' retrieved from /home/airflow/.local/lib/python3.12/site-packages/airflow/example_dags/tutorial_dag.py
[2025-12-16T07:18:09.994+0000] {logging_mixin.py:190} INFO - [2025-12-16T07:18:09.993+0000] {dag.py:3239} INFO - Sync 1 DAGs
[2025-12-16T07:18:10.067+0000] {logging_mixin.py:190} INFO - [2025-12-16T07:18:10.067+0000] {dag.py:4180} INFO - Setting next_dagrun for tutorial_dag to None, run_after=None
[2025-12-16T07:18:10.126+0000] {processor.py:208} INFO - Processing /home/airflow/.local/lib/python3.12/site-packages/airflow/example_dags/tutorial_dag.py took 0.287 seconds
[2025-12-16T07:18:41.509+0000] {processor.py:186} INFO - Started process (PID=253) to work on /home/airflow/.local/lib/python3.12/site-packages/airflow/example_dags/tutorial_dag.py
[2025-12-16T07:18:41.513+0000] {processor.py:914} INFO - Processing file /home/airflow/.local/lib/python3.12/site-packages/airflow/example_dags/tutorial_dag.py for tasks to queue
[2025-12-16T07:18:41.521+0000] {logging_mixin.py:190} INFO - [2025-12-16T07:18:41.520+0000] {dagbag.py:588} INFO - Filling up the DagBag from /home/airflow/.local/lib/python3.12/site-packages/airflow/example_dags/tutorial_dag.py
[2025-12-16T07:18:41.563+0000] {processor.py:925} INFO - DAG(s) 'tutorial_dag' retrieved from /home/airflow/.local/lib/python3.12/site-packages/airflow/example_dags/tutorial_dag.py
[2025-12-16T07:18:41.662+0000] {logging_mixin.py:190} INFO - [2025-12-16T07:18:41.658+0000] {dag.py:3239} INFO - Sync 1 DAGs
[2025-12-16T07:18:41.750+0000] {logging_mixin.py:190} INFO - [2025-12-16T07:18:41.750+0000] {dag.py:4180} INFO - Setting next_dagrun for tutorial_dag to None, run_after=None
[2025-12-16T07:18:42.095+0000] {processor.py:208} INFO - Processing /home/airflow/.local/lib/python3.12/site-packages/airflow/example_dags/tutorial_dag.py took 0.620 seconds
[2025-12-16T07:19:16.329+0000] {processor.py:186} INFO - Started process (PID=325) to work on /home/airflow/.local/lib/python3.12/site-packages/airflow/example_dags/tutorial_dag.py
[2025-12-16T07:19:16.332+0000] {processor.py:914} INFO - Processing file /home/airflow/.local/lib/python3.12/site-packages/airflow/example_dags/tutorial_dag.py for tasks to queue
[2025-12-16T07:19:16.339+0000] {logging_mixin.py:190} INFO - [2025-12-16T07:19:16.338+0000] {dagbag.py:588} INFO - Filling up the DagBag from /home/airflow/.local/lib/python3.12/site-packages/airflow/example_dags/tutorial_dag.py
[2025-12-16T07:19:16.385+0000] {processor.py:925} INFO - DAG(s) 'tutorial_dag' retrieved from /home/airflow/.local/lib/python3.12/site-packages/airflow/example_dags/tutorial_dag.py
[2025-12-16T07:19:16.482+0000] {logging_mixin.py:190} INFO - [2025-12-16T07:19:16.482+0000] {dag.py:3239} INFO - Sync 1 DAGs
[2025-12-16T07:19:16.538+0000] {logging_mixin.py:190} INFO - [2025-12-16T07:19:16.537+0000] {dag.py:4180} INFO - Setting next_dagrun for tutorial_dag to None, run_after=None
[2025-12-16T07:19:16.603+0000] {processor.py:208} INFO - Processing /home/airflow/.local/lib/python3.12/site-packages/airflow/example_dags/tutorial_dag.py took 0.298 seconds
[2025-12-16T07:19:53.804+0000] {processor.py:186} INFO - Started process (PID=383) to work on /home/airflow/.local/lib/python3.12/site-packages/airflow/example_dags/tutorial_dag.py
[2025-12-16T07:19:53.824+0000] {processor.py:914} INFO - Processing file /home/airflow/.local/lib/python3.12/site-packages/airflow/example_dags/tutorial_dag.py for tasks to queue
[2025-12-16T07:19:53.897+0000] {logging_mixin.py:190} INFO - [2025-12-16T07:19:53.885+0000] {dagbag.py:588} INFO - Filling up the DagBag from /home/airflow/.local/lib/python3.12/site-packages/airflow/example_dags/tutorial_dag.py
[2025-12-16T07:19:54.020+0000] {processor.py:925} INFO - DAG(s) 'tutorial_dag' retrieved from /home/airflow/.local/lib/python3.12/site-packages/airflow/example_dags/tutorial_dag.py
[2025-12-16T07:19:54.300+0000] {logging_mixin.py:190} INFO - [2025-12-16T07:19:54.299+0000] {dag.py:3239} INFO - Sync 1 DAGs
[2025-12-16T07:19:54.625+0000] {logging_mixin.py:190} INFO - [2025-12-16T07:19:54.624+0000] {dag.py:4180} INFO - Setting next_dagrun for tutorial_dag to None, run_after=None
[2025-12-16T07:19:55.050+0000] {processor.py:208} INFO - Processing /home/airflow/.local/lib/python3.12/site-packages/airflow/example_dags/tutorial_dag.py took 1.341 seconds
[2025-12-16T07:20:25.437+0000] {processor.py:186} INFO - Started process (PID=454) to work on /home/airflow/.local/lib/python3.12/site-packages/airflow/example_dags/tutorial_dag.py
[2025-12-16T07:20:25.449+0000] {processor.py:914} INFO - Processing file /home/airflow/.local/lib/python3.12/site-packages/airflow/example_dags/tutorial_dag.py for tasks to queue
[2025-12-16T07:20:25.483+0000] {logging_mixin.py:190} INFO - [2025-12-16T07:20:25.482+0000] {dagbag.py:588} INFO - Filling up the DagBag from /home/airflow/.local/lib/python3.12/site-packages/airflow/example_dags/tutorial_dag.py
[2025-12-16T07:20:25.534+0000] {processor.py:925} INFO - DAG(s) 'tutorial_dag' retrieved from /home/airflow/.local/lib/python3.12/site-packages/airflow/example_dags/tutorial_dag.py
[2025-12-16T07:20:25.743+0000] {logging_mixin.py:190} INFO - [2025-12-16T07:20:25.742+0000] {dag.py:3239} INFO - Sync 1 DAGs
[2025-12-16T07:20:25.839+0000] {logging_mixin.py:190} INFO - [2025-12-16T07:20:25.839+0000] {dag.py:4180} INFO - Setting next_dagrun for tutorial_dag to None, run_after=None
[2025-12-16T07:20:25.955+0000] {processor.py:208} INFO - Processing /home/airflow/.local/lib/python3.12/site-packages/airflow/example_dags/tutorial_dag.py took 0.549 seconds
[2025-12-16T07:20:57.073+0000] {processor.py:186} INFO - Started process (PID=526) to work on /home/airflow/.local/lib/python3.12/site-packages/airflow/example_dags/tutorial_dag.py
[2025-12-16T07:20:57.076+0000] {processor.py:914} INFO - Processing file /home/airflow/.local/lib/python3.12/site-packages/airflow/example_dags/tutorial_dag.py for tasks to queue
[2025-12-16T07:20:57.082+0000] {logging_mixin.py:190} INFO - [2025-12-16T07:20:57.081+0000] {dagbag.py:588} INFO - Filling up the DagBag from /home/airflow/.local/lib/python3.12/site-packages/airflow/example_dags/tutorial_dag.py
[2025-12-16T07:20:57.105+0000] {processor.py:925} INFO - DAG(s) 'tutorial_dag' retrieved from /home/airflow/.local/lib/python3.12/site-packages/airflow/example_dags/tutorial_dag.py
[2025-12-16T07:20:57.160+0000] {logging_mixin.py:190} INFO - [2025-12-16T07:20:57.160+0000] {dag.py:3239} INFO - Sync 1 DAGs
[2025-12-16T07:20:57.201+0000] {logging_mixin.py:190} INFO - [2025-12-16T07:20:57.201+0000] {dag.py:4180} INFO - Setting next_dagrun for tutorial_dag to None, run_after=None
[2025-12-16T07:20:57.263+0000] {processor.py:208} INFO - Processing /home/airflow/.local/lib/python3.12/site-packages/airflow/example_dags/tutorial_dag.py took 0.206 seconds
[2025-12-16T07:21:34.239+0000] {processor.py:186} INFO - Started process (PID=596) to work on /home/airflow/.local/lib/python3.12/site-packages/airflow/example_dags/tutorial_dag.py
[2025-12-16T07:21:34.242+0000] {processor.py:914} INFO - Processing file /home/airflow/.local/lib/python3.12/site-packages/airflow/example_dags/tutorial_dag.py for tasks to queue
[2025-12-16T07:21:34.249+0000] {logging_mixin.py:190} INFO - [2025-12-16T07:21:34.248+0000] {dagbag.py:588} INFO - Filling up the DagBag from /home/airflow/.local/lib/python3.12/site-packages/airflow/example_dags/tutorial_dag.py
[2025-12-16T07:21:34.308+0000] {processor.py:925} INFO - DAG(s) 'tutorial_dag' retrieved from /home/airflow/.local/lib/python3.12/site-packages/airflow/example_dags/tutorial_dag.py
[2025-12-16T07:21:34.485+0000] {logging_mixin.py:190} INFO - [2025-12-16T07:21:34.484+0000] {dag.py:3239} INFO - Sync 1 DAGs
[2025-12-16T07:21:34.630+0000] {logging_mixin.py:190} INFO - [2025-12-16T07:21:34.623+0000] {dag.py:4180} INFO - Setting next_dagrun for tutorial_dag to None, run_after=None
[2025-12-16T07:21:34.707+0000] {processor.py:208} INFO - Processing /home/airflow/.local/lib/python3.12/site-packages/airflow/example_dags/tutorial_dag.py took 0.493 seconds
[2025-12-16T07:22:09.331+0000] {processor.py:186} INFO - Started process (PID=673) to work on /home/airflow/.local/lib/python3.12/site-packages/airflow/example_dags/tutorial_dag.py
[2025-12-16T07:22:09.334+0000] {processor.py:914} INFO - Processing file /home/airflow/.local/lib/python3.12/site-packages/airflow/example_dags/tutorial_dag.py for tasks to queue
[2025-12-16T07:22:09.342+0000] {logging_mixin.py:190} INFO - [2025-12-16T07:22:09.340+0000] {dagbag.py:588} INFO - Filling up the DagBag from /home/airflow/.local/lib/python3.12/site-packages/airflow/example_dags/tutorial_dag.py
[2025-12-16T07:22:09.375+0000] {processor.py:925} INFO - DAG(s) 'tutorial_dag' retrieved from /home/airflow/.local/lib/python3.12/site-packages/airflow/example_dags/tutorial_dag.py
[2025-12-16T07:22:09.454+0000] {logging_mixin.py:190} INFO - [2025-12-16T07:22:09.454+0000] {dag.py:3239} INFO - Sync 1 DAGs
[2025-12-16T07:22:09.519+0000] {logging_mixin.py:190} INFO - [2025-12-16T07:22:09.518+0000] {dag.py:4180} INFO - Setting next_dagrun for tutorial_dag to None, run_after=None
[2025-12-16T07:22:09.646+0000] {processor.py:208} INFO - Processing /home/airflow/.local/lib/python3.12/site-packages/airflow/example_dags/tutorial_dag.py took 0.343 seconds
[2025-12-16T07:22:42.310+0000] {processor.py:186} INFO - Started process (PID=745) to work on /home/airflow/.local/lib/python3.12/site-packages/airflow/example_dags/tutorial_dag.py
[2025-12-16T07:22:42.319+0000] {processor.py:914} INFO - Processing file /home/airflow/.local/lib/python3.12/site-packages/airflow/example_dags/tutorial_dag.py for tasks to queue
[2025-12-16T07:22:42.343+0000] {logging_mixin.py:190} INFO - [2025-12-16T07:22:42.342+0000] {dagbag.py:588} INFO - Filling up the DagBag from /home/airflow/.local/lib/python3.12/site-packages/airflow/example_dags/tutorial_dag.py
[2025-12-16T07:22:42.404+0000] {processor.py:925} INFO - DAG(s) 'tutorial_dag' retrieved from /home/airflow/.local/lib/python3.12/site-packages/airflow/example_dags/tutorial_dag.py
[2025-12-16T07:22:42.553+0000] {logging_mixin.py:190} INFO - [2025-12-16T07:22:42.552+0000] {dag.py:3239} INFO - Sync 1 DAGs
[2025-12-16T07:22:42.609+0000] {logging_mixin.py:190} INFO - [2025-12-16T07:22:42.609+0000] {dag.py:4180} INFO - Setting next_dagrun for tutorial_dag to None, run_after=None
[2025-12-16T07:22:42.700+0000] {processor.py:208} INFO - Processing /home/airflow/.local/lib/python3.12/site-packages/airflow/example_dags/tutorial_dag.py took 0.422 seconds
[2025-12-16T07:23:15.233+0000] {processor.py:186} INFO - Started process (PID=816) to work on /home/airflow/.local/lib/python3.12/site-packages/airflow/example_dags/tutorial_dag.py
[2025-12-16T07:23:15.236+0000] {processor.py:914} INFO - Processing file /home/airflow/.local/lib/python3.12/site-packages/airflow/example_dags/tutorial_dag.py for tasks to queue
[2025-12-16T07:23:15.250+0000] {logging_mixin.py:190} INFO - [2025-12-16T07:23:15.243+0000] {dagbag.py:588} INFO - Filling up the DagBag from /home/airflow/.local/lib/python3.12/site-packages/airflow/example_dags/tutorial_dag.py
[2025-12-16T07:23:15.285+0000] {processor.py:925} INFO - DAG(s) 'tutorial_dag' retrieved from /home/airflow/.local/lib/python3.12/site-packages/airflow/example_dags/tutorial_dag.py
[2025-12-16T07:23:15.502+0000] {logging_mixin.py:190} INFO - [2025-12-16T07:23:15.501+0000] {dag.py:3239} INFO - Sync 1 DAGs
[2025-12-16T07:23:15.608+0000] {logging_mixin.py:190} INFO - [2025-12-16T07:23:15.608+0000] {dag.py:4180} INFO - Setting next_dagrun for tutorial_dag to None, run_after=None
[2025-12-16T07:23:15.828+0000] {processor.py:208} INFO - Processing /home/airflow/.local/lib/python3.12/site-packages/airflow/example_dags/tutorial_dag.py took 0.615 seconds
[2025-12-16T07:23:46.195+0000] {processor.py:186} INFO - Started process (PID=887) to work on /home/airflow/.local/lib/python3.12/site-packages/airflow/example_dags/tutorial_dag.py
[2025-12-16T07:23:46.198+0000] {processor.py:914} INFO - Processing file /home/airflow/.local/lib/python3.12/site-packages/airflow/example_dags/tutorial_dag.py for tasks to queue
[2025-12-16T07:23:46.205+0000] {logging_mixin.py:190} INFO - [2025-12-16T07:23:46.204+0000] {dagbag.py:588} INFO - Filling up the DagBag from /home/airflow/.local/lib/python3.12/site-packages/airflow/example_dags/tutorial_dag.py
[2025-12-16T07:23:46.225+0000] {processor.py:925} INFO - DAG(s) 'tutorial_dag' retrieved from /home/airflow/.local/lib/python3.12/site-packages/airflow/example_dags/tutorial_dag.py
[2025-12-16T07:23:46.274+0000] {logging_mixin.py:190} INFO - [2025-12-16T07:23:46.274+0000] {dag.py:3239} INFO - Sync 1 DAGs
[2025-12-16T07:23:46.312+0000] {logging_mixin.py:190} INFO - [2025-12-16T07:23:46.311+0000] {dag.py:4180} INFO - Setting next_dagrun for tutorial_dag to None, run_after=None
[2025-12-16T07:23:46.356+0000] {processor.py:208} INFO - Processing /home/airflow/.local/lib/python3.12/site-packages/airflow/example_dags/tutorial_dag.py took 0.179 seconds
[2025-12-16T07:25:27.159+0000] {processor.py:186} INFO - Started process (PID=943) to work on /home/airflow/.local/lib/python3.12/site-packages/airflow/example_dags/tutorial_dag.py
[2025-12-16T07:25:27.333+0000] {processor.py:914} INFO - Processing file /home/airflow/.local/lib/python3.12/site-packages/airflow/example_dags/tutorial_dag.py for tasks to queue
[2025-12-16T07:25:27.338+0000] {logging_mixin.py:190} INFO - [2025-12-16T07:25:27.336+0000] {dagbag.py:588} INFO - Filling up the DagBag from /home/airflow/.local/lib/python3.12/site-packages/airflow/example_dags/tutorial_dag.py
[2025-12-16T07:25:27.434+0000] {processor.py:925} INFO - DAG(s) 'tutorial_dag' retrieved from /home/airflow/.local/lib/python3.12/site-packages/airflow/example_dags/tutorial_dag.py
[2025-12-16T07:25:29.290+0000] {logging_mixin.py:190} INFO - [2025-12-16T07:25:29.277+0000] {dag.py:3239} INFO - Sync 1 DAGs
[2025-12-16T07:25:29.348+0000] {logging_mixin.py:190} INFO - [2025-12-16T07:25:29.347+0000] {dag.py:4180} INFO - Setting next_dagrun for tutorial_dag to None, run_after=None
[2025-12-16T07:25:29.430+0000] {processor.py:208} INFO - Processing /home/airflow/.local/lib/python3.12/site-packages/airflow/example_dags/tutorial_dag.py took 2.285 seconds
[2025-12-16T07:27:54.628+0000] {processor.py:186} INFO - Started process (PID=1003) to work on /home/airflow/.local/lib/python3.12/site-packages/airflow/example_dags/tutorial_dag.py
[2025-12-16T07:27:54.634+0000] {processor.py:914} INFO - Processing file /home/airflow/.local/lib/python3.12/site-packages/airflow/example_dags/tutorial_dag.py for tasks to queue
[2025-12-16T07:27:54.639+0000] {logging_mixin.py:190} INFO - [2025-12-16T07:27:54.637+0000] {dagbag.py:588} INFO - Filling up the DagBag from /home/airflow/.local/lib/python3.12/site-packages/airflow/example_dags/tutorial_dag.py
[2025-12-16T07:27:54.668+0000] {processor.py:925} INFO - DAG(s) 'tutorial_dag' retrieved from /home/airflow/.local/lib/python3.12/site-packages/airflow/example_dags/tutorial_dag.py
[2025-12-16T07:27:54.743+0000] {logging_mixin.py:190} INFO - [2025-12-16T07:27:54.742+0000] {dag.py:3239} INFO - Sync 1 DAGs
[2025-12-16T07:27:54.850+0000] {logging_mixin.py:190} INFO - [2025-12-16T07:27:54.849+0000] {dag.py:4180} INFO - Setting next_dagrun for tutorial_dag to None, run_after=None
[2025-12-16T07:27:54.961+0000] {processor.py:208} INFO - Processing /home/airflow/.local/lib/python3.12/site-packages/airflow/example_dags/tutorial_dag.py took 0.353 seconds
[2025-12-16T07:28:37.906+0000] {processor.py:186} INFO - Started process (PID=1082) to work on /home/airflow/.local/lib/python3.12/site-packages/airflow/example_dags/tutorial_dag.py
[2025-12-16T07:28:37.910+0000] {processor.py:914} INFO - Processing file /home/airflow/.local/lib/python3.12/site-packages/airflow/example_dags/tutorial_dag.py for tasks to queue
[2025-12-16T07:28:37.914+0000] {logging_mixin.py:190} INFO - [2025-12-16T07:28:37.913+0000] {dagbag.py:588} INFO - Filling up the DagBag from /home/airflow/.local/lib/python3.12/site-packages/airflow/example_dags/tutorial_dag.py
[2025-12-16T07:28:37.949+0000] {processor.py:925} INFO - DAG(s) 'tutorial_dag' retrieved from /home/airflow/.local/lib/python3.12/site-packages/airflow/example_dags/tutorial_dag.py
[2025-12-16T07:28:38.057+0000] {logging_mixin.py:190} INFO - [2025-12-16T07:28:38.056+0000] {dag.py:3239} INFO - Sync 1 DAGs
[2025-12-16T07:28:38.099+0000] {logging_mixin.py:190} INFO - [2025-12-16T07:28:38.099+0000] {dag.py:4180} INFO - Setting next_dagrun for tutorial_dag to None, run_after=None
[2025-12-16T07:28:38.162+0000] {processor.py:208} INFO - Processing /home/airflow/.local/lib/python3.12/site-packages/airflow/example_dags/tutorial_dag.py took 0.291 seconds
[2025-12-16T07:30:16.117+0000] {processor.py:186} INFO - Started process (PID=1166) to work on /home/airflow/.local/lib/python3.12/site-packages/airflow/example_dags/tutorial_dag.py
[2025-12-16T07:30:16.129+0000] {processor.py:914} INFO - Processing file /home/airflow/.local/lib/python3.12/site-packages/airflow/example_dags/tutorial_dag.py for tasks to queue
[2025-12-16T07:30:16.139+0000] {logging_mixin.py:190} INFO - [2025-12-16T07:30:16.138+0000] {dagbag.py:588} INFO - Filling up the DagBag from /home/airflow/.local/lib/python3.12/site-packages/airflow/example_dags/tutorial_dag.py
[2025-12-16T07:30:16.292+0000] {processor.py:925} INFO - DAG(s) 'tutorial_dag' retrieved from /home/airflow/.local/lib/python3.12/site-packages/airflow/example_dags/tutorial_dag.py
[2025-12-16T07:30:16.457+0000] {logging_mixin.py:190} INFO - [2025-12-16T07:30:16.456+0000] {dag.py:3239} INFO - Sync 1 DAGs
[2025-12-16T07:30:16.590+0000] {logging_mixin.py:190} INFO - [2025-12-16T07:30:16.589+0000] {dag.py:4180} INFO - Setting next_dagrun for tutorial_dag to None, run_after=None
[2025-12-16T07:30:16.731+0000] {processor.py:208} INFO - Processing /home/airflow/.local/lib/python3.12/site-packages/airflow/example_dags/tutorial_dag.py took 0.795 seconds
[2025-12-16T07:32:20.597+0000] {processor.py:186} INFO - Started process (PID=1233) to work on /home/airflow/.local/lib/python3.12/site-packages/airflow/example_dags/tutorial_dag.py
[2025-12-16T07:32:20.621+0000] {processor.py:914} INFO - Processing file /home/airflow/.local/lib/python3.12/site-packages/airflow/example_dags/tutorial_dag.py for tasks to queue
[2025-12-16T07:32:20.632+0000] {logging_mixin.py:190} INFO - [2025-12-16T07:32:20.631+0000] {dagbag.py:588} INFO - Filling up the DagBag from /home/airflow/.local/lib/python3.12/site-packages/airflow/example_dags/tutorial_dag.py
[2025-12-16T07:32:20.813+0000] {processor.py:925} INFO - DAG(s) 'tutorial_dag' retrieved from /home/airflow/.local/lib/python3.12/site-packages/airflow/example_dags/tutorial_dag.py
[2025-12-16T07:32:20.865+0000] {logging_mixin.py:190} INFO - [2025-12-16T07:32:20.864+0000] {dag.py:3239} INFO - Sync 1 DAGs
[2025-12-16T07:32:20.904+0000] {logging_mixin.py:190} INFO - [2025-12-16T07:32:20.903+0000] {dag.py:4180} INFO - Setting next_dagrun for tutorial_dag to None, run_after=None
[2025-12-16T07:32:21.117+0000] {processor.py:208} INFO - Processing /home/airflow/.local/lib/python3.12/site-packages/airflow/example_dags/tutorial_dag.py took 0.545 seconds
[2025-12-16T07:32:56.719+0000] {processor.py:186} INFO - Started process (PID=1303) to work on /home/airflow/.local/lib/python3.12/site-packages/airflow/example_dags/tutorial_dag.py
[2025-12-16T07:32:56.723+0000] {processor.py:914} INFO - Processing file /home/airflow/.local/lib/python3.12/site-packages/airflow/example_dags/tutorial_dag.py for tasks to queue
[2025-12-16T07:32:56.728+0000] {logging_mixin.py:190} INFO - [2025-12-16T07:32:56.727+0000] {dagbag.py:588} INFO - Filling up the DagBag from /home/airflow/.local/lib/python3.12/site-packages/airflow/example_dags/tutorial_dag.py
[2025-12-16T07:32:56.798+0000] {processor.py:925} INFO - DAG(s) 'tutorial_dag' retrieved from /home/airflow/.local/lib/python3.12/site-packages/airflow/example_dags/tutorial_dag.py
[2025-12-16T07:32:56.899+0000] {logging_mixin.py:190} INFO - [2025-12-16T07:32:56.898+0000] {dag.py:3239} INFO - Sync 1 DAGs
[2025-12-16T07:32:56.954+0000] {logging_mixin.py:190} INFO - [2025-12-16T07:32:56.953+0000] {dag.py:4180} INFO - Setting next_dagrun for tutorial_dag to None, run_after=None
[2025-12-16T07:32:57.061+0000] {processor.py:208} INFO - Processing /home/airflow/.local/lib/python3.12/site-packages/airflow/example_dags/tutorial_dag.py took 0.371 seconds
[2025-12-16T07:33:28.046+0000] {processor.py:186} INFO - Started process (PID=1374) to work on /home/airflow/.local/lib/python3.12/site-packages/airflow/example_dags/tutorial_dag.py
[2025-12-16T07:33:28.049+0000] {processor.py:914} INFO - Processing file /home/airflow/.local/lib/python3.12/site-packages/airflow/example_dags/tutorial_dag.py for tasks to queue
[2025-12-16T07:33:28.052+0000] {logging_mixin.py:190} INFO - [2025-12-16T07:33:28.051+0000] {dagbag.py:588} INFO - Filling up the DagBag from /home/airflow/.local/lib/python3.12/site-packages/airflow/example_dags/tutorial_dag.py
[2025-12-16T07:33:28.082+0000] {processor.py:925} INFO - DAG(s) 'tutorial_dag' retrieved from /home/airflow/.local/lib/python3.12/site-packages/airflow/example_dags/tutorial_dag.py
[2025-12-16T07:33:28.132+0000] {logging_mixin.py:190} INFO - [2025-12-16T07:33:28.132+0000] {dag.py:3239} INFO - Sync 1 DAGs
[2025-12-16T07:33:28.233+0000] {logging_mixin.py:190} INFO - [2025-12-16T07:33:28.212+0000] {dag.py:4180} INFO - Setting next_dagrun for tutorial_dag to None, run_after=None
[2025-12-16T07:33:28.384+0000] {processor.py:208} INFO - Processing /home/airflow/.local/lib/python3.12/site-packages/airflow/example_dags/tutorial_dag.py took 0.356 seconds
[2025-12-16T07:34:00.165+0000] {processor.py:186} INFO - Started process (PID=1447) to work on /home/airflow/.local/lib/python3.12/site-packages/airflow/example_dags/tutorial_dag.py
[2025-12-16T07:34:00.168+0000] {processor.py:914} INFO - Processing file /home/airflow/.local/lib/python3.12/site-packages/airflow/example_dags/tutorial_dag.py for tasks to queue
[2025-12-16T07:34:00.171+0000] {logging_mixin.py:190} INFO - [2025-12-16T07:34:00.171+0000] {dagbag.py:588} INFO - Filling up the DagBag from /home/airflow/.local/lib/python3.12/site-packages/airflow/example_dags/tutorial_dag.py
[2025-12-16T07:34:00.196+0000] {processor.py:925} INFO - DAG(s) 'tutorial_dag' retrieved from /home/airflow/.local/lib/python3.12/site-packages/airflow/example_dags/tutorial_dag.py
[2025-12-16T07:34:00.244+0000] {logging_mixin.py:190} INFO - [2025-12-16T07:34:00.243+0000] {dag.py:3239} INFO - Sync 1 DAGs
[2025-12-16T07:34:00.282+0000] {logging_mixin.py:190} INFO - [2025-12-16T07:34:00.282+0000] {dag.py:4180} INFO - Setting next_dagrun for tutorial_dag to None, run_after=None
[2025-12-16T07:34:00.335+0000] {processor.py:208} INFO - Processing /home/airflow/.local/lib/python3.12/site-packages/airflow/example_dags/tutorial_dag.py took 0.186 seconds
[2025-12-16T07:34:35.007+0000] {processor.py:186} INFO - Started process (PID=1517) to work on /home/airflow/.local/lib/python3.12/site-packages/airflow/example_dags/tutorial_dag.py
[2025-12-16T07:34:35.011+0000] {processor.py:914} INFO - Processing file /home/airflow/.local/lib/python3.12/site-packages/airflow/example_dags/tutorial_dag.py for tasks to queue
[2025-12-16T07:34:35.016+0000] {logging_mixin.py:190} INFO - [2025-12-16T07:34:35.015+0000] {dagbag.py:588} INFO - Filling up the DagBag from /home/airflow/.local/lib/python3.12/site-packages/airflow/example_dags/tutorial_dag.py
[2025-12-16T07:34:35.051+0000] {processor.py:925} INFO - DAG(s) 'tutorial_dag' retrieved from /home/airflow/.local/lib/python3.12/site-packages/airflow/example_dags/tutorial_dag.py
[2025-12-16T07:34:35.153+0000] {logging_mixin.py:190} INFO - [2025-12-16T07:34:35.152+0000] {dag.py:3239} INFO - Sync 1 DAGs
[2025-12-16T07:34:35.232+0000] {logging_mixin.py:190} INFO - [2025-12-16T07:34:35.231+0000] {dag.py:4180} INFO - Setting next_dagrun for tutorial_dag to None, run_after=None
[2025-12-16T07:34:35.380+0000] {processor.py:208} INFO - Processing /home/airflow/.local/lib/python3.12/site-packages/airflow/example_dags/tutorial_dag.py took 0.390 seconds
[2025-12-16T07:35:08.096+0000] {processor.py:186} INFO - Started process (PID=1589) to work on /home/airflow/.local/lib/python3.12/site-packages/airflow/example_dags/tutorial_dag.py
[2025-12-16T07:35:08.100+0000] {processor.py:914} INFO - Processing file /home/airflow/.local/lib/python3.12/site-packages/airflow/example_dags/tutorial_dag.py for tasks to queue
[2025-12-16T07:35:08.112+0000] {logging_mixin.py:190} INFO - [2025-12-16T07:35:08.112+0000] {dagbag.py:588} INFO - Filling up the DagBag from /home/airflow/.local/lib/python3.12/site-packages/airflow/example_dags/tutorial_dag.py
[2025-12-16T07:35:08.173+0000] {processor.py:925} INFO - DAG(s) 'tutorial_dag' retrieved from /home/airflow/.local/lib/python3.12/site-packages/airflow/example_dags/tutorial_dag.py
[2025-12-16T07:35:08.298+0000] {logging_mixin.py:190} INFO - [2025-12-16T07:35:08.297+0000] {dag.py:3239} INFO - Sync 1 DAGs
[2025-12-16T07:35:08.359+0000] {logging_mixin.py:190} INFO - [2025-12-16T07:35:08.359+0000] {dag.py:4180} INFO - Setting next_dagrun for tutorial_dag to None, run_after=None
[2025-12-16T07:35:08.432+0000] {processor.py:208} INFO - Processing /home/airflow/.local/lib/python3.12/site-packages/airflow/example_dags/tutorial_dag.py took 0.418 seconds
[2025-12-16T07:35:38.841+0000] {processor.py:186} INFO - Started process (PID=1660) to work on /home/airflow/.local/lib/python3.12/site-packages/airflow/example_dags/tutorial_dag.py
[2025-12-16T07:35:38.846+0000] {processor.py:914} INFO - Processing file /home/airflow/.local/lib/python3.12/site-packages/airflow/example_dags/tutorial_dag.py for tasks to queue
[2025-12-16T07:35:38.853+0000] {logging_mixin.py:190} INFO - [2025-12-16T07:35:38.851+0000] {dagbag.py:588} INFO - Filling up the DagBag from /home/airflow/.local/lib/python3.12/site-packages/airflow/example_dags/tutorial_dag.py
[2025-12-16T07:35:38.888+0000] {processor.py:925} INFO - DAG(s) 'tutorial_dag' retrieved from /home/airflow/.local/lib/python3.12/site-packages/airflow/example_dags/tutorial_dag.py
[2025-12-16T07:35:38.959+0000] {logging_mixin.py:190} INFO - [2025-12-16T07:35:38.958+0000] {dag.py:3239} INFO - Sync 1 DAGs
[2025-12-16T07:35:39.020+0000] {logging_mixin.py:190} INFO - [2025-12-16T07:35:39.019+0000] {dag.py:4180} INFO - Setting next_dagrun for tutorial_dag to None, run_after=None
[2025-12-16T07:35:39.081+0000] {processor.py:208} INFO - Processing /home/airflow/.local/lib/python3.12/site-packages/airflow/example_dags/tutorial_dag.py took 0.262 seconds
[2025-12-16T07:36:28.198+0000] {processor.py:186} INFO - Started process (PID=1732) to work on /home/airflow/.local/lib/python3.12/site-packages/airflow/example_dags/tutorial_dag.py
[2025-12-16T07:36:28.200+0000] {processor.py:914} INFO - Processing file /home/airflow/.local/lib/python3.12/site-packages/airflow/example_dags/tutorial_dag.py for tasks to queue
[2025-12-16T07:36:28.203+0000] {logging_mixin.py:190} INFO - [2025-12-16T07:36:28.202+0000] {dagbag.py:588} INFO - Filling up the DagBag from /home/airflow/.local/lib/python3.12/site-packages/airflow/example_dags/tutorial_dag.py
[2025-12-16T07:36:28.244+0000] {processor.py:925} INFO - DAG(s) 'tutorial_dag' retrieved from /home/airflow/.local/lib/python3.12/site-packages/airflow/example_dags/tutorial_dag.py
[2025-12-16T07:36:28.398+0000] {logging_mixin.py:190} INFO - [2025-12-16T07:36:28.397+0000] {dag.py:3239} INFO - Sync 1 DAGs
[2025-12-16T07:36:28.506+0000] {logging_mixin.py:190} INFO - [2025-12-16T07:36:28.506+0000] {dag.py:4180} INFO - Setting next_dagrun for tutorial_dag to None, run_after=None
[2025-12-16T07:36:28.669+0000] {processor.py:208} INFO - Processing /home/airflow/.local/lib/python3.12/site-packages/airflow/example_dags/tutorial_dag.py took 0.486 seconds
[2025-12-16T07:36:58.888+0000] {processor.py:186} INFO - Started process (PID=1804) to work on /home/airflow/.local/lib/python3.12/site-packages/airflow/example_dags/tutorial_dag.py
[2025-12-16T07:36:58.892+0000] {processor.py:914} INFO - Processing file /home/airflow/.local/lib/python3.12/site-packages/airflow/example_dags/tutorial_dag.py for tasks to queue
[2025-12-16T07:36:58.898+0000] {logging_mixin.py:190} INFO - [2025-12-16T07:36:58.896+0000] {dagbag.py:588} INFO - Filling up the DagBag from /home/airflow/.local/lib/python3.12/site-packages/airflow/example_dags/tutorial_dag.py
[2025-12-16T07:36:58.943+0000] {processor.py:925} INFO - DAG(s) 'tutorial_dag' retrieved from /home/airflow/.local/lib/python3.12/site-packages/airflow/example_dags/tutorial_dag.py
[2025-12-16T07:36:59.081+0000] {logging_mixin.py:190} INFO - [2025-12-16T07:36:59.080+0000] {dag.py:3239} INFO - Sync 1 DAGs
[2025-12-16T07:36:59.149+0000] {logging_mixin.py:190} INFO - [2025-12-16T07:36:59.148+0000] {dag.py:4180} INFO - Setting next_dagrun for tutorial_dag to None, run_after=None
[2025-12-16T07:36:59.208+0000] {processor.py:208} INFO - Processing /home/airflow/.local/lib/python3.12/site-packages/airflow/example_dags/tutorial_dag.py took 0.343 seconds
[2025-12-16T07:37:33.079+0000] {processor.py:186} INFO - Started process (PID=1877) to work on /home/airflow/.local/lib/python3.12/site-packages/airflow/example_dags/tutorial_dag.py
[2025-12-16T07:37:33.081+0000] {processor.py:914} INFO - Processing file /home/airflow/.local/lib/python3.12/site-packages/airflow/example_dags/tutorial_dag.py for tasks to queue
[2025-12-16T07:37:33.084+0000] {logging_mixin.py:190} INFO - [2025-12-16T07:37:33.083+0000] {dagbag.py:588} INFO - Filling up the DagBag from /home/airflow/.local/lib/python3.12/site-packages/airflow/example_dags/tutorial_dag.py
[2025-12-16T07:37:33.107+0000] {processor.py:925} INFO - DAG(s) 'tutorial_dag' retrieved from /home/airflow/.local/lib/python3.12/site-packages/airflow/example_dags/tutorial_dag.py
[2025-12-16T07:37:33.163+0000] {logging_mixin.py:190} INFO - [2025-12-16T07:37:33.162+0000] {dag.py:3239} INFO - Sync 1 DAGs
[2025-12-16T07:37:33.206+0000] {logging_mixin.py:190} INFO - [2025-12-16T07:37:33.205+0000] {dag.py:4180} INFO - Setting next_dagrun for tutorial_dag to None, run_after=None
[2025-12-16T07:37:33.331+0000] {processor.py:208} INFO - Processing /home/airflow/.local/lib/python3.12/site-packages/airflow/example_dags/tutorial_dag.py took 0.269 seconds
[2025-12-16T07:38:09.235+0000] {processor.py:186} INFO - Started process (PID=1949) to work on /home/airflow/.local/lib/python3.12/site-packages/airflow/example_dags/tutorial_dag.py
[2025-12-16T07:38:09.239+0000] {processor.py:914} INFO - Processing file /home/airflow/.local/lib/python3.12/site-packages/airflow/example_dags/tutorial_dag.py for tasks to queue
[2025-12-16T07:38:09.244+0000] {logging_mixin.py:190} INFO - [2025-12-16T07:38:09.242+0000] {dagbag.py:588} INFO - Filling up the DagBag from /home/airflow/.local/lib/python3.12/site-packages/airflow/example_dags/tutorial_dag.py
[2025-12-16T07:38:09.340+0000] {processor.py:925} INFO - DAG(s) 'tutorial_dag' retrieved from /home/airflow/.local/lib/python3.12/site-packages/airflow/example_dags/tutorial_dag.py
[2025-12-16T07:38:09.488+0000] {logging_mixin.py:190} INFO - [2025-12-16T07:38:09.487+0000] {dag.py:3239} INFO - Sync 1 DAGs
[2025-12-16T07:38:09.581+0000] {logging_mixin.py:190} INFO - [2025-12-16T07:38:09.581+0000] {dag.py:4180} INFO - Setting next_dagrun for tutorial_dag to None, run_after=None
[2025-12-16T07:38:09.668+0000] {processor.py:208} INFO - Processing /home/airflow/.local/lib/python3.12/site-packages/airflow/example_dags/tutorial_dag.py took 0.455 seconds
[2025-12-16T07:38:46.700+0000] {processor.py:186} INFO - Started process (PID=2018) to work on /home/airflow/.local/lib/python3.12/site-packages/airflow/example_dags/tutorial_dag.py
[2025-12-16T07:38:46.704+0000] {processor.py:914} INFO - Processing file /home/airflow/.local/lib/python3.12/site-packages/airflow/example_dags/tutorial_dag.py for tasks to queue
[2025-12-16T07:38:46.707+0000] {logging_mixin.py:190} INFO - [2025-12-16T07:38:46.707+0000] {dagbag.py:588} INFO - Filling up the DagBag from /home/airflow/.local/lib/python3.12/site-packages/airflow/example_dags/tutorial_dag.py
[2025-12-16T07:38:46.735+0000] {processor.py:925} INFO - DAG(s) 'tutorial_dag' retrieved from /home/airflow/.local/lib/python3.12/site-packages/airflow/example_dags/tutorial_dag.py
[2025-12-16T07:38:46.796+0000] {logging_mixin.py:190} INFO - [2025-12-16T07:38:46.795+0000] {dag.py:3239} INFO - Sync 1 DAGs
[2025-12-16T07:38:46.838+0000] {logging_mixin.py:190} INFO - [2025-12-16T07:38:46.838+0000] {dag.py:4180} INFO - Setting next_dagrun for tutorial_dag to None, run_after=None
[2025-12-16T07:38:46.894+0000] {processor.py:208} INFO - Processing /home/airflow/.local/lib/python3.12/site-packages/airflow/example_dags/tutorial_dag.py took 0.214 seconds
[2025-12-16T07:51:06.689+0000] {processor.py:186} INFO - Started process (PID=2108) to work on /home/airflow/.local/lib/python3.12/site-packages/airflow/example_dags/tutorial_dag.py
[2025-12-16T07:51:06.697+0000] {processor.py:914} INFO - Processing file /home/airflow/.local/lib/python3.12/site-packages/airflow/example_dags/tutorial_dag.py for tasks to queue
[2025-12-16T07:51:06.718+0000] {logging_mixin.py:190} INFO - [2025-12-16T07:51:06.717+0000] {dagbag.py:588} INFO - Filling up the DagBag from /home/airflow/.local/lib/python3.12/site-packages/airflow/example_dags/tutorial_dag.py
[2025-12-16T07:51:06.894+0000] {processor.py:925} INFO - DAG(s) 'tutorial_dag' retrieved from /home/airflow/.local/lib/python3.12/site-packages/airflow/example_dags/tutorial_dag.py
[2025-12-16T07:51:07.304+0000] {logging_mixin.py:190} INFO - [2025-12-16T07:51:07.303+0000] {dag.py:3239} INFO - Sync 1 DAGs
[2025-12-16T07:51:07.562+0000] {logging_mixin.py:190} INFO - [2025-12-16T07:51:07.561+0000] {dag.py:4180} INFO - Setting next_dagrun for tutorial_dag to None, run_after=None
[2025-12-16T07:51:07.771+0000] {processor.py:208} INFO - Processing /home/airflow/.local/lib/python3.12/site-packages/airflow/example_dags/tutorial_dag.py took 1.342 seconds
[2025-12-16T07:52:36.092+0000] {processor.py:186} INFO - Started process (PID=2187) to work on /home/airflow/.local/lib/python3.12/site-packages/airflow/example_dags/tutorial_dag.py
[2025-12-16T07:52:36.099+0000] {processor.py:914} INFO - Processing file /home/airflow/.local/lib/python3.12/site-packages/airflow/example_dags/tutorial_dag.py for tasks to queue
[2025-12-16T07:52:36.109+0000] {logging_mixin.py:190} INFO - [2025-12-16T07:52:36.107+0000] {dagbag.py:588} INFO - Filling up the DagBag from /home/airflow/.local/lib/python3.12/site-packages/airflow/example_dags/tutorial_dag.py
[2025-12-16T07:52:36.210+0000] {processor.py:925} INFO - DAG(s) 'tutorial_dag' retrieved from /home/airflow/.local/lib/python3.12/site-packages/airflow/example_dags/tutorial_dag.py
[2025-12-16T07:52:36.477+0000] {logging_mixin.py:190} INFO - [2025-12-16T07:52:36.476+0000] {dag.py:3239} INFO - Sync 1 DAGs
[2025-12-16T07:52:36.665+0000] {logging_mixin.py:190} INFO - [2025-12-16T07:52:36.651+0000] {dag.py:4180} INFO - Setting next_dagrun for tutorial_dag to None, run_after=None
[2025-12-16T07:52:36.911+0000] {processor.py:208} INFO - Processing /home/airflow/.local/lib/python3.12/site-packages/airflow/example_dags/tutorial_dag.py took 0.843 seconds
[2025-12-16T07:53:42.275+0000] {processor.py:186} INFO - Started process (PID=2269) to work on /home/airflow/.local/lib/python3.12/site-packages/airflow/example_dags/tutorial_dag.py
[2025-12-16T07:53:42.282+0000] {processor.py:914} INFO - Processing file /home/airflow/.local/lib/python3.12/site-packages/airflow/example_dags/tutorial_dag.py for tasks to queue
[2025-12-16T07:53:42.287+0000] {logging_mixin.py:190} INFO - [2025-12-16T07:53:42.285+0000] {dagbag.py:588} INFO - Filling up the DagBag from /home/airflow/.local/lib/python3.12/site-packages/airflow/example_dags/tutorial_dag.py
[2025-12-16T07:53:42.345+0000] {processor.py:925} INFO - DAG(s) 'tutorial_dag' retrieved from /home/airflow/.local/lib/python3.12/site-packages/airflow/example_dags/tutorial_dag.py
[2025-12-16T07:53:42.514+0000] {logging_mixin.py:190} INFO - [2025-12-16T07:53:42.514+0000] {dag.py:3239} INFO - Sync 1 DAGs
[2025-12-16T07:53:42.658+0000] {logging_mixin.py:190} INFO - [2025-12-16T07:53:42.657+0000] {dag.py:4180} INFO - Setting next_dagrun for tutorial_dag to None, run_after=None
[2025-12-16T07:53:42.792+0000] {processor.py:208} INFO - Processing /home/airflow/.local/lib/python3.12/site-packages/airflow/example_dags/tutorial_dag.py took 0.568 seconds
[2025-12-16T07:54:42.564+0000] {processor.py:186} INFO - Started process (PID=2348) to work on /home/airflow/.local/lib/python3.12/site-packages/airflow/example_dags/tutorial_dag.py
[2025-12-16T07:54:42.583+0000] {processor.py:914} INFO - Processing file /home/airflow/.local/lib/python3.12/site-packages/airflow/example_dags/tutorial_dag.py for tasks to queue
[2025-12-16T07:54:42.589+0000] {logging_mixin.py:190} INFO - [2025-12-16T07:54:42.588+0000] {dagbag.py:588} INFO - Filling up the DagBag from /home/airflow/.local/lib/python3.12/site-packages/airflow/example_dags/tutorial_dag.py
[2025-12-16T07:54:42.696+0000] {processor.py:925} INFO - DAG(s) 'tutorial_dag' retrieved from /home/airflow/.local/lib/python3.12/site-packages/airflow/example_dags/tutorial_dag.py
[2025-12-16T07:54:42.818+0000] {logging_mixin.py:190} INFO - [2025-12-16T07:54:42.809+0000] {dag.py:3239} INFO - Sync 1 DAGs
[2025-12-16T07:54:42.891+0000] {logging_mixin.py:190} INFO - [2025-12-16T07:54:42.889+0000] {dag.py:4180} INFO - Setting next_dagrun for tutorial_dag to None, run_after=None
[2025-12-16T07:54:43.001+0000] {processor.py:208} INFO - Processing /home/airflow/.local/lib/python3.12/site-packages/airflow/example_dags/tutorial_dag.py took 0.559 seconds
[2025-12-16T07:55:28.988+0000] {processor.py:186} INFO - Started process (PID=2412) to work on /home/airflow/.local/lib/python3.12/site-packages/airflow/example_dags/tutorial_dag.py
[2025-12-16T07:55:28.991+0000] {processor.py:914} INFO - Processing file /home/airflow/.local/lib/python3.12/site-packages/airflow/example_dags/tutorial_dag.py for tasks to queue
[2025-12-16T07:55:28.998+0000] {logging_mixin.py:190} INFO - [2025-12-16T07:55:28.997+0000] {dagbag.py:588} INFO - Filling up the DagBag from /home/airflow/.local/lib/python3.12/site-packages/airflow/example_dags/tutorial_dag.py
[2025-12-16T07:55:29.037+0000] {processor.py:925} INFO - DAG(s) 'tutorial_dag' retrieved from /home/airflow/.local/lib/python3.12/site-packages/airflow/example_dags/tutorial_dag.py
[2025-12-16T07:55:29.121+0000] {logging_mixin.py:190} INFO - [2025-12-16T07:55:29.120+0000] {dag.py:3239} INFO - Sync 1 DAGs
[2025-12-16T07:55:29.216+0000] {logging_mixin.py:190} INFO - [2025-12-16T07:55:29.216+0000] {dag.py:4180} INFO - Setting next_dagrun for tutorial_dag to None, run_after=None
[2025-12-16T07:55:29.309+0000] {processor.py:208} INFO - Processing /home/airflow/.local/lib/python3.12/site-packages/airflow/example_dags/tutorial_dag.py took 0.349 seconds
[2025-12-16T07:56:05.074+0000] {processor.py:186} INFO - Started process (PID=2489) to work on /home/airflow/.local/lib/python3.12/site-packages/airflow/example_dags/tutorial_dag.py
[2025-12-16T07:56:05.083+0000] {processor.py:914} INFO - Processing file /home/airflow/.local/lib/python3.12/site-packages/airflow/example_dags/tutorial_dag.py for tasks to queue
[2025-12-16T07:56:05.127+0000] {logging_mixin.py:190} INFO - [2025-12-16T07:56:05.119+0000] {dagbag.py:588} INFO - Filling up the DagBag from /home/airflow/.local/lib/python3.12/site-packages/airflow/example_dags/tutorial_dag.py
[2025-12-16T07:56:05.249+0000] {processor.py:925} INFO - DAG(s) 'tutorial_dag' retrieved from /home/airflow/.local/lib/python3.12/site-packages/airflow/example_dags/tutorial_dag.py
[2025-12-16T07:56:05.422+0000] {logging_mixin.py:190} INFO - [2025-12-16T07:56:05.410+0000] {dag.py:3239} INFO - Sync 1 DAGs
[2025-12-16T07:56:05.541+0000] {logging_mixin.py:190} INFO - [2025-12-16T07:56:05.540+0000] {dag.py:4180} INFO - Setting next_dagrun for tutorial_dag to None, run_after=None
[2025-12-16T07:56:05.620+0000] {processor.py:208} INFO - Processing /home/airflow/.local/lib/python3.12/site-packages/airflow/example_dags/tutorial_dag.py took 0.652 seconds
[2025-12-16T07:56:39.374+0000] {processor.py:186} INFO - Started process (PID=2560) to work on /home/airflow/.local/lib/python3.12/site-packages/airflow/example_dags/tutorial_dag.py
[2025-12-16T07:56:39.385+0000] {processor.py:914} INFO - Processing file /home/airflow/.local/lib/python3.12/site-packages/airflow/example_dags/tutorial_dag.py for tasks to queue
[2025-12-16T07:56:39.398+0000] {logging_mixin.py:190} INFO - [2025-12-16T07:56:39.390+0000] {dagbag.py:588} INFO - Filling up the DagBag from /home/airflow/.local/lib/python3.12/site-packages/airflow/example_dags/tutorial_dag.py
[2025-12-16T07:56:39.441+0000] {processor.py:925} INFO - DAG(s) 'tutorial_dag' retrieved from /home/airflow/.local/lib/python3.12/site-packages/airflow/example_dags/tutorial_dag.py
[2025-12-16T07:56:39.547+0000] {logging_mixin.py:190} INFO - [2025-12-16T07:56:39.546+0000] {dag.py:3239} INFO - Sync 1 DAGs
[2025-12-16T07:56:39.670+0000] {logging_mixin.py:190} INFO - [2025-12-16T07:56:39.669+0000] {dag.py:4180} INFO - Setting next_dagrun for tutorial_dag to None, run_after=None
[2025-12-16T07:56:39.832+0000] {processor.py:208} INFO - Processing /home/airflow/.local/lib/python3.12/site-packages/airflow/example_dags/tutorial_dag.py took 0.522 seconds
[2025-12-16T07:57:13.006+0000] {processor.py:186} INFO - Started process (PID=2632) to work on /home/airflow/.local/lib/python3.12/site-packages/airflow/example_dags/tutorial_dag.py
[2025-12-16T07:57:13.021+0000] {processor.py:914} INFO - Processing file /home/airflow/.local/lib/python3.12/site-packages/airflow/example_dags/tutorial_dag.py for tasks to queue
[2025-12-16T07:57:13.026+0000] {logging_mixin.py:190} INFO - [2025-12-16T07:57:13.025+0000] {dagbag.py:588} INFO - Filling up the DagBag from /home/airflow/.local/lib/python3.12/site-packages/airflow/example_dags/tutorial_dag.py
[2025-12-16T07:57:13.096+0000] {processor.py:925} INFO - DAG(s) 'tutorial_dag' retrieved from /home/airflow/.local/lib/python3.12/site-packages/airflow/example_dags/tutorial_dag.py
[2025-12-16T07:57:13.223+0000] {logging_mixin.py:190} INFO - [2025-12-16T07:57:13.222+0000] {dag.py:3239} INFO - Sync 1 DAGs
[2025-12-16T07:57:13.338+0000] {logging_mixin.py:190} INFO - [2025-12-16T07:57:13.338+0000] {dag.py:4180} INFO - Setting next_dagrun for tutorial_dag to None, run_after=None
[2025-12-16T07:57:13.446+0000] {processor.py:208} INFO - Processing /home/airflow/.local/lib/python3.12/site-packages/airflow/example_dags/tutorial_dag.py took 0.475 seconds
[2025-12-16T07:57:52.695+0000] {processor.py:186} INFO - Started process (PID=2705) to work on /home/airflow/.local/lib/python3.12/site-packages/airflow/example_dags/tutorial_dag.py
[2025-12-16T07:57:52.706+0000] {processor.py:914} INFO - Processing file /home/airflow/.local/lib/python3.12/site-packages/airflow/example_dags/tutorial_dag.py for tasks to queue
[2025-12-16T07:57:52.711+0000] {logging_mixin.py:190} INFO - [2025-12-16T07:57:52.709+0000] {dagbag.py:588} INFO - Filling up the DagBag from /home/airflow/.local/lib/python3.12/site-packages/airflow/example_dags/tutorial_dag.py
[2025-12-16T07:57:52.802+0000] {processor.py:925} INFO - DAG(s) 'tutorial_dag' retrieved from /home/airflow/.local/lib/python3.12/site-packages/airflow/example_dags/tutorial_dag.py
[2025-12-16T07:57:53.047+0000] {logging_mixin.py:190} INFO - [2025-12-16T07:57:53.046+0000] {dag.py:3239} INFO - Sync 1 DAGs
[2025-12-16T07:57:53.325+0000] {logging_mixin.py:190} INFO - [2025-12-16T07:57:53.324+0000] {dag.py:4180} INFO - Setting next_dagrun for tutorial_dag to None, run_after=None
[2025-12-16T07:57:53.779+0000] {processor.py:208} INFO - Processing /home/airflow/.local/lib/python3.12/site-packages/airflow/example_dags/tutorial_dag.py took 1.123 seconds
[2025-12-16T07:58:28.091+0000] {processor.py:186} INFO - Started process (PID=2758) to work on /home/airflow/.local/lib/python3.12/site-packages/airflow/example_dags/tutorial_dag.py
[2025-12-16T07:58:28.094+0000] {processor.py:914} INFO - Processing file /home/airflow/.local/lib/python3.12/site-packages/airflow/example_dags/tutorial_dag.py for tasks to queue
[2025-12-16T07:58:28.106+0000] {logging_mixin.py:190} INFO - [2025-12-16T07:58:28.098+0000] {dagbag.py:588} INFO - Filling up the DagBag from /home/airflow/.local/lib/python3.12/site-packages/airflow/example_dags/tutorial_dag.py
[2025-12-16T07:58:28.135+0000] {processor.py:925} INFO - DAG(s) 'tutorial_dag' retrieved from /home/airflow/.local/lib/python3.12/site-packages/airflow/example_dags/tutorial_dag.py
[2025-12-16T07:58:28.245+0000] {logging_mixin.py:190} INFO - [2025-12-16T07:58:28.244+0000] {dag.py:3239} INFO - Sync 1 DAGs
[2025-12-16T07:58:28.303+0000] {logging_mixin.py:190} INFO - [2025-12-16T07:58:28.302+0000] {dag.py:4180} INFO - Setting next_dagrun for tutorial_dag to None, run_after=None
[2025-12-16T07:58:28.402+0000] {processor.py:208} INFO - Processing /home/airflow/.local/lib/python3.12/site-packages/airflow/example_dags/tutorial_dag.py took 0.334 seconds
[2025-12-16T07:59:03.990+0000] {processor.py:186} INFO - Started process (PID=2826) to work on /home/airflow/.local/lib/python3.12/site-packages/airflow/example_dags/tutorial_dag.py
[2025-12-16T07:59:03.993+0000] {processor.py:914} INFO - Processing file /home/airflow/.local/lib/python3.12/site-packages/airflow/example_dags/tutorial_dag.py for tasks to queue
[2025-12-16T07:59:04.005+0000] {logging_mixin.py:190} INFO - [2025-12-16T07:59:04.004+0000] {dagbag.py:588} INFO - Filling up the DagBag from /home/airflow/.local/lib/python3.12/site-packages/airflow/example_dags/tutorial_dag.py
[2025-12-16T07:59:04.050+0000] {processor.py:925} INFO - DAG(s) 'tutorial_dag' retrieved from /home/airflow/.local/lib/python3.12/site-packages/airflow/example_dags/tutorial_dag.py
[2025-12-16T07:59:04.135+0000] {logging_mixin.py:190} INFO - [2025-12-16T07:59:04.134+0000] {dag.py:3239} INFO - Sync 1 DAGs
[2025-12-16T07:59:04.244+0000] {logging_mixin.py:190} INFO - [2025-12-16T07:59:04.233+0000] {dag.py:4180} INFO - Setting next_dagrun for tutorial_dag to None, run_after=None
[2025-12-16T07:59:04.395+0000] {processor.py:208} INFO - Processing /home/airflow/.local/lib/python3.12/site-packages/airflow/example_dags/tutorial_dag.py took 0.427 seconds
[2025-12-16T07:59:53.500+0000] {processor.py:186} INFO - Started process (PID=2905) to work on /home/airflow/.local/lib/python3.12/site-packages/airflow/example_dags/tutorial_dag.py
[2025-12-16T07:59:53.508+0000] {processor.py:914} INFO - Processing file /home/airflow/.local/lib/python3.12/site-packages/airflow/example_dags/tutorial_dag.py for tasks to queue
[2025-12-16T07:59:53.518+0000] {logging_mixin.py:190} INFO - [2025-12-16T07:59:53.517+0000] {dagbag.py:588} INFO - Filling up the DagBag from /home/airflow/.local/lib/python3.12/site-packages/airflow/example_dags/tutorial_dag.py
[2025-12-16T07:59:53.559+0000] {processor.py:925} INFO - DAG(s) 'tutorial_dag' retrieved from /home/airflow/.local/lib/python3.12/site-packages/airflow/example_dags/tutorial_dag.py
[2025-12-16T07:59:53.623+0000] {logging_mixin.py:190} INFO - [2025-12-16T07:59:53.623+0000] {dag.py:3239} INFO - Sync 1 DAGs
[2025-12-16T07:59:53.684+0000] {logging_mixin.py:190} INFO - [2025-12-16T07:59:53.683+0000] {dag.py:4180} INFO - Setting next_dagrun for tutorial_dag to None, run_after=None
[2025-12-16T07:59:53.804+0000] {processor.py:208} INFO - Processing /home/airflow/.local/lib/python3.12/site-packages/airflow/example_dags/tutorial_dag.py took 0.322 seconds
[2025-12-16T08:00:30.204+0000] {processor.py:186} INFO - Started process (PID=2974) to work on /home/airflow/.local/lib/python3.12/site-packages/airflow/example_dags/tutorial_dag.py
[2025-12-16T08:00:30.208+0000] {processor.py:914} INFO - Processing file /home/airflow/.local/lib/python3.12/site-packages/airflow/example_dags/tutorial_dag.py for tasks to queue
[2025-12-16T08:00:30.213+0000] {logging_mixin.py:190} INFO - [2025-12-16T08:00:30.212+0000] {dagbag.py:588} INFO - Filling up the DagBag from /home/airflow/.local/lib/python3.12/site-packages/airflow/example_dags/tutorial_dag.py
[2025-12-16T08:00:30.262+0000] {processor.py:925} INFO - DAG(s) 'tutorial_dag' retrieved from /home/airflow/.local/lib/python3.12/site-packages/airflow/example_dags/tutorial_dag.py
[2025-12-16T08:00:30.333+0000] {logging_mixin.py:190} INFO - [2025-12-16T08:00:30.332+0000] {dag.py:3239} INFO - Sync 1 DAGs
[2025-12-16T08:00:30.391+0000] {logging_mixin.py:190} INFO - [2025-12-16T08:00:30.390+0000] {dag.py:4180} INFO - Setting next_dagrun for tutorial_dag to None, run_after=None
[2025-12-16T08:00:30.451+0000] {processor.py:208} INFO - Processing /home/airflow/.local/lib/python3.12/site-packages/airflow/example_dags/tutorial_dag.py took 0.270 seconds
[2025-12-16T08:01:05.799+0000] {processor.py:186} INFO - Started process (PID=3044) to work on /home/airflow/.local/lib/python3.12/site-packages/airflow/example_dags/tutorial_dag.py
[2025-12-16T08:01:05.802+0000] {processor.py:914} INFO - Processing file /home/airflow/.local/lib/python3.12/site-packages/airflow/example_dags/tutorial_dag.py for tasks to queue
[2025-12-16T08:01:05.807+0000] {logging_mixin.py:190} INFO - [2025-12-16T08:01:05.806+0000] {dagbag.py:588} INFO - Filling up the DagBag from /home/airflow/.local/lib/python3.12/site-packages/airflow/example_dags/tutorial_dag.py
[2025-12-16T08:01:05.836+0000] {processor.py:925} INFO - DAG(s) 'tutorial_dag' retrieved from /home/airflow/.local/lib/python3.12/site-packages/airflow/example_dags/tutorial_dag.py
[2025-12-16T08:01:05.899+0000] {logging_mixin.py:190} INFO - [2025-12-16T08:01:05.898+0000] {dag.py:3239} INFO - Sync 1 DAGs
[2025-12-16T08:01:05.957+0000] {logging_mixin.py:190} INFO - [2025-12-16T08:01:05.956+0000] {dag.py:4180} INFO - Setting next_dagrun for tutorial_dag to None, run_after=None
[2025-12-16T08:01:06.028+0000] {processor.py:208} INFO - Processing /home/airflow/.local/lib/python3.12/site-packages/airflow/example_dags/tutorial_dag.py took 0.248 seconds
[2025-12-16T08:01:43.718+0000] {processor.py:186} INFO - Started process (PID=3114) to work on /home/airflow/.local/lib/python3.12/site-packages/airflow/example_dags/tutorial_dag.py
[2025-12-16T08:01:43.721+0000] {processor.py:914} INFO - Processing file /home/airflow/.local/lib/python3.12/site-packages/airflow/example_dags/tutorial_dag.py for tasks to queue
[2025-12-16T08:01:43.730+0000] {logging_mixin.py:190} INFO - [2025-12-16T08:01:43.729+0000] {dagbag.py:588} INFO - Filling up the DagBag from /home/airflow/.local/lib/python3.12/site-packages/airflow/example_dags/tutorial_dag.py
[2025-12-16T08:01:43.829+0000] {processor.py:925} INFO - DAG(s) 'tutorial_dag' retrieved from /home/airflow/.local/lib/python3.12/site-packages/airflow/example_dags/tutorial_dag.py
[2025-12-16T08:01:43.953+0000] {logging_mixin.py:190} INFO - [2025-12-16T08:01:43.952+0000] {dag.py:3239} INFO - Sync 1 DAGs
[2025-12-16T08:01:44.036+0000] {logging_mixin.py:190} INFO - [2025-12-16T08:01:44.035+0000] {dag.py:4180} INFO - Setting next_dagrun for tutorial_dag to None, run_after=None
[2025-12-16T08:01:44.116+0000] {processor.py:208} INFO - Processing /home/airflow/.local/lib/python3.12/site-packages/airflow/example_dags/tutorial_dag.py took 0.464 seconds
[2025-12-16T08:02:19.510+0000] {processor.py:186} INFO - Started process (PID=3187) to work on /home/airflow/.local/lib/python3.12/site-packages/airflow/example_dags/tutorial_dag.py
[2025-12-16T08:02:19.514+0000] {processor.py:914} INFO - Processing file /home/airflow/.local/lib/python3.12/site-packages/airflow/example_dags/tutorial_dag.py for tasks to queue
[2025-12-16T08:02:19.520+0000] {logging_mixin.py:190} INFO - [2025-12-16T08:02:19.518+0000] {dagbag.py:588} INFO - Filling up the DagBag from /home/airflow/.local/lib/python3.12/site-packages/airflow/example_dags/tutorial_dag.py
[2025-12-16T08:02:19.560+0000] {processor.py:925} INFO - DAG(s) 'tutorial_dag' retrieved from /home/airflow/.local/lib/python3.12/site-packages/airflow/example_dags/tutorial_dag.py
[2025-12-16T08:02:19.691+0000] {logging_mixin.py:190} INFO - [2025-12-16T08:02:19.691+0000] {dag.py:3239} INFO - Sync 1 DAGs
[2025-12-16T08:02:19.761+0000] {logging_mixin.py:190} INFO - [2025-12-16T08:02:19.760+0000] {dag.py:4180} INFO - Setting next_dagrun for tutorial_dag to None, run_after=None
[2025-12-16T08:02:19.900+0000] {processor.py:208} INFO - Processing /home/airflow/.local/lib/python3.12/site-packages/airflow/example_dags/tutorial_dag.py took 0.408 seconds
[2025-12-16T08:02:54.815+0000] {processor.py:186} INFO - Started process (PID=3259) to work on /home/airflow/.local/lib/python3.12/site-packages/airflow/example_dags/tutorial_dag.py
[2025-12-16T08:02:54.824+0000] {processor.py:914} INFO - Processing file /home/airflow/.local/lib/python3.12/site-packages/airflow/example_dags/tutorial_dag.py for tasks to queue
[2025-12-16T08:02:54.837+0000] {logging_mixin.py:190} INFO - [2025-12-16T08:02:54.832+0000] {dagbag.py:588} INFO - Filling up the DagBag from /home/airflow/.local/lib/python3.12/site-packages/airflow/example_dags/tutorial_dag.py
[2025-12-16T08:02:54.953+0000] {processor.py:925} INFO - DAG(s) 'tutorial_dag' retrieved from /home/airflow/.local/lib/python3.12/site-packages/airflow/example_dags/tutorial_dag.py
[2025-12-16T08:02:55.307+0000] {logging_mixin.py:190} INFO - [2025-12-16T08:02:55.306+0000] {dag.py:3239} INFO - Sync 1 DAGs
[2025-12-16T08:02:55.441+0000] {logging_mixin.py:190} INFO - [2025-12-16T08:02:55.441+0000] {dag.py:4180} INFO - Setting next_dagrun for tutorial_dag to None, run_after=None
[2025-12-16T08:02:55.529+0000] {processor.py:208} INFO - Processing /home/airflow/.local/lib/python3.12/site-packages/airflow/example_dags/tutorial_dag.py took 0.762 seconds
[2025-12-16T08:03:25.779+0000] {processor.py:186} INFO - Started process (PID=3331) to work on /home/airflow/.local/lib/python3.12/site-packages/airflow/example_dags/tutorial_dag.py
[2025-12-16T08:03:25.786+0000] {processor.py:914} INFO - Processing file /home/airflow/.local/lib/python3.12/site-packages/airflow/example_dags/tutorial_dag.py for tasks to queue
[2025-12-16T08:03:25.790+0000] {logging_mixin.py:190} INFO - [2025-12-16T08:03:25.789+0000] {dagbag.py:588} INFO - Filling up the DagBag from /home/airflow/.local/lib/python3.12/site-packages/airflow/example_dags/tutorial_dag.py
[2025-12-16T08:03:25.823+0000] {processor.py:925} INFO - DAG(s) 'tutorial_dag' retrieved from /home/airflow/.local/lib/python3.12/site-packages/airflow/example_dags/tutorial_dag.py
[2025-12-16T08:03:25.908+0000] {logging_mixin.py:190} INFO - [2025-12-16T08:03:25.907+0000] {dag.py:3239} INFO - Sync 1 DAGs
[2025-12-16T08:03:25.969+0000] {logging_mixin.py:190} INFO - [2025-12-16T08:03:25.969+0000] {dag.py:4180} INFO - Setting next_dagrun for tutorial_dag to None, run_after=None
[2025-12-16T08:03:26.053+0000] {processor.py:208} INFO - Processing /home/airflow/.local/lib/python3.12/site-packages/airflow/example_dags/tutorial_dag.py took 0.287 seconds
[2025-12-16T08:03:58.889+0000] {processor.py:186} INFO - Started process (PID=3403) to work on /home/airflow/.local/lib/python3.12/site-packages/airflow/example_dags/tutorial_dag.py
[2025-12-16T08:03:58.966+0000] {processor.py:914} INFO - Processing file /home/airflow/.local/lib/python3.12/site-packages/airflow/example_dags/tutorial_dag.py for tasks to queue
[2025-12-16T08:03:59.026+0000] {logging_mixin.py:190} INFO - [2025-12-16T08:03:59.025+0000] {dagbag.py:588} INFO - Filling up the DagBag from /home/airflow/.local/lib/python3.12/site-packages/airflow/example_dags/tutorial_dag.py
[2025-12-16T08:03:59.219+0000] {processor.py:925} INFO - DAG(s) 'tutorial_dag' retrieved from /home/airflow/.local/lib/python3.12/site-packages/airflow/example_dags/tutorial_dag.py
[2025-12-16T08:03:59.414+0000] {logging_mixin.py:190} INFO - [2025-12-16T08:03:59.413+0000] {dag.py:3239} INFO - Sync 1 DAGs
[2025-12-16T08:03:59.557+0000] {logging_mixin.py:190} INFO - [2025-12-16T08:03:59.557+0000] {dag.py:4180} INFO - Setting next_dagrun for tutorial_dag to None, run_after=None
[2025-12-16T08:03:59.648+0000] {processor.py:208} INFO - Processing /home/airflow/.local/lib/python3.12/site-packages/airflow/example_dags/tutorial_dag.py took 0.815 seconds
[2025-12-16T08:04:34.918+0000] {processor.py:186} INFO - Started process (PID=3467) to work on /home/airflow/.local/lib/python3.12/site-packages/airflow/example_dags/tutorial_dag.py
[2025-12-16T08:04:34.922+0000] {processor.py:914} INFO - Processing file /home/airflow/.local/lib/python3.12/site-packages/airflow/example_dags/tutorial_dag.py for tasks to queue
[2025-12-16T08:04:34.927+0000] {logging_mixin.py:190} INFO - [2025-12-16T08:04:34.926+0000] {dagbag.py:588} INFO - Filling up the DagBag from /home/airflow/.local/lib/python3.12/site-packages/airflow/example_dags/tutorial_dag.py
[2025-12-16T08:04:34.981+0000] {processor.py:925} INFO - DAG(s) 'tutorial_dag' retrieved from /home/airflow/.local/lib/python3.12/site-packages/airflow/example_dags/tutorial_dag.py
[2025-12-16T08:04:35.153+0000] {logging_mixin.py:190} INFO - [2025-12-16T08:04:35.153+0000] {dag.py:3239} INFO - Sync 1 DAGs
[2025-12-16T08:04:35.390+0000] {logging_mixin.py:190} INFO - [2025-12-16T08:04:35.389+0000] {dag.py:4180} INFO - Setting next_dagrun for tutorial_dag to None, run_after=None
[2025-12-16T08:04:35.530+0000] {processor.py:208} INFO - Processing /home/airflow/.local/lib/python3.12/site-packages/airflow/example_dags/tutorial_dag.py took 0.638 seconds
[2025-12-16T08:05:07.607+0000] {processor.py:186} INFO - Started process (PID=3517) to work on /home/airflow/.local/lib/python3.12/site-packages/airflow/example_dags/tutorial_dag.py
[2025-12-16T08:05:07.610+0000] {processor.py:914} INFO - Processing file /home/airflow/.local/lib/python3.12/site-packages/airflow/example_dags/tutorial_dag.py for tasks to queue
[2025-12-16T08:05:07.614+0000] {logging_mixin.py:190} INFO - [2025-12-16T08:05:07.613+0000] {dagbag.py:588} INFO - Filling up the DagBag from /home/airflow/.local/lib/python3.12/site-packages/airflow/example_dags/tutorial_dag.py
[2025-12-16T08:05:07.636+0000] {processor.py:925} INFO - DAG(s) 'tutorial_dag' retrieved from /home/airflow/.local/lib/python3.12/site-packages/airflow/example_dags/tutorial_dag.py
[2025-12-16T08:05:07.691+0000] {logging_mixin.py:190} INFO - [2025-12-16T08:05:07.690+0000] {dag.py:3239} INFO - Sync 1 DAGs
[2025-12-16T08:05:07.747+0000] {logging_mixin.py:190} INFO - [2025-12-16T08:05:07.746+0000] {dag.py:4180} INFO - Setting next_dagrun for tutorial_dag to None, run_after=None
[2025-12-16T08:05:07.796+0000] {processor.py:208} INFO - Processing /home/airflow/.local/lib/python3.12/site-packages/airflow/example_dags/tutorial_dag.py took 0.206 seconds
[2025-12-16T08:05:41.901+0000] {processor.py:186} INFO - Started process (PID=3583) to work on /home/airflow/.local/lib/python3.12/site-packages/airflow/example_dags/tutorial_dag.py
[2025-12-16T08:05:41.905+0000] {processor.py:914} INFO - Processing file /home/airflow/.local/lib/python3.12/site-packages/airflow/example_dags/tutorial_dag.py for tasks to queue
[2025-12-16T08:05:41.913+0000] {logging_mixin.py:190} INFO - [2025-12-16T08:05:41.911+0000] {dagbag.py:588} INFO - Filling up the DagBag from /home/airflow/.local/lib/python3.12/site-packages/airflow/example_dags/tutorial_dag.py
[2025-12-16T08:05:41.964+0000] {processor.py:925} INFO - DAG(s) 'tutorial_dag' retrieved from /home/airflow/.local/lib/python3.12/site-packages/airflow/example_dags/tutorial_dag.py
[2025-12-16T08:05:42.151+0000] {logging_mixin.py:190} INFO - [2025-12-16T08:05:42.151+0000] {dag.py:3239} INFO - Sync 1 DAGs
[2025-12-16T08:05:42.244+0000] {logging_mixin.py:190} INFO - [2025-12-16T08:05:42.243+0000] {dag.py:4180} INFO - Setting next_dagrun for tutorial_dag to None, run_after=None
[2025-12-16T08:05:42.336+0000] {processor.py:208} INFO - Processing /home/airflow/.local/lib/python3.12/site-packages/airflow/example_dags/tutorial_dag.py took 0.468 seconds
[2025-12-16T08:06:19.629+0000] {processor.py:186} INFO - Started process (PID=3661) to work on /home/airflow/.local/lib/python3.12/site-packages/airflow/example_dags/tutorial_dag.py
[2025-12-16T08:06:19.641+0000] {processor.py:914} INFO - Processing file /home/airflow/.local/lib/python3.12/site-packages/airflow/example_dags/tutorial_dag.py for tasks to queue
[2025-12-16T08:06:19.681+0000] {logging_mixin.py:190} INFO - [2025-12-16T08:06:19.652+0000] {dagbag.py:588} INFO - Filling up the DagBag from /home/airflow/.local/lib/python3.12/site-packages/airflow/example_dags/tutorial_dag.py
[2025-12-16T08:06:19.762+0000] {processor.py:925} INFO - DAG(s) 'tutorial_dag' retrieved from /home/airflow/.local/lib/python3.12/site-packages/airflow/example_dags/tutorial_dag.py
[2025-12-16T08:06:20.082+0000] {logging_mixin.py:190} INFO - [2025-12-16T08:06:20.081+0000] {dag.py:3239} INFO - Sync 1 DAGs
[2025-12-16T08:06:20.277+0000] {logging_mixin.py:190} INFO - [2025-12-16T08:06:20.276+0000] {dag.py:4180} INFO - Setting next_dagrun for tutorial_dag to None, run_after=None
[2025-12-16T08:06:20.673+0000] {processor.py:208} INFO - Processing /home/airflow/.local/lib/python3.12/site-packages/airflow/example_dags/tutorial_dag.py took 1.085 seconds
[2025-12-16T08:09:02.278+0000] {processor.py:186} INFO - Started process (PID=3746) to work on /home/airflow/.local/lib/python3.12/site-packages/airflow/example_dags/tutorial_dag.py
[2025-12-16T08:09:02.305+0000] {processor.py:914} INFO - Processing file /home/airflow/.local/lib/python3.12/site-packages/airflow/example_dags/tutorial_dag.py for tasks to queue
[2025-12-16T08:09:02.339+0000] {logging_mixin.py:190} INFO - [2025-12-16T08:09:02.324+0000] {dagbag.py:588} INFO - Filling up the DagBag from /home/airflow/.local/lib/python3.12/site-packages/airflow/example_dags/tutorial_dag.py
[2025-12-16T08:09:02.463+0000] {processor.py:925} INFO - DAG(s) 'tutorial_dag' retrieved from /home/airflow/.local/lib/python3.12/site-packages/airflow/example_dags/tutorial_dag.py
[2025-12-16T08:09:02.694+0000] {logging_mixin.py:190} INFO - [2025-12-16T08:09:02.694+0000] {dag.py:3239} INFO - Sync 1 DAGs
[2025-12-16T08:09:02.902+0000] {logging_mixin.py:190} INFO - [2025-12-16T08:09:02.898+0000] {dag.py:4180} INFO - Setting next_dagrun for tutorial_dag to None, run_after=None
[2025-12-16T08:09:03.030+0000] {processor.py:208} INFO - Processing /home/airflow/.local/lib/python3.12/site-packages/airflow/example_dags/tutorial_dag.py took 0.813 seconds
[2025-12-16T08:09:51.939+0000] {processor.py:186} INFO - Started process (PID=3809) to work on /home/airflow/.local/lib/python3.12/site-packages/airflow/example_dags/tutorial_dag.py
[2025-12-16T08:09:51.945+0000] {processor.py:914} INFO - Processing file /home/airflow/.local/lib/python3.12/site-packages/airflow/example_dags/tutorial_dag.py for tasks to queue
[2025-12-16T08:09:51.952+0000] {logging_mixin.py:190} INFO - [2025-12-16T08:09:51.948+0000] {dagbag.py:588} INFO - Filling up the DagBag from /home/airflow/.local/lib/python3.12/site-packages/airflow/example_dags/tutorial_dag.py
[2025-12-16T08:09:52.017+0000] {processor.py:925} INFO - DAG(s) 'tutorial_dag' retrieved from /home/airflow/.local/lib/python3.12/site-packages/airflow/example_dags/tutorial_dag.py
[2025-12-16T08:09:53.755+0000] {logging_mixin.py:190} INFO - [2025-12-16T08:09:53.669+0000] {dag.py:3239} INFO - Sync 1 DAGs
[2025-12-16T08:09:54.180+0000] {logging_mixin.py:190} INFO - [2025-12-16T08:09:54.179+0000] {dag.py:4180} INFO - Setting next_dagrun for tutorial_dag to None, run_after=None
[2025-12-16T08:09:54.538+0000] {processor.py:208} INFO - Processing /home/airflow/.local/lib/python3.12/site-packages/airflow/example_dags/tutorial_dag.py took 2.650 seconds
[2025-12-16T08:14:53.162+0000] {processor.py:186} INFO - Started process (PID=3852) to work on /home/airflow/.local/lib/python3.12/site-packages/airflow/example_dags/tutorial_dag.py
[2025-12-16T08:14:53.176+0000] {processor.py:914} INFO - Processing file /home/airflow/.local/lib/python3.12/site-packages/airflow/example_dags/tutorial_dag.py for tasks to queue
[2025-12-16T08:14:53.196+0000] {logging_mixin.py:190} INFO - [2025-12-16T08:14:53.194+0000] {dagbag.py:588} INFO - Filling up the DagBag from /home/airflow/.local/lib/python3.12/site-packages/airflow/example_dags/tutorial_dag.py
[2025-12-16T08:14:53.403+0000] {processor.py:925} INFO - DAG(s) 'tutorial_dag' retrieved from /home/airflow/.local/lib/python3.12/site-packages/airflow/example_dags/tutorial_dag.py
[2025-12-16T08:14:53.913+0000] {logging_mixin.py:190} INFO - [2025-12-16T08:14:53.912+0000] {dag.py:3239} INFO - Sync 1 DAGs
[2025-12-16T08:14:54.805+0000] {logging_mixin.py:190} INFO - [2025-12-16T08:14:54.804+0000] {dag.py:4180} INFO - Setting next_dagrun for tutorial_dag to None, run_after=None
[2025-12-16T08:14:55.239+0000] {processor.py:208} INFO - Processing /home/airflow/.local/lib/python3.12/site-packages/airflow/example_dags/tutorial_dag.py took 2.171 seconds
[2025-12-16T08:16:32.377+0000] {processor.py:186} INFO - Started process (PID=3925) to work on /home/airflow/.local/lib/python3.12/site-packages/airflow/example_dags/tutorial_dag.py
[2025-12-16T08:16:32.433+0000] {processor.py:914} INFO - Processing file /home/airflow/.local/lib/python3.12/site-packages/airflow/example_dags/tutorial_dag.py for tasks to queue
[2025-12-16T08:16:32.495+0000] {logging_mixin.py:190} INFO - [2025-12-16T08:16:32.478+0000] {dagbag.py:588} INFO - Filling up the DagBag from /home/airflow/.local/lib/python3.12/site-packages/airflow/example_dags/tutorial_dag.py
[2025-12-16T08:16:32.817+0000] {processor.py:925} INFO - DAG(s) 'tutorial_dag' retrieved from /home/airflow/.local/lib/python3.12/site-packages/airflow/example_dags/tutorial_dag.py
[2025-12-16T08:16:33.113+0000] {logging_mixin.py:190} INFO - [2025-12-16T08:16:33.112+0000] {dag.py:3239} INFO - Sync 1 DAGs
[2025-12-16T08:16:33.353+0000] {logging_mixin.py:190} INFO - [2025-12-16T08:16:33.353+0000] {dag.py:4180} INFO - Setting next_dagrun for tutorial_dag to None, run_after=None
[2025-12-16T08:16:33.566+0000] {processor.py:208} INFO - Processing /home/airflow/.local/lib/python3.12/site-packages/airflow/example_dags/tutorial_dag.py took 1.370 seconds
[2025-12-16T08:17:18.302+0000] {processor.py:186} INFO - Started process (PID=4002) to work on /home/airflow/.local/lib/python3.12/site-packages/airflow/example_dags/tutorial_dag.py
[2025-12-16T08:17:18.304+0000] {processor.py:914} INFO - Processing file /home/airflow/.local/lib/python3.12/site-packages/airflow/example_dags/tutorial_dag.py for tasks to queue
[2025-12-16T08:17:18.308+0000] {logging_mixin.py:190} INFO - [2025-12-16T08:17:18.307+0000] {dagbag.py:588} INFO - Filling up the DagBag from /home/airflow/.local/lib/python3.12/site-packages/airflow/example_dags/tutorial_dag.py
[2025-12-16T08:17:18.332+0000] {processor.py:925} INFO - DAG(s) 'tutorial_dag' retrieved from /home/airflow/.local/lib/python3.12/site-packages/airflow/example_dags/tutorial_dag.py
[2025-12-16T08:17:18.383+0000] {logging_mixin.py:190} INFO - [2025-12-16T08:17:18.383+0000] {dag.py:3239} INFO - Sync 1 DAGs
[2025-12-16T08:17:18.425+0000] {logging_mixin.py:190} INFO - [2025-12-16T08:17:18.425+0000] {dag.py:4180} INFO - Setting next_dagrun for tutorial_dag to None, run_after=None
[2025-12-16T08:17:18.478+0000] {processor.py:208} INFO - Processing /home/airflow/.local/lib/python3.12/site-packages/airflow/example_dags/tutorial_dag.py took 0.192 seconds
[2025-12-16T08:17:53.511+0000] {processor.py:186} INFO - Started process (PID=4074) to work on /home/airflow/.local/lib/python3.12/site-packages/airflow/example_dags/tutorial_dag.py
[2025-12-16T08:17:53.514+0000] {processor.py:914} INFO - Processing file /home/airflow/.local/lib/python3.12/site-packages/airflow/example_dags/tutorial_dag.py for tasks to queue
[2025-12-16T08:17:53.517+0000] {logging_mixin.py:190} INFO - [2025-12-16T08:17:53.517+0000] {dagbag.py:588} INFO - Filling up the DagBag from /home/airflow/.local/lib/python3.12/site-packages/airflow/example_dags/tutorial_dag.py
[2025-12-16T08:17:53.547+0000] {processor.py:925} INFO - DAG(s) 'tutorial_dag' retrieved from /home/airflow/.local/lib/python3.12/site-packages/airflow/example_dags/tutorial_dag.py
[2025-12-16T08:17:53.606+0000] {logging_mixin.py:190} INFO - [2025-12-16T08:17:53.605+0000] {dag.py:3239} INFO - Sync 1 DAGs
[2025-12-16T08:17:53.662+0000] {logging_mixin.py:190} INFO - [2025-12-16T08:17:53.662+0000] {dag.py:4180} INFO - Setting next_dagrun for tutorial_dag to None, run_after=None
[2025-12-16T08:17:53.790+0000] {processor.py:208} INFO - Processing /home/airflow/.local/lib/python3.12/site-packages/airflow/example_dags/tutorial_dag.py took 0.295 seconds
[2025-12-16T08:18:26.548+0000] {processor.py:186} INFO - Started process (PID=4145) to work on /home/airflow/.local/lib/python3.12/site-packages/airflow/example_dags/tutorial_dag.py
[2025-12-16T08:18:26.567+0000] {processor.py:914} INFO - Processing file /home/airflow/.local/lib/python3.12/site-packages/airflow/example_dags/tutorial_dag.py for tasks to queue
[2025-12-16T08:18:26.580+0000] {logging_mixin.py:190} INFO - [2025-12-16T08:18:26.579+0000] {dagbag.py:588} INFO - Filling up the DagBag from /home/airflow/.local/lib/python3.12/site-packages/airflow/example_dags/tutorial_dag.py
[2025-12-16T08:18:26.650+0000] {processor.py:925} INFO - DAG(s) 'tutorial_dag' retrieved from /home/airflow/.local/lib/python3.12/site-packages/airflow/example_dags/tutorial_dag.py
[2025-12-16T08:18:26.894+0000] {logging_mixin.py:190} INFO - [2025-12-16T08:18:26.893+0000] {dag.py:3239} INFO - Sync 1 DAGs
[2025-12-16T08:18:27.030+0000] {logging_mixin.py:190} INFO - [2025-12-16T08:18:27.030+0000] {dag.py:4180} INFO - Setting next_dagrun for tutorial_dag to None, run_after=None
[2025-12-16T08:18:27.307+0000] {processor.py:208} INFO - Processing /home/airflow/.local/lib/python3.12/site-packages/airflow/example_dags/tutorial_dag.py took 0.848 seconds
[2025-12-16T08:19:02.214+0000] {processor.py:186} INFO - Started process (PID=4212) to work on /home/airflow/.local/lib/python3.12/site-packages/airflow/example_dags/tutorial_dag.py
[2025-12-16T08:19:02.217+0000] {processor.py:914} INFO - Processing file /home/airflow/.local/lib/python3.12/site-packages/airflow/example_dags/tutorial_dag.py for tasks to queue
[2025-12-16T08:19:02.221+0000] {logging_mixin.py:190} INFO - [2025-12-16T08:19:02.220+0000] {dagbag.py:588} INFO - Filling up the DagBag from /home/airflow/.local/lib/python3.12/site-packages/airflow/example_dags/tutorial_dag.py
[2025-12-16T08:19:02.250+0000] {processor.py:925} INFO - DAG(s) 'tutorial_dag' retrieved from /home/airflow/.local/lib/python3.12/site-packages/airflow/example_dags/tutorial_dag.py
[2025-12-16T08:19:02.335+0000] {logging_mixin.py:190} INFO - [2025-12-16T08:19:02.334+0000] {dag.py:3239} INFO - Sync 1 DAGs
[2025-12-16T08:19:02.407+0000] {logging_mixin.py:190} INFO - [2025-12-16T08:19:02.406+0000] {dag.py:4180} INFO - Setting next_dagrun for tutorial_dag to None, run_after=None
[2025-12-16T08:19:02.535+0000] {processor.py:208} INFO - Processing /home/airflow/.local/lib/python3.12/site-packages/airflow/example_dags/tutorial_dag.py took 0.353 seconds
[2025-12-16T08:19:34.354+0000] {processor.py:186} INFO - Started process (PID=4284) to work on /home/airflow/.local/lib/python3.12/site-packages/airflow/example_dags/tutorial_dag.py
[2025-12-16T08:19:34.365+0000] {processor.py:914} INFO - Processing file /home/airflow/.local/lib/python3.12/site-packages/airflow/example_dags/tutorial_dag.py for tasks to queue
[2025-12-16T08:19:34.370+0000] {logging_mixin.py:190} INFO - [2025-12-16T08:19:34.368+0000] {dagbag.py:588} INFO - Filling up the DagBag from /home/airflow/.local/lib/python3.12/site-packages/airflow/example_dags/tutorial_dag.py
[2025-12-16T08:19:34.451+0000] {processor.py:925} INFO - DAG(s) 'tutorial_dag' retrieved from /home/airflow/.local/lib/python3.12/site-packages/airflow/example_dags/tutorial_dag.py
[2025-12-16T08:19:34.565+0000] {logging_mixin.py:190} INFO - [2025-12-16T08:19:34.564+0000] {dag.py:3239} INFO - Sync 1 DAGs
[2025-12-16T08:19:34.617+0000] {logging_mixin.py:190} INFO - [2025-12-16T08:19:34.617+0000] {dag.py:4180} INFO - Setting next_dagrun for tutorial_dag to None, run_after=None
[2025-12-16T08:19:34.663+0000] {processor.py:208} INFO - Processing /home/airflow/.local/lib/python3.12/site-packages/airflow/example_dags/tutorial_dag.py took 0.343 seconds
[2025-12-16T08:20:05.710+0000] {processor.py:186} INFO - Started process (PID=4362) to work on /home/airflow/.local/lib/python3.12/site-packages/airflow/example_dags/tutorial_dag.py
[2025-12-16T08:20:05.713+0000] {processor.py:914} INFO - Processing file /home/airflow/.local/lib/python3.12/site-packages/airflow/example_dags/tutorial_dag.py for tasks to queue
[2025-12-16T08:20:05.716+0000] {logging_mixin.py:190} INFO - [2025-12-16T08:20:05.715+0000] {dagbag.py:588} INFO - Filling up the DagBag from /home/airflow/.local/lib/python3.12/site-packages/airflow/example_dags/tutorial_dag.py
[2025-12-16T08:20:05.738+0000] {processor.py:925} INFO - DAG(s) 'tutorial_dag' retrieved from /home/airflow/.local/lib/python3.12/site-packages/airflow/example_dags/tutorial_dag.py
[2025-12-16T08:20:05.800+0000] {logging_mixin.py:190} INFO - [2025-12-16T08:20:05.799+0000] {dag.py:3239} INFO - Sync 1 DAGs
[2025-12-16T08:20:05.846+0000] {logging_mixin.py:190} INFO - [2025-12-16T08:20:05.846+0000] {dag.py:4180} INFO - Setting next_dagrun for tutorial_dag to None, run_after=None
[2025-12-16T08:20:05.929+0000] {processor.py:208} INFO - Processing /home/airflow/.local/lib/python3.12/site-packages/airflow/example_dags/tutorial_dag.py took 0.236 seconds
[2025-12-16T08:20:41.844+0000] {processor.py:186} INFO - Started process (PID=4434) to work on /home/airflow/.local/lib/python3.12/site-packages/airflow/example_dags/tutorial_dag.py
[2025-12-16T08:20:41.847+0000] {processor.py:914} INFO - Processing file /home/airflow/.local/lib/python3.12/site-packages/airflow/example_dags/tutorial_dag.py for tasks to queue
[2025-12-16T08:20:41.852+0000] {logging_mixin.py:190} INFO - [2025-12-16T08:20:41.850+0000] {dagbag.py:588} INFO - Filling up the DagBag from /home/airflow/.local/lib/python3.12/site-packages/airflow/example_dags/tutorial_dag.py
[2025-12-16T08:20:41.885+0000] {processor.py:925} INFO - DAG(s) 'tutorial_dag' retrieved from /home/airflow/.local/lib/python3.12/site-packages/airflow/example_dags/tutorial_dag.py
[2025-12-16T08:20:41.954+0000] {logging_mixin.py:190} INFO - [2025-12-16T08:20:41.953+0000] {dag.py:3239} INFO - Sync 1 DAGs
[2025-12-16T08:20:42.030+0000] {logging_mixin.py:190} INFO - [2025-12-16T08:20:42.030+0000] {dag.py:4180} INFO - Setting next_dagrun for tutorial_dag to None, run_after=None
[2025-12-16T08:20:42.129+0000] {processor.py:208} INFO - Processing /home/airflow/.local/lib/python3.12/site-packages/airflow/example_dags/tutorial_dag.py took 0.304 seconds
[2025-12-16T08:21:15.395+0000] {processor.py:186} INFO - Started process (PID=4504) to work on /home/airflow/.local/lib/python3.12/site-packages/airflow/example_dags/tutorial_dag.py
[2025-12-16T08:21:15.398+0000] {processor.py:914} INFO - Processing file /home/airflow/.local/lib/python3.12/site-packages/airflow/example_dags/tutorial_dag.py for tasks to queue
[2025-12-16T08:21:15.402+0000] {logging_mixin.py:190} INFO - [2025-12-16T08:21:15.401+0000] {dagbag.py:588} INFO - Filling up the DagBag from /home/airflow/.local/lib/python3.12/site-packages/airflow/example_dags/tutorial_dag.py
[2025-12-16T08:21:15.436+0000] {processor.py:925} INFO - DAG(s) 'tutorial_dag' retrieved from /home/airflow/.local/lib/python3.12/site-packages/airflow/example_dags/tutorial_dag.py
[2025-12-16T08:21:15.567+0000] {logging_mixin.py:190} INFO - [2025-12-16T08:21:15.566+0000] {dag.py:3239} INFO - Sync 1 DAGs
[2025-12-16T08:21:15.615+0000] {logging_mixin.py:190} INFO - [2025-12-16T08:21:15.615+0000] {dag.py:4180} INFO - Setting next_dagrun for tutorial_dag to None, run_after=None
[2025-12-16T08:21:15.674+0000] {processor.py:208} INFO - Processing /home/airflow/.local/lib/python3.12/site-packages/airflow/example_dags/tutorial_dag.py took 0.313 seconds
[2025-12-16T08:21:51.063+0000] {processor.py:186} INFO - Started process (PID=4573) to work on /home/airflow/.local/lib/python3.12/site-packages/airflow/example_dags/tutorial_dag.py
[2025-12-16T08:21:51.066+0000] {processor.py:914} INFO - Processing file /home/airflow/.local/lib/python3.12/site-packages/airflow/example_dags/tutorial_dag.py for tasks to queue
[2025-12-16T08:21:51.069+0000] {logging_mixin.py:190} INFO - [2025-12-16T08:21:51.068+0000] {dagbag.py:588} INFO - Filling up the DagBag from /home/airflow/.local/lib/python3.12/site-packages/airflow/example_dags/tutorial_dag.py
[2025-12-16T08:21:51.088+0000] {processor.py:925} INFO - DAG(s) 'tutorial_dag' retrieved from /home/airflow/.local/lib/python3.12/site-packages/airflow/example_dags/tutorial_dag.py
[2025-12-16T08:21:51.135+0000] {logging_mixin.py:190} INFO - [2025-12-16T08:21:51.135+0000] {dag.py:3239} INFO - Sync 1 DAGs
[2025-12-16T08:21:51.179+0000] {logging_mixin.py:190} INFO - [2025-12-16T08:21:51.178+0000] {dag.py:4180} INFO - Setting next_dagrun for tutorial_dag to None, run_after=None
[2025-12-16T08:21:51.423+0000] {processor.py:208} INFO - Processing /home/airflow/.local/lib/python3.12/site-packages/airflow/example_dags/tutorial_dag.py took 0.375 seconds
[2025-12-16T08:22:24.116+0000] {processor.py:186} INFO - Started process (PID=4644) to work on /home/airflow/.local/lib/python3.12/site-packages/airflow/example_dags/tutorial_dag.py
[2025-12-16T08:22:24.133+0000] {processor.py:914} INFO - Processing file /home/airflow/.local/lib/python3.12/site-packages/airflow/example_dags/tutorial_dag.py for tasks to queue
[2025-12-16T08:22:24.150+0000] {logging_mixin.py:190} INFO - [2025-12-16T08:22:24.148+0000] {dagbag.py:588} INFO - Filling up the DagBag from /home/airflow/.local/lib/python3.12/site-packages/airflow/example_dags/tutorial_dag.py
[2025-12-16T08:22:24.316+0000] {processor.py:925} INFO - DAG(s) 'tutorial_dag' retrieved from /home/airflow/.local/lib/python3.12/site-packages/airflow/example_dags/tutorial_dag.py
[2025-12-16T08:22:24.535+0000] {logging_mixin.py:190} INFO - [2025-12-16T08:22:24.535+0000] {dag.py:3239} INFO - Sync 1 DAGs
[2025-12-16T08:22:24.763+0000] {logging_mixin.py:190} INFO - [2025-12-16T08:22:24.762+0000] {dag.py:4180} INFO - Setting next_dagrun for tutorial_dag to None, run_after=None
[2025-12-16T08:22:24.959+0000] {processor.py:208} INFO - Processing /home/airflow/.local/lib/python3.12/site-packages/airflow/example_dags/tutorial_dag.py took 0.918 seconds
[2025-12-16T08:22:55.209+0000] {processor.py:186} INFO - Started process (PID=4716) to work on /home/airflow/.local/lib/python3.12/site-packages/airflow/example_dags/tutorial_dag.py
[2025-12-16T08:22:55.211+0000] {processor.py:914} INFO - Processing file /home/airflow/.local/lib/python3.12/site-packages/airflow/example_dags/tutorial_dag.py for tasks to queue
[2025-12-16T08:22:55.214+0000] {logging_mixin.py:190} INFO - [2025-12-16T08:22:55.213+0000] {dagbag.py:588} INFO - Filling up the DagBag from /home/airflow/.local/lib/python3.12/site-packages/airflow/example_dags/tutorial_dag.py
[2025-12-16T08:22:55.234+0000] {processor.py:925} INFO - DAG(s) 'tutorial_dag' retrieved from /home/airflow/.local/lib/python3.12/site-packages/airflow/example_dags/tutorial_dag.py
[2025-12-16T08:22:55.317+0000] {logging_mixin.py:190} INFO - [2025-12-16T08:22:55.317+0000] {dag.py:3239} INFO - Sync 1 DAGs
[2025-12-16T08:22:55.414+0000] {logging_mixin.py:190} INFO - [2025-12-16T08:22:55.413+0000] {dag.py:4180} INFO - Setting next_dagrun for tutorial_dag to None, run_after=None
[2025-12-16T08:22:55.780+0000] {processor.py:208} INFO - Processing /home/airflow/.local/lib/python3.12/site-packages/airflow/example_dags/tutorial_dag.py took 0.587 seconds
[2025-12-16T08:23:30.158+0000] {processor.py:186} INFO - Started process (PID=4787) to work on /home/airflow/.local/lib/python3.12/site-packages/airflow/example_dags/tutorial_dag.py
[2025-12-16T08:23:30.161+0000] {processor.py:914} INFO - Processing file /home/airflow/.local/lib/python3.12/site-packages/airflow/example_dags/tutorial_dag.py for tasks to queue
[2025-12-16T08:23:30.164+0000] {logging_mixin.py:190} INFO - [2025-12-16T08:23:30.163+0000] {dagbag.py:588} INFO - Filling up the DagBag from /home/airflow/.local/lib/python3.12/site-packages/airflow/example_dags/tutorial_dag.py
[2025-12-16T08:23:30.184+0000] {processor.py:925} INFO - DAG(s) 'tutorial_dag' retrieved from /home/airflow/.local/lib/python3.12/site-packages/airflow/example_dags/tutorial_dag.py
[2025-12-16T08:23:30.229+0000] {logging_mixin.py:190} INFO - [2025-12-16T08:23:30.229+0000] {dag.py:3239} INFO - Sync 1 DAGs
[2025-12-16T08:23:30.265+0000] {logging_mixin.py:190} INFO - [2025-12-16T08:23:30.264+0000] {dag.py:4180} INFO - Setting next_dagrun for tutorial_dag to None, run_after=None
[2025-12-16T08:23:30.644+0000] {processor.py:208} INFO - Processing /home/airflow/.local/lib/python3.12/site-packages/airflow/example_dags/tutorial_dag.py took 0.500 seconds
[2025-12-16T08:24:00.859+0000] {processor.py:186} INFO - Started process (PID=4854) to work on /home/airflow/.local/lib/python3.12/site-packages/airflow/example_dags/tutorial_dag.py
[2025-12-16T08:24:00.861+0000] {processor.py:914} INFO - Processing file /home/airflow/.local/lib/python3.12/site-packages/airflow/example_dags/tutorial_dag.py for tasks to queue
[2025-12-16T08:24:00.867+0000] {logging_mixin.py:190} INFO - [2025-12-16T08:24:00.865+0000] {dagbag.py:588} INFO - Filling up the DagBag from /home/airflow/.local/lib/python3.12/site-packages/airflow/example_dags/tutorial_dag.py
[2025-12-16T08:24:00.891+0000] {processor.py:925} INFO - DAG(s) 'tutorial_dag' retrieved from /home/airflow/.local/lib/python3.12/site-packages/airflow/example_dags/tutorial_dag.py
[2025-12-16T08:24:00.947+0000] {logging_mixin.py:190} INFO - [2025-12-16T08:24:00.946+0000] {dag.py:3239} INFO - Sync 1 DAGs
[2025-12-16T08:24:00.989+0000] {logging_mixin.py:190} INFO - [2025-12-16T08:24:00.989+0000] {dag.py:4180} INFO - Setting next_dagrun for tutorial_dag to None, run_after=None
[2025-12-16T08:24:01.039+0000] {processor.py:208} INFO - Processing /home/airflow/.local/lib/python3.12/site-packages/airflow/example_dags/tutorial_dag.py took 0.197 seconds
[2025-12-16T08:24:31.885+0000] {processor.py:186} INFO - Started process (PID=4924) to work on /home/airflow/.local/lib/python3.12/site-packages/airflow/example_dags/tutorial_dag.py
[2025-12-16T08:24:31.893+0000] {processor.py:914} INFO - Processing file /home/airflow/.local/lib/python3.12/site-packages/airflow/example_dags/tutorial_dag.py for tasks to queue
[2025-12-16T08:24:31.925+0000] {logging_mixin.py:190} INFO - [2025-12-16T08:24:31.923+0000] {dagbag.py:588} INFO - Filling up the DagBag from /home/airflow/.local/lib/python3.12/site-packages/airflow/example_dags/tutorial_dag.py
[2025-12-16T08:24:32.007+0000] {processor.py:925} INFO - DAG(s) 'tutorial_dag' retrieved from /home/airflow/.local/lib/python3.12/site-packages/airflow/example_dags/tutorial_dag.py
[2025-12-16T08:24:32.275+0000] {logging_mixin.py:190} INFO - [2025-12-16T08:24:32.273+0000] {dag.py:3239} INFO - Sync 1 DAGs
[2025-12-16T08:24:32.585+0000] {logging_mixin.py:190} INFO - [2025-12-16T08:24:32.584+0000] {dag.py:4180} INFO - Setting next_dagrun for tutorial_dag to None, run_after=None
[2025-12-16T08:24:32.753+0000] {processor.py:208} INFO - Processing /home/airflow/.local/lib/python3.12/site-packages/airflow/example_dags/tutorial_dag.py took 0.920 seconds
[2025-12-16T08:25:03.252+0000] {processor.py:186} INFO - Started process (PID=4996) to work on /home/airflow/.local/lib/python3.12/site-packages/airflow/example_dags/tutorial_dag.py
[2025-12-16T08:25:03.256+0000] {processor.py:914} INFO - Processing file /home/airflow/.local/lib/python3.12/site-packages/airflow/example_dags/tutorial_dag.py for tasks to queue
[2025-12-16T08:25:03.265+0000] {logging_mixin.py:190} INFO - [2025-12-16T08:25:03.260+0000] {dagbag.py:588} INFO - Filling up the DagBag from /home/airflow/.local/lib/python3.12/site-packages/airflow/example_dags/tutorial_dag.py
[2025-12-16T08:25:03.296+0000] {processor.py:925} INFO - DAG(s) 'tutorial_dag' retrieved from /home/airflow/.local/lib/python3.12/site-packages/airflow/example_dags/tutorial_dag.py
[2025-12-16T08:25:03.371+0000] {logging_mixin.py:190} INFO - [2025-12-16T08:25:03.370+0000] {dag.py:3239} INFO - Sync 1 DAGs
[2025-12-16T08:25:03.435+0000] {logging_mixin.py:190} INFO - [2025-12-16T08:25:03.435+0000] {dag.py:4180} INFO - Setting next_dagrun for tutorial_dag to None, run_after=None
[2025-12-16T08:25:03.497+0000] {processor.py:208} INFO - Processing /home/airflow/.local/lib/python3.12/site-packages/airflow/example_dags/tutorial_dag.py took 0.287 seconds
[2025-12-16T08:25:34.215+0000] {processor.py:186} INFO - Started process (PID=5069) to work on /home/airflow/.local/lib/python3.12/site-packages/airflow/example_dags/tutorial_dag.py
[2025-12-16T08:25:34.233+0000] {processor.py:914} INFO - Processing file /home/airflow/.local/lib/python3.12/site-packages/airflow/example_dags/tutorial_dag.py for tasks to queue
[2025-12-16T08:25:34.245+0000] {logging_mixin.py:190} INFO - [2025-12-16T08:25:34.236+0000] {dagbag.py:588} INFO - Filling up the DagBag from /home/airflow/.local/lib/python3.12/site-packages/airflow/example_dags/tutorial_dag.py
[2025-12-16T08:25:34.325+0000] {processor.py:925} INFO - DAG(s) 'tutorial_dag' retrieved from /home/airflow/.local/lib/python3.12/site-packages/airflow/example_dags/tutorial_dag.py
[2025-12-16T08:25:34.456+0000] {logging_mixin.py:190} INFO - [2025-12-16T08:25:34.456+0000] {dag.py:3239} INFO - Sync 1 DAGs
[2025-12-16T08:25:34.627+0000] {logging_mixin.py:190} INFO - [2025-12-16T08:25:34.627+0000] {dag.py:4180} INFO - Setting next_dagrun for tutorial_dag to None, run_after=None
[2025-12-16T08:25:34.800+0000] {processor.py:208} INFO - Processing /home/airflow/.local/lib/python3.12/site-packages/airflow/example_dags/tutorial_dag.py took 0.631 seconds
[2025-12-16T08:26:07.538+0000] {processor.py:186} INFO - Started process (PID=5140) to work on /home/airflow/.local/lib/python3.12/site-packages/airflow/example_dags/tutorial_dag.py
[2025-12-16T08:26:07.540+0000] {processor.py:914} INFO - Processing file /home/airflow/.local/lib/python3.12/site-packages/airflow/example_dags/tutorial_dag.py for tasks to queue
[2025-12-16T08:26:07.545+0000] {logging_mixin.py:190} INFO - [2025-12-16T08:26:07.543+0000] {dagbag.py:588} INFO - Filling up the DagBag from /home/airflow/.local/lib/python3.12/site-packages/airflow/example_dags/tutorial_dag.py
[2025-12-16T08:26:07.589+0000] {processor.py:925} INFO - DAG(s) 'tutorial_dag' retrieved from /home/airflow/.local/lib/python3.12/site-packages/airflow/example_dags/tutorial_dag.py
[2025-12-16T08:26:07.657+0000] {logging_mixin.py:190} INFO - [2025-12-16T08:26:07.656+0000] {dag.py:3239} INFO - Sync 1 DAGs
[2025-12-16T08:26:07.734+0000] {logging_mixin.py:190} INFO - [2025-12-16T08:26:07.733+0000] {dag.py:4180} INFO - Setting next_dagrun for tutorial_dag to None, run_after=None
[2025-12-16T08:26:07.799+0000] {processor.py:208} INFO - Processing /home/airflow/.local/lib/python3.12/site-packages/airflow/example_dags/tutorial_dag.py took 0.277 seconds
[2025-12-16T08:26:47.896+0000] {processor.py:186} INFO - Started process (PID=5212) to work on /home/airflow/.local/lib/python3.12/site-packages/airflow/example_dags/tutorial_dag.py
[2025-12-16T08:26:47.901+0000] {processor.py:914} INFO - Processing file /home/airflow/.local/lib/python3.12/site-packages/airflow/example_dags/tutorial_dag.py for tasks to queue
[2025-12-16T08:26:47.909+0000] {logging_mixin.py:190} INFO - [2025-12-16T08:26:47.905+0000] {dagbag.py:588} INFO - Filling up the DagBag from /home/airflow/.local/lib/python3.12/site-packages/airflow/example_dags/tutorial_dag.py
[2025-12-16T08:26:47.953+0000] {processor.py:925} INFO - DAG(s) 'tutorial_dag' retrieved from /home/airflow/.local/lib/python3.12/site-packages/airflow/example_dags/tutorial_dag.py
[2025-12-16T08:26:48.122+0000] {logging_mixin.py:190} INFO - [2025-12-16T08:26:48.122+0000] {dag.py:3239} INFO - Sync 1 DAGs
[2025-12-16T08:26:48.179+0000] {logging_mixin.py:190} INFO - [2025-12-16T08:26:48.178+0000] {dag.py:4180} INFO - Setting next_dagrun for tutorial_dag to None, run_after=None
[2025-12-16T08:26:48.239+0000] {processor.py:208} INFO - Processing /home/airflow/.local/lib/python3.12/site-packages/airflow/example_dags/tutorial_dag.py took 0.372 seconds
[2025-12-16T08:27:39.831+0000] {processor.py:186} INFO - Started process (PID=5281) to work on /home/airflow/.local/lib/python3.12/site-packages/airflow/example_dags/tutorial_dag.py
[2025-12-16T08:27:39.845+0000] {processor.py:914} INFO - Processing file /home/airflow/.local/lib/python3.12/site-packages/airflow/example_dags/tutorial_dag.py for tasks to queue
[2025-12-16T08:27:39.850+0000] {logging_mixin.py:190} INFO - [2025-12-16T08:27:39.848+0000] {dagbag.py:588} INFO - Filling up the DagBag from /home/airflow/.local/lib/python3.12/site-packages/airflow/example_dags/tutorial_dag.py
[2025-12-16T08:27:39.951+0000] {processor.py:925} INFO - DAG(s) 'tutorial_dag' retrieved from /home/airflow/.local/lib/python3.12/site-packages/airflow/example_dags/tutorial_dag.py
[2025-12-16T08:27:40.182+0000] {logging_mixin.py:190} INFO - [2025-12-16T08:27:40.181+0000] {dag.py:3239} INFO - Sync 1 DAGs
[2025-12-16T08:27:40.330+0000] {logging_mixin.py:190} INFO - [2025-12-16T08:27:40.329+0000] {dag.py:4180} INFO - Setting next_dagrun for tutorial_dag to None, run_after=None
[2025-12-16T08:27:40.536+0000] {processor.py:208} INFO - Processing /home/airflow/.local/lib/python3.12/site-packages/airflow/example_dags/tutorial_dag.py took 0.755 seconds
[2025-12-16T08:28:22.250+0000] {processor.py:186} INFO - Started process (PID=5357) to work on /home/airflow/.local/lib/python3.12/site-packages/airflow/example_dags/tutorial_dag.py
[2025-12-16T08:28:22.256+0000] {processor.py:914} INFO - Processing file /home/airflow/.local/lib/python3.12/site-packages/airflow/example_dags/tutorial_dag.py for tasks to queue
[2025-12-16T08:28:22.261+0000] {logging_mixin.py:190} INFO - [2025-12-16T08:28:22.260+0000] {dagbag.py:588} INFO - Filling up the DagBag from /home/airflow/.local/lib/python3.12/site-packages/airflow/example_dags/tutorial_dag.py
[2025-12-16T08:28:22.323+0000] {processor.py:925} INFO - DAG(s) 'tutorial_dag' retrieved from /home/airflow/.local/lib/python3.12/site-packages/airflow/example_dags/tutorial_dag.py
[2025-12-16T08:28:22.420+0000] {logging_mixin.py:190} INFO - [2025-12-16T08:28:22.419+0000] {dag.py:3239} INFO - Sync 1 DAGs
[2025-12-16T08:28:22.497+0000] {logging_mixin.py:190} INFO - [2025-12-16T08:28:22.496+0000] {dag.py:4180} INFO - Setting next_dagrun for tutorial_dag to None, run_after=None
[2025-12-16T08:28:22.608+0000] {processor.py:208} INFO - Processing /home/airflow/.local/lib/python3.12/site-packages/airflow/example_dags/tutorial_dag.py took 0.394 seconds
