[2025-12-16T13:31:25.362+0000] {processor.py:186} INFO - Started process (PID=112) to work on /opt/airflow/dags/3.2.1/3.2.1.py
[2025-12-16T13:31:25.366+0000] {processor.py:914} INFO - Processing file /opt/airflow/dags/3.2.1/3.2.1.py for tasks to queue
[2025-12-16T13:31:25.383+0000] {logging_mixin.py:190} INFO - [2025-12-16T13:31:25.382+0000] {dagbag.py:588} INFO - Filling up the DagBag from /opt/airflow/dags/3.2.1/3.2.1.py
[2025-12-16T13:31:25.842+0000] {logging_mixin.py:190} INFO - [2025-12-16T13:31:25.794+0000] {dagbag.py:387} ERROR - Failed to import: /opt/airflow/dags/3.2.1/3.2.1.py
Traceback (most recent call last):
  File "/home/airflow/.local/lib/python3.12/site-packages/airflow/models/dagbag.py", line 383, in parse
    loader.exec_module(new_module)
  File "<frozen importlib._bootstrap_external>", line 999, in exec_module
  File "<frozen importlib._bootstrap>", line 488, in _call_with_frames_removed
  File "/opt/airflow/dags/3.2.1/3.2.1.py", line 4, in <module>
    CON = sqlite3.connect('/usr/local/airflow/dags/3.2.1/example.db')
          ^^^^^^^^^^^^^^^^^^^^^^^^^^^^^^^^^^^^^^^^^^^^^^^^^^^^^^^^^^^
sqlite3.OperationalError: unable to open database file
[2025-12-16T13:31:25.847+0000] {processor.py:927} WARNING - No viable dags retrieved from /opt/airflow/dags/3.2.1/3.2.1.py
[2025-12-16T13:31:25.996+0000] {processor.py:208} INFO - Processing /opt/airflow/dags/3.2.1/3.2.1.py took 0.719 seconds
[2025-12-16T13:34:30.151+0000] {processor.py:186} INFO - Started process (PID=227) to work on /opt/airflow/dags/3.2.1/3.2.1.py
[2025-12-16T13:34:30.157+0000] {processor.py:914} INFO - Processing file /opt/airflow/dags/3.2.1/3.2.1.py for tasks to queue
[2025-12-16T13:34:30.181+0000] {logging_mixin.py:190} INFO - [2025-12-16T13:34:30.180+0000] {dagbag.py:588} INFO - Filling up the DagBag from /opt/airflow/dags/3.2.1/3.2.1.py
[2025-12-16T13:34:30.417+0000] {logging_mixin.py:190} INFO - [2025-12-16T13:34:30.351+0000] {dagbag.py:387} ERROR - Failed to import: /opt/airflow/dags/3.2.1/3.2.1.py
Traceback (most recent call last):
  File "/home/airflow/.local/lib/python3.12/site-packages/airflow/models/dagbag.py", line 383, in parse
    loader.exec_module(new_module)
  File "<frozen importlib._bootstrap_external>", line 999, in exec_module
  File "<frozen importlib._bootstrap>", line 488, in _call_with_frames_removed
  File "/opt/airflow/dags/3.2.1/3.2.1.py", line 4, in <module>
    CON = sqlite3.connect('/usr/local/airflow/dags/3.2.1/example.db')
          ^^^^^^^^^^^^^^^^^^^^^^^^^^^^^^^^^^^^^^^^^^^^^^^^^^^^^^^^^^^
sqlite3.OperationalError: unable to open database file
[2025-12-16T13:34:30.433+0000] {processor.py:927} WARNING - No viable dags retrieved from /opt/airflow/dags/3.2.1/3.2.1.py
[2025-12-16T13:34:30.551+0000] {processor.py:208} INFO - Processing /opt/airflow/dags/3.2.1/3.2.1.py took 0.465 seconds
[2025-12-16T13:35:13.561+0000] {processor.py:186} INFO - Started process (PID=312) to work on /opt/airflow/dags/3.2.1/3.2.1.py
[2025-12-16T13:35:13.568+0000] {processor.py:914} INFO - Processing file /opt/airflow/dags/3.2.1/3.2.1.py for tasks to queue
[2025-12-16T13:35:13.581+0000] {logging_mixin.py:190} INFO - [2025-12-16T13:35:13.579+0000] {dagbag.py:588} INFO - Filling up the DagBag from /opt/airflow/dags/3.2.1/3.2.1.py
[2025-12-16T13:35:13.771+0000] {logging_mixin.py:190} INFO - [2025-12-16T13:35:13.746+0000] {dagbag.py:387} ERROR - Failed to import: /opt/airflow/dags/3.2.1/3.2.1.py
Traceback (most recent call last):
  File "/home/airflow/.local/lib/python3.12/site-packages/airflow/models/dagbag.py", line 383, in parse
    loader.exec_module(new_module)
  File "<frozen importlib._bootstrap_external>", line 999, in exec_module
  File "<frozen importlib._bootstrap>", line 488, in _call_with_frames_removed
  File "/opt/airflow/dags/3.2.1/3.2.1.py", line 4, in <module>
    CON = sqlite3.connect('/usr/local/airflow/dags/3.2.1/example.db')
          ^^^^^^^^^^^^^^^^^^^^^^^^^^^^^^^^^^^^^^^^^^^^^^^^^^^^^^^^^^^
sqlite3.OperationalError: unable to open database file
[2025-12-16T13:35:13.777+0000] {processor.py:927} WARNING - No viable dags retrieved from /opt/airflow/dags/3.2.1/3.2.1.py
[2025-12-16T13:35:13.844+0000] {processor.py:208} INFO - Processing /opt/airflow/dags/3.2.1/3.2.1.py took 0.316 seconds
[2025-12-16T13:36:05.374+0000] {processor.py:186} INFO - Started process (PID=408) to work on /opt/airflow/dags/3.2.1/3.2.1.py
[2025-12-16T13:36:05.392+0000] {processor.py:914} INFO - Processing file /opt/airflow/dags/3.2.1/3.2.1.py for tasks to queue
[2025-12-16T13:36:05.423+0000] {logging_mixin.py:190} INFO - [2025-12-16T13:36:05.422+0000] {dagbag.py:588} INFO - Filling up the DagBag from /opt/airflow/dags/3.2.1/3.2.1.py
[2025-12-16T13:36:05.546+0000] {logging_mixin.py:190} INFO - [2025-12-16T13:36:05.519+0000] {dagbag.py:387} ERROR - Failed to import: /opt/airflow/dags/3.2.1/3.2.1.py
Traceback (most recent call last):
  File "/home/airflow/.local/lib/python3.12/site-packages/airflow/models/dagbag.py", line 383, in parse
    loader.exec_module(new_module)
  File "<frozen importlib._bootstrap_external>", line 999, in exec_module
  File "<frozen importlib._bootstrap>", line 488, in _call_with_frames_removed
  File "/opt/airflow/dags/3.2.1/3.2.1.py", line 4, in <module>
    CON = sqlite3.connect('/usr/local/airflow/dags/3.2.1/example.db')
          ^^^^^^^^^^^^^^^^^^^^^^^^^^^^^^^^^^^^^^^^^^^^^^^^^^^^^^^^^^^
sqlite3.OperationalError: unable to open database file
[2025-12-16T13:36:05.552+0000] {processor.py:927} WARNING - No viable dags retrieved from /opt/airflow/dags/3.2.1/3.2.1.py
[2025-12-16T13:36:05.640+0000] {processor.py:208} INFO - Processing /opt/airflow/dags/3.2.1/3.2.1.py took 0.334 seconds
[2025-12-16T13:36:38.720+0000] {processor.py:186} INFO - Started process (PID=493) to work on /opt/airflow/dags/3.2.1/3.2.1.py
[2025-12-16T13:36:38.723+0000] {processor.py:914} INFO - Processing file /opt/airflow/dags/3.2.1/3.2.1.py for tasks to queue
[2025-12-16T13:36:38.731+0000] {logging_mixin.py:190} INFO - [2025-12-16T13:36:38.729+0000] {dagbag.py:588} INFO - Filling up the DagBag from /opt/airflow/dags/3.2.1/3.2.1.py
[2025-12-16T13:36:38.847+0000] {logging_mixin.py:190} INFO - [2025-12-16T13:36:38.835+0000] {dagbag.py:387} ERROR - Failed to import: /opt/airflow/dags/3.2.1/3.2.1.py
Traceback (most recent call last):
  File "/home/airflow/.local/lib/python3.12/site-packages/airflow/models/dagbag.py", line 383, in parse
    loader.exec_module(new_module)
  File "<frozen importlib._bootstrap_external>", line 999, in exec_module
  File "<frozen importlib._bootstrap>", line 488, in _call_with_frames_removed
  File "/opt/airflow/dags/3.2.1/3.2.1.py", line 4, in <module>
    CON = sqlite3.connect('/usr/local/airflow/dags/3.2.1/example.db')
          ^^^^^^^^^^^^^^^^^^^^^^^^^^^^^^^^^^^^^^^^^^^^^^^^^^^^^^^^^^^
sqlite3.OperationalError: unable to open database file
[2025-12-16T13:36:38.851+0000] {processor.py:927} WARNING - No viable dags retrieved from /opt/airflow/dags/3.2.1/3.2.1.py
[2025-12-16T13:36:38.903+0000] {processor.py:208} INFO - Processing /opt/airflow/dags/3.2.1/3.2.1.py took 0.207 seconds
[2025-12-16T13:37:11.618+0000] {processor.py:186} INFO - Started process (PID=575) to work on /opt/airflow/dags/3.2.1/3.2.1.py
[2025-12-16T13:37:11.621+0000] {processor.py:914} INFO - Processing file /opt/airflow/dags/3.2.1/3.2.1.py for tasks to queue
[2025-12-16T13:37:11.628+0000] {logging_mixin.py:190} INFO - [2025-12-16T13:37:11.627+0000] {dagbag.py:588} INFO - Filling up the DagBag from /opt/airflow/dags/3.2.1/3.2.1.py
[2025-12-16T13:37:11.713+0000] {logging_mixin.py:190} INFO - [2025-12-16T13:37:11.700+0000] {dagbag.py:387} ERROR - Failed to import: /opt/airflow/dags/3.2.1/3.2.1.py
Traceback (most recent call last):
  File "/home/airflow/.local/lib/python3.12/site-packages/airflow/models/dagbag.py", line 383, in parse
    loader.exec_module(new_module)
  File "<frozen importlib._bootstrap_external>", line 999, in exec_module
  File "<frozen importlib._bootstrap>", line 488, in _call_with_frames_removed
  File "/opt/airflow/dags/3.2.1/3.2.1.py", line 4, in <module>
    CON = sqlite3.connect('/usr/local/airflow/dags/3.2.1/example.db')
          ^^^^^^^^^^^^^^^^^^^^^^^^^^^^^^^^^^^^^^^^^^^^^^^^^^^^^^^^^^^
sqlite3.OperationalError: unable to open database file
[2025-12-16T13:37:11.719+0000] {processor.py:927} WARNING - No viable dags retrieved from /opt/airflow/dags/3.2.1/3.2.1.py
[2025-12-16T13:37:11.806+0000] {processor.py:208} INFO - Processing /opt/airflow/dags/3.2.1/3.2.1.py took 0.207 seconds
[2025-12-16T13:37:47.054+0000] {processor.py:186} INFO - Started process (PID=660) to work on /opt/airflow/dags/3.2.1/3.2.1.py
[2025-12-16T13:37:47.060+0000] {processor.py:914} INFO - Processing file /opt/airflow/dags/3.2.1/3.2.1.py for tasks to queue
[2025-12-16T13:37:47.072+0000] {logging_mixin.py:190} INFO - [2025-12-16T13:37:47.071+0000] {dagbag.py:588} INFO - Filling up the DagBag from /opt/airflow/dags/3.2.1/3.2.1.py
[2025-12-16T13:37:47.196+0000] {logging_mixin.py:190} INFO - [2025-12-16T13:37:47.179+0000] {dagbag.py:387} ERROR - Failed to import: /opt/airflow/dags/3.2.1/3.2.1.py
Traceback (most recent call last):
  File "/home/airflow/.local/lib/python3.12/site-packages/airflow/models/dagbag.py", line 383, in parse
    loader.exec_module(new_module)
  File "<frozen importlib._bootstrap_external>", line 999, in exec_module
  File "<frozen importlib._bootstrap>", line 488, in _call_with_frames_removed
  File "/opt/airflow/dags/3.2.1/3.2.1.py", line 4, in <module>
    CON = sqlite3.connect('/usr/local/airflow/dags/3.2.1/example.db')
          ^^^^^^^^^^^^^^^^^^^^^^^^^^^^^^^^^^^^^^^^^^^^^^^^^^^^^^^^^^^
sqlite3.OperationalError: unable to open database file
[2025-12-16T13:37:47.202+0000] {processor.py:927} WARNING - No viable dags retrieved from /opt/airflow/dags/3.2.1/3.2.1.py
[2025-12-16T13:37:47.290+0000] {processor.py:208} INFO - Processing /opt/airflow/dags/3.2.1/3.2.1.py took 0.271 seconds
[2025-12-16T13:38:59.085+0000] {processor.py:186} INFO - Started process (PID=719) to work on /opt/airflow/dags/3.2.1/3.2.1.py
[2025-12-16T13:38:59.101+0000] {processor.py:914} INFO - Processing file /opt/airflow/dags/3.2.1/3.2.1.py for tasks to queue
[2025-12-16T13:38:59.120+0000] {logging_mixin.py:190} INFO - [2025-12-16T13:38:59.118+0000] {dagbag.py:588} INFO - Filling up the DagBag from /opt/airflow/dags/3.2.1/3.2.1.py
[2025-12-16T13:38:59.269+0000] {logging_mixin.py:190} INFO - [2025-12-16T13:38:59.224+0000] {dagbag.py:387} ERROR - Failed to import: /opt/airflow/dags/3.2.1/3.2.1.py
Traceback (most recent call last):
  File "/home/airflow/.local/lib/python3.12/site-packages/airflow/models/dagbag.py", line 383, in parse
    loader.exec_module(new_module)
  File "<frozen importlib._bootstrap_external>", line 999, in exec_module
  File "<frozen importlib._bootstrap>", line 488, in _call_with_frames_removed
  File "/opt/airflow/dags/3.2.1/3.2.1.py", line 4, in <module>
    CON = sqlite3.connect('/usr/local/airflow/dags/3.2.1/example.db')
          ^^^^^^^^^^^^^^^^^^^^^^^^^^^^^^^^^^^^^^^^^^^^^^^^^^^^^^^^^^^
sqlite3.OperationalError: unable to open database file
[2025-12-16T13:38:59.285+0000] {processor.py:927} WARNING - No viable dags retrieved from /opt/airflow/dags/3.2.1/3.2.1.py
[2025-12-16T13:38:59.385+0000] {processor.py:208} INFO - Processing /opt/airflow/dags/3.2.1/3.2.1.py took 0.355 seconds
[2025-12-16T13:39:34.076+0000] {processor.py:186} INFO - Started process (PID=779) to work on /opt/airflow/dags/3.2.1/3.2.1.py
[2025-12-16T13:39:34.078+0000] {processor.py:914} INFO - Processing file /opt/airflow/dags/3.2.1/3.2.1.py for tasks to queue
[2025-12-16T13:39:34.084+0000] {logging_mixin.py:190} INFO - [2025-12-16T13:39:34.083+0000] {dagbag.py:588} INFO - Filling up the DagBag from /opt/airflow/dags/3.2.1/3.2.1.py
[2025-12-16T13:39:34.160+0000] {logging_mixin.py:190} INFO - [2025-12-16T13:39:34.148+0000] {dagbag.py:387} ERROR - Failed to import: /opt/airflow/dags/3.2.1/3.2.1.py
Traceback (most recent call last):
  File "/home/airflow/.local/lib/python3.12/site-packages/airflow/models/dagbag.py", line 383, in parse
    loader.exec_module(new_module)
  File "<frozen importlib._bootstrap_external>", line 999, in exec_module
  File "<frozen importlib._bootstrap>", line 488, in _call_with_frames_removed
  File "/opt/airflow/dags/3.2.1/3.2.1.py", line 4, in <module>
    CON = sqlite3.connect('/usr/local/airflow/dags/3.2.1/example.db')
          ^^^^^^^^^^^^^^^^^^^^^^^^^^^^^^^^^^^^^^^^^^^^^^^^^^^^^^^^^^^
sqlite3.OperationalError: unable to open database file
[2025-12-16T13:39:34.165+0000] {processor.py:927} WARNING - No viable dags retrieved from /opt/airflow/dags/3.2.1/3.2.1.py
[2025-12-16T13:39:34.220+0000] {processor.py:208} INFO - Processing /opt/airflow/dags/3.2.1/3.2.1.py took 0.160 seconds
[2025-12-16T13:40:06.505+0000] {processor.py:186} INFO - Started process (PID=864) to work on /opt/airflow/dags/3.2.1/3.2.1.py
[2025-12-16T13:40:06.507+0000] {processor.py:914} INFO - Processing file /opt/airflow/dags/3.2.1/3.2.1.py for tasks to queue
[2025-12-16T13:40:06.513+0000] {logging_mixin.py:190} INFO - [2025-12-16T13:40:06.512+0000] {dagbag.py:588} INFO - Filling up the DagBag from /opt/airflow/dags/3.2.1/3.2.1.py
[2025-12-16T13:40:06.569+0000] {logging_mixin.py:190} INFO - [2025-12-16T13:40:06.557+0000] {dagbag.py:387} ERROR - Failed to import: /opt/airflow/dags/3.2.1/3.2.1.py
Traceback (most recent call last):
  File "/home/airflow/.local/lib/python3.12/site-packages/airflow/models/dagbag.py", line 383, in parse
    loader.exec_module(new_module)
  File "<frozen importlib._bootstrap_external>", line 999, in exec_module
  File "<frozen importlib._bootstrap>", line 488, in _call_with_frames_removed
  File "/opt/airflow/dags/3.2.1/3.2.1.py", line 4, in <module>
    CON = sqlite3.connect('/usr/local/airflow/dags/3.2.1/example.db')
          ^^^^^^^^^^^^^^^^^^^^^^^^^^^^^^^^^^^^^^^^^^^^^^^^^^^^^^^^^^^
sqlite3.OperationalError: unable to open database file
[2025-12-16T13:40:06.575+0000] {processor.py:927} WARNING - No viable dags retrieved from /opt/airflow/dags/3.2.1/3.2.1.py
[2025-12-16T13:40:06.624+0000] {processor.py:208} INFO - Processing /opt/airflow/dags/3.2.1/3.2.1.py took 0.143 seconds
