[2025-12-16T13:31:16.437+0000] {processor.py:186} INFO - Started process (PID=107) to work on /opt/airflow/dags/3.2.8/3.2.8.py
[2025-12-16T13:31:16.445+0000] {processor.py:914} INFO - Processing file /opt/airflow/dags/3.2.8/3.2.8.py for tasks to queue
[2025-12-16T13:31:16.457+0000] {logging_mixin.py:190} INFO - [2025-12-16T13:31:16.456+0000] {dagbag.py:588} INFO - Filling up the DagBag from /opt/airflow/dags/3.2.8/3.2.8.py
[2025-12-16T13:31:16.816+0000] {processor.py:925} INFO - DAG(s) '3.2.8' retrieved from /opt/airflow/dags/3.2.8/3.2.8.py
[2025-12-16T13:31:18.237+0000] {logging_mixin.py:190} INFO - [2025-12-16T13:31:18.236+0000] {override.py:1912} INFO - Created Permission View: can edit on DAG:3.2.8
[2025-12-16T13:31:18.382+0000] {logging_mixin.py:190} INFO - [2025-12-16T13:31:18.381+0000] {override.py:1912} INFO - Created Permission View: can delete on DAG:3.2.8
[2025-12-16T13:31:18.417+0000] {logging_mixin.py:190} INFO - [2025-12-16T13:31:18.416+0000] {override.py:1912} INFO - Created Permission View: can read on DAG:3.2.8
[2025-12-16T13:31:18.482+0000] {logging_mixin.py:190} INFO - [2025-12-16T13:31:18.481+0000] {override.py:1912} INFO - Created Permission View: can delete on DAG Run:3.2.8
[2025-12-16T13:31:18.514+0000] {logging_mixin.py:190} INFO - [2025-12-16T13:31:18.513+0000] {override.py:1912} INFO - Created Permission View: can create on DAG Run:3.2.8
[2025-12-16T13:31:18.570+0000] {logging_mixin.py:190} INFO - [2025-12-16T13:31:18.569+0000] {override.py:1912} INFO - Created Permission View: menu access on DAG Run:3.2.8
[2025-12-16T13:31:18.601+0000] {logging_mixin.py:190} INFO - [2025-12-16T13:31:18.600+0000] {override.py:1912} INFO - Created Permission View: can read on DAG Run:3.2.8
[2025-12-16T13:31:18.604+0000] {logging_mixin.py:190} INFO - [2025-12-16T13:31:18.603+0000] {dag.py:3239} INFO - Sync 1 DAGs
[2025-12-16T13:31:18.768+0000] {logging_mixin.py:190} INFO - [2025-12-16T13:31:18.768+0000] {dag.py:3262} INFO - Creating ORM DAG for 3.2.8
[2025-12-16T13:31:18.795+0000] {logging_mixin.py:190} INFO - [2025-12-16T13:31:18.794+0000] {dag.py:4180} INFO - Setting next_dagrun for 3.2.8 to 2025-12-15 00:00:00+00:00, run_after=2025-12-16 00:00:00+00:00
[2025-12-16T13:31:18.873+0000] {processor.py:208} INFO - Processing /opt/airflow/dags/3.2.8/3.2.8.py took 2.486 seconds
[2025-12-16T13:34:24.037+0000] {processor.py:186} INFO - Started process (PID=222) to work on /opt/airflow/dags/3.2.8/3.2.8.py
[2025-12-16T13:34:24.051+0000] {processor.py:914} INFO - Processing file /opt/airflow/dags/3.2.8/3.2.8.py for tasks to queue
[2025-12-16T13:34:24.164+0000] {logging_mixin.py:190} INFO - [2025-12-16T13:34:24.162+0000] {dagbag.py:588} INFO - Filling up the DagBag from /opt/airflow/dags/3.2.8/3.2.8.py
[2025-12-16T13:34:24.875+0000] {processor.py:925} INFO - DAG(s) '3.2.8' retrieved from /opt/airflow/dags/3.2.8/3.2.8.py
[2025-12-16T13:34:25.306+0000] {logging_mixin.py:190} INFO - [2025-12-16T13:34:25.305+0000] {dag.py:3239} INFO - Sync 1 DAGs
[2025-12-16T13:34:25.970+0000] {logging_mixin.py:190} INFO - [2025-12-16T13:34:25.969+0000] {dag.py:4180} INFO - Setting next_dagrun for 3.2.8 to 2025-12-15 00:00:00+00:00, run_after=2025-12-16 00:00:00+00:00
[2025-12-16T13:34:26.268+0000] {processor.py:208} INFO - Processing /opt/airflow/dags/3.2.8/3.2.8.py took 2.416 seconds
[2025-12-16T13:35:11.319+0000] {processor.py:186} INFO - Started process (PID=307) to work on /opt/airflow/dags/3.2.8/3.2.8.py
[2025-12-16T13:35:11.323+0000] {processor.py:914} INFO - Processing file /opt/airflow/dags/3.2.8/3.2.8.py for tasks to queue
[2025-12-16T13:35:11.331+0000] {logging_mixin.py:190} INFO - [2025-12-16T13:35:11.330+0000] {dagbag.py:588} INFO - Filling up the DagBag from /opt/airflow/dags/3.2.8/3.2.8.py
[2025-12-16T13:35:11.607+0000] {processor.py:925} INFO - DAG(s) '3.2.8' retrieved from /opt/airflow/dags/3.2.8/3.2.8.py
[2025-12-16T13:35:11.743+0000] {logging_mixin.py:190} INFO - [2025-12-16T13:35:11.743+0000] {dag.py:3239} INFO - Sync 1 DAGs
[2025-12-16T13:35:11.965+0000] {logging_mixin.py:190} INFO - [2025-12-16T13:35:11.964+0000] {dag.py:4180} INFO - Setting next_dagrun for 3.2.8 to 2025-12-15 00:00:00+00:00, run_after=2025-12-16 00:00:00+00:00
[2025-12-16T13:35:12.101+0000] {processor.py:208} INFO - Processing /opt/airflow/dags/3.2.8/3.2.8.py took 0.849 seconds
[2025-12-16T13:35:57.375+0000] {processor.py:186} INFO - Started process (PID=393) to work on /opt/airflow/dags/3.2.8/3.2.8.py
[2025-12-16T13:35:57.377+0000] {processor.py:914} INFO - Processing file /opt/airflow/dags/3.2.8/3.2.8.py for tasks to queue
[2025-12-16T13:35:57.416+0000] {logging_mixin.py:190} INFO - [2025-12-16T13:35:57.414+0000] {dagbag.py:588} INFO - Filling up the DagBag from /opt/airflow/dags/3.2.8/3.2.8.py
[2025-12-16T13:35:57.821+0000] {processor.py:925} INFO - DAG(s) '3.2.8' retrieved from /opt/airflow/dags/3.2.8/3.2.8.py
[2025-12-16T13:35:58.145+0000] {logging_mixin.py:190} INFO - [2025-12-16T13:35:58.144+0000] {dag.py:3239} INFO - Sync 1 DAGs
[2025-12-16T13:35:58.476+0000] {logging_mixin.py:190} INFO - [2025-12-16T13:35:58.475+0000] {dag.py:4180} INFO - Setting next_dagrun for 3.2.8 to 2025-12-15 00:00:00+00:00, run_after=2025-12-16 00:00:00+00:00
[2025-12-16T13:35:58.791+0000] {processor.py:208} INFO - Processing /opt/airflow/dags/3.2.8/3.2.8.py took 1.483 seconds
[2025-12-16T13:36:32.498+0000] {processor.py:186} INFO - Started process (PID=477) to work on /opt/airflow/dags/3.2.8/3.2.8.py
[2025-12-16T13:36:32.501+0000] {processor.py:914} INFO - Processing file /opt/airflow/dags/3.2.8/3.2.8.py for tasks to queue
[2025-12-16T13:36:32.507+0000] {logging_mixin.py:190} INFO - [2025-12-16T13:36:32.506+0000] {dagbag.py:588} INFO - Filling up the DagBag from /opt/airflow/dags/3.2.8/3.2.8.py
[2025-12-16T13:36:32.573+0000] {processor.py:925} INFO - DAG(s) '3.2.8' retrieved from /opt/airflow/dags/3.2.8/3.2.8.py
[2025-12-16T13:36:32.622+0000] {logging_mixin.py:190} INFO - [2025-12-16T13:36:32.621+0000] {dag.py:3239} INFO - Sync 1 DAGs
[2025-12-16T13:36:32.696+0000] {logging_mixin.py:190} INFO - [2025-12-16T13:36:32.695+0000] {dag.py:4180} INFO - Setting next_dagrun for 3.2.8 to 2025-12-15 00:00:00+00:00, run_after=2025-12-16 00:00:00+00:00
[2025-12-16T13:36:32.814+0000] {processor.py:208} INFO - Processing /opt/airflow/dags/3.2.8/3.2.8.py took 0.336 seconds
[2025-12-16T13:37:07.448+0000] {processor.py:186} INFO - Started process (PID=564) to work on /opt/airflow/dags/3.2.8/3.2.8.py
[2025-12-16T13:37:07.452+0000] {processor.py:914} INFO - Processing file /opt/airflow/dags/3.2.8/3.2.8.py for tasks to queue
[2025-12-16T13:37:07.463+0000] {logging_mixin.py:190} INFO - [2025-12-16T13:37:07.462+0000] {dagbag.py:588} INFO - Filling up the DagBag from /opt/airflow/dags/3.2.8/3.2.8.py
[2025-12-16T13:37:07.596+0000] {processor.py:925} INFO - DAG(s) '3.2.8' retrieved from /opt/airflow/dags/3.2.8/3.2.8.py
[2025-12-16T13:37:07.841+0000] {logging_mixin.py:190} INFO - [2025-12-16T13:37:07.840+0000] {dag.py:3239} INFO - Sync 1 DAGs
[2025-12-16T13:37:08.034+0000] {logging_mixin.py:190} INFO - [2025-12-16T13:37:08.033+0000] {dag.py:4180} INFO - Setting next_dagrun for 3.2.8 to 2025-12-15 00:00:00+00:00, run_after=2025-12-16 00:00:00+00:00
[2025-12-16T13:37:08.119+0000] {processor.py:208} INFO - Processing /opt/airflow/dags/3.2.8/3.2.8.py took 0.707 seconds
[2025-12-16T13:37:39.091+0000] {processor.py:186} INFO - Started process (PID=650) to work on /opt/airflow/dags/3.2.8/3.2.8.py
[2025-12-16T13:37:39.094+0000] {processor.py:914} INFO - Processing file /opt/airflow/dags/3.2.8/3.2.8.py for tasks to queue
[2025-12-16T13:37:39.104+0000] {logging_mixin.py:190} INFO - [2025-12-16T13:37:39.103+0000] {dagbag.py:588} INFO - Filling up the DagBag from /opt/airflow/dags/3.2.8/3.2.8.py
[2025-12-16T13:37:39.175+0000] {processor.py:925} INFO - DAG(s) '3.2.8' retrieved from /opt/airflow/dags/3.2.8/3.2.8.py
[2025-12-16T13:37:39.236+0000] {logging_mixin.py:190} INFO - [2025-12-16T13:37:39.236+0000] {dag.py:3239} INFO - Sync 1 DAGs
[2025-12-16T13:37:39.312+0000] {logging_mixin.py:190} INFO - [2025-12-16T13:37:39.312+0000] {dag.py:4180} INFO - Setting next_dagrun for 3.2.8 to 2025-12-15 00:00:00+00:00, run_after=2025-12-16 00:00:00+00:00
[2025-12-16T13:37:39.445+0000] {processor.py:208} INFO - Processing /opt/airflow/dags/3.2.8/3.2.8.py took 0.377 seconds
[2025-12-16T13:38:53.787+0000] {processor.py:186} INFO - Started process (PID=709) to work on /opt/airflow/dags/3.2.8/3.2.8.py
[2025-12-16T13:38:53.820+0000] {processor.py:914} INFO - Processing file /opt/airflow/dags/3.2.8/3.2.8.py for tasks to queue
[2025-12-16T13:38:53.848+0000] {logging_mixin.py:190} INFO - [2025-12-16T13:38:53.838+0000] {dagbag.py:588} INFO - Filling up the DagBag from /opt/airflow/dags/3.2.8/3.2.8.py
[2025-12-16T13:38:54.604+0000] {processor.py:925} INFO - DAG(s) '3.2.8' retrieved from /opt/airflow/dags/3.2.8/3.2.8.py
[2025-12-16T13:38:55.114+0000] {logging_mixin.py:190} INFO - [2025-12-16T13:38:55.102+0000] {dag.py:3239} INFO - Sync 1 DAGs
[2025-12-16T13:38:55.571+0000] {logging_mixin.py:190} INFO - [2025-12-16T13:38:55.570+0000] {dag.py:4180} INFO - Setting next_dagrun for 3.2.8 to 2025-12-15 00:00:00+00:00, run_after=2025-12-16 00:00:00+00:00
[2025-12-16T13:38:55.734+0000] {processor.py:208} INFO - Processing /opt/airflow/dags/3.2.8/3.2.8.py took 1.992 seconds
[2025-12-16T13:39:32.768+0000] {processor.py:186} INFO - Started process (PID=774) to work on /opt/airflow/dags/3.2.8/3.2.8.py
[2025-12-16T13:39:32.771+0000] {processor.py:914} INFO - Processing file /opt/airflow/dags/3.2.8/3.2.8.py for tasks to queue
[2025-12-16T13:39:32.786+0000] {logging_mixin.py:190} INFO - [2025-12-16T13:39:32.779+0000] {dagbag.py:588} INFO - Filling up the DagBag from /opt/airflow/dags/3.2.8/3.2.8.py
[2025-12-16T13:39:32.844+0000] {processor.py:925} INFO - DAG(s) '3.2.8' retrieved from /opt/airflow/dags/3.2.8/3.2.8.py
[2025-12-16T13:39:32.902+0000] {logging_mixin.py:190} INFO - [2025-12-16T13:39:32.901+0000] {dag.py:3239} INFO - Sync 1 DAGs
[2025-12-16T13:39:32.969+0000] {logging_mixin.py:190} INFO - [2025-12-16T13:39:32.968+0000] {dag.py:4180} INFO - Setting next_dagrun for 3.2.8 to 2025-12-15 00:00:00+00:00, run_after=2025-12-16 00:00:00+00:00
[2025-12-16T13:39:33.017+0000] {processor.py:208} INFO - Processing /opt/airflow/dags/3.2.8/3.2.8.py took 0.266 seconds
[2025-12-16T13:40:05.426+0000] {processor.py:186} INFO - Started process (PID=859) to work on /opt/airflow/dags/3.2.8/3.2.8.py
[2025-12-16T13:40:05.429+0000] {processor.py:914} INFO - Processing file /opt/airflow/dags/3.2.8/3.2.8.py for tasks to queue
[2025-12-16T13:40:05.436+0000] {logging_mixin.py:190} INFO - [2025-12-16T13:40:05.435+0000] {dagbag.py:588} INFO - Filling up the DagBag from /opt/airflow/dags/3.2.8/3.2.8.py
[2025-12-16T13:40:05.486+0000] {processor.py:925} INFO - DAG(s) '3.2.8' retrieved from /opt/airflow/dags/3.2.8/3.2.8.py
[2025-12-16T13:40:05.532+0000] {logging_mixin.py:190} INFO - [2025-12-16T13:40:05.532+0000] {dag.py:3239} INFO - Sync 1 DAGs
[2025-12-16T13:40:05.587+0000] {logging_mixin.py:190} INFO - [2025-12-16T13:40:05.587+0000] {dag.py:4180} INFO - Setting next_dagrun for 3.2.8 to 2025-12-15 00:00:00+00:00, run_after=2025-12-16 00:00:00+00:00
[2025-12-16T13:40:05.634+0000] {processor.py:208} INFO - Processing /opt/airflow/dags/3.2.8/3.2.8.py took 0.226 seconds
