[2025-12-16T13:31:17.347+0000] {processor.py:186} INFO - Started process (PID=108) to work on /opt/airflow/dags/3.2.3/3.2.3.py
[2025-12-16T13:31:17.354+0000] {processor.py:914} INFO - Processing file /opt/airflow/dags/3.2.3/3.2.3.py for tasks to queue
[2025-12-16T13:31:17.466+0000] {logging_mixin.py:190} INFO - [2025-12-16T13:31:17.465+0000] {dagbag.py:588} INFO - Filling up the DagBag from /opt/airflow/dags/3.2.3/3.2.3.py
[2025-12-16T13:31:17.819+0000] {processor.py:925} INFO - DAG(s) '3.2.3' retrieved from /opt/airflow/dags/3.2.3/3.2.3.py
[2025-12-16T13:31:18.770+0000] {logging_mixin.py:190} INFO - [2025-12-16T13:31:18.769+0000] {override.py:1912} INFO - Created Permission View: can edit on DAG:3.2.3
[2025-12-16T13:31:18.816+0000] {logging_mixin.py:190} INFO - [2025-12-16T13:31:18.809+0000] {override.py:1912} INFO - Created Permission View: can delete on DAG:3.2.3
[2025-12-16T13:31:18.866+0000] {logging_mixin.py:190} INFO - [2025-12-16T13:31:18.865+0000] {override.py:1912} INFO - Created Permission View: can read on DAG:3.2.3
[2025-12-16T13:31:18.953+0000] {logging_mixin.py:190} INFO - [2025-12-16T13:31:18.951+0000] {override.py:1912} INFO - Created Permission View: can delete on DAG Run:3.2.3
[2025-12-16T13:31:19.018+0000] {logging_mixin.py:190} INFO - [2025-12-16T13:31:19.018+0000] {override.py:1912} INFO - Created Permission View: can create on DAG Run:3.2.3
[2025-12-16T13:31:19.116+0000] {logging_mixin.py:190} INFO - [2025-12-16T13:31:19.116+0000] {override.py:1912} INFO - Created Permission View: menu access on DAG Run:3.2.3
[2025-12-16T13:31:19.166+0000] {logging_mixin.py:190} INFO - [2025-12-16T13:31:19.165+0000] {override.py:1912} INFO - Created Permission View: can read on DAG Run:3.2.3
[2025-12-16T13:31:19.170+0000] {logging_mixin.py:190} INFO - [2025-12-16T13:31:19.169+0000] {dag.py:3239} INFO - Sync 1 DAGs
[2025-12-16T13:31:19.246+0000] {logging_mixin.py:190} INFO - [2025-12-16T13:31:19.229+0000] {dag.py:3262} INFO - Creating ORM DAG for 3.2.3
[2025-12-16T13:31:19.483+0000] {logging_mixin.py:190} INFO - [2025-12-16T13:31:19.482+0000] {dag.py:4180} INFO - Setting next_dagrun for 3.2.3 to 2025-12-15 00:00:00+00:00, run_after=2025-12-16 00:00:00+00:00
[2025-12-16T13:31:20.006+0000] {processor.py:208} INFO - Processing /opt/airflow/dags/3.2.3/3.2.3.py took 2.848 seconds
[2025-12-16T13:34:27.502+0000] {processor.py:186} INFO - Started process (PID=223) to work on /opt/airflow/dags/3.2.3/3.2.3.py
[2025-12-16T13:34:27.517+0000] {processor.py:914} INFO - Processing file /opt/airflow/dags/3.2.3/3.2.3.py for tasks to queue
[2025-12-16T13:34:27.546+0000] {logging_mixin.py:190} INFO - [2025-12-16T13:34:27.537+0000] {dagbag.py:588} INFO - Filling up the DagBag from /opt/airflow/dags/3.2.3/3.2.3.py
[2025-12-16T13:34:27.821+0000] {processor.py:925} INFO - DAG(s) '3.2.3' retrieved from /opt/airflow/dags/3.2.3/3.2.3.py
[2025-12-16T13:34:28.071+0000] {logging_mixin.py:190} INFO - [2025-12-16T13:34:28.070+0000] {dag.py:3239} INFO - Sync 1 DAGs
[2025-12-16T13:34:28.371+0000] {logging_mixin.py:190} INFO - [2025-12-16T13:34:28.370+0000] {dag.py:4180} INFO - Setting next_dagrun for 3.2.3 to 2025-12-15 00:00:00+00:00, run_after=2025-12-16 00:00:00+00:00
[2025-12-16T13:34:28.584+0000] {processor.py:208} INFO - Processing /opt/airflow/dags/3.2.3/3.2.3.py took 1.135 seconds
[2025-12-16T13:35:12.181+0000] {processor.py:186} INFO - Started process (PID=308) to work on /opt/airflow/dags/3.2.3/3.2.3.py
[2025-12-16T13:35:12.188+0000] {processor.py:914} INFO - Processing file /opt/airflow/dags/3.2.3/3.2.3.py for tasks to queue
[2025-12-16T13:35:12.203+0000] {logging_mixin.py:190} INFO - [2025-12-16T13:35:12.202+0000] {dagbag.py:588} INFO - Filling up the DagBag from /opt/airflow/dags/3.2.3/3.2.3.py
[2025-12-16T13:35:12.295+0000] {processor.py:925} INFO - DAG(s) '3.2.3' retrieved from /opt/airflow/dags/3.2.3/3.2.3.py
[2025-12-16T13:35:12.377+0000] {logging_mixin.py:190} INFO - [2025-12-16T13:35:12.377+0000] {dag.py:3239} INFO - Sync 1 DAGs
[2025-12-16T13:35:12.463+0000] {logging_mixin.py:190} INFO - [2025-12-16T13:35:12.463+0000] {dag.py:4180} INFO - Setting next_dagrun for 3.2.3 to 2025-12-15 00:00:00+00:00, run_after=2025-12-16 00:00:00+00:00
[2025-12-16T13:35:12.571+0000] {processor.py:208} INFO - Processing /opt/airflow/dags/3.2.3/3.2.3.py took 0.431 seconds
[2025-12-16T13:35:58.775+0000] {processor.py:186} INFO - Started process (PID=394) to work on /opt/airflow/dags/3.2.3/3.2.3.py
[2025-12-16T13:35:58.778+0000] {processor.py:914} INFO - Processing file /opt/airflow/dags/3.2.3/3.2.3.py for tasks to queue
[2025-12-16T13:35:58.811+0000] {logging_mixin.py:190} INFO - [2025-12-16T13:35:58.810+0000] {dagbag.py:588} INFO - Filling up the DagBag from /opt/airflow/dags/3.2.3/3.2.3.py
[2025-12-16T13:35:59.487+0000] {processor.py:925} INFO - DAG(s) '3.2.3' retrieved from /opt/airflow/dags/3.2.3/3.2.3.py
[2025-12-16T13:35:59.611+0000] {logging_mixin.py:190} INFO - [2025-12-16T13:35:59.603+0000] {dag.py:3239} INFO - Sync 1 DAGs
[2025-12-16T13:35:59.794+0000] {logging_mixin.py:190} INFO - [2025-12-16T13:35:59.793+0000] {dag.py:4180} INFO - Setting next_dagrun for 3.2.3 to 2025-12-15 00:00:00+00:00, run_after=2025-12-16 00:00:00+00:00
[2025-12-16T13:35:59.922+0000] {processor.py:208} INFO - Processing /opt/airflow/dags/3.2.3/3.2.3.py took 1.234 seconds
[2025-12-16T13:36:32.514+0000] {processor.py:186} INFO - Started process (PID=478) to work on /opt/airflow/dags/3.2.3/3.2.3.py
[2025-12-16T13:36:32.517+0000] {processor.py:914} INFO - Processing file /opt/airflow/dags/3.2.3/3.2.3.py for tasks to queue
[2025-12-16T13:36:32.524+0000] {logging_mixin.py:190} INFO - [2025-12-16T13:36:32.523+0000] {dagbag.py:588} INFO - Filling up the DagBag from /opt/airflow/dags/3.2.3/3.2.3.py
[2025-12-16T13:36:32.590+0000] {processor.py:925} INFO - DAG(s) '3.2.3' retrieved from /opt/airflow/dags/3.2.3/3.2.3.py
[2025-12-16T13:36:32.635+0000] {logging_mixin.py:190} INFO - [2025-12-16T13:36:32.635+0000] {dag.py:3239} INFO - Sync 1 DAGs
[2025-12-16T13:36:32.706+0000] {logging_mixin.py:190} INFO - [2025-12-16T13:36:32.705+0000] {dag.py:4180} INFO - Setting next_dagrun for 3.2.3 to 2025-12-15 00:00:00+00:00, run_after=2025-12-16 00:00:00+00:00
[2025-12-16T13:36:32.871+0000] {processor.py:208} INFO - Processing /opt/airflow/dags/3.2.3/3.2.3.py took 0.373 seconds
[2025-12-16T13:37:08.062+0000] {processor.py:186} INFO - Started process (PID=565) to work on /opt/airflow/dags/3.2.3/3.2.3.py
[2025-12-16T13:37:08.067+0000] {processor.py:914} INFO - Processing file /opt/airflow/dags/3.2.3/3.2.3.py for tasks to queue
[2025-12-16T13:37:08.076+0000] {logging_mixin.py:190} INFO - [2025-12-16T13:37:08.075+0000] {dagbag.py:588} INFO - Filling up the DagBag from /opt/airflow/dags/3.2.3/3.2.3.py
[2025-12-16T13:37:08.230+0000] {processor.py:925} INFO - DAG(s) '3.2.3' retrieved from /opt/airflow/dags/3.2.3/3.2.3.py
[2025-12-16T13:37:08.347+0000] {logging_mixin.py:190} INFO - [2025-12-16T13:37:08.346+0000] {dag.py:3239} INFO - Sync 1 DAGs
[2025-12-16T13:37:08.453+0000] {logging_mixin.py:190} INFO - [2025-12-16T13:37:08.452+0000] {dag.py:4180} INFO - Setting next_dagrun for 3.2.3 to 2025-12-15 00:00:00+00:00, run_after=2025-12-16 00:00:00+00:00
[2025-12-16T13:37:08.672+0000] {processor.py:208} INFO - Processing /opt/airflow/dags/3.2.3/3.2.3.py took 0.631 seconds
[2025-12-16T13:37:39.115+0000] {processor.py:186} INFO - Started process (PID=651) to work on /opt/airflow/dags/3.2.3/3.2.3.py
[2025-12-16T13:37:39.118+0000] {processor.py:914} INFO - Processing file /opt/airflow/dags/3.2.3/3.2.3.py for tasks to queue
[2025-12-16T13:37:39.128+0000] {logging_mixin.py:190} INFO - [2025-12-16T13:37:39.127+0000] {dagbag.py:588} INFO - Filling up the DagBag from /opt/airflow/dags/3.2.3/3.2.3.py
[2025-12-16T13:37:39.202+0000] {processor.py:925} INFO - DAG(s) '3.2.3' retrieved from /opt/airflow/dags/3.2.3/3.2.3.py
[2025-12-16T13:37:39.263+0000] {logging_mixin.py:190} INFO - [2025-12-16T13:37:39.262+0000] {dag.py:3239} INFO - Sync 1 DAGs
[2025-12-16T13:37:39.359+0000] {logging_mixin.py:190} INFO - [2025-12-16T13:37:39.357+0000] {dag.py:4180} INFO - Setting next_dagrun for 3.2.3 to 2025-12-15 00:00:00+00:00, run_after=2025-12-16 00:00:00+00:00
[2025-12-16T13:37:39.471+0000] {processor.py:208} INFO - Processing /opt/airflow/dags/3.2.3/3.2.3.py took 0.377 seconds
[2025-12-16T13:38:53.931+0000] {processor.py:186} INFO - Started process (PID=710) to work on /opt/airflow/dags/3.2.3/3.2.3.py
[2025-12-16T13:38:53.950+0000] {processor.py:914} INFO - Processing file /opt/airflow/dags/3.2.3/3.2.3.py for tasks to queue
[2025-12-16T13:38:53.995+0000] {logging_mixin.py:190} INFO - [2025-12-16T13:38:53.994+0000] {dagbag.py:588} INFO - Filling up the DagBag from /opt/airflow/dags/3.2.3/3.2.3.py
[2025-12-16T13:38:54.492+0000] {processor.py:925} INFO - DAG(s) '3.2.3' retrieved from /opt/airflow/dags/3.2.3/3.2.3.py
[2025-12-16T13:38:54.624+0000] {logging_mixin.py:190} INFO - [2025-12-16T13:38:54.623+0000] {dag.py:3239} INFO - Sync 1 DAGs
[2025-12-16T13:38:55.012+0000] {logging_mixin.py:190} INFO - [2025-12-16T13:38:55.000+0000] {dag.py:4180} INFO - Setting next_dagrun for 3.2.3 to 2025-12-15 00:00:00+00:00, run_after=2025-12-16 00:00:00+00:00
[2025-12-16T13:38:55.393+0000] {processor.py:208} INFO - Processing /opt/airflow/dags/3.2.3/3.2.3.py took 1.505 seconds
[2025-12-16T13:39:32.790+0000] {processor.py:186} INFO - Started process (PID=775) to work on /opt/airflow/dags/3.2.3/3.2.3.py
[2025-12-16T13:39:32.794+0000] {processor.py:914} INFO - Processing file /opt/airflow/dags/3.2.3/3.2.3.py for tasks to queue
[2025-12-16T13:39:32.802+0000] {logging_mixin.py:190} INFO - [2025-12-16T13:39:32.801+0000] {dagbag.py:588} INFO - Filling up the DagBag from /opt/airflow/dags/3.2.3/3.2.3.py
[2025-12-16T13:39:32.851+0000] {processor.py:925} INFO - DAG(s) '3.2.3' retrieved from /opt/airflow/dags/3.2.3/3.2.3.py
[2025-12-16T13:39:32.908+0000] {logging_mixin.py:190} INFO - [2025-12-16T13:39:32.907+0000] {dag.py:3239} INFO - Sync 1 DAGs
[2025-12-16T13:39:32.975+0000] {logging_mixin.py:190} INFO - [2025-12-16T13:39:32.975+0000] {dag.py:4180} INFO - Setting next_dagrun for 3.2.3 to 2025-12-15 00:00:00+00:00, run_after=2025-12-16 00:00:00+00:00
[2025-12-16T13:39:33.030+0000] {processor.py:208} INFO - Processing /opt/airflow/dags/3.2.3/3.2.3.py took 0.261 seconds
[2025-12-16T13:40:05.443+0000] {processor.py:186} INFO - Started process (PID=860) to work on /opt/airflow/dags/3.2.3/3.2.3.py
[2025-12-16T13:40:05.445+0000] {processor.py:914} INFO - Processing file /opt/airflow/dags/3.2.3/3.2.3.py for tasks to queue
[2025-12-16T13:40:05.452+0000] {logging_mixin.py:190} INFO - [2025-12-16T13:40:05.451+0000] {dagbag.py:588} INFO - Filling up the DagBag from /opt/airflow/dags/3.2.3/3.2.3.py
[2025-12-16T13:40:05.500+0000] {processor.py:925} INFO - DAG(s) '3.2.3' retrieved from /opt/airflow/dags/3.2.3/3.2.3.py
[2025-12-16T13:40:05.545+0000] {logging_mixin.py:190} INFO - [2025-12-16T13:40:05.544+0000] {dag.py:3239} INFO - Sync 1 DAGs
[2025-12-16T13:40:05.601+0000] {logging_mixin.py:190} INFO - [2025-12-16T13:40:05.601+0000] {dag.py:4180} INFO - Setting next_dagrun for 3.2.3 to 2025-12-15 00:00:00+00:00, run_after=2025-12-16 00:00:00+00:00
[2025-12-16T13:40:05.653+0000] {processor.py:208} INFO - Processing /opt/airflow/dags/3.2.3/3.2.3.py took 0.226 seconds
