[2025-12-16T13:31:07.404+0000] {processor.py:186} INFO - Started process (PID=96) to work on /opt/airflow/dags/3.4.5/3.4.5.py
[2025-12-16T13:31:07.418+0000] {processor.py:914} INFO - Processing file /opt/airflow/dags/3.4.5/3.4.5.py for tasks to queue
[2025-12-16T13:31:07.456+0000] {logging_mixin.py:190} INFO - [2025-12-16T13:31:07.444+0000] {dagbag.py:588} INFO - Filling up the DagBag from /opt/airflow/dags/3.4.5/3.4.5.py
[2025-12-16T13:31:07.741+0000] {processor.py:925} INFO - DAG(s) '3.4.5' retrieved from /opt/airflow/dags/3.4.5/3.4.5.py
[2025-12-16T13:31:08.900+0000] {logging_mixin.py:190} INFO - [2025-12-16T13:31:08.899+0000] {override.py:1912} INFO - Created Permission View: can edit on DAG:3.4.5
[2025-12-16T13:31:09.022+0000] {logging_mixin.py:190} INFO - [2025-12-16T13:31:09.021+0000] {override.py:1912} INFO - Created Permission View: can delete on DAG:3.4.5
[2025-12-16T13:31:09.144+0000] {logging_mixin.py:190} INFO - [2025-12-16T13:31:09.143+0000] {override.py:1912} INFO - Created Permission View: can read on DAG:3.4.5
[2025-12-16T13:31:09.274+0000] {logging_mixin.py:190} INFO - [2025-12-16T13:31:09.273+0000] {override.py:1912} INFO - Created Permission View: can delete on DAG Run:3.4.5
[2025-12-16T13:31:09.483+0000] {logging_mixin.py:190} INFO - [2025-12-16T13:31:09.467+0000] {override.py:1912} INFO - Created Permission View: can create on DAG Run:3.4.5
[2025-12-16T13:31:09.580+0000] {logging_mixin.py:190} INFO - [2025-12-16T13:31:09.579+0000] {override.py:1912} INFO - Created Permission View: menu access on DAG Run:3.4.5
[2025-12-16T13:31:09.785+0000] {logging_mixin.py:190} INFO - [2025-12-16T13:31:09.783+0000] {override.py:1912} INFO - Created Permission View: can read on DAG Run:3.4.5
[2025-12-16T13:31:09.805+0000] {logging_mixin.py:190} INFO - [2025-12-16T13:31:09.804+0000] {dag.py:3239} INFO - Sync 1 DAGs
[2025-12-16T13:31:10.052+0000] {logging_mixin.py:190} INFO - [2025-12-16T13:31:10.009+0000] {dag.py:3262} INFO - Creating ORM DAG for 3.4.5
[2025-12-16T13:31:10.424+0000] {logging_mixin.py:190} INFO - [2025-12-16T13:31:10.382+0000] {dag.py:4180} INFO - Setting next_dagrun for 3.4.5 to 2025-12-15 00:00:00+00:00, run_after=2025-12-16 00:00:00+00:00
[2025-12-16T13:31:10.895+0000] {processor.py:208} INFO - Processing /opt/airflow/dags/3.4.5/3.4.5.py took 3.602 seconds
[2025-12-16T13:34:17.959+0000] {processor.py:186} INFO - Started process (PID=212) to work on /opt/airflow/dags/3.4.5/3.4.5.py
[2025-12-16T13:34:17.980+0000] {processor.py:914} INFO - Processing file /opt/airflow/dags/3.4.5/3.4.5.py for tasks to queue
[2025-12-16T13:34:18.015+0000] {logging_mixin.py:190} INFO - [2025-12-16T13:34:18.013+0000] {dagbag.py:588} INFO - Filling up the DagBag from /opt/airflow/dags/3.4.5/3.4.5.py
[2025-12-16T13:34:18.514+0000] {processor.py:925} INFO - DAG(s) '3.4.5' retrieved from /opt/airflow/dags/3.4.5/3.4.5.py
[2025-12-16T13:34:18.669+0000] {logging_mixin.py:190} INFO - [2025-12-16T13:34:18.669+0000] {dag.py:3239} INFO - Sync 1 DAGs
[2025-12-16T13:34:18.896+0000] {logging_mixin.py:190} INFO - [2025-12-16T13:34:18.896+0000] {dag.py:4180} INFO - Setting next_dagrun for 3.4.5 to 2025-12-15 00:00:00+00:00, run_after=2025-12-16 00:00:00+00:00
[2025-12-16T13:34:19.161+0000] {processor.py:208} INFO - Processing /opt/airflow/dags/3.4.5/3.4.5.py took 1.276 seconds
[2025-12-16T13:34:54.275+0000] {processor.py:186} INFO - Started process (PID=284) to work on /opt/airflow/dags/3.4.5/3.4.5.py
[2025-12-16T13:34:54.278+0000] {processor.py:914} INFO - Processing file /opt/airflow/dags/3.4.5/3.4.5.py for tasks to queue
[2025-12-16T13:34:54.288+0000] {logging_mixin.py:190} INFO - [2025-12-16T13:34:54.286+0000] {dagbag.py:588} INFO - Filling up the DagBag from /opt/airflow/dags/3.4.5/3.4.5.py
[2025-12-16T13:34:54.389+0000] {processor.py:925} INFO - DAG(s) '3.4.5' retrieved from /opt/airflow/dags/3.4.5/3.4.5.py
[2025-12-16T13:34:54.473+0000] {logging_mixin.py:190} INFO - [2025-12-16T13:34:54.466+0000] {dag.py:3239} INFO - Sync 1 DAGs
[2025-12-16T13:34:54.576+0000] {logging_mixin.py:190} INFO - [2025-12-16T13:34:54.575+0000] {dag.py:4180} INFO - Setting next_dagrun for 3.4.5 to 2025-12-15 00:00:00+00:00, run_after=2025-12-16 00:00:00+00:00
[2025-12-16T13:34:54.663+0000] {processor.py:208} INFO - Processing /opt/airflow/dags/3.4.5/3.4.5.py took 0.412 seconds
[2025-12-16T13:35:25.722+0000] {processor.py:186} INFO - Started process (PID=354) to work on /opt/airflow/dags/3.4.5/3.4.5.py
[2025-12-16T13:35:25.725+0000] {processor.py:914} INFO - Processing file /opt/airflow/dags/3.4.5/3.4.5.py for tasks to queue
[2025-12-16T13:35:25.739+0000] {logging_mixin.py:190} INFO - [2025-12-16T13:35:25.738+0000] {dagbag.py:588} INFO - Filling up the DagBag from /opt/airflow/dags/3.4.5/3.4.5.py
[2025-12-16T13:35:25.983+0000] {processor.py:925} INFO - DAG(s) '3.4.5' retrieved from /opt/airflow/dags/3.4.5/3.4.5.py
[2025-12-16T13:35:26.121+0000] {logging_mixin.py:190} INFO - [2025-12-16T13:35:26.121+0000] {dag.py:3239} INFO - Sync 1 DAGs
[2025-12-16T13:35:26.203+0000] {logging_mixin.py:190} INFO - [2025-12-16T13:35:26.203+0000] {dag.py:4180} INFO - Setting next_dagrun for 3.4.5 to 2025-12-15 00:00:00+00:00, run_after=2025-12-16 00:00:00+00:00
[2025-12-16T13:35:26.252+0000] {processor.py:208} INFO - Processing /opt/airflow/dags/3.4.5/3.4.5.py took 0.556 seconds
[2025-12-16T13:36:03.782+0000] {processor.py:186} INFO - Started process (PID=404) to work on /opt/airflow/dags/3.4.5/3.4.5.py
[2025-12-16T13:36:03.784+0000] {processor.py:914} INFO - Processing file /opt/airflow/dags/3.4.5/3.4.5.py for tasks to queue
[2025-12-16T13:36:03.792+0000] {logging_mixin.py:190} INFO - [2025-12-16T13:36:03.791+0000] {dagbag.py:588} INFO - Filling up the DagBag from /opt/airflow/dags/3.4.5/3.4.5.py
[2025-12-16T13:36:03.854+0000] {processor.py:925} INFO - DAG(s) '3.4.5' retrieved from /opt/airflow/dags/3.4.5/3.4.5.py
[2025-12-16T13:36:03.934+0000] {logging_mixin.py:190} INFO - [2025-12-16T13:36:03.933+0000] {dag.py:3239} INFO - Sync 1 DAGs
[2025-12-16T13:36:04.022+0000] {logging_mixin.py:190} INFO - [2025-12-16T13:36:04.021+0000] {dag.py:4180} INFO - Setting next_dagrun for 3.4.5 to 2025-12-15 00:00:00+00:00, run_after=2025-12-16 00:00:00+00:00
[2025-12-16T13:36:04.088+0000] {processor.py:208} INFO - Processing /opt/airflow/dags/3.4.5/3.4.5.py took 0.328 seconds
[2025-12-16T13:36:36.400+0000] {processor.py:186} INFO - Started process (PID=487) to work on /opt/airflow/dags/3.4.5/3.4.5.py
[2025-12-16T13:36:36.403+0000] {processor.py:914} INFO - Processing file /opt/airflow/dags/3.4.5/3.4.5.py for tasks to queue
[2025-12-16T13:36:36.410+0000] {logging_mixin.py:190} INFO - [2025-12-16T13:36:36.409+0000] {dagbag.py:588} INFO - Filling up the DagBag from /opt/airflow/dags/3.4.5/3.4.5.py
[2025-12-16T13:36:36.472+0000] {processor.py:925} INFO - DAG(s) '3.4.5' retrieved from /opt/airflow/dags/3.4.5/3.4.5.py
[2025-12-16T13:36:36.560+0000] {logging_mixin.py:190} INFO - [2025-12-16T13:36:36.560+0000] {dag.py:3239} INFO - Sync 1 DAGs
[2025-12-16T13:36:36.677+0000] {logging_mixin.py:190} INFO - [2025-12-16T13:36:36.677+0000] {dag.py:4180} INFO - Setting next_dagrun for 3.4.5 to 2025-12-15 00:00:00+00:00, run_after=2025-12-16 00:00:00+00:00
[2025-12-16T13:36:36.743+0000] {processor.py:208} INFO - Processing /opt/airflow/dags/3.4.5/3.4.5.py took 0.359 seconds
[2025-12-16T13:37:10.316+0000] {processor.py:186} INFO - Started process (PID=571) to work on /opt/airflow/dags/3.4.5/3.4.5.py
[2025-12-16T13:37:10.327+0000] {processor.py:914} INFO - Processing file /opt/airflow/dags/3.4.5/3.4.5.py for tasks to queue
[2025-12-16T13:37:10.336+0000] {logging_mixin.py:190} INFO - [2025-12-16T13:37:10.335+0000] {dagbag.py:588} INFO - Filling up the DagBag from /opt/airflow/dags/3.4.5/3.4.5.py
[2025-12-16T13:37:10.411+0000] {processor.py:925} INFO - DAG(s) '3.4.5' retrieved from /opt/airflow/dags/3.4.5/3.4.5.py
[2025-12-16T13:37:10.479+0000] {logging_mixin.py:190} INFO - [2025-12-16T13:37:10.478+0000] {dag.py:3239} INFO - Sync 1 DAGs
[2025-12-16T13:37:10.556+0000] {logging_mixin.py:190} INFO - [2025-12-16T13:37:10.555+0000] {dag.py:4180} INFO - Setting next_dagrun for 3.4.5 to 2025-12-15 00:00:00+00:00, run_after=2025-12-16 00:00:00+00:00
[2025-12-16T13:37:10.634+0000] {processor.py:208} INFO - Processing /opt/airflow/dags/3.4.5/3.4.5.py took 0.358 seconds
[2025-12-16T13:37:42.932+0000] {processor.py:186} INFO - Started process (PID=656) to work on /opt/airflow/dags/3.4.5/3.4.5.py
[2025-12-16T13:37:42.940+0000] {processor.py:914} INFO - Processing file /opt/airflow/dags/3.4.5/3.4.5.py for tasks to queue
[2025-12-16T13:37:43.000+0000] {logging_mixin.py:190} INFO - [2025-12-16T13:37:42.999+0000] {dagbag.py:588} INFO - Filling up the DagBag from /opt/airflow/dags/3.4.5/3.4.5.py
[2025-12-16T13:37:43.754+0000] {processor.py:925} INFO - DAG(s) '3.4.5' retrieved from /opt/airflow/dags/3.4.5/3.4.5.py
[2025-12-16T13:37:43.943+0000] {logging_mixin.py:190} INFO - [2025-12-16T13:37:43.942+0000] {dag.py:3239} INFO - Sync 1 DAGs
[2025-12-16T13:37:44.124+0000] {logging_mixin.py:190} INFO - [2025-12-16T13:37:44.124+0000] {dag.py:4180} INFO - Setting next_dagrun for 3.4.5 to 2025-12-15 00:00:00+00:00, run_after=2025-12-16 00:00:00+00:00
[2025-12-16T13:37:44.281+0000] {processor.py:208} INFO - Processing /opt/airflow/dags/3.4.5/3.4.5.py took 1.378 seconds
[2025-12-16T13:38:49.967+0000] {processor.py:186} INFO - Started process (PID=705) to work on /opt/airflow/dags/3.4.5/3.4.5.py
[2025-12-16T13:38:49.986+0000] {processor.py:914} INFO - Processing file /opt/airflow/dags/3.4.5/3.4.5.py for tasks to queue
[2025-12-16T13:38:50.032+0000] {logging_mixin.py:190} INFO - [2025-12-16T13:38:50.019+0000] {dagbag.py:588} INFO - Filling up the DagBag from /opt/airflow/dags/3.4.5/3.4.5.py
[2025-12-16T13:38:50.630+0000] {processor.py:925} INFO - DAG(s) '3.4.5' retrieved from /opt/airflow/dags/3.4.5/3.4.5.py
[2025-12-16T13:38:50.882+0000] {logging_mixin.py:190} INFO - [2025-12-16T13:38:50.881+0000] {dag.py:3239} INFO - Sync 1 DAGs
[2025-12-16T13:38:51.196+0000] {logging_mixin.py:190} INFO - [2025-12-16T13:38:51.195+0000] {dag.py:4180} INFO - Setting next_dagrun for 3.4.5 to 2025-12-15 00:00:00+00:00, run_after=2025-12-16 00:00:00+00:00
[2025-12-16T13:38:51.371+0000] {processor.py:208} INFO - Processing /opt/airflow/dags/3.4.5/3.4.5.py took 1.493 seconds
[2025-12-16T13:39:31.636+0000] {processor.py:186} INFO - Started process (PID=770) to work on /opt/airflow/dags/3.4.5/3.4.5.py
[2025-12-16T13:39:31.651+0000] {processor.py:914} INFO - Processing file /opt/airflow/dags/3.4.5/3.4.5.py for tasks to queue
[2025-12-16T13:39:31.660+0000] {logging_mixin.py:190} INFO - [2025-12-16T13:39:31.659+0000] {dagbag.py:588} INFO - Filling up the DagBag from /opt/airflow/dags/3.4.5/3.4.5.py
[2025-12-16T13:39:31.775+0000] {processor.py:925} INFO - DAG(s) '3.4.5' retrieved from /opt/airflow/dags/3.4.5/3.4.5.py
[2025-12-16T13:39:31.834+0000] {logging_mixin.py:190} INFO - [2025-12-16T13:39:31.834+0000] {dag.py:3239} INFO - Sync 1 DAGs
[2025-12-16T13:39:31.891+0000] {logging_mixin.py:190} INFO - [2025-12-16T13:39:31.891+0000] {dag.py:4180} INFO - Setting next_dagrun for 3.4.5 to 2025-12-15 00:00:00+00:00, run_after=2025-12-16 00:00:00+00:00
[2025-12-16T13:39:31.941+0000] {processor.py:208} INFO - Processing /opt/airflow/dags/3.4.5/3.4.5.py took 0.352 seconds
[2025-12-16T13:40:04.410+0000] {processor.py:186} INFO - Started process (PID=855) to work on /opt/airflow/dags/3.4.5/3.4.5.py
[2025-12-16T13:40:04.413+0000] {processor.py:914} INFO - Processing file /opt/airflow/dags/3.4.5/3.4.5.py for tasks to queue
[2025-12-16T13:40:04.418+0000] {logging_mixin.py:190} INFO - [2025-12-16T13:40:04.418+0000] {dagbag.py:588} INFO - Filling up the DagBag from /opt/airflow/dags/3.4.5/3.4.5.py
[2025-12-16T13:40:04.465+0000] {processor.py:925} INFO - DAG(s) '3.4.5' retrieved from /opt/airflow/dags/3.4.5/3.4.5.py
[2025-12-16T13:40:04.510+0000] {logging_mixin.py:190} INFO - [2025-12-16T13:40:04.509+0000] {dag.py:3239} INFO - Sync 1 DAGs
[2025-12-16T13:40:04.559+0000] {logging_mixin.py:190} INFO - [2025-12-16T13:40:04.559+0000] {dag.py:4180} INFO - Setting next_dagrun for 3.4.5 to 2025-12-15 00:00:00+00:00, run_after=2025-12-16 00:00:00+00:00
[2025-12-16T13:40:04.603+0000] {processor.py:208} INFO - Processing /opt/airflow/dags/3.4.5/3.4.5.py took 0.207 seconds
[2025-12-16T13:40:47.142+0000] {processor.py:186} INFO - Started process (PID=927) to work on /opt/airflow/dags/3.4.5/3.4.5.py
[2025-12-16T13:40:47.165+0000] {processor.py:914} INFO - Processing file /opt/airflow/dags/3.4.5/3.4.5.py for tasks to queue
[2025-12-16T13:40:47.188+0000] {logging_mixin.py:190} INFO - [2025-12-16T13:40:47.187+0000] {dagbag.py:588} INFO - Filling up the DagBag from /opt/airflow/dags/3.4.5/3.4.5.py
