[2025-12-16T13:30:52.120+0000] {processor.py:186} INFO - Started process (PID=94) to work on /opt/airflow/dags/4.1.4/4.1.4.2.py
[2025-12-16T13:30:52.128+0000] {processor.py:914} INFO - Processing file /opt/airflow/dags/4.1.4/4.1.4.2.py for tasks to queue
[2025-12-16T13:30:52.158+0000] {logging_mixin.py:190} INFO - [2025-12-16T13:30:52.154+0000] {dagbag.py:588} INFO - Filling up the DagBag from /opt/airflow/dags/4.1.4/4.1.4.2.py
[2025-12-16T13:30:52.740+0000] {processor.py:925} INFO - DAG(s) '4.1.4.many' retrieved from /opt/airflow/dags/4.1.4/4.1.4.2.py
[2025-12-16T13:31:05.196+0000] {logging_mixin.py:190} INFO - [2025-12-16T13:31:05.188+0000] {override.py:1912} INFO - Created Permission View: can edit on DAG:4.1.4.many
[2025-12-16T13:31:05.761+0000] {logging_mixin.py:190} INFO - [2025-12-16T13:31:05.760+0000] {override.py:1912} INFO - Created Permission View: can delete on DAG:4.1.4.many
[2025-12-16T13:31:05.870+0000] {logging_mixin.py:190} INFO - [2025-12-16T13:31:05.869+0000] {override.py:1912} INFO - Created Permission View: can read on DAG:4.1.4.many
[2025-12-16T13:31:05.979+0000] {logging_mixin.py:190} INFO - [2025-12-16T13:31:05.979+0000] {override.py:1912} INFO - Created Permission View: can delete on DAG Run:4.1.4.many
[2025-12-16T13:31:06.080+0000] {logging_mixin.py:190} INFO - [2025-12-16T13:31:06.079+0000] {override.py:1912} INFO - Created Permission View: can create on DAG Run:4.1.4.many
[2025-12-16T13:31:06.217+0000] {logging_mixin.py:190} INFO - [2025-12-16T13:31:06.216+0000] {override.py:1912} INFO - Created Permission View: menu access on DAG Run:4.1.4.many
[2025-12-16T13:31:06.304+0000] {logging_mixin.py:190} INFO - [2025-12-16T13:31:06.303+0000] {override.py:1912} INFO - Created Permission View: can read on DAG Run:4.1.4.many
[2025-12-16T13:31:06.315+0000] {logging_mixin.py:190} INFO - [2025-12-16T13:31:06.313+0000] {dag.py:3239} INFO - Sync 1 DAGs
[2025-12-16T13:31:06.428+0000] {logging_mixin.py:190} INFO - [2025-12-16T13:31:06.427+0000] {dag.py:3262} INFO - Creating ORM DAG for 4.1.4.many
[2025-12-16T13:31:06.576+0000] {logging_mixin.py:190} INFO - [2025-12-16T13:31:06.575+0000] {dag.py:4180} INFO - Setting next_dagrun for 4.1.4.many to 2025-12-15 00:00:00+00:00, run_after=2025-12-16 00:00:00+00:00
[2025-12-16T13:31:06.903+0000] {processor.py:208} INFO - Processing /opt/airflow/dags/4.1.4/4.1.4.2.py took 14.857 seconds
[2025-12-16T13:34:17.108+0000] {processor.py:186} INFO - Started process (PID=210) to work on /opt/airflow/dags/4.1.4/4.1.4.2.py
[2025-12-16T13:34:17.111+0000] {processor.py:914} INFO - Processing file /opt/airflow/dags/4.1.4/4.1.4.2.py for tasks to queue
[2025-12-16T13:34:17.120+0000] {logging_mixin.py:190} INFO - [2025-12-16T13:34:17.119+0000] {dagbag.py:588} INFO - Filling up the DagBag from /opt/airflow/dags/4.1.4/4.1.4.2.py
[2025-12-16T13:34:17.342+0000] {processor.py:925} INFO - DAG(s) '4.1.4.many' retrieved from /opt/airflow/dags/4.1.4/4.1.4.2.py
[2025-12-16T13:34:17.459+0000] {logging_mixin.py:190} INFO - [2025-12-16T13:34:17.459+0000] {dag.py:3239} INFO - Sync 1 DAGs
[2025-12-16T13:34:17.592+0000] {logging_mixin.py:190} INFO - [2025-12-16T13:34:17.591+0000] {dag.py:4180} INFO - Setting next_dagrun for 4.1.4.many to 2025-12-15 00:00:00+00:00, run_after=2025-12-16 00:00:00+00:00
[2025-12-16T13:34:17.711+0000] {processor.py:208} INFO - Processing /opt/airflow/dags/4.1.4/4.1.4.2.py took 0.619 seconds
[2025-12-16T13:34:53.422+0000] {processor.py:186} INFO - Started process (PID=282) to work on /opt/airflow/dags/4.1.4/4.1.4.2.py
[2025-12-16T13:34:53.439+0000] {processor.py:914} INFO - Processing file /opt/airflow/dags/4.1.4/4.1.4.2.py for tasks to queue
[2025-12-16T13:34:53.468+0000] {logging_mixin.py:190} INFO - [2025-12-16T13:34:53.467+0000] {dagbag.py:588} INFO - Filling up the DagBag from /opt/airflow/dags/4.1.4/4.1.4.2.py
[2025-12-16T13:34:53.565+0000] {processor.py:925} INFO - DAG(s) '4.1.4.many' retrieved from /opt/airflow/dags/4.1.4/4.1.4.2.py
[2025-12-16T13:34:53.677+0000] {logging_mixin.py:190} INFO - [2025-12-16T13:34:53.677+0000] {dag.py:3239} INFO - Sync 1 DAGs
[2025-12-16T13:34:53.890+0000] {logging_mixin.py:190} INFO - [2025-12-16T13:34:53.885+0000] {dag.py:4180} INFO - Setting next_dagrun for 4.1.4.many to 2025-12-15 00:00:00+00:00, run_after=2025-12-16 00:00:00+00:00
[2025-12-16T13:34:54.033+0000] {processor.py:208} INFO - Processing /opt/airflow/dags/4.1.4/4.1.4.2.py took 0.679 seconds
[2025-12-16T13:35:25.225+0000] {processor.py:186} INFO - Started process (PID=352) to work on /opt/airflow/dags/4.1.4/4.1.4.2.py
[2025-12-16T13:35:25.227+0000] {processor.py:914} INFO - Processing file /opt/airflow/dags/4.1.4/4.1.4.2.py for tasks to queue
[2025-12-16T13:35:25.234+0000] {logging_mixin.py:190} INFO - [2025-12-16T13:35:25.233+0000] {dagbag.py:588} INFO - Filling up the DagBag from /opt/airflow/dags/4.1.4/4.1.4.2.py
[2025-12-16T13:35:25.297+0000] {processor.py:925} INFO - DAG(s) '4.1.4.many' retrieved from /opt/airflow/dags/4.1.4/4.1.4.2.py
[2025-12-16T13:35:25.423+0000] {logging_mixin.py:190} INFO - [2025-12-16T13:35:25.422+0000] {dag.py:3239} INFO - Sync 1 DAGs
[2025-12-16T13:35:25.489+0000] {logging_mixin.py:190} INFO - [2025-12-16T13:35:25.488+0000] {dag.py:4180} INFO - Setting next_dagrun for 4.1.4.many to 2025-12-15 00:00:00+00:00, run_after=2025-12-16 00:00:00+00:00
[2025-12-16T13:35:25.555+0000] {processor.py:208} INFO - Processing /opt/airflow/dags/4.1.4/4.1.4.2.py took 0.347 seconds
[2025-12-16T13:36:02.943+0000] {processor.py:186} INFO - Started process (PID=402) to work on /opt/airflow/dags/4.1.4/4.1.4.2.py
[2025-12-16T13:36:02.957+0000] {processor.py:914} INFO - Processing file /opt/airflow/dags/4.1.4/4.1.4.2.py for tasks to queue
[2025-12-16T13:36:02.991+0000] {logging_mixin.py:190} INFO - [2025-12-16T13:36:02.988+0000] {dagbag.py:588} INFO - Filling up the DagBag from /opt/airflow/dags/4.1.4/4.1.4.2.py
[2025-12-16T13:36:03.204+0000] {processor.py:925} INFO - DAG(s) '4.1.4.many' retrieved from /opt/airflow/dags/4.1.4/4.1.4.2.py
[2025-12-16T13:36:03.366+0000] {logging_mixin.py:190} INFO - [2025-12-16T13:36:03.363+0000] {dag.py:3239} INFO - Sync 1 DAGs
[2025-12-16T13:36:03.508+0000] {logging_mixin.py:190} INFO - [2025-12-16T13:36:03.507+0000] {dag.py:4180} INFO - Setting next_dagrun for 4.1.4.many to 2025-12-15 00:00:00+00:00, run_after=2025-12-16 00:00:00+00:00
[2025-12-16T13:36:03.578+0000] {processor.py:208} INFO - Processing /opt/airflow/dags/4.1.4/4.1.4.2.py took 0.683 seconds
[2025-12-16T13:36:35.005+0000] {processor.py:186} INFO - Started process (PID=485) to work on /opt/airflow/dags/4.1.4/4.1.4.2.py
[2025-12-16T13:36:35.008+0000] {processor.py:914} INFO - Processing file /opt/airflow/dags/4.1.4/4.1.4.2.py for tasks to queue
[2025-12-16T13:36:35.016+0000] {logging_mixin.py:190} INFO - [2025-12-16T13:36:35.014+0000] {dagbag.py:588} INFO - Filling up the DagBag from /opt/airflow/dags/4.1.4/4.1.4.2.py
[2025-12-16T13:36:35.132+0000] {processor.py:925} INFO - DAG(s) '4.1.4.many' retrieved from /opt/airflow/dags/4.1.4/4.1.4.2.py
[2025-12-16T13:36:35.248+0000] {logging_mixin.py:190} INFO - [2025-12-16T13:36:35.247+0000] {dag.py:3239} INFO - Sync 1 DAGs
[2025-12-16T13:36:35.411+0000] {logging_mixin.py:190} INFO - [2025-12-16T13:36:35.410+0000] {dag.py:4180} INFO - Setting next_dagrun for 4.1.4.many to 2025-12-15 00:00:00+00:00, run_after=2025-12-16 00:00:00+00:00
[2025-12-16T13:36:35.464+0000] {processor.py:208} INFO - Processing /opt/airflow/dags/4.1.4/4.1.4.2.py took 0.479 seconds
[2025-12-16T13:37:06.934+0000] {processor.py:186} INFO - Started process (PID=562) to work on /opt/airflow/dags/4.1.4/4.1.4.2.py
[2025-12-16T13:37:06.942+0000] {processor.py:914} INFO - Processing file /opt/airflow/dags/4.1.4/4.1.4.2.py for tasks to queue
[2025-12-16T13:37:06.953+0000] {logging_mixin.py:190} INFO - [2025-12-16T13:37:06.951+0000] {dagbag.py:588} INFO - Filling up the DagBag from /opt/airflow/dags/4.1.4/4.1.4.2.py
[2025-12-16T13:37:07.034+0000] {processor.py:925} INFO - DAG(s) '4.1.4.many' retrieved from /opt/airflow/dags/4.1.4/4.1.4.2.py
[2025-12-16T13:37:07.088+0000] {logging_mixin.py:190} INFO - [2025-12-16T13:37:07.087+0000] {dag.py:3239} INFO - Sync 1 DAGs
[2025-12-16T13:37:07.155+0000] {logging_mixin.py:190} INFO - [2025-12-16T13:37:07.154+0000] {dag.py:4180} INFO - Setting next_dagrun for 4.1.4.many to 2025-12-15 00:00:00+00:00, run_after=2025-12-16 00:00:00+00:00
[2025-12-16T13:37:07.202+0000] {processor.py:208} INFO - Processing /opt/airflow/dags/4.1.4/4.1.4.2.py took 0.306 seconds
[2025-12-16T13:37:37.545+0000] {processor.py:186} INFO - Started process (PID=646) to work on /opt/airflow/dags/4.1.4/4.1.4.2.py
[2025-12-16T13:37:37.549+0000] {processor.py:914} INFO - Processing file /opt/airflow/dags/4.1.4/4.1.4.2.py for tasks to queue
[2025-12-16T13:37:37.557+0000] {logging_mixin.py:190} INFO - [2025-12-16T13:37:37.555+0000] {dagbag.py:588} INFO - Filling up the DagBag from /opt/airflow/dags/4.1.4/4.1.4.2.py
[2025-12-16T13:37:37.614+0000] {processor.py:925} INFO - DAG(s) '4.1.4.many' retrieved from /opt/airflow/dags/4.1.4/4.1.4.2.py
[2025-12-16T13:37:37.673+0000] {logging_mixin.py:190} INFO - [2025-12-16T13:37:37.673+0000] {dag.py:3239} INFO - Sync 1 DAGs
[2025-12-16T13:37:37.759+0000] {logging_mixin.py:190} INFO - [2025-12-16T13:37:37.758+0000] {dag.py:4180} INFO - Setting next_dagrun for 4.1.4.many to 2025-12-15 00:00:00+00:00, run_after=2025-12-16 00:00:00+00:00
[2025-12-16T13:37:37.827+0000] {processor.py:208} INFO - Processing /opt/airflow/dags/4.1.4/4.1.4.2.py took 0.312 seconds
[2025-12-16T13:38:43.898+0000] {processor.py:186} INFO - Started process (PID=703) to work on /opt/airflow/dags/4.1.4/4.1.4.2.py
[2025-12-16T13:38:43.912+0000] {processor.py:914} INFO - Processing file /opt/airflow/dags/4.1.4/4.1.4.2.py for tasks to queue
[2025-12-16T13:38:43.933+0000] {logging_mixin.py:190} INFO - [2025-12-16T13:38:43.923+0000] {dagbag.py:588} INFO - Filling up the DagBag from /opt/airflow/dags/4.1.4/4.1.4.2.py
[2025-12-16T13:38:44.142+0000] {processor.py:925} INFO - DAG(s) '4.1.4.many' retrieved from /opt/airflow/dags/4.1.4/4.1.4.2.py
[2025-12-16T13:38:44.342+0000] {logging_mixin.py:190} INFO - [2025-12-16T13:38:44.342+0000] {dag.py:3239} INFO - Sync 1 DAGs
[2025-12-16T13:38:44.569+0000] {logging_mixin.py:190} INFO - [2025-12-16T13:38:44.568+0000] {dag.py:4180} INFO - Setting next_dagrun for 4.1.4.many to 2025-12-15 00:00:00+00:00, run_after=2025-12-16 00:00:00+00:00
[2025-12-16T13:38:44.919+0000] {processor.py:208} INFO - Processing /opt/airflow/dags/4.1.4/4.1.4.2.py took 1.077 seconds
[2025-12-16T13:39:31.114+0000] {processor.py:186} INFO - Started process (PID=768) to work on /opt/airflow/dags/4.1.4/4.1.4.2.py
[2025-12-16T13:39:31.117+0000] {processor.py:914} INFO - Processing file /opt/airflow/dags/4.1.4/4.1.4.2.py for tasks to queue
[2025-12-16T13:39:31.131+0000] {logging_mixin.py:190} INFO - [2025-12-16T13:39:31.130+0000] {dagbag.py:588} INFO - Filling up the DagBag from /opt/airflow/dags/4.1.4/4.1.4.2.py
[2025-12-16T13:39:31.189+0000] {processor.py:925} INFO - DAG(s) '4.1.4.many' retrieved from /opt/airflow/dags/4.1.4/4.1.4.2.py
[2025-12-16T13:39:31.256+0000] {logging_mixin.py:190} INFO - [2025-12-16T13:39:31.256+0000] {dag.py:3239} INFO - Sync 1 DAGs
[2025-12-16T13:39:31.311+0000] {logging_mixin.py:190} INFO - [2025-12-16T13:39:31.311+0000] {dag.py:4180} INFO - Setting next_dagrun for 4.1.4.many to 2025-12-15 00:00:00+00:00, run_after=2025-12-16 00:00:00+00:00
[2025-12-16T13:39:31.378+0000] {processor.py:208} INFO - Processing /opt/airflow/dags/4.1.4/4.1.4.2.py took 0.284 seconds
[2025-12-16T13:40:04.006+0000] {processor.py:186} INFO - Started process (PID=853) to work on /opt/airflow/dags/4.1.4/4.1.4.2.py
[2025-12-16T13:40:04.008+0000] {processor.py:914} INFO - Processing file /opt/airflow/dags/4.1.4/4.1.4.2.py for tasks to queue
[2025-12-16T13:40:04.014+0000] {logging_mixin.py:190} INFO - [2025-12-16T13:40:04.014+0000] {dagbag.py:588} INFO - Filling up the DagBag from /opt/airflow/dags/4.1.4/4.1.4.2.py
[2025-12-16T13:40:04.061+0000] {processor.py:925} INFO - DAG(s) '4.1.4.many' retrieved from /opt/airflow/dags/4.1.4/4.1.4.2.py
[2025-12-16T13:40:04.115+0000] {logging_mixin.py:190} INFO - [2025-12-16T13:40:04.114+0000] {dag.py:3239} INFO - Sync 1 DAGs
[2025-12-16T13:40:04.245+0000] {logging_mixin.py:190} INFO - [2025-12-16T13:40:04.244+0000] {dag.py:4180} INFO - Setting next_dagrun for 4.1.4.many to 2025-12-15 00:00:00+00:00, run_after=2025-12-16 00:00:00+00:00
[2025-12-16T13:40:04.308+0000] {processor.py:208} INFO - Processing /opt/airflow/dags/4.1.4/4.1.4.2.py took 0.317 seconds
[2025-12-16T13:40:44.318+0000] {processor.py:186} INFO - Started process (PID=925) to work on /opt/airflow/dags/4.1.4/4.1.4.2.py
[2025-12-16T13:40:44.324+0000] {processor.py:914} INFO - Processing file /opt/airflow/dags/4.1.4/4.1.4.2.py for tasks to queue
[2025-12-16T13:40:44.404+0000] {logging_mixin.py:190} INFO - [2025-12-16T13:40:44.360+0000] {dagbag.py:588} INFO - Filling up the DagBag from /opt/airflow/dags/4.1.4/4.1.4.2.py
[2025-12-16T13:40:44.793+0000] {processor.py:925} INFO - DAG(s) '4.1.4.many' retrieved from /opt/airflow/dags/4.1.4/4.1.4.2.py
[2025-12-16T13:40:45.014+0000] {logging_mixin.py:190} INFO - [2025-12-16T13:40:45.008+0000] {dag.py:3239} INFO - Sync 1 DAGs
[2025-12-16T13:40:45.232+0000] {logging_mixin.py:190} INFO - [2025-12-16T13:40:45.232+0000] {dag.py:4180} INFO - Setting next_dagrun for 4.1.4.many to 2025-12-15 00:00:00+00:00, run_after=2025-12-16 00:00:00+00:00
[2025-12-16T13:40:45.607+0000] {processor.py:208} INFO - Processing /opt/airflow/dags/4.1.4/4.1.4.2.py took 1.396 seconds
