[2025-12-16T13:30:52.346+0000] {processor.py:186} INFO - Started process (PID=95) to work on /opt/airflow/dags/4.1.4/4.1.4.1.py
[2025-12-16T13:30:52.351+0000] {processor.py:914} INFO - Processing file /opt/airflow/dags/4.1.4/4.1.4.1.py for tasks to queue
[2025-12-16T13:30:52.383+0000] {logging_mixin.py:190} INFO - [2025-12-16T13:30:52.382+0000] {dagbag.py:588} INFO - Filling up the DagBag from /opt/airflow/dags/4.1.4/4.1.4.1.py
[2025-12-16T13:30:53.283+0000] {processor.py:925} INFO - DAG(s) '4.1.4.only_one' retrieved from /opt/airflow/dags/4.1.4/4.1.4.1.py
[2025-12-16T13:31:03.882+0000] {logging_mixin.py:190} INFO - [2025-12-16T13:31:03.862+0000] {override.py:1912} INFO - Created Permission View: can edit on DAG:4.1.4.only_one
[2025-12-16T13:31:04.151+0000] {logging_mixin.py:190} INFO - [2025-12-16T13:31:04.150+0000] {override.py:1912} INFO - Created Permission View: can delete on DAG:4.1.4.only_one
[2025-12-16T13:31:04.204+0000] {logging_mixin.py:190} INFO - [2025-12-16T13:31:04.204+0000] {override.py:1912} INFO - Created Permission View: can read on DAG:4.1.4.only_one
[2025-12-16T13:31:04.280+0000] {logging_mixin.py:190} INFO - [2025-12-16T13:31:04.279+0000] {override.py:1912} INFO - Created Permission View: can delete on DAG Run:4.1.4.only_one
[2025-12-16T13:31:04.377+0000] {logging_mixin.py:190} INFO - [2025-12-16T13:31:04.376+0000] {override.py:1912} INFO - Created Permission View: can create on DAG Run:4.1.4.only_one
[2025-12-16T13:31:04.439+0000] {logging_mixin.py:190} INFO - [2025-12-16T13:31:04.434+0000] {override.py:1912} INFO - Created Permission View: menu access on DAG Run:4.1.4.only_one
[2025-12-16T13:31:04.555+0000] {logging_mixin.py:190} INFO - [2025-12-16T13:31:04.537+0000] {override.py:1912} INFO - Created Permission View: can read on DAG Run:4.1.4.only_one
[2025-12-16T13:31:04.585+0000] {logging_mixin.py:190} INFO - [2025-12-16T13:31:04.583+0000] {dag.py:3239} INFO - Sync 1 DAGs
[2025-12-16T13:31:05.791+0000] {logging_mixin.py:190} INFO - [2025-12-16T13:31:05.790+0000] {dag.py:3262} INFO - Creating ORM DAG for 4.1.4.only_one
[2025-12-16T13:31:06.144+0000] {logging_mixin.py:190} INFO - [2025-12-16T13:31:06.142+0000] {dag.py:4180} INFO - Setting next_dagrun for 4.1.4.only_one to 2025-12-15 00:00:00+00:00, run_after=2025-12-16 00:00:00+00:00
[2025-12-16T13:31:06.455+0000] {processor.py:208} INFO - Processing /opt/airflow/dags/4.1.4/4.1.4.1.py took 14.200 seconds
[2025-12-16T13:34:17.717+0000] {processor.py:186} INFO - Started process (PID=211) to work on /opt/airflow/dags/4.1.4/4.1.4.1.py
[2025-12-16T13:34:17.725+0000] {processor.py:914} INFO - Processing file /opt/airflow/dags/4.1.4/4.1.4.1.py for tasks to queue
[2025-12-16T13:34:17.736+0000] {logging_mixin.py:190} INFO - [2025-12-16T13:34:17.735+0000] {dagbag.py:588} INFO - Filling up the DagBag from /opt/airflow/dags/4.1.4/4.1.4.1.py
[2025-12-16T13:34:17.858+0000] {processor.py:925} INFO - DAG(s) '4.1.4.only_one' retrieved from /opt/airflow/dags/4.1.4/4.1.4.1.py
[2025-12-16T13:34:18.135+0000] {logging_mixin.py:190} INFO - [2025-12-16T13:34:18.134+0000] {dag.py:3239} INFO - Sync 1 DAGs
[2025-12-16T13:34:18.398+0000] {logging_mixin.py:190} INFO - [2025-12-16T13:34:18.397+0000] {dag.py:4180} INFO - Setting next_dagrun for 4.1.4.only_one to 2025-12-15 00:00:00+00:00, run_after=2025-12-16 00:00:00+00:00
[2025-12-16T13:34:18.596+0000] {processor.py:208} INFO - Processing /opt/airflow/dags/4.1.4/4.1.4.1.py took 0.907 seconds
[2025-12-16T13:34:53.598+0000] {processor.py:186} INFO - Started process (PID=283) to work on /opt/airflow/dags/4.1.4/4.1.4.1.py
[2025-12-16T13:34:53.604+0000] {processor.py:914} INFO - Processing file /opt/airflow/dags/4.1.4/4.1.4.1.py for tasks to queue
[2025-12-16T13:34:53.620+0000] {logging_mixin.py:190} INFO - [2025-12-16T13:34:53.619+0000] {dagbag.py:588} INFO - Filling up the DagBag from /opt/airflow/dags/4.1.4/4.1.4.1.py
[2025-12-16T13:34:53.737+0000] {processor.py:925} INFO - DAG(s) '4.1.4.only_one' retrieved from /opt/airflow/dags/4.1.4/4.1.4.1.py
[2025-12-16T13:34:53.927+0000] {logging_mixin.py:190} INFO - [2025-12-16T13:34:53.927+0000] {dag.py:3239} INFO - Sync 1 DAGs
[2025-12-16T13:34:54.098+0000] {logging_mixin.py:190} INFO - [2025-12-16T13:34:54.097+0000] {dag.py:4180} INFO - Setting next_dagrun for 4.1.4.only_one to 2025-12-15 00:00:00+00:00, run_after=2025-12-16 00:00:00+00:00
[2025-12-16T13:34:54.211+0000] {processor.py:208} INFO - Processing /opt/airflow/dags/4.1.4/4.1.4.1.py took 0.646 seconds
[2025-12-16T13:35:25.288+0000] {processor.py:186} INFO - Started process (PID=353) to work on /opt/airflow/dags/4.1.4/4.1.4.1.py
[2025-12-16T13:35:25.290+0000] {processor.py:914} INFO - Processing file /opt/airflow/dags/4.1.4/4.1.4.1.py for tasks to queue
[2025-12-16T13:35:25.303+0000] {logging_mixin.py:190} INFO - [2025-12-16T13:35:25.296+0000] {dagbag.py:588} INFO - Filling up the DagBag from /opt/airflow/dags/4.1.4/4.1.4.1.py
[2025-12-16T13:35:25.423+0000] {processor.py:925} INFO - DAG(s) '4.1.4.only_one' retrieved from /opt/airflow/dags/4.1.4/4.1.4.1.py
[2025-12-16T13:35:25.481+0000] {logging_mixin.py:190} INFO - [2025-12-16T13:35:25.480+0000] {dag.py:3239} INFO - Sync 1 DAGs
[2025-12-16T13:35:25.541+0000] {logging_mixin.py:190} INFO - [2025-12-16T13:35:25.540+0000] {dag.py:4180} INFO - Setting next_dagrun for 4.1.4.only_one to 2025-12-15 00:00:00+00:00, run_after=2025-12-16 00:00:00+00:00
[2025-12-16T13:35:25.615+0000] {processor.py:208} INFO - Processing /opt/airflow/dags/4.1.4/4.1.4.1.py took 0.349 seconds
[2025-12-16T13:36:03.074+0000] {processor.py:186} INFO - Started process (PID=403) to work on /opt/airflow/dags/4.1.4/4.1.4.1.py
[2025-12-16T13:36:03.086+0000] {processor.py:914} INFO - Processing file /opt/airflow/dags/4.1.4/4.1.4.1.py for tasks to queue
[2025-12-16T13:36:03.106+0000] {logging_mixin.py:190} INFO - [2025-12-16T13:36:03.105+0000] {dagbag.py:588} INFO - Filling up the DagBag from /opt/airflow/dags/4.1.4/4.1.4.1.py
[2025-12-16T13:36:03.293+0000] {processor.py:925} INFO - DAG(s) '4.1.4.only_one' retrieved from /opt/airflow/dags/4.1.4/4.1.4.1.py
[2025-12-16T13:36:03.424+0000] {logging_mixin.py:190} INFO - [2025-12-16T13:36:03.418+0000] {dag.py:3239} INFO - Sync 1 DAGs
[2025-12-16T13:36:03.552+0000] {logging_mixin.py:190} INFO - [2025-12-16T13:36:03.552+0000] {dag.py:4180} INFO - Setting next_dagrun for 4.1.4.only_one to 2025-12-15 00:00:00+00:00, run_after=2025-12-16 00:00:00+00:00
[2025-12-16T13:36:03.649+0000] {processor.py:208} INFO - Processing /opt/airflow/dags/4.1.4/4.1.4.1.py took 0.644 seconds
[2025-12-16T13:36:35.613+0000] {processor.py:186} INFO - Started process (PID=486) to work on /opt/airflow/dags/4.1.4/4.1.4.1.py
[2025-12-16T13:36:35.616+0000] {processor.py:914} INFO - Processing file /opt/airflow/dags/4.1.4/4.1.4.1.py for tasks to queue
[2025-12-16T13:36:35.635+0000] {logging_mixin.py:190} INFO - [2025-12-16T13:36:35.634+0000] {dagbag.py:588} INFO - Filling up the DagBag from /opt/airflow/dags/4.1.4/4.1.4.1.py
[2025-12-16T13:36:35.848+0000] {processor.py:925} INFO - DAG(s) '4.1.4.only_one' retrieved from /opt/airflow/dags/4.1.4/4.1.4.1.py
[2025-12-16T13:36:36.032+0000] {logging_mixin.py:190} INFO - [2025-12-16T13:36:36.031+0000] {dag.py:3239} INFO - Sync 1 DAGs
[2025-12-16T13:36:36.165+0000] {logging_mixin.py:190} INFO - [2025-12-16T13:36:36.164+0000] {dag.py:4180} INFO - Setting next_dagrun for 4.1.4.only_one to 2025-12-15 00:00:00+00:00, run_after=2025-12-16 00:00:00+00:00
[2025-12-16T13:36:36.264+0000] {processor.py:208} INFO - Processing /opt/airflow/dags/4.1.4/4.1.4.1.py took 0.686 seconds
[2025-12-16T13:37:07.365+0000] {processor.py:186} INFO - Started process (PID=563) to work on /opt/airflow/dags/4.1.4/4.1.4.1.py
[2025-12-16T13:37:07.378+0000] {processor.py:914} INFO - Processing file /opt/airflow/dags/4.1.4/4.1.4.1.py for tasks to queue
[2025-12-16T13:37:07.388+0000] {logging_mixin.py:190} INFO - [2025-12-16T13:37:07.387+0000] {dagbag.py:588} INFO - Filling up the DagBag from /opt/airflow/dags/4.1.4/4.1.4.1.py
[2025-12-16T13:37:07.500+0000] {processor.py:925} INFO - DAG(s) '4.1.4.only_one' retrieved from /opt/airflow/dags/4.1.4/4.1.4.1.py
[2025-12-16T13:37:07.580+0000] {logging_mixin.py:190} INFO - [2025-12-16T13:37:07.580+0000] {dag.py:3239} INFO - Sync 1 DAGs
[2025-12-16T13:37:07.696+0000] {logging_mixin.py:190} INFO - [2025-12-16T13:37:07.696+0000] {dag.py:4180} INFO - Setting next_dagrun for 4.1.4.only_one to 2025-12-15 00:00:00+00:00, run_after=2025-12-16 00:00:00+00:00
[2025-12-16T13:37:07.843+0000] {processor.py:208} INFO - Processing /opt/airflow/dags/4.1.4/4.1.4.1.py took 0.502 seconds
[2025-12-16T13:37:38.477+0000] {processor.py:186} INFO - Started process (PID=649) to work on /opt/airflow/dags/4.1.4/4.1.4.1.py
[2025-12-16T13:37:38.480+0000] {processor.py:914} INFO - Processing file /opt/airflow/dags/4.1.4/4.1.4.1.py for tasks to queue
[2025-12-16T13:37:38.494+0000] {logging_mixin.py:190} INFO - [2025-12-16T13:37:38.493+0000] {dagbag.py:588} INFO - Filling up the DagBag from /opt/airflow/dags/4.1.4/4.1.4.1.py
[2025-12-16T13:37:38.588+0000] {processor.py:925} INFO - DAG(s) '4.1.4.only_one' retrieved from /opt/airflow/dags/4.1.4/4.1.4.1.py
[2025-12-16T13:37:38.662+0000] {logging_mixin.py:190} INFO - [2025-12-16T13:37:38.662+0000] {dag.py:3239} INFO - Sync 1 DAGs
[2025-12-16T13:37:38.764+0000] {logging_mixin.py:190} INFO - [2025-12-16T13:37:38.763+0000] {dag.py:4180} INFO - Setting next_dagrun for 4.1.4.only_one to 2025-12-15 00:00:00+00:00, run_after=2025-12-16 00:00:00+00:00
[2025-12-16T13:37:38.828+0000] {processor.py:208} INFO - Processing /opt/airflow/dags/4.1.4/4.1.4.1.py took 0.368 seconds
[2025-12-16T13:38:45.349+0000] {processor.py:186} INFO - Started process (PID=704) to work on /opt/airflow/dags/4.1.4/4.1.4.1.py
[2025-12-16T13:38:45.353+0000] {processor.py:914} INFO - Processing file /opt/airflow/dags/4.1.4/4.1.4.1.py for tasks to queue
[2025-12-16T13:38:45.378+0000] {logging_mixin.py:190} INFO - [2025-12-16T13:38:45.377+0000] {dagbag.py:588} INFO - Filling up the DagBag from /opt/airflow/dags/4.1.4/4.1.4.1.py
[2025-12-16T13:38:46.146+0000] {processor.py:925} INFO - DAG(s) '4.1.4.only_one' retrieved from /opt/airflow/dags/4.1.4/4.1.4.1.py
[2025-12-16T13:38:46.607+0000] {logging_mixin.py:190} INFO - [2025-12-16T13:38:46.606+0000] {dag.py:3239} INFO - Sync 1 DAGs
[2025-12-16T13:38:47.716+0000] {logging_mixin.py:190} INFO - [2025-12-16T13:38:47.715+0000] {dag.py:4180} INFO - Setting next_dagrun for 4.1.4.only_one to 2025-12-15 00:00:00+00:00, run_after=2025-12-16 00:00:00+00:00
[2025-12-16T13:38:48.508+0000] {processor.py:208} INFO - Processing /opt/airflow/dags/4.1.4/4.1.4.1.py took 3.222 seconds
[2025-12-16T13:39:31.136+0000] {processor.py:186} INFO - Started process (PID=769) to work on /opt/airflow/dags/4.1.4/4.1.4.1.py
[2025-12-16T13:39:31.146+0000] {processor.py:914} INFO - Processing file /opt/airflow/dags/4.1.4/4.1.4.1.py for tasks to queue
[2025-12-16T13:39:31.155+0000] {logging_mixin.py:190} INFO - [2025-12-16T13:39:31.153+0000] {dagbag.py:588} INFO - Filling up the DagBag from /opt/airflow/dags/4.1.4/4.1.4.1.py
[2025-12-16T13:39:31.203+0000] {processor.py:925} INFO - DAG(s) '4.1.4.only_one' retrieved from /opt/airflow/dags/4.1.4/4.1.4.1.py
[2025-12-16T13:39:31.265+0000] {logging_mixin.py:190} INFO - [2025-12-16T13:39:31.264+0000] {dag.py:3239} INFO - Sync 1 DAGs
[2025-12-16T13:39:31.319+0000] {logging_mixin.py:190} INFO - [2025-12-16T13:39:31.319+0000] {dag.py:4180} INFO - Setting next_dagrun for 4.1.4.only_one to 2025-12-15 00:00:00+00:00, run_after=2025-12-16 00:00:00+00:00
[2025-12-16T13:39:31.384+0000] {processor.py:208} INFO - Processing /opt/airflow/dags/4.1.4/4.1.4.1.py took 0.272 seconds
[2025-12-16T13:40:04.008+0000] {processor.py:186} INFO - Started process (PID=854) to work on /opt/airflow/dags/4.1.4/4.1.4.1.py
[2025-12-16T13:40:04.011+0000] {processor.py:914} INFO - Processing file /opt/airflow/dags/4.1.4/4.1.4.1.py for tasks to queue
[2025-12-16T13:40:04.018+0000] {logging_mixin.py:190} INFO - [2025-12-16T13:40:04.016+0000] {dagbag.py:588} INFO - Filling up the DagBag from /opt/airflow/dags/4.1.4/4.1.4.1.py
[2025-12-16T13:40:04.061+0000] {processor.py:925} INFO - DAG(s) '4.1.4.only_one' retrieved from /opt/airflow/dags/4.1.4/4.1.4.1.py
[2025-12-16T13:40:04.113+0000] {logging_mixin.py:190} INFO - [2025-12-16T13:40:04.113+0000] {dag.py:3239} INFO - Sync 1 DAGs
[2025-12-16T13:40:04.218+0000] {logging_mixin.py:190} INFO - [2025-12-16T13:40:04.217+0000] {dag.py:4180} INFO - Setting next_dagrun for 4.1.4.only_one to 2025-12-15 00:00:00+00:00, run_after=2025-12-16 00:00:00+00:00
[2025-12-16T13:40:04.292+0000] {processor.py:208} INFO - Processing /opt/airflow/dags/4.1.4/4.1.4.1.py took 0.298 seconds
[2025-12-16T13:40:46.091+0000] {processor.py:186} INFO - Started process (PID=926) to work on /opt/airflow/dags/4.1.4/4.1.4.1.py
[2025-12-16T13:40:46.112+0000] {processor.py:914} INFO - Processing file /opt/airflow/dags/4.1.4/4.1.4.1.py for tasks to queue
[2025-12-16T13:40:46.158+0000] {logging_mixin.py:190} INFO - [2025-12-16T13:40:46.155+0000] {dagbag.py:588} INFO - Filling up the DagBag from /opt/airflow/dags/4.1.4/4.1.4.1.py
[2025-12-16T13:40:47.073+0000] {processor.py:925} INFO - DAG(s) '4.1.4.only_one' retrieved from /opt/airflow/dags/4.1.4/4.1.4.1.py
[2025-12-16T13:40:47.277+0000] {logging_mixin.py:190} INFO - [2025-12-16T13:40:47.276+0000] {dag.py:3239} INFO - Sync 1 DAGs
[2025-12-16T13:40:47.540+0000] {logging_mixin.py:190} INFO - [2025-12-16T13:40:47.530+0000] {dag.py:4180} INFO - Setting next_dagrun for 4.1.4.only_one to 2025-12-15 00:00:00+00:00, run_after=2025-12-16 00:00:00+00:00
[2025-12-16T13:40:47.718+0000] {processor.py:208} INFO - Processing /opt/airflow/dags/4.1.4/4.1.4.1.py took 1.681 seconds
